BLOCKS:  {'b0': {'arch': 'CNN', 'preset': 'softkrotov-c96-k5-p2-s1-d1-b0-t1-lr0.08-lp0.5-e0', 'operation': 'batchnorm2d', 'num': 0, 'batch_norm': False, 'pool': {'type': 'avg', 'kernel_size': 4, 'stride': 2, 'padding': 1}, 'activation': {'function': 'triangle', 'param': 0.7}, 'resume': None, 'layer': {'arch': 'CNN', 'nb_train': None, 'lr': 0.08, 'adaptive': True, 'lr_sup': 0.001, 'speed': 7, 'lr_div': 96, 'lebesgue_p': 2, 'padding_mode': 'reflect', 'pre_triangle': False, 'ranking_param': 3, 'delta': 2, 't_invert': 1.0, 'groups': 1, 'stride': 1, 'dilation': 1, 'beta': 1, 'power': 4.5, 'padding': 2, 'weight_init': 'positive', 'weight_init_range': 2, 'weight_init_offset': 0, 'mask_thsd': 0, 'radius': 25, 'power_lr': 0.5, 'weight_decay': 0, 'soft_activation_fn': 'exp', 'hebbian': True, 'resume': None, 'add_bias': False, 'normalize_inp': False, 'lr_decay': 'linear', 'seed': 0, 'softness': 'softkrotov', 'out_channels': 96, 'kernel_size': 5}}, 'b1': {'arch': 'CNN', 'preset': 'softkrotov-c384-k3-p1-s1-d1-b0-t0.65-lr0.005-lp0.5-e0', 'operation': 'batchnorm2d', 'num': 1, 'batch_norm': False, 'pool': {'type': 'max', 'kernel_size': 4, 'stride': 2, 'padding': 1}, 'activation': {'function': 'triangle', 'param': 0.7}, 'resume': None, 'layer': {'arch': 'CNN', 'nb_train': None, 'lr': 0.005, 'adaptive': True, 'lr_sup': 0.001, 'speed': 7, 'lr_div': 96, 'lebesgue_p': 2, 'padding_mode': 'reflect', 'pre_triangle': False, 'ranking_param': 3, 'delta': 2, 't_invert': 0.65, 'groups': 1, 'stride': 1, 'dilation': 1, 'beta': 1, 'power': 4.5, 'padding': 1, 'weight_init': 'positive', 'weight_init_range': 2, 'weight_init_offset': 0, 'mask_thsd': 0, 'radius': 25, 'power_lr': 0.5, 'weight_decay': 0, 'soft_activation_fn': 'exp', 'hebbian': True, 'resume': None, 'add_bias': False, 'normalize_inp': False, 'lr_decay': 'linear', 'seed': 0, 'softness': 'softkrotov', 'out_channels': 384, 'kernel_size': 3}}, 'b2': {'arch': 'CNN', 'preset': 'softkrotov-c1536-k3-p1-s1-d1-b0-t0.45-lr0.01-lp0.5-e0', 'operation': 'batchnorm2d', 'num': 2, 'batch_norm': False, 'pool': {'type': 'avg', 'kernel_size': 4, 'stride': 2, 'padding': 1}, 'activation': {'function': 'triangle', 'param': 1.4}, 'resume': None, 'layer': {'arch': 'CNN', 'nb_train': None, 'lr': 0.01, 'adaptive': True, 'lr_sup': 0.001, 'speed': 7, 'lr_div': 96, 'lebesgue_p': 2, 'padding_mode': 'reflect', 'pre_triangle': False, 'ranking_param': 3, 'delta': 2, 't_invert': 0.45, 'groups': 1, 'stride': 1, 'dilation': 1, 'beta': 1, 'power': 4.5, 'padding': 1, 'weight_init': 'positive', 'weight_init_range': 2, 'weight_init_offset': 0, 'mask_thsd': 0, 'radius': 25, 'power_lr': 0.5, 'weight_decay': 0, 'soft_activation_fn': 'exp', 'hebbian': True, 'resume': None, 'add_bias': False, 'normalize_inp': False, 'lr_decay': 'linear', 'seed': 0, 'softness': 'softkrotov', 'out_channels': 1536, 'kernel_size': 3}}, 'b3': {'arch': 'CNN', 'preset': 'softkrotov-c6144-k3-p1-s1-d1-b0-t0.25-lr0.01-lp0.5-e0', 'operation': 'batchnorm2d', 'num': 3, 'batch_norm': False, 'pool': {'type': 'avg', 'kernel_size': 2, 'stride': 2, 'padding': 0}, 'activation': {'function': 'triangle', 'param': 1}, 'resume': None, 'layer': {'arch': 'CNN', 'nb_train': None, 'lr': 0.01, 'adaptive': True, 'lr_sup': 0.001, 'speed': 7, 'lr_div': 96, 'lebesgue_p': 2, 'padding_mode': 'reflect', 'pre_triangle': False, 'ranking_param': 3, 'delta': 2, 't_invert': 0.25, 'groups': 1, 'stride': 1, 'dilation': 1, 'beta': 1, 'power': 4.5, 'padding': 1, 'weight_init': 'positive', 'weight_init_range': 2, 'weight_init_offset': 0, 'mask_thsd': 0, 'radius': 25, 'power_lr': 0.5, 'weight_decay': 0, 'soft_activation_fn': 'exp', 'hebbian': True, 'resume': None, 'add_bias': False, 'normalize_inp': False, 'lr_decay': 'linear', 'seed': 0, 'softness': 'softkrotov', 'out_channels': 6144, 'kernel_size': 3}}, 'b4': {'arch': 'MLP', 'preset': 'BP-c10', 'operation': 'flatten', 'num': 4, 'att_dropout': None, 'dropout': 0.5, 'layer': {'arch': 'MLP', 'lr': 0.05, 'adaptive': True, 'lr_sup': 0.001, 'speed': 0.4, 'lr_div': 100, 'lebesgue_p': 2, 't_invert': 10, 'beta': 0.01, 'power': 4.5, 'ranking_param': 3, 'delta': 0.1, 'hebbian': False, 'add_bias': False, 'normalize_inp': False, 'lr_decay': 'linear', 'seed': 0, 'lr_bias': 600, 'softness': 'soft', 'soft_activation_fn': 'exp', 'plasticity': 'SoftHebb', 'metric_mode': 'unsupervised', 'weight_init': 'positive', 'weight_init_range': 0.25, 'weight_init_offset': 0, 'weight_decay': 0, 'radius': 10, 'power_lr': 0.2, 'out_channels': 10}, 'pool': None, 'activation': None}}
CL:  True
{'name': 'STL10', 'noise_std': 0, 'channels': 3, 'width': 96, 'height': 96, 'validation_split': 0.2, 'training_sample': 5000, 'testing_sample': 10000, 'out_channels': 10, 'num_workers': 0, 'seed': 0, 'shuffle': True, 'batch_size': 64, 'augmentation': True, 'zca_whitened': False, 'training_class': 'all', 'split': 'train', 'nb_epoch': 100, 'print_freq': 10, 'validation': False, 'continual_learning': True}
CL:  False
{'name': 'STL10', 'noise_std': 0, 'channels': 3, 'width': 96, 'height': 96, 'validation_split': 0.2, 'training_sample': 5000, 'testing_sample': 10000, 'out_channels': 10, 'num_workers': 0, 'seed': 0, 'shuffle': True, 'batch_size': 64, 'augmentation': True, 'zca_whitened': False, 'training_class': 'all', 'split': 'train', 'nb_epoch': 100, 'print_freq': 10, 'validation': False, 'continual_learning': False}
CL:  False
{'name': 'STL10', 'noise_std': 0, 'channels': 3, 'width': 96, 'height': 96, 'validation_split': 0.2, 'training_sample': 100000, 'testing_sample': 10000, 'out_channels': 10, 'num_workers': 0, 'seed': 0, 'shuffle': True, 'batch_size': 32, 'augmentation': False, 'zca_whitened': False, 'training_class': 'all', 'split': 'unlabeled', 'nb_epoch': 1, 'print_freq': 25, 'validation': False, 'continual_learning': False}
SEED:  0
block 0, size : 96 48 48
range = 2.886751345948129
block 1, size : 384 24 24
range = 0.8505172717997146
block 2, size : 1536 12 12
range = 0.4252586358998573
block 3, size : 6144 6 6
range = 0.21262931794992865
range = 0.036828478186799345
The device used will be: 
True
cuda:0
CONFIG: {'arch': 'CNN', 'nb_train': None, 'lr': 0.08, 'adaptive': True, 'lr_sup': 0.001, 'speed': 7, 'lr_div': 96, 'lebesgue_p': 2, 'padding_mode': 'reflect', 'pre_triangle': False, 'ranking_param': 3, 'delta': 2, 't_invert': 1.0, 'groups': 1, 'stride': 1, 'dilation': 1, 'beta': 1, 'power': 4.5, 'padding': 2, 'weight_init': 'normal', 'weight_init_range': 2.886751345948129, 'weight_init_offset': 0, 'mask_thsd': 0, 'radius': 25, 'power_lr': 0.5, 'weight_decay': 0, 'soft_activation_fn': 'exp', 'hebbian': True, 'resume': None, 'add_bias': False, 'normalize_inp': False, 'lr_decay': 'linear', 'seed': 0, 'softness': 'softkrotov', 'out_channels': 96, 'kernel_size': 5, 'in_channels': 3, 'lr_scheduler': {'lr': 0.08, 'adaptive': True, 'nb_epochs': 1, 'ratio': 0.00032, 'speed': 7, 'div': 96, 'decay': 'linear', 'power_lr': 0.5}}
CONFIG: {'arch': 'CNN', 'nb_train': None, 'lr': 0.005, 'adaptive': True, 'lr_sup': 0.001, 'speed': 7, 'lr_div': 96, 'lebesgue_p': 2, 'padding_mode': 'reflect', 'pre_triangle': False, 'ranking_param': 3, 'delta': 2, 't_invert': 0.65, 'groups': 1, 'stride': 1, 'dilation': 1, 'beta': 1, 'power': 4.5, 'padding': 1, 'weight_init': 'normal', 'weight_init_range': 0.8505172717997146, 'weight_init_offset': 0, 'mask_thsd': 0, 'radius': 25, 'power_lr': 0.5, 'weight_decay': 0, 'soft_activation_fn': 'exp', 'hebbian': True, 'resume': None, 'add_bias': False, 'normalize_inp': False, 'lr_decay': 'linear', 'seed': 0, 'softness': 'softkrotov', 'out_channels': 384, 'kernel_size': 3, 'in_channels': 96, 'lr_scheduler': {'lr': 0.005, 'adaptive': True, 'nb_epochs': 1, 'ratio': 0.00032, 'speed': 7, 'div': 96, 'decay': 'linear', 'power_lr': 0.5}}
CONFIG: {'arch': 'CNN', 'nb_train': None, 'lr': 0.01, 'adaptive': True, 'lr_sup': 0.001, 'speed': 7, 'lr_div': 96, 'lebesgue_p': 2, 'padding_mode': 'reflect', 'pre_triangle': False, 'ranking_param': 3, 'delta': 2, 't_invert': 0.45, 'groups': 1, 'stride': 1, 'dilation': 1, 'beta': 1, 'power': 4.5, 'padding': 1, 'weight_init': 'normal', 'weight_init_range': 0.4252586358998573, 'weight_init_offset': 0, 'mask_thsd': 0, 'radius': 25, 'power_lr': 0.5, 'weight_decay': 0, 'soft_activation_fn': 'exp', 'hebbian': True, 'resume': None, 'add_bias': False, 'normalize_inp': False, 'lr_decay': 'linear', 'seed': 0, 'softness': 'softkrotov', 'out_channels': 1536, 'kernel_size': 3, 'in_channels': 384, 'lr_scheduler': {'lr': 0.01, 'adaptive': True, 'nb_epochs': 1, 'ratio': 0.00032, 'speed': 7, 'div': 96, 'decay': 'linear', 'power_lr': 0.5}}
CONFIG: {'arch': 'CNN', 'nb_train': None, 'lr': 0.01, 'adaptive': True, 'lr_sup': 0.001, 'speed': 7, 'lr_div': 96, 'lebesgue_p': 2, 'padding_mode': 'reflect', 'pre_triangle': False, 'ranking_param': 3, 'delta': 2, 't_invert': 0.25, 'groups': 1, 'stride': 1, 'dilation': 1, 'beta': 1, 'power': 4.5, 'padding': 1, 'weight_init': 'normal', 'weight_init_range': 0.21262931794992865, 'weight_init_offset': 0, 'mask_thsd': 0, 'radius': 25, 'power_lr': 0.5, 'weight_decay': 0, 'soft_activation_fn': 'exp', 'hebbian': True, 'resume': None, 'add_bias': False, 'normalize_inp': False, 'lr_decay': 'linear', 'seed': 0, 'softness': 'softkrotov', 'out_channels': 6144, 'kernel_size': 3, 'in_channels': 1536, 'lr_scheduler': {'lr': 0.01, 'adaptive': True, 'nb_epochs': 1, 'ratio': 0.00032, 'speed': 7, 'div': 96, 'decay': 'linear', 'power_lr': 0.5}}
CONFIG: {'arch': 'MLP', 'lr': 0.05, 'adaptive': True, 'lr_sup': 0.001, 'speed': 0.4, 'lr_div': 100, 'lebesgue_p': 2, 't_invert': 10, 'beta': 0.01, 'power': 4.5, 'ranking_param': 3, 'delta': 0.1, 'hebbian': False, 'add_bias': False, 'normalize_inp': False, 'lr_decay': 'linear', 'seed': 0, 'lr_bias': 600, 'softness': 'soft', 'soft_activation_fn': 'exp', 'plasticity': 'SoftHebb', 'metric_mode': 'unsupervised', 'weight_init': 'positive', 'weight_init_range': 0.036828478186799345, 'weight_init_offset': 0, 'weight_decay': 0, 'radius': 10, 'power_lr': 0.2, 'out_channels': 10, 'in_channels': 221184, 'old_channels': 6144, 'lr_scheduler': {'decay': 'cste', 'lr': 0.1}}

 Model STL10_CIFAR10_CL loaded successfuly with best perf



 ----- Architecture Block BatchNorm2dSK3962(5, 5)1.0reflect, number 0 -----
- BatchNorm2d(3, eps=1e-05, momentum=0.1, affine=False, track_running_stats=True)
- HebbSoftKrotovConv2d(3, 96, lebesgue_p=2, pruning=0, kernel_size=(5, 5), bias=False, padding_mode=reflect, t_invert=1.0, bias=False, lr_bias=0.1, ranking_param=3, delta=2, activation=exp)
- Triangle(power=0.7)
- AvgPool2d(kernel_size=4, stride=2, padding=1)

 ----- Architecture Block BatchNorm2dSK963842(3, 3)0.6499999761581421reflect, number 1 -----
- BatchNorm2d(96, eps=1e-05, momentum=0.1, affine=False, track_running_stats=True)
- HebbSoftKrotovConv2d(96, 384, lebesgue_p=2, pruning=0, kernel_size=(3, 3), bias=False, padding_mode=reflect, t_invert=0.6499999761581421, bias=False, lr_bias=0.1538, ranking_param=3, delta=2, activation=exp)
- Triangle(power=0.7)
- MaxPool2d(kernel_size=4, stride=2, padding=1, dilation=1, ceil_mode=False)

 ----- Architecture Block BatchNorm2dSK38415362(3, 3)0.44999998807907104reflect, number 2 -----
- BatchNorm2d(384, eps=1e-05, momentum=0.1, affine=False, track_running_stats=True)
- HebbSoftKrotovConv2d(384, 1536, lebesgue_p=2, pruning=0, kernel_size=(3, 3), bias=False, padding_mode=reflect, t_invert=0.44999998807907104, bias=False, lr_bias=0.2222, ranking_param=3, delta=2, activation=exp)
- Triangle(power=1.4)
- AvgPool2d(kernel_size=4, stride=2, padding=1)

 ----- Architecture Block BatchNorm2dSK153661442(3, 3)0.25reflect, number 3 -----
- BatchNorm2d(1536, eps=1e-05, momentum=0.1, affine=False, track_running_stats=True)
- HebbSoftKrotovConv2d(1536, 6144, lebesgue_p=2, pruning=0, kernel_size=(3, 3), bias=False, padding_mode=reflect, t_invert=0.25, bias=False, lr_bias=0.4, ranking_param=3, delta=2, activation=exp)
- Triangle(power=1)
- AvgPool2d(kernel_size=2, stride=2, padding=0)

 ----- Architecture Block FlattenDropout(p=0.5, inplace=False)Linear(in_, number 4 -----
- Flatten(start_dim=1, end_dim=-1)
- Dropout(p=0.5, inplace=False)
- Linear(in_features=221184, out_features=10, bias=True)
SEED:  0
BEFORE RESIZING
Files already downloaded and verified
AFTER RESIZING
Files already downloaded and verified
INDICES:  5000
IMAGE SIZE: torch.Size([64, 3, 96, 96])
Accuracy of the network on the 1st dataset: 76.275 %
Test loss on the 1st dataset: 1.666
CL:  True
{'name': 'CIFAR10', 'noise_std': 0, 'channels': 3, 'width': 32, 'height': 32, 'validation_split': 0.2, 'training_sample': 50000, 'testing_sample': 10000, 'out_channels': 10, 'num_workers': 0, 'seed': 0, 'shuffle': True, 'batch_size': 64, 'augmentation': False, 'zca_whitened': False, 'training_class': 'all', 'split': 'train', 'nb_epoch': 50, 'print_freq': 10, 'validation': False, 'continual_learning': True}
CL:  True
{'name': 'CIFAR10', 'noise_std': 0, 'channels': 3, 'width': 32, 'height': 32, 'validation_split': 0.2, 'training_sample': 50000, 'testing_sample': 10000, 'out_channels': 10, 'num_workers': 0, 'seed': 0, 'shuffle': True, 'batch_size': 10, 'augmentation': False, 'zca_whitened': False, 'training_class': 'all', 'split': 'train', 'nb_epoch': 1, 'print_freq': 10, 'validation': False, 'continual_learning': True}
SEED:  0
block 0, size : 96 16 16
range = 2.886751345948129
block 1, size : 384 8 8
range = 0.8505172717997146
block 2, size : 1536 4 4
range = 0.4252586358998573
block 3, size : 6144 2 2
range = 0.21262931794992865
range = 0.11048543456039805
The device used will be: 
True
cuda:0
CONFIG: {'arch': 'CNN', 'nb_train': None, 'lr': 0.08, 'adaptive': True, 'lr_sup': 0.001, 'speed': 7, 'lr_div': 96, 'lebesgue_p': 2, 'padding_mode': 'reflect', 'pre_triangle': False, 'ranking_param': 3, 'delta': 2, 't_invert': 1.0, 'groups': 1, 'stride': 1, 'dilation': 1, 'beta': 1, 'power': 4.5, 'padding': 2, 'weight_init': 'normal', 'weight_init_range': 2.886751345948129, 'weight_init_offset': 0, 'mask_thsd': 0, 'radius': 25, 'power_lr': 0.5, 'weight_decay': 0, 'soft_activation_fn': 'exp', 'hebbian': True, 'resume': None, 'add_bias': False, 'normalize_inp': False, 'lr_decay': 'linear', 'seed': 0, 'softness': 'softkrotov', 'out_channels': 96, 'kernel_size': 5, 'in_channels': 3, 'lr_scheduler': {'lr': 0.08, 'adaptive': True, 'nb_epochs': 1, 'ratio': 0.00032, 'speed': 7, 'div': 96, 'decay': 'linear', 'power_lr': 0.5}}
CONFIG: {'arch': 'CNN', 'nb_train': None, 'lr': 0.005, 'adaptive': True, 'lr_sup': 0.001, 'speed': 7, 'lr_div': 96, 'lebesgue_p': 2, 'padding_mode': 'reflect', 'pre_triangle': False, 'ranking_param': 3, 'delta': 2, 't_invert': 0.65, 'groups': 1, 'stride': 1, 'dilation': 1, 'beta': 1, 'power': 4.5, 'padding': 1, 'weight_init': 'normal', 'weight_init_range': 0.8505172717997146, 'weight_init_offset': 0, 'mask_thsd': 0, 'radius': 25, 'power_lr': 0.5, 'weight_decay': 0, 'soft_activation_fn': 'exp', 'hebbian': True, 'resume': None, 'add_bias': False, 'normalize_inp': False, 'lr_decay': 'linear', 'seed': 0, 'softness': 'softkrotov', 'out_channels': 384, 'kernel_size': 3, 'in_channels': 96, 'lr_scheduler': {'lr': 0.005, 'adaptive': True, 'nb_epochs': 1, 'ratio': 0.00032, 'speed': 7, 'div': 96, 'decay': 'linear', 'power_lr': 0.5}}
CONFIG: {'arch': 'CNN', 'nb_train': None, 'lr': 0.01, 'adaptive': True, 'lr_sup': 0.001, 'speed': 7, 'lr_div': 96, 'lebesgue_p': 2, 'padding_mode': 'reflect', 'pre_triangle': False, 'ranking_param': 3, 'delta': 2, 't_invert': 0.45, 'groups': 1, 'stride': 1, 'dilation': 1, 'beta': 1, 'power': 4.5, 'padding': 1, 'weight_init': 'normal', 'weight_init_range': 0.4252586358998573, 'weight_init_offset': 0, 'mask_thsd': 0, 'radius': 25, 'power_lr': 0.5, 'weight_decay': 0, 'soft_activation_fn': 'exp', 'hebbian': True, 'resume': None, 'add_bias': False, 'normalize_inp': False, 'lr_decay': 'linear', 'seed': 0, 'softness': 'softkrotov', 'out_channels': 1536, 'kernel_size': 3, 'in_channels': 384, 'lr_scheduler': {'lr': 0.01, 'adaptive': True, 'nb_epochs': 1, 'ratio': 0.00032, 'speed': 7, 'div': 96, 'decay': 'linear', 'power_lr': 0.5}}
CONFIG: {'arch': 'CNN', 'nb_train': None, 'lr': 0.01, 'adaptive': True, 'lr_sup': 0.001, 'speed': 7, 'lr_div': 96, 'lebesgue_p': 2, 'padding_mode': 'reflect', 'pre_triangle': False, 'ranking_param': 3, 'delta': 2, 't_invert': 0.25, 'groups': 1, 'stride': 1, 'dilation': 1, 'beta': 1, 'power': 4.5, 'padding': 1, 'weight_init': 'normal', 'weight_init_range': 0.21262931794992865, 'weight_init_offset': 0, 'mask_thsd': 0, 'radius': 25, 'power_lr': 0.5, 'weight_decay': 0, 'soft_activation_fn': 'exp', 'hebbian': True, 'resume': None, 'add_bias': False, 'normalize_inp': False, 'lr_decay': 'linear', 'seed': 0, 'softness': 'softkrotov', 'out_channels': 6144, 'kernel_size': 3, 'in_channels': 1536, 'lr_scheduler': {'lr': 0.01, 'adaptive': True, 'nb_epochs': 1, 'ratio': 0.00032, 'speed': 7, 'div': 96, 'decay': 'linear', 'power_lr': 0.5}}
CONFIG: {'arch': 'MLP', 'lr': 0.05, 'adaptive': True, 'lr_sup': 0.001, 'speed': 0.4, 'lr_div': 100, 'lebesgue_p': 2, 't_invert': 10, 'beta': 0.01, 'power': 4.5, 'ranking_param': 3, 'delta': 0.1, 'hebbian': False, 'add_bias': False, 'normalize_inp': False, 'lr_decay': 'linear', 'seed': 0, 'lr_bias': 600, 'softness': 'soft', 'soft_activation_fn': 'exp', 'plasticity': 'SoftHebb', 'metric_mode': 'unsupervised', 'weight_init': 'positive', 'weight_init_range': 0.036828478186799345, 'weight_init_offset': 0, 'weight_decay': 0, 'radius': 10, 'power_lr': 0.2, 'out_channels': 10, 'in_channels': 221184, 'old_channels': 6144, 'lr_scheduler': {'decay': 'cste', 'lr': 0.1}}

 Model STL10_CIFAR10_CL loaded successfuly with best perf



 ----- Architecture Block BatchNorm2dSK3962(5, 5)1.0reflect, number 0 -----
- BatchNorm2d(3, eps=1e-05, momentum=0.1, affine=False, track_running_stats=True)
- HebbSoftKrotovConv2d(3, 96, lebesgue_p=2, pruning=0, kernel_size=(5, 5), bias=False, padding_mode=reflect, t_invert=1.0, bias=False, lr_bias=0.1, ranking_param=3, delta=2, activation=exp)
- Triangle(power=0.7)
- AvgPool2d(kernel_size=4, stride=2, padding=1)

 ----- Architecture Block BatchNorm2dSK963842(3, 3)0.6499999761581421reflect, number 1 -----
- BatchNorm2d(96, eps=1e-05, momentum=0.1, affine=False, track_running_stats=True)
- HebbSoftKrotovConv2d(96, 384, lebesgue_p=2, pruning=0, kernel_size=(3, 3), bias=False, padding_mode=reflect, t_invert=0.6499999761581421, bias=False, lr_bias=0.1538, ranking_param=3, delta=2, activation=exp)
- Triangle(power=0.7)
- MaxPool2d(kernel_size=4, stride=2, padding=1, dilation=1, ceil_mode=False)

 ----- Architecture Block BatchNorm2dSK38415362(3, 3)0.44999998807907104reflect, number 2 -----
- BatchNorm2d(384, eps=1e-05, momentum=0.1, affine=False, track_running_stats=True)
- HebbSoftKrotovConv2d(384, 1536, lebesgue_p=2, pruning=0, kernel_size=(3, 3), bias=False, padding_mode=reflect, t_invert=0.44999998807907104, bias=False, lr_bias=0.2222, ranking_param=3, delta=2, activation=exp)
- Triangle(power=1.4)
- AvgPool2d(kernel_size=4, stride=2, padding=1)

 ----- Architecture Block BatchNorm2dSK153661442(3, 3)0.25reflect, number 3 -----
- BatchNorm2d(1536, eps=1e-05, momentum=0.1, affine=False, track_running_stats=True)
- HebbSoftKrotovConv2d(1536, 6144, lebesgue_p=2, pruning=0, kernel_size=(3, 3), bias=False, padding_mode=reflect, t_invert=0.25, bias=False, lr_bias=0.4, ranking_param=3, delta=2, activation=exp)
- Triangle(power=1)
- AvgPool2d(kernel_size=2, stride=2, padding=0)

 ----- Architecture Block FlattenDropout(p=0.5, inplace=False)Linear(in_, number 4 -----
- Flatten(start_dim=1, end_dim=-1)
- Dropout(p=0.5, inplace=False)
- Linear(in_features=221184, out_features=10, bias=True)

 ********** Hebbian Unsupervised learning of blocks [0] **********
SEED:  0
BEFORE RESIZING
Files already downloaded and verified
AFTER RESIZING
Files already downloaded and verified
INDICES:  50000
IMAGE SIZE: torch.Size([10, 3, 96, 96])
SAVING FOLDER FOR UNSUP:  STL10_CIFAR10_CL
INSIDE EVALUATE UNSUP
INSIDE EVALUATE UNSUP RETURNED 0,0
Epoch: [1/1]	lr: 2.12e-01	time: 00:03:01	Acc_train 0.00	Acc_test 0.00	convergence: 2.40e+01	R1: 0	Info MB:0.000e+00/SB:0.000e+00/MW:9.542e-03/SW:1.637e+00/MR:1.056e+01/SR:9.496e+00/MeD:7.554e+00/MaD:2.979e+01/MW:0.638/MAW:0.362
|       0 |       1 |       2 |       3 |       4 |       5 |       6 |       7 |       8 |       9 |         10 |     11 |      12 |      13 |      14 |      15 |         16 |      17 |      18 |      19 |      20 |        21 |       22 |     23 |      24 |         25 |      26 |       27 |        28 |      29 |
|---------+---------+---------+---------+---------+---------+---------+---------+---------+---------+------------+--------+---------+---------+---------+---------+------------+---------+---------+---------+---------+-----------+----------+--------+---------+------------+---------+----------+-----------+---------|
|   0.279 |   0.269 |   0.331 |   0.246 |   0.114 |   0.401 |   0.335 |   0.275 |   0.363 |   0.118 |   0.000535 |   0.11 |   0.223 |   0.262 |   0.238 |   0.241 |   0.000278 |   0.429 |   0.235 |   0.108 |   0.129 |   0.00336 |   0.0548 |   0.11 |   0.502 |   0.000218 |   0.452 |   0.0957 |   0.00277 |   0.374 |
|  13.18  |  12.32  |  18.09  |  10.46  |   3.02  |  26.09  |  18.56  |  12.84  |  21.6   |   3.16  |   1        |   2.9  |   8.75  |  11.75  |   9.86  |  10.05  |   1        |  29.72  |   9.63  |   2.84  |   3.58  |   1       |   1.47   |   2.88 |  40.35  |   1        |  32.93  |   2.43   |   1       |  22.81  |
|   0.32  |   0.31  |   0.54  |   0.56  |   0.28  |   0.42  |   0.53  |   0.42  |   0.41  |   0.28  |   3.7      |   0.28 |   0.28  |   0.47  |   0.43  |   0.47  |  26.04     |   0.46  |   0.44  |   0.28  |   0.28  |   0.62    |   0.29   |   0.28 |   0.56  |  30.77     |   0.46  |   0.58   |   0.66    |   0.42  |
| nan     | nan     | nan     | nan     | nan     | nan     | nan     | nan     | nan     | nan     | nan        | nan    | nan     | nan     | nan     | nan     | nan        | nan     | nan     | nan     | nan     | nan       | nan      | nan    | nan     | nan        | nan     | nan      | nan       | nan     |
| nan     | nan     | nan     | nan     | nan     | nan     | nan     | nan     | nan     | nan     | nan        | nan    | nan     | nan     | nan     | nan     | nan        | nan     | nan     | nan     | nan     | nan       | nan      | nan    | nan     | nan        | nan     | nan      | nan       | nan     |
| nan     | nan     | nan     | nan     | nan     | nan     | nan     | nan     | nan     | nan     | nan        | nan    | nan     | nan     | nan     | nan     | nan        | nan     | nan     | nan     | nan     | nan       | nan      | nan    | nan     | nan        | nan     | nan      | nan       | nan     |

STORING PATH IS NONEEEEEE
SAVING THE MODEL
/g100_work/EIRI_E_POLIMI/rcasciot/neuromodAI/SoftHebb-main/Training/results/hebb/result/network/STL10_CIFAR10_CL/models

 ********** Hebbian Unsupervised learning of blocks [1] **********
SEED:  0
BEFORE RESIZING
Files already downloaded and verified
AFTER RESIZING
Files already downloaded and verified
INDICES:  50000
IMAGE SIZE: torch.Size([10, 3, 96, 96])
SAVING FOLDER FOR UNSUP:  STL10_CIFAR10_CL
INSIDE EVALUATE UNSUP
INSIDE EVALUATE UNSUP RETURNED 0,0
Epoch: [1/1]	lr: 2.12e-01	time: 00:06:02	Acc_train 0.00	Acc_test 0.00	convergence: 2.40e+01	R1: 0	Info MB:0.000e+00/SB:0.000e+00/MW:1.373e-02/SW:1.104e-01/MR:2.693e+00/SR:1.859e+00/MeD:1.549e+00/MaD:6.131e+00/MW:0.707/MAW:0.293
|          0 |        1 |       2 |        3 |         4 |         5 |         6 |          7 |         8 |          9 |       10 |        11 |        12 |        13 |       14 |        15 |        16 |        17 |         18 |        19 |        20 |        21 |       22 |        23 |         24 |        25 |       26 |         27 |       28 |        29 |
|------------+----------+---------+----------+-----------+-----------+-----------+------------+-----------+------------+----------+-----------+-----------+-----------+----------+-----------+-----------+-----------+------------+-----------+-----------+-----------+----------+-----------+------------+-----------+----------+------------+----------+-----------|
|   0.000415 |   0.0128 |   0.012 |   0.0101 |   0.00287 |   0.00566 |   0.00299 |   8.14e-05 |   0.00698 |   0.000243 |   0.0112 |   0.00653 |   0.00278 |   0.00218 |   0.0117 |   0.00586 |   0.00147 |   0.00083 |   9.62e-05 |   0.00792 |   0.00278 |   0.00251 |   0.0095 |   0.00547 |   0.000455 |   0.00111 |   0.0111 |   0.000387 |   0.0066 |   0.00143 |
|   1.01     |   7.53   |   6.78  |   5.06   |   1.33    |   2.28    |   1.36    |   1        |   2.95    |   1        |   6      |   2.71    |   1.31    |   1.19    |   6.47   |   2.38    |   1.09    |   1.03    |   1        |   3.51    |   1.31    |   1.25    |   4.61   |   2.2     |   1.01     |   1.05    |   5.93   |   1.01     |   2.74   |   1.08    |
|   0.12     |   0.03   |   0.06  |   0.13   |   0.05    |   0.1     |   0.03    |   0.4      |   0.03    |   0.15     |   0.05   |   0.02    |   0.04    |   0.03    |   0.06   |   0.02    |   0.05    |   0.03    |   1.29     |   0.02    |   0.14    |   0.02    |   0.11   |   0.03    |   0.06     |   0.17    |   0.09   |   0.07     |   0.03   |   0.03    |
| nan        | nan      | nan     | nan      | nan       | nan       | nan       | nan        | nan       | nan        | nan      | nan       | nan       | nan       | nan      | nan       | nan       | nan       | nan        | nan       | nan       | nan       | nan      | nan       | nan        | nan       | nan      | nan        | nan      | nan       |
| nan        | nan      | nan     | nan      | nan       | nan       | nan       | nan        | nan       | nan        | nan      | nan       | nan       | nan       | nan      | nan       | nan       | nan       | nan        | nan       | nan       | nan       | nan      | nan       | nan        | nan       | nan      | nan        | nan      | nan       |
| nan        | nan      | nan     | nan      | nan       | nan       | nan       | nan        | nan       | nan        | nan      | nan       | nan       | nan       | nan      | nan       | nan       | nan       | nan        | nan       | nan       | nan       | nan      | nan       | nan        | nan       | nan      | nan        | nan      | nan       |

STORING PATH IS NONEEEEEE
SAVING THE MODEL
/g100_work/EIRI_E_POLIMI/rcasciot/neuromodAI/SoftHebb-main/Training/results/hebb/result/network/STL10_CIFAR10_CL/models

 ********** Hebbian Unsupervised learning of blocks [2] **********
SEED:  0
BEFORE RESIZING
Files already downloaded and verified
AFTER RESIZING
Files already downloaded and verified
INDICES:  50000
IMAGE SIZE: torch.Size([10, 3, 96, 96])
SAVING FOLDER FOR UNSUP:  STL10_CIFAR10_CL
INSIDE EVALUATE UNSUP
INSIDE EVALUATE UNSUP RETURNED 0,0
Epoch: [1/1]	lr: 4.90e-02	time: 00:09:20	Acc_train 0.00	Acc_test 0.00	convergence: 2.40e+01	R1: 0	Info MB:0.000e+00/SB:0.000e+00/MW:3.198e-03/SW:1.236e-01/MR:6.276e+00/SR:3.669e+00/MeD:3.105e+00/MaD:1.040e+01/MW:0.674/MAW:0.326
|        0 |        1 |        2 |        3 |        4 |        5 |        6 |        7 |        8 |        9 |       10 |        11 |       12 |       13 |       14 |       15 |       16 |       17 |         18 |       19 |       20 |       21 |         22 |       23 |       24 |       25 |       26 |       27 |       28 |        29 |
|----------+----------+----------+----------+----------+----------+----------+----------+----------+----------+----------+-----------+----------+----------+----------+----------+----------+----------+------------+----------+----------+----------+------------+----------+----------+----------+----------+----------+----------+-----------|
|   0.0348 |   0.0233 |   0.0274 |   0.0184 |   0.0112 |   0.0309 |   0.0265 |   0.0314 |   0.0268 |   0.0283 |   0.0293 |   0.00763 |   0.0162 |   0.0293 |   0.0172 |   0.0185 |   0.0211 |   0.0346 |   0.000403 |   0.0283 |   0.0112 |   0.0292 |   0.000321 |   0.0291 |   0.0256 |   0.0266 |   0.0187 |   0.0176 |   0.0276 |   0.00272 |
|  13.08   |   6.45   |   8.51   |   4.39   |   2.26   |  10.52   |   8.03   |  10.87   |   8.2    |   9.03   |   9.56   |   1.58    |   3.61   |   9.58   |   3.95   |   4.42   |   5.43   |  12.98   |   1        |   9.01   |   2.26   |   9.53   |   1        |   9.47   |   7.57   |   8.07   |   4.49   |   4.08   |   8.62   |   1.07    |
|   0.02   |   0.02   |   0.01   |   0      |   0      |   0.03   |   0.02   |   0.02   |   0.02   |   0.03   |   0.03   |   0       |   0      |   0.01   |   0      |   0.03   |   0.01   |   0.01   |   0.01     |   0.02   |   0      |   0.01   |   0.02     |   0.02   |   0.03   |   0.03   |   0      |   0      |   0.02   |   0.01    |
| nan      | nan      | nan      | nan      | nan      | nan      | nan      | nan      | nan      | nan      | nan      | nan       | nan      | nan      | nan      | nan      | nan      | nan      | nan        | nan      | nan      | nan      | nan        | nan      | nan      | nan      | nan      | nan      | nan      | nan       |
| nan      | nan      | nan      | nan      | nan      | nan      | nan      | nan      | nan      | nan      | nan      | nan       | nan      | nan      | nan      | nan      | nan      | nan      | nan        | nan      | nan      | nan      | nan        | nan      | nan      | nan      | nan      | nan      | nan      | nan       |
| nan      | nan      | nan      | nan      | nan      | nan      | nan      | nan      | nan      | nan      | nan      | nan       | nan      | nan      | nan      | nan      | nan      | nan      | nan        | nan      | nan      | nan      | nan        | nan      | nan      | nan      | nan      | nan      | nan      | nan       |

STORING PATH IS NONEEEEEE
SAVING THE MODEL
/g100_work/EIRI_E_POLIMI/rcasciot/neuromodAI/SoftHebb-main/Training/results/hebb/result/network/STL10_CIFAR10_CL/models

 ********** Hebbian Unsupervised learning of blocks [3] **********
SEED:  0
BEFORE RESIZING
Files already downloaded and verified
AFTER RESIZING
Files already downloaded and verified
INDICES:  50000
IMAGE SIZE: torch.Size([10, 3, 96, 96])
SAVING FOLDER FOR UNSUP:  STL10_CIFAR10_CL
INSIDE EVALUATE UNSUP
INSIDE EVALUATE UNSUP RETURNED 0,0
Epoch: [1/1]	lr: 2.01e-02	time: 00:15:00	Acc_train 0.00	Acc_test 0.00	convergence: 1.17e+01	R1: 76	Info MB:0.000e+00/SB:0.000e+00/MW:5.432e-03/SW:1.147e-01/MR:1.273e+01/SR:4.494e+00/MeD:3.372e+00/MaD:1.267e+01/MW:0.577/MAW:0.423
|        0 |        1 |        2 |        3 |        4 |        5 |        6 |         7 |        8 |        9 |       10 |       11 |       12 |       13 |       14 |       15 |       16 |      17 |       18 |       19 |       20 |       21 |       22 |       23 |       24 |        25 |       26 |       27 |       28 |        29 |
|----------+----------+----------+----------+----------+----------+----------+-----------+----------+----------+----------+----------+----------+----------+----------+----------+----------+---------+----------+----------+----------+----------+----------+----------+----------+-----------+----------+----------+----------+-----------|
|   0.0356 |   0.0424 |   0.0317 |   0.0431 |   0.0413 |   0.0369 |   0.0382 |   0.00951 |   0.0419 |   0.0394 |   0.0381 |   0.0364 |   0.0195 |   0.0341 |   0.0344 |   0.0346 |   0.0288 |   0.045 |   0.0373 |   0.0142 |   0.0366 |   0.0345 |   0.0234 |   0.0352 |   0.0348 |   0.00457 |   0.0161 |   0.0427 |   0.0354 |   0.00474 |
|  13.69   |  18.97   |  11.04   |  19.55   |  18.06   |  14.61   |  15.58   |   1.91    |  18.57   |  16.56   |  15.5    |  14.27   |   4.8    |  12.65   |  12.81   |  12.98   |   9.28   |  21.22  |  14.92   |   3.03   |  14.43   |  12.92   |   6.48   |  13.42   |  13.13   |   1.21    |   3.59   |  19.26   |  13.53   |   1.22    |
|   0.02   |   0.01   |   0.01   |   0.01   |   0.01   |   0.02   |   0.01   |   0       |   0.01   |   0.01   |   0.01   |   0.02   |   0.02   |   0.02   |   0.01   |   0.01   |   0      |   0.02  |   0      |   0      |   0.01   |   0.01   |   0.01   |   0      |   0.01   |   0.05    |   0      |   0.01   |   0.01   |   0.04    |
| nan      | nan      | nan      | nan      | nan      | nan      | nan      | nan       | nan      | nan      | nan      | nan      | nan      | nan      | nan      | nan      | nan      | nan     | nan      | nan      | nan      | nan      | nan      | nan      | nan      | nan       | nan      | nan      | nan      | nan       |
| nan      | nan      | nan      | nan      | nan      | nan      | nan      | nan       | nan      | nan      | nan      | nan      | nan      | nan      | nan      | nan      | nan      | nan     | nan      | nan      | nan      | nan      | nan      | nan      | nan      | nan       | nan      | nan      | nan      | nan       |
| nan      | nan      | nan      | nan      | nan      | nan      | nan      | nan       | nan      | nan      | nan      | nan      | nan      | nan      | nan      | nan      | nan      | nan     | nan      | nan      | nan      | nan      | nan      | nan      | nan      | nan       | nan      | nan      | nan      | nan       |

STORING PATH IS NONEEEEEE
SAVING THE MODEL
/g100_work/EIRI_E_POLIMI/rcasciot/neuromodAI/SoftHebb-main/Training/results/hebb/result/network/STL10_CIFAR10_CL/models

 ********** Supervised learning of blocks [4] **********
SAVING FOLDER FOR SUP:  STL10_CIFAR10_CL
SEED:  0
BEFORE RESIZING
Files already downloaded and verified
AFTER RESIZING
Files already downloaded and verified
INDICES:  50000
IMAGE SIZE: torch.Size([64, 3, 96, 96])
Epoch: [1/50]	lr: 1.00e-03	time: 00:16:16	Loss_train 3.11889	Acc_train 56.77	/	Loss_test 0.14122	Acc_test 65.08
STORING PATH IS NONEEEEEE
SAVING THE MODEL
/g100_work/EIRI_E_POLIMI/rcasciot/neuromodAI/SoftHebb-main/Training/results/hebb/result/network/STL10_CIFAR10_CL/models
Epoch: [10/50]	lr: 1.00e-03	time: 00:24:18	Loss_train 1.48874	Acc_train 77.56	/	Loss_test 0.17736	Acc_test 73.11
STORING PATH IS NONEEEEEE
SAVING THE MODEL
/g100_work/EIRI_E_POLIMI/rcasciot/neuromodAI/SoftHebb-main/Training/results/hebb/result/network/STL10_CIFAR10_CL/models
Epoch: [20/50]	lr: 2.50e-04	time: 00:33:13	Loss_train 0.47006	Acc_train 90.21	/	Loss_test 0.11710	Acc_test 78.62
STORING PATH IS NONEEEEEE
SAVING THE MODEL
/g100_work/EIRI_E_POLIMI/rcasciot/neuromodAI/SoftHebb-main/Training/results/hebb/result/network/STL10_CIFAR10_CL/models
Epoch: [30/50]	lr: 1.25e-04	time: 00:42:07	Loss_train 0.21724	Acc_train 94.07	/	Loss_test 0.11380	Acc_test 78.64
STORING PATH IS NONEEEEEE
SAVING THE MODEL
/g100_work/EIRI_E_POLIMI/rcasciot/neuromodAI/SoftHebb-main/Training/results/hebb/result/network/STL10_CIFAR10_CL/models
Epoch: [40/50]	lr: 3.13e-05	time: 00:51:01	Loss_train 0.12821	Acc_train 95.87	/	Loss_test 0.10787	Acc_test 79.28
STORING PATH IS NONEEEEEE
SAVING THE MODEL
/g100_work/EIRI_E_POLIMI/rcasciot/neuromodAI/SoftHebb-main/Training/results/hebb/result/network/STL10_CIFAR10_CL/models
Epoch: [50/50]	lr: 7.81e-06	time: 00:59:55	Loss_train 0.10394	Acc_train 96.38	/	Loss_test 0.10534	Acc_test 79.39
STORING PATH IS NONEEEEEE
SAVING THE MODEL
/g100_work/EIRI_E_POLIMI/rcasciot/neuromodAI/SoftHebb-main/Training/results/hebb/result/network/STL10_CIFAR10_CL/models
RESULT:  {'train_loss': 0.10393913835287094, 'train_acc': 96.37619853019714, 'test_loss': 0.10533937811851501, 'test_acc': 79.38999938964844, 'convergence': 11.73322582244873, 'R1': 76, 'dataset_sup': {'name': 'CIFAR10', 'noise_std': 0, 'channels': 3, 'width': 32, 'height': 32, 'validation_split': 0.2, 'training_sample': 50000, 'testing_sample': 10000, 'out_channels': 10, 'num_workers': 0, 'seed': 0, 'shuffle': True, 'batch_size': 64, 'augmentation': False, 'zca_whitened': False, 'training_class': 'all', 'split': 'train', 'nb_epoch': 50, 'print_freq': 10, 'validation': False, 'continual_learning': True, 'old_dataset_size': 96}, 'dataset_unsup': {'name': 'CIFAR10', 'noise_std': 0, 'channels': 3, 'width': 32, 'height': 32, 'validation_split': 0.2, 'training_sample': 50000, 'testing_sample': 10000, 'out_channels': 10, 'num_workers': 0, 'seed': 0, 'shuffle': True, 'batch_size': 10, 'augmentation': False, 'zca_whitened': False, 'training_class': 'all', 'split': 'train', 'nb_epoch': 1, 'print_freq': 10, 'validation': False, 'continual_learning': True, 'old_dataset_size': 96}, 'train_config': {'t0': {'blocks': [0], 'mode': 'unsupervised', 'lr': 0.08, 'nb_epoch': 1, 'batch_size': 10, 'print_freq': 10}, 't2': {'blocks': [1], 'mode': 'unsupervised', 'lr': 0.005, 'nb_epoch': 1, 'batch_size': 10, 'print_freq': 10}, 't4': {'blocks': [2], 'mode': 'unsupervised', 'lr': 0.01, 'nb_epoch': 1, 'batch_size': 10, 'print_freq': 10}, 't6': {'blocks': [3], 'mode': 'unsupervised', 'lr': 0.01, 'nb_epoch': 1, 'batch_size': 10, 'print_freq': 10}, 't8': {'blocks': [4], 'mode': 'supervised', 'lr': 0.001, 'nb_epoch': 50, 'batch_size': 64, 'print_freq': 10}}}
IN R1:  {'eval_1': {'test_loss': 1.6657915115356445, 'test_acc': 76.2750015258789, 'convergence': 24.0014705657959, 'R1': 0, 'dataset_sup': {'name': 'STL10', 'noise_std': 0, 'channels': 3, 'width': 96, 'height': 96, 'validation_split': 0.2, 'training_sample': 5000, 'testing_sample': 10000, 'out_channels': 10, 'num_workers': 4, 'seed': 0, 'shuffle': True, 'batch_size': 64, 'augmentation': True, 'zca_whitened': False, 'training_class': 'all', 'split': 'train', 'nb_epoch': 100, 'print_freq': 10, 'validation': False, 'continual_learning': False}, 'dataset_unsup': {'name': 'STL10', 'noise_std': 0, 'channels': 3, 'width': 96, 'height': 96, 'validation_split': 0.2, 'training_sample': 100000, 'testing_sample': 10000, 'out_channels': 10, 'num_workers': 0, 'seed': 0, 'shuffle': True, 'batch_size': 32, 'augmentation': False, 'zca_whitened': False, 'training_class': 'all', 'split': 'unlabeled', 'nb_epoch': 1, 'print_freq': 25, 'validation': False, 'continual_learning': False}}, 'R1': {'train_loss': 0.10393913835287094, 'train_acc': 96.37619853019714, 'test_loss': 0.10533937811851501, 'test_acc': 79.38999938964844, 'convergence': 11.73322582244873, 'R1': 76, 'dataset_sup': {'name': 'CIFAR10', 'noise_std': 0, 'channels': 3, 'width': 32, 'height': 32, 'validation_split': 0.2, 'training_sample': 50000, 'testing_sample': 10000, 'out_channels': 10, 'num_workers': 0, 'seed': 0, 'shuffle': True, 'batch_size': 64, 'augmentation': False, 'zca_whitened': False, 'training_class': 'all', 'split': 'train', 'nb_epoch': 50, 'print_freq': 10, 'validation': False, 'continual_learning': True, 'old_dataset_size': 96}, 'dataset_unsup': {'name': 'CIFAR10', 'noise_std': 0, 'channels': 3, 'width': 32, 'height': 32, 'validation_split': 0.2, 'training_sample': 50000, 'testing_sample': 10000, 'out_channels': 10, 'num_workers': 0, 'seed': 0, 'shuffle': True, 'batch_size': 10, 'augmentation': False, 'zca_whitened': False, 'training_class': 'all', 'split': 'train', 'nb_epoch': 1, 'print_freq': 10, 'validation': False, 'continual_learning': True, 'old_dataset_size': 96}, 'train_config': {'t0': {'blocks': [0], 'mode': 'unsupervised', 'lr': 0.08, 'nb_epoch': 1, 'batch_size': 10, 'print_freq': 10}, 't2': {'blocks': [1], 'mode': 'unsupervised', 'lr': 0.005, 'nb_epoch': 1, 'batch_size': 10, 'print_freq': 10}, 't4': {'blocks': [2], 'mode': 'unsupervised', 'lr': 0.01, 'nb_epoch': 1, 'batch_size': 10, 'print_freq': 10}, 't6': {'blocks': [3], 'mode': 'unsupervised', 'lr': 0.01, 'nb_epoch': 1, 'batch_size': 10, 'print_freq': 10}, 't8': {'blocks': [4], 'mode': 'supervised', 'lr': 0.001, 'nb_epoch': 50, 'batch_size': 64, 'print_freq': 10}}}}
SEED:  0
block 0, size : 96 48 48
range = 2.886751345948129
block 1, size : 384 24 24
range = 0.8505172717997146
block 2, size : 1536 12 12
range = 0.4252586358998573
block 3, size : 6144 6 6
range = 0.21262931794992865
range = 0.036828478186799345
The device used will be: 
True
cuda:0
CONFIG: {'arch': 'CNN', 'nb_train': None, 'lr': 0.08, 'adaptive': True, 'lr_sup': 0.001, 'speed': 7, 'lr_div': 96, 'lebesgue_p': 2, 'padding_mode': 'reflect', 'pre_triangle': False, 'ranking_param': 3, 'delta': 2, 't_invert': 1.0, 'groups': 1, 'stride': 1, 'dilation': 1, 'beta': 1, 'power': 4.5, 'padding': 2, 'weight_init': 'normal', 'weight_init_range': 2.886751345948129, 'weight_init_offset': 0, 'mask_thsd': 0, 'radius': 25, 'power_lr': 0.5, 'weight_decay': 0, 'soft_activation_fn': 'exp', 'hebbian': True, 'resume': None, 'add_bias': False, 'normalize_inp': False, 'lr_decay': 'linear', 'seed': 0, 'softness': 'softkrotov', 'out_channels': 96, 'kernel_size': 5, 'in_channels': 3, 'lr_scheduler': {'lr': 0.08, 'adaptive': True, 'nb_epochs': 1, 'ratio': 0.00032, 'speed': 7, 'div': 96, 'decay': 'linear', 'power_lr': 0.5}}
CONFIG: {'arch': 'CNN', 'nb_train': None, 'lr': 0.005, 'adaptive': True, 'lr_sup': 0.001, 'speed': 7, 'lr_div': 96, 'lebesgue_p': 2, 'padding_mode': 'reflect', 'pre_triangle': False, 'ranking_param': 3, 'delta': 2, 't_invert': 0.65, 'groups': 1, 'stride': 1, 'dilation': 1, 'beta': 1, 'power': 4.5, 'padding': 1, 'weight_init': 'normal', 'weight_init_range': 0.8505172717997146, 'weight_init_offset': 0, 'mask_thsd': 0, 'radius': 25, 'power_lr': 0.5, 'weight_decay': 0, 'soft_activation_fn': 'exp', 'hebbian': True, 'resume': None, 'add_bias': False, 'normalize_inp': False, 'lr_decay': 'linear', 'seed': 0, 'softness': 'softkrotov', 'out_channels': 384, 'kernel_size': 3, 'in_channels': 96, 'lr_scheduler': {'lr': 0.005, 'adaptive': True, 'nb_epochs': 1, 'ratio': 0.00032, 'speed': 7, 'div': 96, 'decay': 'linear', 'power_lr': 0.5}}
CONFIG: {'arch': 'CNN', 'nb_train': None, 'lr': 0.01, 'adaptive': True, 'lr_sup': 0.001, 'speed': 7, 'lr_div': 96, 'lebesgue_p': 2, 'padding_mode': 'reflect', 'pre_triangle': False, 'ranking_param': 3, 'delta': 2, 't_invert': 0.45, 'groups': 1, 'stride': 1, 'dilation': 1, 'beta': 1, 'power': 4.5, 'padding': 1, 'weight_init': 'normal', 'weight_init_range': 0.4252586358998573, 'weight_init_offset': 0, 'mask_thsd': 0, 'radius': 25, 'power_lr': 0.5, 'weight_decay': 0, 'soft_activation_fn': 'exp', 'hebbian': True, 'resume': None, 'add_bias': False, 'normalize_inp': False, 'lr_decay': 'linear', 'seed': 0, 'softness': 'softkrotov', 'out_channels': 1536, 'kernel_size': 3, 'in_channels': 384, 'lr_scheduler': {'lr': 0.01, 'adaptive': True, 'nb_epochs': 1, 'ratio': 0.00032, 'speed': 7, 'div': 96, 'decay': 'linear', 'power_lr': 0.5}}
CONFIG: {'arch': 'CNN', 'nb_train': None, 'lr': 0.01, 'adaptive': True, 'lr_sup': 0.001, 'speed': 7, 'lr_div': 96, 'lebesgue_p': 2, 'padding_mode': 'reflect', 'pre_triangle': False, 'ranking_param': 3, 'delta': 2, 't_invert': 0.25, 'groups': 1, 'stride': 1, 'dilation': 1, 'beta': 1, 'power': 4.5, 'padding': 1, 'weight_init': 'normal', 'weight_init_range': 0.21262931794992865, 'weight_init_offset': 0, 'mask_thsd': 0, 'radius': 25, 'power_lr': 0.5, 'weight_decay': 0, 'soft_activation_fn': 'exp', 'hebbian': True, 'resume': None, 'add_bias': False, 'normalize_inp': False, 'lr_decay': 'linear', 'seed': 0, 'softness': 'softkrotov', 'out_channels': 6144, 'kernel_size': 3, 'in_channels': 1536, 'lr_scheduler': {'lr': 0.01, 'adaptive': True, 'nb_epochs': 1, 'ratio': 0.00032, 'speed': 7, 'div': 96, 'decay': 'linear', 'power_lr': 0.5}}
CONFIG: {'arch': 'MLP', 'lr': 0.05, 'adaptive': True, 'lr_sup': 0.001, 'speed': 0.4, 'lr_div': 100, 'lebesgue_p': 2, 't_invert': 10, 'beta': 0.01, 'power': 4.5, 'ranking_param': 3, 'delta': 0.1, 'hebbian': False, 'add_bias': False, 'normalize_inp': False, 'lr_decay': 'linear', 'seed': 0, 'lr_bias': 600, 'softness': 'soft', 'soft_activation_fn': 'exp', 'plasticity': 'SoftHebb', 'metric_mode': 'unsupervised', 'weight_init': 'positive', 'weight_init_range': 0.036828478186799345, 'weight_init_offset': 0, 'weight_decay': 0, 'radius': 10, 'power_lr': 0.2, 'out_channels': 10, 'in_channels': 221184, 'old_channels': 6144, 'lr_scheduler': {'decay': 'cste', 'lr': 0.1}}

 Model STL10_CIFAR10_CL loaded successfuly with best perf



 ----- Architecture Block BatchNorm2dSK3962(5, 5)1.0reflect, number 0 -----
- BatchNorm2d(3, eps=1e-05, momentum=0.1, affine=False, track_running_stats=True)
- HebbSoftKrotovConv2d(3, 96, lebesgue_p=2, pruning=0, kernel_size=(5, 5), bias=False, padding_mode=reflect, t_invert=1.0, bias=False, lr_bias=0.1, ranking_param=3, delta=2, activation=exp)
- Triangle(power=0.7)
- AvgPool2d(kernel_size=4, stride=2, padding=1)

 ----- Architecture Block BatchNorm2dSK963842(3, 3)0.6499999761581421reflect, number 1 -----
- BatchNorm2d(96, eps=1e-05, momentum=0.1, affine=False, track_running_stats=True)
- HebbSoftKrotovConv2d(96, 384, lebesgue_p=2, pruning=0, kernel_size=(3, 3), bias=False, padding_mode=reflect, t_invert=0.6499999761581421, bias=False, lr_bias=0.1538, ranking_param=3, delta=2, activation=exp)
- Triangle(power=0.7)
- MaxPool2d(kernel_size=4, stride=2, padding=1, dilation=1, ceil_mode=False)

 ----- Architecture Block BatchNorm2dSK38415362(3, 3)0.44999998807907104reflect, number 2 -----
- BatchNorm2d(384, eps=1e-05, momentum=0.1, affine=False, track_running_stats=True)
- HebbSoftKrotovConv2d(384, 1536, lebesgue_p=2, pruning=0, kernel_size=(3, 3), bias=False, padding_mode=reflect, t_invert=0.44999998807907104, bias=False, lr_bias=0.2222, ranking_param=3, delta=2, activation=exp)
- Triangle(power=1.4)
- AvgPool2d(kernel_size=4, stride=2, padding=1)

 ----- Architecture Block BatchNorm2dSK153661442(3, 3)0.25reflect, number 3 -----
- BatchNorm2d(1536, eps=1e-05, momentum=0.1, affine=False, track_running_stats=True)
- HebbSoftKrotovConv2d(1536, 6144, lebesgue_p=2, pruning=0, kernel_size=(3, 3), bias=False, padding_mode=reflect, t_invert=0.25, bias=False, lr_bias=0.4, ranking_param=3, delta=2, activation=exp)
- Triangle(power=1)
- AvgPool2d(kernel_size=2, stride=2, padding=0)

 ----- Architecture Block FlattenDropout(p=0.5, inplace=False)Linear(in_, number 4 -----
- Flatten(start_dim=1, end_dim=-1)
- Dropout(p=0.5, inplace=False)
- Linear(in_features=221184, out_features=10, bias=True)
SEED:  0
BEFORE RESIZING
Files already downloaded and verified
AFTER RESIZING
Files already downloaded and verified
INDICES:  5000
IMAGE SIZE: torch.Size([64, 3, 96, 96])
Accuracy of the network on the 1st dataset: 19.225 %
Test loss on the 1st dataset: 69.033

