BLOCKS:  {'b0': {'arch': 'CNN', 'preset': 'softkrotov-c96-k5-p2-s1-d1-b0-t1-lr0.08-lp0.5-e0', 'operation': 'batchnorm2d', 'num': 0, 'batch_norm': False, 'pool': {'type': 'max', 'kernel_size': 4, 'stride': 2, 'padding': 1}, 'activation': {'function': 'triangle', 'param': 0.7}, 'resume': None, 'layer': {'arch': 'CNN', 'nb_train': None, 'lr': 0.08, 'adaptive': True, 'lr_sup': 0.001, 'speed': 7, 'lr_div': 96, 'lebesgue_p': 2, 'padding_mode': 'reflect', 'pre_triangle': False, 'ranking_param': 3, 'delta': 2, 't_invert': 1.0, 'groups': 1, 'stride': 1, 'dilation': 1, 'beta': 1, 'power': 4.5, 'padding': 2, 'weight_init': 'positive', 'weight_init_range': 2, 'weight_init_offset': 0, 'mask_thsd': 0, 'radius': 25, 'power_lr': 0.5, 'weight_decay': 0, 'soft_activation_fn': 'exp', 'hebbian': True, 'resume': None, 'add_bias': False, 'normalize_inp': False, 'lr_decay': 'linear', 'seed': 0, 'softness': 'softkrotov', 'out_channels': 96, 'kernel_size': 5}}, 'b1': {'arch': 'CNN', 'preset': 'softkrotov-c384-k3-p1-s1-d1-b0-t0.65-lr0.005-lp0.5-e0', 'operation': 'batchnorm2d', 'num': 1, 'batch_norm': False, 'pool': {'type': 'max', 'kernel_size': 4, 'stride': 2, 'padding': 1}, 'activation': {'function': 'triangle', 'param': 1.4}, 'resume': None, 'layer': {'arch': 'CNN', 'nb_train': None, 'lr': 0.005, 'adaptive': True, 'lr_sup': 0.001, 'speed': 7, 'lr_div': 96, 'lebesgue_p': 2, 'padding_mode': 'reflect', 'pre_triangle': False, 'ranking_param': 3, 'delta': 2, 't_invert': 0.65, 'groups': 1, 'stride': 1, 'dilation': 1, 'beta': 1, 'power': 4.5, 'padding': 1, 'weight_init': 'positive', 'weight_init_range': 2, 'weight_init_offset': 0, 'mask_thsd': 0, 'radius': 25, 'power_lr': 0.5, 'weight_decay': 0, 'soft_activation_fn': 'exp', 'hebbian': True, 'resume': None, 'add_bias': False, 'normalize_inp': False, 'lr_decay': 'linear', 'seed': 0, 'softness': 'softkrotov', 'out_channels': 384, 'kernel_size': 3}}, 'b2': {'arch': 'CNN', 'preset': 'softkrotov-c1536-k3-p1-s1-d1-b0-t0.25-lr0.01-lp0.5-e0', 'operation': 'batchnorm2d', 'num': 2, 'batch_norm': False, 'pool': {'type': 'avg', 'kernel_size': 2, 'stride': 2, 'padding': 0}, 'activation': {'function': 'triangle', 'param': 1.0}, 'resume': None, 'layer': {'arch': 'CNN', 'nb_train': None, 'lr': 0.01, 'adaptive': True, 'lr_sup': 0.001, 'speed': 7, 'lr_div': 96, 'lebesgue_p': 2, 'padding_mode': 'reflect', 'pre_triangle': False, 'ranking_param': 3, 'delta': 2, 't_invert': 0.25, 'groups': 1, 'stride': 1, 'dilation': 1, 'beta': 1, 'power': 4.5, 'padding': 1, 'weight_init': 'positive', 'weight_init_range': 2, 'weight_init_offset': 0, 'mask_thsd': 0, 'radius': 25, 'power_lr': 0.5, 'weight_decay': 0, 'soft_activation_fn': 'exp', 'hebbian': True, 'resume': None, 'add_bias': False, 'normalize_inp': False, 'lr_decay': 'linear', 'seed': 0, 'softness': 'softkrotov', 'out_channels': 1536, 'kernel_size': 3}}, 'b3': {'arch': 'MLP', 'preset': 'BP-c10', 'operation': 'flatten', 'num': 3, 'att_dropout': None, 'dropout': 0.5, 'layer': {'arch': 'MLP', 'lr': 0.05, 'adaptive': True, 'lr_sup': 0.001, 'speed': 0.4, 'lr_div': 100, 'lebesgue_p': 2, 't_invert': 10, 'beta': 0.01, 'power': 4.5, 'ranking_param': 3, 'delta': 0.1, 'hebbian': False, 'add_bias': False, 'normalize_inp': False, 'lr_decay': 'linear', 'seed': 0, 'lr_bias': 600, 'softness': 'soft', 'soft_activation_fn': 'exp', 'plasticity': 'SoftHebb', 'metric_mode': 'unsupervised', 'weight_init': 'positive', 'weight_init_range': 0.25, 'weight_init_offset': 0, 'weight_decay': 0, 'radius': 10, 'power_lr': 0.2, 'out_channels': 10}, 'pool': None, 'activation': None}}
CL:  True
{'name': 'CIFAR10', 'noise_std': 0, 'channels': 3, 'width': 32, 'height': 32, 'validation_split': 0.2, 'training_sample': 50000, 'testing_sample': 10000, 'out_channels': 10, 'num_workers': 0, 'seed': 0, 'shuffle': True, 'batch_size': 64, 'augmentation': False, 'zca_whitened': False, 'training_class': 'all', 'split': 'train', 'nb_epoch': 50, 'print_freq': 10, 'validation': False, 'continual_learning': True}
CL:  False
{'name': 'CIFAR10', 'noise_std': 0, 'channels': 3, 'width': 32, 'height': 32, 'validation_split': 0.2, 'training_sample': 50000, 'testing_sample': 10000, 'out_channels': 10, 'num_workers': 0, 'seed': 0, 'shuffle': True, 'batch_size': 64, 'augmentation': False, 'zca_whitened': False, 'training_class': 'all', 'split': 'train', 'nb_epoch': 50, 'print_freq': 10, 'validation': False, 'continual_learning': False}
CL:  False
{'name': 'CIFAR10', 'noise_std': 0, 'channels': 3, 'width': 32, 'height': 32, 'validation_split': 0.2, 'training_sample': 50000, 'testing_sample': 10000, 'out_channels': 10, 'num_workers': 0, 'seed': 0, 'shuffle': True, 'batch_size': 10, 'augmentation': False, 'zca_whitened': False, 'training_class': 'all', 'split': 'train', 'nb_epoch': 1, 'print_freq': 10, 'validation': False, 'continual_learning': False}
SEED:  0
block 0, size : 96 16 16
range = 2.886751345948129
block 1, size : 384 8 8
range = 0.8505172717997146
block 2, size : 1536 4 4
range = 0.4252586358998573
range = 0.11048543456039805
The device used will be: 
True
cuda:0
CONFIG: {'arch': 'CNN', 'nb_train': None, 'lr': 0.08, 'adaptive': True, 'lr_sup': 0.001, 'speed': 7, 'lr_div': 96, 'lebesgue_p': 2, 'padding_mode': 'reflect', 'pre_triangle': False, 'ranking_param': 3, 'delta': 2, 't_invert': 1.0, 'groups': 1, 'stride': 1, 'dilation': 1, 'beta': 1, 'power': 4.5, 'padding': 2, 'weight_init': 'normal', 'weight_init_range': 2.886751345948129, 'weight_init_offset': 0, 'mask_thsd': 0, 'radius': 25, 'power_lr': 0.5, 'weight_decay': 0, 'soft_activation_fn': 'exp', 'hebbian': True, 'resume': None, 'add_bias': False, 'normalize_inp': False, 'lr_decay': 'linear', 'seed': 0, 'softness': 'softkrotov', 'out_channels': 96, 'kernel_size': 5, 'in_channels': 3, 'lr_scheduler': {'lr': 0.08, 'adaptive': True, 'nb_epochs': 1, 'ratio': 0.0002, 'speed': 7, 'div': 96, 'decay': 'linear', 'power_lr': 0.5}}
CONFIG: {'arch': 'CNN', 'nb_train': None, 'lr': 0.005, 'adaptive': True, 'lr_sup': 0.001, 'speed': 7, 'lr_div': 96, 'lebesgue_p': 2, 'padding_mode': 'reflect', 'pre_triangle': False, 'ranking_param': 3, 'delta': 2, 't_invert': 0.65, 'groups': 1, 'stride': 1, 'dilation': 1, 'beta': 1, 'power': 4.5, 'padding': 1, 'weight_init': 'normal', 'weight_init_range': 0.8505172717997146, 'weight_init_offset': 0, 'mask_thsd': 0, 'radius': 25, 'power_lr': 0.5, 'weight_decay': 0, 'soft_activation_fn': 'exp', 'hebbian': True, 'resume': None, 'add_bias': False, 'normalize_inp': False, 'lr_decay': 'linear', 'seed': 0, 'softness': 'softkrotov', 'out_channels': 384, 'kernel_size': 3, 'in_channels': 96, 'lr_scheduler': {'lr': 0.005, 'adaptive': True, 'nb_epochs': 1, 'ratio': 0.0002, 'speed': 7, 'div': 96, 'decay': 'linear', 'power_lr': 0.5}}
CONFIG: {'arch': 'CNN', 'nb_train': None, 'lr': 0.01, 'adaptive': True, 'lr_sup': 0.001, 'speed': 7, 'lr_div': 96, 'lebesgue_p': 2, 'padding_mode': 'reflect', 'pre_triangle': False, 'ranking_param': 3, 'delta': 2, 't_invert': 0.25, 'groups': 1, 'stride': 1, 'dilation': 1, 'beta': 1, 'power': 4.5, 'padding': 1, 'weight_init': 'normal', 'weight_init_range': 0.4252586358998573, 'weight_init_offset': 0, 'mask_thsd': 0, 'radius': 25, 'power_lr': 0.5, 'weight_decay': 0, 'soft_activation_fn': 'exp', 'hebbian': True, 'resume': None, 'add_bias': False, 'normalize_inp': False, 'lr_decay': 'linear', 'seed': 0, 'softness': 'softkrotov', 'out_channels': 1536, 'kernel_size': 3, 'in_channels': 384, 'lr_scheduler': {'lr': 0.01, 'adaptive': True, 'nb_epochs': 1, 'ratio': 0.0002, 'speed': 7, 'div': 96, 'decay': 'linear', 'power_lr': 0.5}}
CONFIG: {'arch': 'MLP', 'lr': 0.05, 'adaptive': True, 'lr_sup': 0.001, 'speed': 0.4, 'lr_div': 100, 'lebesgue_p': 2, 't_invert': 10, 'beta': 0.01, 'power': 4.5, 'ranking_param': 3, 'delta': 0.1, 'hebbian': False, 'add_bias': False, 'normalize_inp': False, 'lr_decay': 'linear', 'seed': 0, 'lr_bias': 600, 'softness': 'soft', 'soft_activation_fn': 'exp', 'plasticity': 'SoftHebb', 'metric_mode': 'unsupervised', 'weight_init': 'positive', 'weight_init_range': 0.11048543456039805, 'weight_init_offset': 0, 'weight_decay': 0, 'radius': 10, 'power_lr': 0.2, 'out_channels': 10, 'in_channels': 24576, 'old_channels': 1536, 'lr_scheduler': {'decay': 'cste', 'lr': 0.1}}

 Model CIFAR10_IMG_CL loaded successfuly with best perf



 ----- Architecture Block BatchNorm2dSK3962(5, 5)1.0reflect, number 0 -----
- BatchNorm2d(3, eps=1e-05, momentum=0.1, affine=False, track_running_stats=True)
- HebbSoftKrotovConv2d(3, 96, lebesgue_p=2, pruning=0, kernel_size=(5, 5), bias=False, padding_mode=reflect, t_invert=1.0, bias=False, lr_bias=0.1, ranking_param=3, delta=2, activation=exp)
- Triangle(power=0.7)
- MaxPool2d(kernel_size=4, stride=2, padding=1, dilation=1, ceil_mode=False)

 ----- Architecture Block BatchNorm2dSK963842(3, 3)0.6499999761581421reflect, number 1 -----
- BatchNorm2d(96, eps=1e-05, momentum=0.1, affine=False, track_running_stats=True)
- HebbSoftKrotovConv2d(96, 384, lebesgue_p=2, pruning=0, kernel_size=(3, 3), bias=False, padding_mode=reflect, t_invert=0.6499999761581421, bias=False, lr_bias=0.1538, ranking_param=3, delta=2, activation=exp)
- Triangle(power=1.4)
- MaxPool2d(kernel_size=4, stride=2, padding=1, dilation=1, ceil_mode=False)

 ----- Architecture Block BatchNorm2dSK38415362(3, 3)0.25reflect, number 2 -----
- BatchNorm2d(384, eps=1e-05, momentum=0.1, affine=False, track_running_stats=True)
- HebbSoftKrotovConv2d(384, 1536, lebesgue_p=2, pruning=0, kernel_size=(3, 3), bias=False, padding_mode=reflect, t_invert=0.25, bias=False, lr_bias=0.4, ranking_param=3, delta=2, activation=exp)
- Triangle(power=1.0)
- AvgPool2d(kernel_size=2, stride=2, padding=0)

 ----- Architecture Block FlattenDropout(p=0.5, inplace=False)Linear(in_, number 3 -----
- Flatten(start_dim=1, end_dim=-1)
- Dropout(p=0.5, inplace=False)
- Linear(in_features=24576, out_features=10, bias=True)

 ********** Hebbian Unsupervised learning of blocks [0] **********
SEED:  0
BEFORE RESIZING
Files already downloaded and verified
AFTER RESIZING
Files already downloaded and verified
INDICES:  50000
IMAGE SIZE: torch.Size([10, 3, 32, 32])
SAVING FOLDER FOR UNSUP:  CIFAR10_IMG_CL
INSIDE EVALUATE UNSUP
INSIDE EVALUATE UNSUP RETURNED 0,0
Epoch: [1/1]	lr: 1.53e-01	time: 00:00:18	Acc_train 0.00	Acc_test 0.00	convergence: 2.40e+01	R1: 0	Info MB:0.000e+00/SB:0.000e+00/MW:1.493e-02/SW:6.274e-01/MR:5.106e+00/SR:1.871e+00/MeD:1.413e+00/MaD:4.106e+00/MW:0.608/MAW:0.392
|       0 |       1 |          2 |       3 |       4 |        5 |       6 |       7 |         8 |       9 |         10 |     11 |      12 |      13 |      14 |      15 |      16 |     17 |      18 |      19 |      20 |      21 |      22 |      23 |         24 |      25 |      26 |     27 |      28 |      29 |
|---------+---------+------------+---------+---------+----------+---------+---------+-----------+---------+------------+--------+---------+---------+---------+---------+---------+--------+---------+---------+---------+---------+---------+---------+------------+---------+---------+--------+---------+---------|
|   0.216 |   0.179 |   4.78e-05 |   0.186 |   0.202 |   0.0884 |   0.138 |   0.191 |   0.00131 |   0.206 |   0.000185 |   0.17 |   0.164 |   0.156 |   0.155 |   0.163 |   0.189 |   0.2  |   0.184 |   0.162 |   0.151 |   0.204 |   0.145 |   0.174 |   0.000219 |   0.152 |   0.119 |   0.12 |   0.177 |   0.189 |
|   8.26  |   6.01  |   1        |   6.43  |   7.37  |   2.22   |   3.99  |   6.72  |   1       |   7.64  |   1        |   5.5  |   5.18  |   4.81  |   4.74  |   5.15  |   6.57  |   7.23 |   6.28  |   5.1   |   4.56  |   7.51  |   4.29  |   5.74  |   1        |   4.63  |   3.23  |   3.23 |   5.88  |   6.6   |
|   0.39  |   0.52  |  21.02     |   0.48  |   0.49  |   0.53   |   0.45  |   0.34  |   1.65    |   0.35  |   2.54     |   0.32 |   0.34  |   0.31  |   0.31  |   0.5   |   0.52  |   0.5  |   0.5   |   0.49  |   0.35  |   0.52  |   0.49  |   0.48  |   1.86     |   0.49  |   0.28  |   0.45 |   0.51  |   0.49  |
| nan     | nan     | nan        | nan     | nan     | nan      | nan     | nan     | nan       | nan     | nan        | nan    | nan     | nan     | nan     | nan     | nan     | nan    | nan     | nan     | nan     | nan     | nan     | nan     | nan        | nan     | nan     | nan    | nan     | nan     |
| nan     | nan     | nan        | nan     | nan     | nan      | nan     | nan     | nan       | nan     | nan        | nan    | nan     | nan     | nan     | nan     | nan     | nan    | nan     | nan     | nan     | nan     | nan     | nan     | nan        | nan     | nan     | nan    | nan     | nan     |
| nan     | nan     | nan        | nan     | nan     | nan      | nan     | nan     | nan       | nan     | nan        | nan    | nan     | nan     | nan     | nan     | nan     | nan    | nan     | nan     | nan     | nan     | nan     | nan     | nan        | nan     | nan     | nan    | nan     | nan     |

STORING PATH IS NONEEEEEE
SAVING THE MODEL
/g100_work/EIRI_E_POLIMI/rcasciot/neuromodAI/SoftHebb-main/Training/results/hebb/result/network/CIFAR10_IMG_CL/models

 ********** Hebbian Unsupervised learning of blocks [1] **********
SEED:  0
BEFORE RESIZING
Files already downloaded and verified
AFTER RESIZING
Files already downloaded and verified
INDICES:  50000
IMAGE SIZE: torch.Size([10, 3, 32, 32])
SAVING FOLDER FOR UNSUP:  CIFAR10_IMG_CL
INSIDE EVALUATE UNSUP
INSIDE EVALUATE UNSUP RETURNED 0,0
Epoch: [1/1]	lr: 1.53e-01	time: 00:00:35	Acc_train 0.00	Acc_test 0.00	convergence: 2.40e+01	R1: 0	Info MB:0.000e+00/SB:0.000e+00/MW:5.125e-03/SW:1.291e-01/MR:3.571e+00/SR:1.295e+00/MeD:1.015e+00/MaD:4.426e+00/MW:0.614/MAW:0.386
|         0 |         1 |        2 |         3 |         4 |         5 |         6 |          7 |        8 |         9 |        10 |        11 |       12 |        13 |        14 |        15 |       16 |        17 |        18 |        19 |        20 |        21 |        22 |        23 |        24 |        25 |        26 |        27 |        28 |       29 |
|-----------+-----------+----------+-----------+-----------+-----------+-----------+------------+----------+-----------+-----------+-----------+----------+-----------+-----------+-----------+----------+-----------+-----------+-----------+-----------+-----------+-----------+-----------+-----------+-----------+-----------+-----------+-----------+----------|
|   0.00842 |   0.00544 |   0.0094 |   0.00857 |   0.00919 |   0.00756 |   0.00823 |   0.000265 |   0.0043 |   0.00846 |   0.00766 |   0.00942 |   0.0104 |   0.00993 |   0.00873 |   0.00331 |   0.0055 |   0.00853 |   0.00863 |   0.00831 |   0.00949 |   0.00843 |   0.00103 |   0.00804 |   0.00803 |   0.00939 |   0.00812 |   0.00873 |   0.00998 |   0.0115 |
|   3.84    |   2.18    |   4.53   |   3.94    |   4.38    |   3.28    |   3.71    |   1        |   1.74   |   3.86    |   3.35    |   4.55    |   5.32   |   4.94    |   4.05    |   1.44    |   2.21   |   3.91    |   3.98    |   3.76    |   4.6     |   3.84    |   1.04    |   3.58    |   3.58    |   4.53    |   3.64    |   4.05    |   4.99    |   6.26   |
|   0.16    |   0.06    |   0.11   |   0.11    |   0.16    |   0.11    |   0.17    |   0.72     |   0.06   |   0.1     |   0.12    |   0.15    |   0.16   |   0.15    |   0.1     |   0.07    |   0.04   |   0.12    |   0.12    |   0.12    |   0.16    |   0.17    |   0.19    |   0.11    |   0.11    |   0.16    |   0.13    |   0.19    |   0.13    |   0.18   |
| nan       | nan       | nan      | nan       | nan       | nan       | nan       | nan        | nan      | nan       | nan       | nan       | nan      | nan       | nan       | nan       | nan      | nan       | nan       | nan       | nan       | nan       | nan       | nan       | nan       | nan       | nan       | nan       | nan       | nan      |
| nan       | nan       | nan      | nan       | nan       | nan       | nan       | nan        | nan      | nan       | nan       | nan       | nan      | nan       | nan       | nan       | nan      | nan       | nan       | nan       | nan       | nan       | nan       | nan       | nan       | nan       | nan       | nan       | nan       | nan      |
| nan       | nan       | nan      | nan       | nan       | nan       | nan       | nan        | nan      | nan       | nan       | nan       | nan      | nan       | nan       | nan       | nan      | nan       | nan       | nan       | nan       | nan       | nan       | nan       | nan       | nan       | nan       | nan       | nan       | nan      |

STORING PATH IS NONEEEEEE
SAVING THE MODEL
/g100_work/EIRI_E_POLIMI/rcasciot/neuromodAI/SoftHebb-main/Training/results/hebb/result/network/CIFAR10_IMG_CL/models

 ********** Hebbian Unsupervised learning of blocks [2] **********
SEED:  0
BEFORE RESIZING
Files already downloaded and verified
AFTER RESIZING
Files already downloaded and verified
INDICES:  50000
IMAGE SIZE: torch.Size([10, 3, 32, 32])
SAVING FOLDER FOR UNSUP:  CIFAR10_IMG_CL
INSIDE EVALUATE UNSUP
INSIDE EVALUATE UNSUP RETURNED 0,0
Epoch: [1/1]	lr: 3.80e-02	time: 00:00:59	Acc_train 0.00	Acc_test 0.00	convergence: 1.45e+01	R1: 1	Info MB:0.000e+00/SB:0.000e+00/MW:1.729e-02/SW:2.655e-01/MR:1.553e+01/SR:1.885e+00/MeD:1.496e+00/MaD:1.453e+01/MW:0.455/MAW:0.545
|        0 |        1 |        2 |        3 |        4 |        5 |        6 |        7 |        8 |      9 |       10 |       11 |       12 |       13 |       14 |       15 |       16 |       17 |      18 |       19 |       20 |       21 |       22 |       23 |       24 |      25 |       26 |       27 |       28 |       29 |
|----------+----------+----------+----------+----------+----------+----------+----------+----------+--------+----------+----------+----------+----------+----------+----------+----------+----------+---------+----------+----------+----------+----------+----------+----------+---------+----------+----------+----------+----------|
|   0.0419 |   0.0381 |   0.0395 |   0.0424 |   0.0417 |   0.0392 |   0.0314 |   0.0378 |   0.0324 |   0.04 |   0.0335 |   0.0338 |   0.0364 |   0.0353 |   0.0379 |   0.0347 |   0.0394 |   0.0411 |   0.039 |   0.0351 |   0.0401 |   0.0409 |   0.0346 |   0.0374 |   0.0405 |   0.036 |   0.0399 |   0.0397 |   0.0406 |   0.0387 |
|  18.54   |  15.5    |  16.59   |  19      |  18.39   |  16.34   |  10.85   |  15.33   |  11.48   |  17.03 |  12.24   |  12.42   |  14.25   |  13.49   |  15.35   |  13.07   |  16.54   |  17.86   |  16.17  |  13.29   |  17.08   |  17.73   |  12.97   |  15.02   |  17.42   |  13.95  |  16.95   |  16.73   |  17.49   |  15.96   |
|   0.08   |   0.06   |   0.08   |   0.06   |   0.06   |   0.07   |   0.03   |   0.05   |   0.05   |   0.06 |   0.04   |   0.03   |   0.05   |   0.05   |   0.04   |   0.04   |   0.08   |   0.06   |   0.07  |   0.03   |   0.1    |   0.06   |   0.08   |   0.09   |   0.07   |   0.06  |   0.06   |   0.06   |   0.06   |   0.04   |
| nan      | nan      | nan      | nan      | nan      | nan      | nan      | nan      | nan      | nan    | nan      | nan      | nan      | nan      | nan      | nan      | nan      | nan      | nan     | nan      | nan      | nan      | nan      | nan      | nan      | nan     | nan      | nan      | nan      | nan      |
| nan      | nan      | nan      | nan      | nan      | nan      | nan      | nan      | nan      | nan    | nan      | nan      | nan      | nan      | nan      | nan      | nan      | nan      | nan     | nan      | nan      | nan      | nan      | nan      | nan      | nan     | nan      | nan      | nan      | nan      |
| nan      | nan      | nan      | nan      | nan      | nan      | nan      | nan      | nan      | nan    | nan      | nan      | nan      | nan      | nan      | nan      | nan      | nan      | nan     | nan      | nan      | nan      | nan      | nan      | nan      | nan     | nan      | nan      | nan      | nan      |

STORING PATH IS NONEEEEEE
SAVING THE MODEL
/g100_work/EIRI_E_POLIMI/rcasciot/neuromodAI/SoftHebb-main/Training/results/hebb/result/network/CIFAR10_IMG_CL/models
SEED:  0
BEFORE RESIZING
Files already downloaded and verified
AFTER RESIZING
Files already downloaded and verified
INDICES:  50000
IMAGE SIZE: torch.Size([64, 3, 32, 32])
Accuracy of the network on the 1st dataset: 68.680 %
Test loss on the 1st dataset: 0.023
CL:  True
{'name': 'ImageNette', 'noise_std': 0, 'channels': 3, 'width': 160, 'height': 160, 'validation_split': 0.2, 'training_sample': 9469, 'testing_sample': 10000, 'out_channels': 10, 'num_workers': 0, 'seed': 0, 'shuffle': True, 'batch_size': 32, 'augmentation': False, 'zca_whitened': False, 'training_class': 'all', 'split': 'train', 'px': 160, 'nb_epoch': 50, 'print_freq': 10, 'validation': False, 'continual_learning': True}
CL:  True
{'name': 'ImageNette', 'noise_std': 0, 'channels': 3, 'width': 160, 'height': 160, 'validation_split': 0.2, 'training_sample': 9469, 'testing_sample': 10000, 'out_channels': 10, 'num_workers': 0, 'seed': 0, 'shuffle': True, 'batch_size': 10, 'augmentation': False, 'zca_whitened': False, 'training_class': 'all', 'split': 'train', 'px': 160, 'nb_epoch': 1, 'print_freq': 10, 'validation': False, 'continual_learning': True}
SEED:  0
block 0, size : 96 80 80
range = 2.886751345948129
block 1, size : 384 40 40
range = 0.8505172717997146
block 2, size : 1536 20 20
range = 0.4252586358998573
range = 0.02209708691207961
The device used will be: 
True
cuda:0
CONFIG: {'arch': 'CNN', 'nb_train': None, 'lr': 0.08, 'adaptive': True, 'lr_sup': 0.001, 'speed': 7, 'lr_div': 96, 'lebesgue_p': 2, 'padding_mode': 'reflect', 'pre_triangle': False, 'ranking_param': 3, 'delta': 2, 't_invert': 1.0, 'groups': 1, 'stride': 1, 'dilation': 1, 'beta': 1, 'power': 4.5, 'padding': 2, 'weight_init': 'normal', 'weight_init_range': 2.886751345948129, 'weight_init_offset': 0, 'mask_thsd': 0, 'radius': 25, 'power_lr': 0.5, 'weight_decay': 0, 'soft_activation_fn': 'exp', 'hebbian': True, 'resume': None, 'add_bias': False, 'normalize_inp': False, 'lr_decay': 'linear', 'seed': 0, 'softness': 'softkrotov', 'out_channels': 96, 'kernel_size': 5, 'in_channels': 3, 'lr_scheduler': {'lr': 0.08, 'adaptive': True, 'nb_epochs': 1, 'ratio': 0.0002, 'speed': 7, 'div': 96, 'decay': 'linear', 'power_lr': 0.5}}
CONFIG: {'arch': 'CNN', 'nb_train': None, 'lr': 0.005, 'adaptive': True, 'lr_sup': 0.001, 'speed': 7, 'lr_div': 96, 'lebesgue_p': 2, 'padding_mode': 'reflect', 'pre_triangle': False, 'ranking_param': 3, 'delta': 2, 't_invert': 0.65, 'groups': 1, 'stride': 1, 'dilation': 1, 'beta': 1, 'power': 4.5, 'padding': 1, 'weight_init': 'normal', 'weight_init_range': 0.8505172717997146, 'weight_init_offset': 0, 'mask_thsd': 0, 'radius': 25, 'power_lr': 0.5, 'weight_decay': 0, 'soft_activation_fn': 'exp', 'hebbian': True, 'resume': None, 'add_bias': False, 'normalize_inp': False, 'lr_decay': 'linear', 'seed': 0, 'softness': 'softkrotov', 'out_channels': 384, 'kernel_size': 3, 'in_channels': 96, 'lr_scheduler': {'lr': 0.005, 'adaptive': True, 'nb_epochs': 1, 'ratio': 0.0002, 'speed': 7, 'div': 96, 'decay': 'linear', 'power_lr': 0.5}}
CONFIG: {'arch': 'CNN', 'nb_train': None, 'lr': 0.01, 'adaptive': True, 'lr_sup': 0.001, 'speed': 7, 'lr_div': 96, 'lebesgue_p': 2, 'padding_mode': 'reflect', 'pre_triangle': False, 'ranking_param': 3, 'delta': 2, 't_invert': 0.25, 'groups': 1, 'stride': 1, 'dilation': 1, 'beta': 1, 'power': 4.5, 'padding': 1, 'weight_init': 'normal', 'weight_init_range': 0.4252586358998573, 'weight_init_offset': 0, 'mask_thsd': 0, 'radius': 25, 'power_lr': 0.5, 'weight_decay': 0, 'soft_activation_fn': 'exp', 'hebbian': True, 'resume': None, 'add_bias': False, 'normalize_inp': False, 'lr_decay': 'linear', 'seed': 0, 'softness': 'softkrotov', 'out_channels': 1536, 'kernel_size': 3, 'in_channels': 384, 'lr_scheduler': {'lr': 0.01, 'adaptive': True, 'nb_epochs': 1, 'ratio': 0.0002, 'speed': 7, 'div': 96, 'decay': 'linear', 'power_lr': 0.5}}
CONFIG: {'arch': 'MLP', 'lr': 0.05, 'adaptive': True, 'lr_sup': 0.001, 'speed': 0.4, 'lr_div': 100, 'lebesgue_p': 2, 't_invert': 10, 'beta': 0.01, 'power': 4.5, 'ranking_param': 3, 'delta': 0.1, 'hebbian': False, 'add_bias': False, 'normalize_inp': False, 'lr_decay': 'linear', 'seed': 0, 'lr_bias': 600, 'softness': 'soft', 'soft_activation_fn': 'exp', 'plasticity': 'SoftHebb', 'metric_mode': 'unsupervised', 'weight_init': 'positive', 'weight_init_range': 0.11048543456039805, 'weight_init_offset': 0, 'weight_decay': 0, 'radius': 10, 'power_lr': 0.2, 'out_channels': 10, 'in_channels': 24576, 'old_channels': 1536, 'lr_scheduler': {'decay': 'cste', 'lr': 0.1}}

 Model CIFAR10_IMG_CL loaded successfuly with best perf



 ----- Architecture Block BatchNorm2dSK3962(5, 5)1.0reflect, number 0 -----
- BatchNorm2d(3, eps=1e-05, momentum=0.1, affine=False, track_running_stats=True)
- HebbSoftKrotovConv2d(3, 96, lebesgue_p=2, pruning=0, kernel_size=(5, 5), bias=False, padding_mode=reflect, t_invert=1.0, bias=False, lr_bias=0.1, ranking_param=3, delta=2, activation=exp)
- Triangle(power=0.7)
- MaxPool2d(kernel_size=4, stride=2, padding=1, dilation=1, ceil_mode=False)

 ----- Architecture Block BatchNorm2dSK963842(3, 3)0.6499999761581421reflect, number 1 -----
- BatchNorm2d(96, eps=1e-05, momentum=0.1, affine=False, track_running_stats=True)
- HebbSoftKrotovConv2d(96, 384, lebesgue_p=2, pruning=0, kernel_size=(3, 3), bias=False, padding_mode=reflect, t_invert=0.6499999761581421, bias=False, lr_bias=0.1538, ranking_param=3, delta=2, activation=exp)
- Triangle(power=1.4)
- MaxPool2d(kernel_size=4, stride=2, padding=1, dilation=1, ceil_mode=False)

 ----- Architecture Block BatchNorm2dSK38415362(3, 3)0.25reflect, number 2 -----
- BatchNorm2d(384, eps=1e-05, momentum=0.1, affine=False, track_running_stats=True)
- HebbSoftKrotovConv2d(384, 1536, lebesgue_p=2, pruning=0, kernel_size=(3, 3), bias=False, padding_mode=reflect, t_invert=0.25, bias=False, lr_bias=0.4, ranking_param=3, delta=2, activation=exp)
- Triangle(power=1.0)
- AvgPool2d(kernel_size=2, stride=2, padding=0)

 ----- Architecture Block FlattenDropout(p=0.5, inplace=False)Linear(in_, number 3 -----
- Flatten(start_dim=1, end_dim=-1)
- Dropout(p=0.5, inplace=False)
- Linear(in_features=24576, out_features=10, bias=True)

 ********** Hebbian Unsupervised learning of blocks [0] **********
SEED:  0
BEFORE RESIZING
AFTER RESIZING
INDICES:  9469
IMAGE SIZE: torch.Size([10, 3, 32, 32])
SAVING FOLDER FOR UNSUP:  CIFAR10_IMG_CL
INSIDE EVALUATE UNSUP
INSIDE EVALUATE UNSUP RETURNED 0,0
Epoch: [1/1]	lr: 9.63e-02	time: 00:00:17	Acc_train 0.00	Acc_test 0.00	convergence: 2.40e+01	R1: 0	Info MB:0.000e+00/SB:0.000e+00/MW:1.114e-02/SW:3.363e-01/MR:2.720e+00/SR:1.050e+00/MeD:7.960e-01/MaD:3.099e+00/MW:0.595/MAW:0.405
|       0 |       1 |          2 |       3 |       4 |       5 |        6 |       7 |         8 |       9 |         10 |      11 |      12 |      13 |      14 |       15 |      16 |     17 |      18 |      19 |      20 |      21 |       22 |      23 |         24 |      25 |       26 |       27 |      28 |      29 |
|---------+---------+------------+---------+---------+---------+----------+---------+-----------+---------+------------+---------+---------+---------+---------+----------+---------+--------+---------+---------+---------+---------+----------+---------+------------+---------+----------+----------+---------+---------|
|   0.168 |   0.101 |   0.000149 |   0.104 |   0.106 |   0.128 |   0.0689 |   0.139 |   0.00126 |   0.143 |   0.000344 |   0.117 |   0.115 |   0.125 |   0.127 |   0.0897 |   0.105 |   0.12 |   0.112 |   0.118 |   0.109 |   0.108 |   0.0839 |   0.103 |   0.000352 |   0.101 |   0.0968 |   0.0534 |   0.138 |   0.108 |
|   5.41  |   2.58  |   1        |   2.68  |   2.77  |   3.55  |   1.74   |   4     |   1       |   4.18  |   1        |   3.15  |   3.05  |   3.43  |   3.5   |   2.26   |   2.72  |   3.24 |   2.96  |   3.17  |   2.87  |   2.82  |   2.1    |   2.66  |   1        |   2.59  |   2.46   |   1.45   |   3.98  |   2.82  |
|   0.36  |   0.58  |  19.32     |   0.57  |   0.57  |   0.45  |   0.44   |   0.32  |   2.12    |   0.3   |   2.52     |   0.28  |   0.31  |   0.3   |   0.3   |   0.58   |   0.62  |   0.6  |   0.62  |   0.36  |   0.31  |   0.6   |   0.5    |   0.58  |   1.38     |   0.6   |   0.39   |   0.44   |   0.55  |   0.62  |
| nan     | nan     | nan        | nan     | nan     | nan     | nan      | nan     | nan       | nan     | nan        | nan     | nan     | nan     | nan     | nan      | nan     | nan    | nan     | nan     | nan     | nan     | nan      | nan     | nan        | nan     | nan      | nan      | nan     | nan     |
| nan     | nan     | nan        | nan     | nan     | nan     | nan      | nan     | nan       | nan     | nan        | nan     | nan     | nan     | nan     | nan      | nan     | nan    | nan     | nan     | nan     | nan     | nan      | nan     | nan        | nan     | nan      | nan      | nan     | nan     |
| nan     | nan     | nan        | nan     | nan     | nan     | nan      | nan     | nan       | nan     | nan        | nan     | nan     | nan     | nan     | nan      | nan     | nan    | nan     | nan     | nan     | nan     | nan      | nan     | nan        | nan     | nan      | nan      | nan     | nan     |

STORING PATH IS NONEEEEEE
SAVING THE MODEL
/g100_work/EIRI_E_POLIMI/rcasciot/neuromodAI/SoftHebb-main/Training/results/hebb/result/network/CIFAR10_IMG_CL/models

 ********** Hebbian Unsupervised learning of blocks [1] **********
SEED:  0
BEFORE RESIZING
AFTER RESIZING
INDICES:  9469
IMAGE SIZE: torch.Size([10, 3, 32, 32])
SAVING FOLDER FOR UNSUP:  CIFAR10_IMG_CL
INSIDE EVALUATE UNSUP
INSIDE EVALUATE UNSUP RETURNED 0,0
Epoch: [1/1]	lr: 9.63e-02	time: 00:00:34	Acc_train 0.00	Acc_test 0.00	convergence: 2.40e+01	R1: 0	Info MB:0.000e+00/SB:0.000e+00/MW:3.893e-03/SW:1.351e-01/MR:3.694e+00/SR:1.461e+00/MeD:1.168e+00/MaD:4.306e+00/MW:0.637/MAW:0.363
|         0 |         1 |        2 |         3 |         4 |         5 |        6 |          7 |         8 |         9 |        10 |       11 |       12 |       13 |        14 |        15 |        16 |        17 |        18 |        19 |       20 |        21 |         22 |        23 |        24 |        25 |       26 |       27 |       28 |       29 |
|-----------+-----------+----------+-----------+-----------+-----------+----------+------------+-----------+-----------+-----------+----------+----------+----------+-----------+-----------+-----------+-----------+-----------+-----------+----------+-----------+------------+-----------+-----------+-----------+----------+----------+----------+----------|
|   0.00968 |   0.00535 |   0.0102 |   0.00835 |   0.00891 |   0.00821 |   0.0091 |   0.000221 |   0.00437 |   0.00809 |   0.00855 |   0.0101 |   0.0101 |   0.0109 |   0.00864 |   0.00319 |   0.00561 |   0.00852 |   0.00928 |   0.00826 |   0.0101 |   0.00769 |   0.000855 |   0.00871 |   0.00926 |   0.00972 |   0.0084 |   0.0105 |   0.0103 |   0.0117 |
|   4.75    |   2.15    |   5.2    |   3.79    |   4.18    |   3.7     |   4.31   |   1        |   1.76    |   3.62    |   3.92    |   5.11   |   5.04   |   5.77   |   3.98    |   1.41    |   2.26    |   3.9     |   4.45    |   3.73    |   5.06   |   3.37    |   1.03     |   4.04    |   4.43    |   4.78    |   3.82   |   5.45   |   5.28   |   6.45   |
|   0.08    |   0.04    |   0.09   |   0.12    |   0.14    |   0.05    |   0.1    |   1        |   0.02    |   0.13    |   0.07    |   0.13   |   0.14   |   0.09   |   0.08    |   0.07    |   0.03    |   0.11    |   0.08    |   0.08    |   0.1    |   0.12    |   0.29     |   0.1     |   0.06    |   0.13    |   0.09   |   0.09   |   0.1    |   0.18   |
| nan       | nan       | nan      | nan       | nan       | nan       | nan      | nan        | nan       | nan       | nan       | nan      | nan      | nan      | nan       | nan       | nan       | nan       | nan       | nan       | nan      | nan       | nan        | nan       | nan       | nan       | nan      | nan      | nan      | nan      |
| nan       | nan       | nan      | nan       | nan       | nan       | nan      | nan        | nan       | nan       | nan       | nan      | nan      | nan      | nan       | nan       | nan       | nan       | nan       | nan       | nan      | nan       | nan        | nan       | nan       | nan       | nan      | nan      | nan      | nan      |
| nan       | nan       | nan      | nan       | nan       | nan       | nan      | nan        | nan       | nan       | nan       | nan      | nan      | nan      | nan       | nan       | nan       | nan       | nan       | nan       | nan      | nan       | nan        | nan       | nan       | nan       | nan      | nan      | nan      | nan      |

STORING PATH IS NONEEEEEE
SAVING THE MODEL
/g100_work/EIRI_E_POLIMI/rcasciot/neuromodAI/SoftHebb-main/Training/results/hebb/result/network/CIFAR10_IMG_CL/models

 ********** Hebbian Unsupervised learning of blocks [2] **********
SEED:  0
BEFORE RESIZING
AFTER RESIZING
INDICES:  9469
IMAGE SIZE: torch.Size([10, 3, 32, 32])
SAVING FOLDER FOR UNSUP:  CIFAR10_IMG_CL
INSIDE EVALUATE UNSUP
INSIDE EVALUATE UNSUP RETURNED 0,0
Epoch: [1/1]	lr: 3.83e-02	time: 00:00:52	Acc_train 0.00	Acc_test 0.00	convergence: 1.47e+01	R1: 1	Info MB:0.000e+00/SB:0.000e+00/MW:1.851e-02/SW:2.685e-01/MR:1.571e+01/SR:1.903e+00/MeD:1.504e+00/MaD:1.471e+01/MW:0.460/MAW:0.540
|       0 |       1 |        2 |        3 |        4 |      5 |        6 |        7 |       8 |        9 |       10 |       11 |       12 |      13 |       14 |       15 |       16 |       17 |       18 |       19 |       20 |       21 |       22 |       23 |      24 |       25 |       26 |       27 |       28 |       29 |
|---------+---------+----------+----------+----------+--------+----------+----------+---------+----------+----------+----------+----------+---------+----------+----------+----------+----------+----------+----------+----------+----------+----------+----------+---------+----------+----------+----------+----------+----------|
|   0.042 |   0.039 |   0.0404 |   0.0417 |   0.0413 |   0.04 |   0.0312 |   0.0359 |   0.034 |   0.0397 |   0.0353 |   0.0343 |   0.0377 |   0.037 |   0.0388 |   0.0348 |   0.0403 |   0.0411 |   0.0385 |   0.0352 |   0.0392 |   0.0409 |   0.0377 |   0.0384 |   0.041 |   0.0384 |   0.0395 |   0.0404 |   0.0392 |   0.0394 |
|  18.61  |  16.24  |  17.32   |  18.39   |  18.02   |  17.02 |  10.76   |  13.91   |  12.56  |  16.72   |  13.47   |  12.79   |  15.23   |  14.71  |  16.05   |  13.12   |  17.22   |  17.89   |  15.8    |  13.37   |  16.41   |  17.69   |  15.2    |  15.71   |  17.85  |  15.76   |  16.63   |  17.35   |  16.37   |  16.53   |
|   0.09  |   0.06  |   0.08   |   0.04   |   0.06   |   0.06 |   0.03   |   0.04   |   0.03  |   0.05   |   0.03   |   0.03   |   0.05   |   0.03  |   0.04   |   0.04   |   0.09   |   0.07   |   0.07   |   0.02   |   0.07   |   0.08   |   0.06   |   0.07   |   0.07  |   0.03   |   0.05   |   0.07   |   0.06   |   0.06   |
| nan     | nan     | nan      | nan      | nan      | nan    | nan      | nan      | nan     | nan      | nan      | nan      | nan      | nan     | nan      | nan      | nan      | nan      | nan      | nan      | nan      | nan      | nan      | nan      | nan     | nan      | nan      | nan      | nan      | nan      |
| nan     | nan     | nan      | nan      | nan      | nan    | nan      | nan      | nan     | nan      | nan      | nan      | nan      | nan     | nan      | nan      | nan      | nan      | nan      | nan      | nan      | nan      | nan      | nan      | nan     | nan      | nan      | nan      | nan      | nan      |
| nan     | nan     | nan      | nan      | nan      | nan    | nan      | nan      | nan     | nan      | nan      | nan      | nan      | nan     | nan      | nan      | nan      | nan      | nan      | nan      | nan      | nan      | nan      | nan      | nan     | nan      | nan      | nan      | nan      | nan      |

STORING PATH IS NONEEEEEE
SAVING THE MODEL
/g100_work/EIRI_E_POLIMI/rcasciot/neuromodAI/SoftHebb-main/Training/results/hebb/result/network/CIFAR10_IMG_CL/models

 ********** Supervised learning of blocks [3] **********
SAVING FOLDER FOR SUP:  CIFAR10_IMG_CL
SEED:  0
BEFORE RESIZING
AFTER RESIZING
INDICES:  9469
IMAGE SIZE: torch.Size([32, 3, 32, 32])
Epoch: [1/50]	lr: 1.00e-03	time: 00:01:14	Loss_train 2.65717	Acc_train 42.87	/	Loss_test 1.26511	Acc_test 63.82
STORING PATH IS NONEEEEEE
SAVING THE MODEL
/g100_work/EIRI_E_POLIMI/rcasciot/neuromodAI/SoftHebb-main/Training/results/hebb/result/network/CIFAR10_IMG_CL/models
Epoch: [10/50]	lr: 1.00e-03	time: 00:03:35	Loss_train 0.91650	Acc_train 72.64	/	Loss_test 1.42726	Acc_test 69.12
STORING PATH IS NONEEEEEE
SAVING THE MODEL
/g100_work/EIRI_E_POLIMI/rcasciot/neuromodAI/SoftHebb-main/Training/results/hebb/result/network/CIFAR10_IMG_CL/models
Epoch: [20/50]	lr: 2.50e-04	time: 00:06:11	Loss_train 0.30370	Acc_train 86.22	/	Loss_test 1.10647	Acc_test 72.97
STORING PATH IS NONEEEEEE
SAVING THE MODEL
/g100_work/EIRI_E_POLIMI/rcasciot/neuromodAI/SoftHebb-main/Training/results/hebb/result/network/CIFAR10_IMG_CL/models
Epoch: [30/50]	lr: 1.25e-04	time: 00:08:47	Loss_train 0.17378	Acc_train 90.45	/	Loss_test 1.07294	Acc_test 73.63
STORING PATH IS NONEEEEEE
SAVING THE MODEL
/g100_work/EIRI_E_POLIMI/rcasciot/neuromodAI/SoftHebb-main/Training/results/hebb/result/network/CIFAR10_IMG_CL/models
Epoch: [40/50]	lr: 3.13e-05	time: 00:11:23	Loss_train 0.12598	Acc_train 92.10	/	Loss_test 1.05367	Acc_test 73.81
STORING PATH IS NONEEEEEE
SAVING THE MODEL
/g100_work/EIRI_E_POLIMI/rcasciot/neuromodAI/SoftHebb-main/Training/results/hebb/result/network/CIFAR10_IMG_CL/models
Epoch: [50/50]	lr: 7.81e-06	time: 00:13:58	Loss_train 0.11937	Acc_train 92.43	/	Loss_test 1.04651	Acc_test 74.09
STORING PATH IS NONEEEEEE
SAVING THE MODEL
/g100_work/EIRI_E_POLIMI/rcasciot/neuromodAI/SoftHebb-main/Training/results/hebb/result/network/CIFAR10_IMG_CL/models
RESULT:  {'train_loss': 0.11936607211828232, 'train_acc': 92.43320226669312, 'test_loss': 1.0465130805969238, 'test_acc': 74.08917236328125, 'convergence': 14.707229614257812, 'R1': 1, 'dataset_sup': {'name': 'ImageNette', 'noise_std': 0, 'channels': 3, 'width': 160, 'height': 160, 'validation_split': 0.2, 'training_sample': 9469, 'testing_sample': 10000, 'out_channels': 10, 'num_workers': 0, 'seed': 0, 'shuffle': True, 'batch_size': 32, 'augmentation': False, 'zca_whitened': False, 'training_class': 'all', 'split': 'train', 'px': 160, 'nb_epoch': 50, 'print_freq': 10, 'validation': False, 'continual_learning': True, 'old_dataset_size': 32}, 'dataset_unsup': {'name': 'ImageNette', 'noise_std': 0, 'channels': 3, 'width': 160, 'height': 160, 'validation_split': 0.2, 'training_sample': 9469, 'testing_sample': 10000, 'out_channels': 10, 'num_workers': 0, 'seed': 0, 'shuffle': True, 'batch_size': 10, 'augmentation': False, 'zca_whitened': False, 'training_class': 'all', 'split': 'train', 'px': 160, 'nb_epoch': 1, 'print_freq': 10, 'validation': False, 'continual_learning': True, 'old_dataset_size': 32}, 'train_config': {'t0': {'blocks': [0], 'mode': 'unsupervised', 'lr': 0.08, 'nb_epoch': 1, 'batch_size': 10, 'print_freq': 10}, 't2': {'blocks': [1], 'mode': 'unsupervised', 'lr': 0.005, 'nb_epoch': 1, 'batch_size': 10, 'print_freq': 10}, 't4': {'blocks': [2], 'mode': 'unsupervised', 'lr': 0.01, 'nb_epoch': 1, 'batch_size': 10, 'print_freq': 10}, 't6': {'blocks': [3], 'mode': 'supervised', 'lr': 0.001, 'nb_epoch': 50, 'batch_size': 32, 'print_freq': 10}}}
IN R1:  {'eval_1': {'test_loss': 0.022565355524420738, 'test_acc': 68.68000030517578, 'convergence': 14.527555465698242, 'R1': 1, 'dataset_sup': {'name': 'CIFAR10', 'noise_std': 0, 'channels': 3, 'width': 32, 'height': 32, 'validation_split': 0.2, 'training_sample': 50000, 'testing_sample': 10000, 'out_channels': 10, 'num_workers': 0, 'seed': 0, 'shuffle': True, 'batch_size': 64, 'augmentation': False, 'zca_whitened': False, 'training_class': 'all', 'split': 'train', 'nb_epoch': 50, 'print_freq': 10, 'validation': False, 'continual_learning': False}, 'dataset_unsup': {'name': 'CIFAR10', 'noise_std': 0, 'channels': 3, 'width': 32, 'height': 32, 'validation_split': 0.2, 'training_sample': 50000, 'testing_sample': 10000, 'out_channels': 10, 'num_workers': 0, 'seed': 0, 'shuffle': True, 'batch_size': 10, 'augmentation': False, 'zca_whitened': False, 'training_class': 'all', 'split': 'train', 'nb_epoch': 1, 'print_freq': 10, 'validation': False, 'continual_learning': False}}, 'R1': {'train_loss': 0.11936607211828232, 'train_acc': 92.43320226669312, 'test_loss': 1.0465130805969238, 'test_acc': 74.08917236328125, 'convergence': 14.707229614257812, 'R1': 1, 'dataset_sup': {'name': 'ImageNette', 'noise_std': 0, 'channels': 3, 'width': 160, 'height': 160, 'validation_split': 0.2, 'training_sample': 9469, 'testing_sample': 10000, 'out_channels': 10, 'num_workers': 0, 'seed': 0, 'shuffle': True, 'batch_size': 32, 'augmentation': False, 'zca_whitened': False, 'training_class': 'all', 'split': 'train', 'px': 160, 'nb_epoch': 50, 'print_freq': 10, 'validation': False, 'continual_learning': True, 'old_dataset_size': 32}, 'dataset_unsup': {'name': 'ImageNette', 'noise_std': 0, 'channels': 3, 'width': 160, 'height': 160, 'validation_split': 0.2, 'training_sample': 9469, 'testing_sample': 10000, 'out_channels': 10, 'num_workers': 0, 'seed': 0, 'shuffle': True, 'batch_size': 10, 'augmentation': False, 'zca_whitened': False, 'training_class': 'all', 'split': 'train', 'px': 160, 'nb_epoch': 1, 'print_freq': 10, 'validation': False, 'continual_learning': True, 'old_dataset_size': 32}, 'train_config': {'t0': {'blocks': [0], 'mode': 'unsupervised', 'lr': 0.08, 'nb_epoch': 1, 'batch_size': 10, 'print_freq': 10}, 't2': {'blocks': [1], 'mode': 'unsupervised', 'lr': 0.005, 'nb_epoch': 1, 'batch_size': 10, 'print_freq': 10}, 't4': {'blocks': [2], 'mode': 'unsupervised', 'lr': 0.01, 'nb_epoch': 1, 'batch_size': 10, 'print_freq': 10}, 't6': {'blocks': [3], 'mode': 'supervised', 'lr': 0.001, 'nb_epoch': 50, 'batch_size': 32, 'print_freq': 10}}}}
SEED:  0
block 0, size : 96 16 16
range = 2.886751345948129
block 1, size : 384 8 8
range = 0.8505172717997146
block 2, size : 1536 4 4
range = 0.4252586358998573
range = 0.11048543456039805
The device used will be: 
True
cuda:0
CONFIG: {'arch': 'CNN', 'nb_train': None, 'lr': 0.08, 'adaptive': True, 'lr_sup': 0.001, 'speed': 7, 'lr_div': 96, 'lebesgue_p': 2, 'padding_mode': 'reflect', 'pre_triangle': False, 'ranking_param': 3, 'delta': 2, 't_invert': 1.0, 'groups': 1, 'stride': 1, 'dilation': 1, 'beta': 1, 'power': 4.5, 'padding': 2, 'weight_init': 'normal', 'weight_init_range': 2.886751345948129, 'weight_init_offset': 0, 'mask_thsd': 0, 'radius': 25, 'power_lr': 0.5, 'weight_decay': 0, 'soft_activation_fn': 'exp', 'hebbian': True, 'resume': None, 'add_bias': False, 'normalize_inp': False, 'lr_decay': 'linear', 'seed': 0, 'softness': 'softkrotov', 'out_channels': 96, 'kernel_size': 5, 'in_channels': 3, 'lr_scheduler': {'lr': 0.08, 'adaptive': True, 'nb_epochs': 1, 'ratio': 0.0002, 'speed': 7, 'div': 96, 'decay': 'linear', 'power_lr': 0.5}}
CONFIG: {'arch': 'CNN', 'nb_train': None, 'lr': 0.005, 'adaptive': True, 'lr_sup': 0.001, 'speed': 7, 'lr_div': 96, 'lebesgue_p': 2, 'padding_mode': 'reflect', 'pre_triangle': False, 'ranking_param': 3, 'delta': 2, 't_invert': 0.65, 'groups': 1, 'stride': 1, 'dilation': 1, 'beta': 1, 'power': 4.5, 'padding': 1, 'weight_init': 'normal', 'weight_init_range': 0.8505172717997146, 'weight_init_offset': 0, 'mask_thsd': 0, 'radius': 25, 'power_lr': 0.5, 'weight_decay': 0, 'soft_activation_fn': 'exp', 'hebbian': True, 'resume': None, 'add_bias': False, 'normalize_inp': False, 'lr_decay': 'linear', 'seed': 0, 'softness': 'softkrotov', 'out_channels': 384, 'kernel_size': 3, 'in_channels': 96, 'lr_scheduler': {'lr': 0.005, 'adaptive': True, 'nb_epochs': 1, 'ratio': 0.0002, 'speed': 7, 'div': 96, 'decay': 'linear', 'power_lr': 0.5}}
CONFIG: {'arch': 'CNN', 'nb_train': None, 'lr': 0.01, 'adaptive': True, 'lr_sup': 0.001, 'speed': 7, 'lr_div': 96, 'lebesgue_p': 2, 'padding_mode': 'reflect', 'pre_triangle': False, 'ranking_param': 3, 'delta': 2, 't_invert': 0.25, 'groups': 1, 'stride': 1, 'dilation': 1, 'beta': 1, 'power': 4.5, 'padding': 1, 'weight_init': 'normal', 'weight_init_range': 0.4252586358998573, 'weight_init_offset': 0, 'mask_thsd': 0, 'radius': 25, 'power_lr': 0.5, 'weight_decay': 0, 'soft_activation_fn': 'exp', 'hebbian': True, 'resume': None, 'add_bias': False, 'normalize_inp': False, 'lr_decay': 'linear', 'seed': 0, 'softness': 'softkrotov', 'out_channels': 1536, 'kernel_size': 3, 'in_channels': 384, 'lr_scheduler': {'lr': 0.01, 'adaptive': True, 'nb_epochs': 1, 'ratio': 0.0002, 'speed': 7, 'div': 96, 'decay': 'linear', 'power_lr': 0.5}}
CONFIG: {'arch': 'MLP', 'lr': 0.05, 'adaptive': True, 'lr_sup': 0.001, 'speed': 0.4, 'lr_div': 100, 'lebesgue_p': 2, 't_invert': 10, 'beta': 0.01, 'power': 4.5, 'ranking_param': 3, 'delta': 0.1, 'hebbian': False, 'add_bias': False, 'normalize_inp': False, 'lr_decay': 'linear', 'seed': 0, 'lr_bias': 600, 'softness': 'soft', 'soft_activation_fn': 'exp', 'plasticity': 'SoftHebb', 'metric_mode': 'unsupervised', 'weight_init': 'positive', 'weight_init_range': 0.11048543456039805, 'weight_init_offset': 0, 'weight_decay': 0, 'radius': 10, 'power_lr': 0.2, 'out_channels': 10, 'in_channels': 24576, 'old_channels': 1536, 'lr_scheduler': {'decay': 'cste', 'lr': 0.1}}

 Model CIFAR10_IMG_CL loaded successfuly with best perf



 ----- Architecture Block BatchNorm2dSK3962(5, 5)1.0reflect, number 0 -----
- BatchNorm2d(3, eps=1e-05, momentum=0.1, affine=False, track_running_stats=True)
- HebbSoftKrotovConv2d(3, 96, lebesgue_p=2, pruning=0, kernel_size=(5, 5), bias=False, padding_mode=reflect, t_invert=1.0, bias=False, lr_bias=0.1, ranking_param=3, delta=2, activation=exp)
- Triangle(power=0.7)
- MaxPool2d(kernel_size=4, stride=2, padding=1, dilation=1, ceil_mode=False)

 ----- Architecture Block BatchNorm2dSK963842(3, 3)0.6499999761581421reflect, number 1 -----
- BatchNorm2d(96, eps=1e-05, momentum=0.1, affine=False, track_running_stats=True)
- HebbSoftKrotovConv2d(96, 384, lebesgue_p=2, pruning=0, kernel_size=(3, 3), bias=False, padding_mode=reflect, t_invert=0.6499999761581421, bias=False, lr_bias=0.1538, ranking_param=3, delta=2, activation=exp)
- Triangle(power=1.4)
- MaxPool2d(kernel_size=4, stride=2, padding=1, dilation=1, ceil_mode=False)

 ----- Architecture Block BatchNorm2dSK38415362(3, 3)0.25reflect, number 2 -----
- BatchNorm2d(384, eps=1e-05, momentum=0.1, affine=False, track_running_stats=True)
- HebbSoftKrotovConv2d(384, 1536, lebesgue_p=2, pruning=0, kernel_size=(3, 3), bias=False, padding_mode=reflect, t_invert=0.25, bias=False, lr_bias=0.4, ranking_param=3, delta=2, activation=exp)
- Triangle(power=1.0)
- AvgPool2d(kernel_size=2, stride=2, padding=0)

 ----- Architecture Block FlattenDropout(p=0.5, inplace=False)Linear(in_, number 3 -----
- Flatten(start_dim=1, end_dim=-1)
- Dropout(p=0.5, inplace=False)
- Linear(in_features=24576, out_features=10, bias=True)

 ********** Hebbian Unsupervised learning of blocks [0] **********
SEED:  0
BEFORE RESIZING
Files already downloaded and verified
AFTER RESIZING
Files already downloaded and verified
INDICES:  50000
IMAGE SIZE: torch.Size([10, 3, 32, 32])
SAVING FOLDER FOR UNSUP:  CIFAR10_IMG_CL
INSIDE EVALUATE UNSUP
INSIDE EVALUATE UNSUP RETURNED 0,0
Epoch: [1/1]	lr: 1.57e-01	time: 00:00:16	Acc_train 0.00	Acc_test 0.00	convergence: 2.40e+01	R1: 0	Info MB:0.000e+00/SB:0.000e+00/MW:1.417e-02/SW:6.898e-01/MR:5.467e+00/SR:2.423e+00/MeD:1.887e+00/MaD:6.391e+00/MW:0.611/MAW:0.389
|      0 |       1 |          2 |       3 |       4 |       5 |       6 |       7 |         8 |       9 |         10 |      11 |      12 |      13 |      14 |      15 |      16 |      17 |      18 |     19 |      20 |      21 |      22 |      23 |         24 |      25 |      26 |      27 |      28 |      29 |
|--------+---------+------------+---------+---------+---------+---------+---------+-----------+---------+------------+---------+---------+---------+---------+---------+---------+---------+---------+--------+---------+---------+---------+---------+------------+---------+---------+---------+---------+---------|
|   0.22 |   0.171 |   4.78e-05 |   0.194 |   0.205 |   0.158 |   0.127 |   0.209 |   0.00124 |   0.217 |   0.000179 |   0.218 |   0.176 |   0.159 |   0.153 |   0.133 |   0.198 |   0.213 |   0.178 |   0.2  |   0.176 |   0.205 |   0.164 |   0.187 |   0.000207 |   0.154 |   0.139 |   0.109 |   0.182 |   0.181 |
|   8.55 |   5.57  |   1        |   6.87  |   7.55  |   4.92  |   3.52  |   7.85  |   1       |   8.34  |   1        |   8.46  |   5.85  |   4.94  |   4.65  |   3.78  |   7.15  |   8.1   |   5.95  |   7.26 |   5.85  |   7.57  |   5.19  |   6.44  |   1        |   4.72  |   4     |   2.86  |   6.2   |   6.09  |
|   0.38 |   0.52  |  21.47     |   0.5   |   0.52  |   0.47  |   0.43  |   0.32  |   1.73    |   0.31  |   2.7      |   0.34  |   0.35  |   0.31  |   0.31  |   0.44  |   0.52  |   0.52  |   0.53  |   0.36 |   0.36  |   0.5   |   0.47  |   0.5   |   2.06     |   0.51  |   0.38  |   0.42  |   0.36  |   0.51  |
| nan    | nan     | nan        | nan     | nan     | nan     | nan     | nan     | nan       | nan     | nan        | nan     | nan     | nan     | nan     | nan     | nan     | nan     | nan     | nan    | nan     | nan     | nan     | nan     | nan        | nan     | nan     | nan     | nan     | nan     |
| nan    | nan     | nan        | nan     | nan     | nan     | nan     | nan     | nan       | nan     | nan        | nan     | nan     | nan     | nan     | nan     | nan     | nan     | nan     | nan    | nan     | nan     | nan     | nan     | nan        | nan     | nan     | nan     | nan     | nan     |
| nan    | nan     | nan        | nan     | nan     | nan     | nan     | nan     | nan       | nan     | nan        | nan     | nan     | nan     | nan     | nan     | nan     | nan     | nan     | nan    | nan     | nan     | nan     | nan     | nan        | nan     | nan     | nan     | nan     | nan     |

STORING PATH IS NONEEEEEE
SAVING THE MODEL
/g100_work/EIRI_E_POLIMI/rcasciot/neuromodAI/SoftHebb-main/Training/results/hebb/result/network/CIFAR10_IMG_CL/models

 ********** Hebbian Unsupervised learning of blocks [1] **********
SEED:  0
BEFORE RESIZING
Files already downloaded and verified
AFTER RESIZING
Files already downloaded and verified
INDICES:  50000
IMAGE SIZE: torch.Size([10, 3, 32, 32])
SAVING FOLDER FOR UNSUP:  CIFAR10_IMG_CL
INSIDE EVALUATE UNSUP
INSIDE EVALUATE UNSUP RETURNED 0,0
Epoch: [1/1]	lr: 1.57e-01	time: 00:00:34	Acc_train 0.00	Acc_test 0.00	convergence: 2.40e+01	R1: 0	Info MB:0.000e+00/SB:0.000e+00/MW:5.025e-03/SW:1.230e-01/MR:3.394e+00/SR:1.257e+00/MeD:1.008e+00/MaD:3.660e+00/MW:0.642/MAW:0.358
|         0 |         1 |         2 |         3 |         4 |         5 |         6 |         7 |         8 |         9 |        10 |        11 |        12 |        13 |        14 |        15 |        16 |        17 |        18 |       19 |        20 |        21 |         22 |        23 |        24 |        25 |        26 |       27 |        28 |        29 |
|-----------+-----------+-----------+-----------+-----------+-----------+-----------+-----------+-----------+-----------+-----------+-----------+-----------+-----------+-----------+-----------+-----------+-----------+-----------+----------+-----------+-----------+------------+-----------+-----------+-----------+-----------+----------+-----------+-----------|
|   0.00863 |   0.00618 |   0.00878 |   0.00809 |   0.00925 |   0.00847 |   0.00638 |   0.00012 |   0.00461 |   0.00856 |   0.00633 |   0.00923 |   0.00928 |   0.00806 |   0.00837 |   0.00309 |   0.00677 |   0.00823 |   0.00854 |   0.0104 |   0.00778 |   0.00832 |   0.000558 |   0.00836 |   0.00677 |   0.00889 |   0.00812 |   0.0107 |   0.00885 |   0.00917 |
|   3.98    |   2.53    |   4.08    |   3.62    |   4.42    |   3.87    |   2.63    |   1       |   1.85    |   3.93    |   2.6     |   4.4     |   4.45    |   3.6     |   3.8     |   1.38    |   2.83    |   3.71    |   3.91    |   5.33   |   3.42    |   3.77    |   1.01     |   3.79    |   2.83    |   4.16    |   3.64    |   5.61   |   4.13    |   4.36    |
|   0.13    |   0.03    |   0.1     |   0.1     |   0.15    |   0.09    |   0.12    |   1.04    |   0.02    |   0.1     |   0.11    |   0.15    |   0.16    |   0.09    |   0.09    |   0.05    |   0.03    |   0.11    |   0.11    |   0.08   |   0.12    |   0.11    |   0.22     |   0.11    |   0.08    |   0.12    |   0.11    |   0.18   |   0.1     |   0.15    |
| nan       | nan       | nan       | nan       | nan       | nan       | nan       | nan       | nan       | nan       | nan       | nan       | nan       | nan       | nan       | nan       | nan       | nan       | nan       | nan      | nan       | nan       | nan        | nan       | nan       | nan       | nan       | nan      | nan       | nan       |
| nan       | nan       | nan       | nan       | nan       | nan       | nan       | nan       | nan       | nan       | nan       | nan       | nan       | nan       | nan       | nan       | nan       | nan       | nan       | nan      | nan       | nan       | nan        | nan       | nan       | nan       | nan       | nan      | nan       | nan       |
| nan       | nan       | nan       | nan       | nan       | nan       | nan       | nan       | nan       | nan       | nan       | nan       | nan       | nan       | nan       | nan       | nan       | nan       | nan       | nan      | nan       | nan       | nan        | nan       | nan       | nan       | nan       | nan      | nan       | nan       |

STORING PATH IS NONEEEEEE
SAVING THE MODEL
/g100_work/EIRI_E_POLIMI/rcasciot/neuromodAI/SoftHebb-main/Training/results/hebb/result/network/CIFAR10_IMG_CL/models

 ********** Hebbian Unsupervised learning of blocks [2] **********
SEED:  0
BEFORE RESIZING
Files already downloaded and verified
AFTER RESIZING
Files already downloaded and verified
INDICES:  50000
IMAGE SIZE: torch.Size([10, 3, 32, 32])
SAVING FOLDER FOR UNSUP:  CIFAR10_IMG_CL
INSIDE EVALUATE UNSUP
INSIDE EVALUATE UNSUP RETURNED 0,0
Epoch: [1/1]	lr: 3.70e-02	time: 00:00:57	Acc_train 0.00	Acc_test 0.00	convergence: 1.38e+01	R1: 1	Info MB:0.000e+00/SB:0.000e+00/MW:2.246e-02/SW:2.518e-01/MR:1.476e+01/SR:1.753e+00/MeD:1.404e+00/MaD:1.376e+01/MW:0.471/MAW:0.529
|        0 |        1 |        2 |        3 |        4 |        5 |        6 |        7 |        8 |       9 |       10 |       11 |       12 |       13 |       14 |       15 |       16 |       17 |       18 |      19 |       20 |       21 |       22 |       23 |       24 |       25 |       26 |       27 |       28 |       29 |
|----------+----------+----------+----------+----------+----------+----------+----------+----------+---------+----------+----------+----------+----------+----------+----------+----------+----------+----------+---------+----------+----------+----------+----------+----------+----------+----------+----------+----------+----------|
|   0.0376 |   0.0372 |   0.0374 |   0.0403 |   0.0396 |   0.0387 |   0.0316 |   0.0384 |   0.0336 |   0.041 |   0.0343 |   0.0346 |   0.0374 |   0.0352 |   0.0354 |   0.0338 |   0.0397 |   0.0405 |   0.0342 |   0.035 |   0.0358 |   0.0407 |   0.0339 |   0.0386 |   0.0385 |   0.0283 |   0.0395 |   0.0391 |   0.0392 |   0.0359 |
|  15.12   |  14.81   |  15.02   |  17.24   |  16.72   |  15.98   |  11      |  15.72   |  12.29   |  17.84  |  12.77   |  12.94   |  14.98   |  13.4    |  13.57   |  12.4    |  16.78   |  17.43   |  12.68   |  13.27  |  13.84   |  17.57   |  12.51   |  15.94   |  15.84   |   9.02   |  16.58   |  16.28   |  16.35   |  13.91   |
|   0.06   |   0.05   |   0.06   |   0.05   |   0.05   |   0.05   |   0.02   |   0.03   |   0.03   |   0.05  |   0.03   |   0.03   |   0.04   |   0.05   |   0.03   |   0.04   |   0.08   |   0.07   |   0.07   |   0.03  |   0.06   |   0.07   |   0.05   |   0.07   |   0.07   |   0.03   |   0.05   |   0.06   |   0.06   |   0.05   |
| nan      | nan      | nan      | nan      | nan      | nan      | nan      | nan      | nan      | nan     | nan      | nan      | nan      | nan      | nan      | nan      | nan      | nan      | nan      | nan     | nan      | nan      | nan      | nan      | nan      | nan      | nan      | nan      | nan      | nan      |
| nan      | nan      | nan      | nan      | nan      | nan      | nan      | nan      | nan      | nan     | nan      | nan      | nan      | nan      | nan      | nan      | nan      | nan      | nan      | nan     | nan      | nan      | nan      | nan      | nan      | nan      | nan      | nan      | nan      | nan      |
| nan      | nan      | nan      | nan      | nan      | nan      | nan      | nan      | nan      | nan     | nan      | nan      | nan      | nan      | nan      | nan      | nan      | nan      | nan      | nan     | nan      | nan      | nan      | nan      | nan      | nan      | nan      | nan      | nan      | nan      |

STORING PATH IS NONEEEEEE
SAVING THE MODEL
/g100_work/EIRI_E_POLIMI/rcasciot/neuromodAI/SoftHebb-main/Training/results/hebb/result/network/CIFAR10_IMG_CL/models
SEED:  0
BEFORE RESIZING
Files already downloaded and verified
AFTER RESIZING
Files already downloaded and verified
INDICES:  50000
IMAGE SIZE: torch.Size([64, 3, 32, 32])
Accuracy of the network on the 1st dataset: 9.500 %
Test loss on the 1st dataset: 0.198

