Traceback (most recent call last):
  File "/leonardo_work/try24_antoniet/rcasciot/neuromodAI/SoftHebb-main/continual_learning.py", line 424, in <module>
    procedure(params, name_model, blocks, dataset_sup_1, dataset_unsup_1, evaluate, results)
  File "/leonardo_work/try24_antoniet/rcasciot/neuromodAI/SoftHebb-main/continual_learning.py", line 288, in procedure
    blocks = check_dimension(blocks, dataset_sup_config)
             ^^^^^^^^^^^^^^^^^^^^^^^^^^^^^^^^^^^^^^^^^^^
  File "/leonardo_work/try24_antoniet/rcasciot/neuromodAI/SoftHebb-main/train.py", line 80, in check_dimension
    blocks['b%s' % id]['layer']['weight_init_range'] = np.power(((lp + 1) * initial_r / (n_neurons)), 1 / lp)
                                                                 ~~~~~~~~~~~~~~~~~~~~~^~~~~~~~~~~~~
ZeroDivisionError: division by zero

ERROR conda.cli.main_run:execute(49): `conda run python continual_learning.py --preset 12SoftHebbCnnCIFAR --resume all --model-name IMG_2C_CL --dataset-unsup ImageNette_1 --dataset-sup ImageNette_50 --continual_learning True --evaluate True --classes 2 --training-mode simultaneous --cf-sol False --head-sol True --top-k 0.5 --high-lr 0.0 --low-lr 1.0 --t-criteria mean --delta-w-interval 100 --heads-basis-t 0.6 --selected-classes [[2, 8], [1, 5]]` failed. (See above for error)
Traceback (most recent call last):
  File "/leonardo_work/try24_antoniet/rcasciot/neuromodAI/SoftHebb-main/continual_learning.py", line 424, in <module>
    procedure(params, name_model, blocks, dataset_sup_1, dataset_unsup_1, evaluate, results)
  File "/leonardo_work/try24_antoniet/rcasciot/neuromodAI/SoftHebb-main/continual_learning.py", line 288, in procedure
    blocks = check_dimension(blocks, dataset_sup_config)
             ^^^^^^^^^^^^^^^^^^^^^^^^^^^^^^^^^^^^^^^^^^^
  File "/leonardo_work/try24_antoniet/rcasciot/neuromodAI/SoftHebb-main/train.py", line 80, in check_dimension
    blocks['b%s' % id]['layer']['weight_init_range'] = np.power(((lp + 1) * initial_r / (n_neurons)), 1 / lp)
                                                                 ~~~~~~~~~~~~~~~~~~~~~^~~~~~~~~~~~~
ZeroDivisionError: division by zero

ERROR conda.cli.main_run:execute(49): `conda run python continual_learning.py --preset 12SoftHebbCnnCIFAR --resume all --model-name IMG_2C_CL --dataset-unsup ImageNette_1 --dataset-sup ImageNette_50 --continual_learning True --evaluate True --classes 2 --training-mode simultaneous --cf-sol False --head-sol False --top-k 0.5 --high-lr 0.0 --low-lr 1.0 --t-criteria mean --delta-w-interval 100 --heads-basis-t 0.6 --selected-classes [[2, 8], [1, 5]]` failed. (See above for error)
Traceback (most recent call last):
  File "/leonardo_work/try24_antoniet/rcasciot/neuromodAI/SoftHebb-main/continual_learning.py", line 424, in <module>
    procedure(params, name_model, blocks, dataset_sup_1, dataset_unsup_1, evaluate, results)
  File "/leonardo_work/try24_antoniet/rcasciot/neuromodAI/SoftHebb-main/continual_learning.py", line 288, in procedure
    blocks = check_dimension(blocks, dataset_sup_config)
             ^^^^^^^^^^^^^^^^^^^^^^^^^^^^^^^^^^^^^^^^^^^
  File "/leonardo_work/try24_antoniet/rcasciot/neuromodAI/SoftHebb-main/train.py", line 80, in check_dimension
    blocks['b%s' % id]['layer']['weight_init_range'] = np.power(((lp + 1) * initial_r / (n_neurons)), 1 / lp)
                                                                 ~~~~~~~~~~~~~~~~~~~~~^~~~~~~~~~~~~
ZeroDivisionError: division by zero

ERROR conda.cli.main_run:execute(49): `conda run python continual_learning.py --preset 12SoftHebbCnnCIFAR --resume all --model-name IMG_2C_CL --dataset-unsup ImageNette_1 --dataset-sup ImageNette_50 --continual_learning True --evaluate True --classes 2 --training-mode simultaneous --cf-sol True --head-sol True --top-k 0.5 --high-lr 0.0 --low-lr 1.0 --t-criteria mean --delta-w-interval 100 --heads-basis-t 0.6 --selected-classes [[2, 8], [1, 5]]` failed. (See above for error)
Traceback (most recent call last):
  File "/leonardo_work/try24_antoniet/rcasciot/neuromodAI/SoftHebb-main/continual_learning.py", line 424, in <module>
    procedure(params, name_model, blocks, dataset_sup_1, dataset_unsup_1, evaluate, results)
  File "/leonardo_work/try24_antoniet/rcasciot/neuromodAI/SoftHebb-main/continual_learning.py", line 288, in procedure
    blocks = check_dimension(blocks, dataset_sup_config)
             ^^^^^^^^^^^^^^^^^^^^^^^^^^^^^^^^^^^^^^^^^^^
  File "/leonardo_work/try24_antoniet/rcasciot/neuromodAI/SoftHebb-main/train.py", line 80, in check_dimension
    blocks['b%s' % id]['layer']['weight_init_range'] = np.power(((lp + 1) * initial_r / (n_neurons)), 1 / lp)
                                                                 ~~~~~~~~~~~~~~~~~~~~~^~~~~~~~~~~~~
ZeroDivisionError: division by zero

ERROR conda.cli.main_run:execute(49): `conda run python continual_learning.py --preset 12SoftHebbCnnCIFAR --resume all --model-name IMG_2C_CL --dataset-unsup ImageNette_1 --dataset-sup ImageNette_50 --continual_learning True --evaluate True --classes 2 --training-mode simultaneous --cf-sol True --head-sol False --top-k 0.5 --high-lr 0.0 --low-lr 1.0 --t-criteria mean --delta-w-interval 100 --heads-basis-t 0.6 --selected-classes [[2, 8], [1, 5]]` failed. (See above for error)
