BLOCKS:  {'b0': {'arch': 'CNN', 'preset': 'softkrotov-c48-k5-p2-s1-d1-b0-t1.1-lr0.08', 'operation': 'batchnorm2d', 'num': 0, 'batch_norm': False, 'pool': {'type': 'max', 'kernel_size': 4, 'stride': 2, 'padding': 1}, 'activation': {'function': 'triangle', 'param': 0.7}, 'resume': None, 'layer': {'arch': 'CNN', 'nb_train': None, 'lr': 0.08, 'adaptive': True, 'lr_sup': 0.001, 'speed': 7, 'lr_div': 96, 'lebesgue_p': 2, 'padding_mode': 'reflect', 'pre_triangle': False, 'ranking_param': 3, 'delta': 2, 't_invert': 1.1, 'groups': 1, 'stride': 1, 'dilation': 1, 'beta': 1, 'power': 4.5, 'padding': 2, 'weight_init': 'positive', 'weight_init_range': 2, 'weight_init_offset': 0, 'mask_thsd': 0, 'radius': 25, 'power_lr': 0.75, 'weight_decay': 0, 'soft_activation_fn': 'exp', 'hebbian': True, 'resume': None, 'add_bias': False, 'normalize_inp': False, 'lr_decay': 'linear', 'seed': 0, 'softness': 'softkrotov', 'out_channels': 48, 'kernel_size': 5}}, 'b1': {'arch': 'CNN', 'preset': 'softkrotov-c192-k3-p1-s1-d1-b0-t0.7-lr0.01', 'operation': 'batchnorm2d', 'num': 1, 'batch_norm': False, 'pool': {'type': 'max', 'kernel_size': 4, 'stride': 2, 'padding': 1}, 'activation': {'function': 'triangle', 'param': 0.7}, 'resume': None, 'layer': {'arch': 'CNN', 'nb_train': None, 'lr': 0.01, 'adaptive': True, 'lr_sup': 0.001, 'speed': 7, 'lr_div': 96, 'lebesgue_p': 2, 'padding_mode': 'reflect', 'pre_triangle': False, 'ranking_param': 3, 'delta': 2, 't_invert': 0.7, 'groups': 1, 'stride': 1, 'dilation': 1, 'beta': 1, 'power': 4.5, 'padding': 1, 'weight_init': 'positive', 'weight_init_range': 2, 'weight_init_offset': 0, 'mask_thsd': 0, 'radius': 25, 'power_lr': 0.75, 'weight_decay': 0, 'soft_activation_fn': 'exp', 'hebbian': True, 'resume': None, 'add_bias': False, 'normalize_inp': False, 'lr_decay': 'linear', 'seed': 0, 'softness': 'softkrotov', 'out_channels': 192, 'kernel_size': 3}}, 'b2': {'arch': 'CNN', 'preset': 'softkrotov-c768-k3-p1-s1-d1-b0-t0.5-lr0.01', 'operation': 'batchnorm2d', 'num': 2, 'batch_norm': False, 'pool': {'type': 'max', 'kernel_size': 4, 'stride': 2, 'padding': 1}, 'activation': {'function': 'triangle', 'param': 0.7}, 'resume': None, 'layer': {'arch': 'CNN', 'nb_train': None, 'lr': 0.01, 'adaptive': True, 'lr_sup': 0.001, 'speed': 7, 'lr_div': 96, 'lebesgue_p': 2, 'padding_mode': 'reflect', 'pre_triangle': False, 'ranking_param': 3, 'delta': 2, 't_invert': 0.5, 'groups': 1, 'stride': 1, 'dilation': 1, 'beta': 1, 'power': 4.5, 'padding': 1, 'weight_init': 'positive', 'weight_init_range': 2, 'weight_init_offset': 0, 'mask_thsd': 0, 'radius': 25, 'power_lr': 0.75, 'weight_decay': 0, 'soft_activation_fn': 'exp', 'hebbian': True, 'resume': None, 'add_bias': False, 'normalize_inp': False, 'lr_decay': 'linear', 'seed': 0, 'softness': 'softkrotov', 'out_channels': 768, 'kernel_size': 3}}, 'b3': {'arch': 'CNN', 'preset': 'softkrotov-c3072-k3-p1-s1-d1-b0-t0.4-lr0.01', 'operation': 'batchnorm2d', 'num': 3, 'batch_norm': False, 'pool': {'type': 'max', 'kernel_size': 4, 'stride': 2, 'padding': 1}, 'activation': {'function': 'triangle', 'param': 1.4}, 'resume': None, 'layer': {'arch': 'CNN', 'nb_train': None, 'lr': 0.01, 'adaptive': True, 'lr_sup': 0.001, 'speed': 7, 'lr_div': 96, 'lebesgue_p': 2, 'padding_mode': 'reflect', 'pre_triangle': False, 'ranking_param': 3, 'delta': 2, 't_invert': 0.4, 'groups': 1, 'stride': 1, 'dilation': 1, 'beta': 1, 'power': 4.5, 'padding': 1, 'weight_init': 'positive', 'weight_init_range': 2, 'weight_init_offset': 0, 'mask_thsd': 0, 'radius': 25, 'power_lr': 0.75, 'weight_decay': 0, 'soft_activation_fn': 'exp', 'hebbian': True, 'resume': None, 'add_bias': False, 'normalize_inp': False, 'lr_decay': 'linear', 'seed': 0, 'softness': 'softkrotov', 'out_channels': 3072, 'kernel_size': 3}}, 'b4': {'arch': 'CNN', 'preset': 'softkrotov-c12288-k3-p1-s1-d1-b0-t0.25-lr0.01', 'operation': 'batchnorm2d', 'num': 4, 'batch_norm': False, 'pool': {'type': 'avg', 'kernel_size': 2, 'stride': 2, 'padding': 0}, 'activation': {'function': 'triangle', 'param': 1.0}, 'resume': None, 'layer': {'arch': 'CNN', 'nb_train': None, 'lr': 0.01, 'adaptive': True, 'lr_sup': 0.001, 'speed': 7, 'lr_div': 96, 'lebesgue_p': 2, 'padding_mode': 'reflect', 'pre_triangle': False, 'ranking_param': 3, 'delta': 2, 't_invert': 0.25, 'groups': 1, 'stride': 1, 'dilation': 1, 'beta': 1, 'power': 4.5, 'padding': 1, 'weight_init': 'positive', 'weight_init_range': 2, 'weight_init_offset': 0, 'mask_thsd': 0, 'radius': 25, 'power_lr': 0.75, 'weight_decay': 0, 'soft_activation_fn': 'exp', 'hebbian': True, 'resume': None, 'add_bias': False, 'normalize_inp': False, 'lr_decay': 'linear', 'seed': 0, 'softness': 'softkrotov', 'out_channels': 12288, 'kernel_size': 3}}, 'b5': {'arch': 'MLP', 'preset': 'BP-c1000', 'operation': 'flatten', 'num': 5, 'att_dropout': None, 'dropout': 0.5, 'layer': {'arch': 'MLP', 'lr': 0.05, 'adaptive': True, 'lr_sup': 0.001, 'speed': 0.4, 'lr_div': 100, 'lebesgue_p': 2, 't_invert': 10, 'beta': 0.01, 'power': 4.5, 'ranking_param': 3, 'delta': 0.1, 'hebbian': False, 'add_bias': False, 'normalize_inp': False, 'lr_decay': 'linear', 'seed': 0, 'lr_bias': 600, 'softness': 'soft', 'soft_activation_fn': 'exp', 'plasticity': 'SoftHebb', 'metric_mode': 'unsupervised', 'weight_init': 'positive', 'weight_init_range': 0.25, 'weight_init_offset': 0, 'weight_decay': 0, 'radius': 10, 'power_lr': 0.2, 'out_channels': 1000}, 'pool': None, 'activation': None}}
CL:  True
{'name': 'ImageNette', 'noise_std': 0, 'channels': 3, 'width': 160, 'height': 160, 'validation_split': 0.2, 'training_sample': 9469, 'testing_sample': 10000, 'out_channels': 10, 'num_workers': 0, 'seed': 0, 'shuffle': True, 'batch_size': 32, 'augmentation': True, 'zca_whitened': False, 'training_class': 'all', 'split': 'train', 'px': 160, 'nb_epoch': 200, 'print_freq': 50, 'validation': False, 'continual_learning': True}
CL:  False
{'name': 'ImageNette', 'noise_std': 0, 'channels': 3, 'width': 160, 'height': 160, 'validation_split': 0.2, 'training_sample': 9469, 'testing_sample': 10000, 'out_channels': 10, 'num_workers': 0, 'seed': 0, 'shuffle': True, 'batch_size': 32, 'augmentation': True, 'zca_whitened': False, 'training_class': 'all', 'split': 'train', 'px': 160, 'nb_epoch': 200, 'print_freq': 50, 'validation': False, 'continual_learning': False}
CL:  False
{'name': 'ImageNette', 'noise_std': 0, 'channels': 3, 'width': 160, 'height': 160, 'validation_split': 0.2, 'training_sample': 9469, 'testing_sample': 10000, 'out_channels': 10, 'num_workers': 0, 'seed': 0, 'shuffle': True, 'batch_size': 10, 'augmentation': False, 'zca_whitened': False, 'training_class': 'all', 'split': 'train', 'px': 160, 'nb_epoch': 1, 'print_freq': 10, 'validation': False, 'continual_learning': False}
SEED:  0
block 0, size : 48 80 80
range = 2.886751345948129
block 1, size : 192 40 40
range = 1.2028130608117202
block 2, size : 768 20 20
range = 0.6014065304058601
block 3, size : 3072 10 10
range = 0.30070326520293006
block 4, size : 12288 5 5
range = 0.15035163260146503
range = 0.03125
The device used will be: 
True
cuda:0
CONFIG: {'arch': 'CNN', 'nb_train': None, 'lr': 0.08, 'adaptive': True, 'lr_sup': 0.001, 'speed': 7, 'lr_div': 96, 'lebesgue_p': 2, 'padding_mode': 'reflect', 'pre_triangle': False, 'ranking_param': 3, 'delta': 2, 't_invert': 1.1, 'groups': 1, 'stride': 1, 'dilation': 1, 'beta': 1, 'power': 4.5, 'padding': 2, 'weight_init': 'normal', 'weight_init_range': 2.886751345948129, 'weight_init_offset': 0, 'mask_thsd': 0, 'radius': 25, 'power_lr': 0.75, 'weight_decay': 0, 'soft_activation_fn': 'exp', 'hebbian': True, 'resume': None, 'add_bias': False, 'normalize_inp': False, 'lr_decay': 'linear', 'seed': 0, 'softness': 'softkrotov', 'out_channels': 48, 'kernel_size': 5, 'in_channels': 3, 'lr_scheduler': {'lr': 0.08, 'adaptive': True, 'nb_epochs': 1, 'ratio': 0.0010560777273207309, 'speed': 7, 'div': 96, 'decay': 'linear', 'power_lr': 0.75}}
CONFIG: {'arch': 'CNN', 'nb_train': None, 'lr': 0.01, 'adaptive': True, 'lr_sup': 0.001, 'speed': 7, 'lr_div': 96, 'lebesgue_p': 2, 'padding_mode': 'reflect', 'pre_triangle': False, 'ranking_param': 3, 'delta': 2, 't_invert': 0.7, 'groups': 1, 'stride': 1, 'dilation': 1, 'beta': 1, 'power': 4.5, 'padding': 1, 'weight_init': 'normal', 'weight_init_range': 1.2028130608117202, 'weight_init_offset': 0, 'mask_thsd': 0, 'radius': 25, 'power_lr': 0.75, 'weight_decay': 0, 'soft_activation_fn': 'exp', 'hebbian': True, 'resume': None, 'add_bias': False, 'normalize_inp': False, 'lr_decay': 'linear', 'seed': 0, 'softness': 'softkrotov', 'out_channels': 192, 'kernel_size': 3, 'in_channels': 48, 'lr_scheduler': {'lr': 0.01, 'adaptive': True, 'nb_epochs': 1, 'ratio': 0.0010560777273207309, 'speed': 7, 'div': 96, 'decay': 'linear', 'power_lr': 0.75}}
CONFIG: {'arch': 'CNN', 'nb_train': None, 'lr': 0.01, 'adaptive': True, 'lr_sup': 0.001, 'speed': 7, 'lr_div': 96, 'lebesgue_p': 2, 'padding_mode': 'reflect', 'pre_triangle': False, 'ranking_param': 3, 'delta': 2, 't_invert': 0.5, 'groups': 1, 'stride': 1, 'dilation': 1, 'beta': 1, 'power': 4.5, 'padding': 1, 'weight_init': 'normal', 'weight_init_range': 0.6014065304058601, 'weight_init_offset': 0, 'mask_thsd': 0, 'radius': 25, 'power_lr': 0.75, 'weight_decay': 0, 'soft_activation_fn': 'exp', 'hebbian': True, 'resume': None, 'add_bias': False, 'normalize_inp': False, 'lr_decay': 'linear', 'seed': 0, 'softness': 'softkrotov', 'out_channels': 768, 'kernel_size': 3, 'in_channels': 192, 'lr_scheduler': {'lr': 0.01, 'adaptive': True, 'nb_epochs': 1, 'ratio': 0.0010560777273207309, 'speed': 7, 'div': 96, 'decay': 'linear', 'power_lr': 0.75}}
CONFIG: {'arch': 'CNN', 'nb_train': None, 'lr': 0.01, 'adaptive': True, 'lr_sup': 0.001, 'speed': 7, 'lr_div': 96, 'lebesgue_p': 2, 'padding_mode': 'reflect', 'pre_triangle': False, 'ranking_param': 3, 'delta': 2, 't_invert': 0.4, 'groups': 1, 'stride': 1, 'dilation': 1, 'beta': 1, 'power': 4.5, 'padding': 1, 'weight_init': 'normal', 'weight_init_range': 0.30070326520293006, 'weight_init_offset': 0, 'mask_thsd': 0, 'radius': 25, 'power_lr': 0.75, 'weight_decay': 0, 'soft_activation_fn': 'exp', 'hebbian': True, 'resume': None, 'add_bias': False, 'normalize_inp': False, 'lr_decay': 'linear', 'seed': 0, 'softness': 'softkrotov', 'out_channels': 3072, 'kernel_size': 3, 'in_channels': 768, 'lr_scheduler': {'lr': 0.01, 'adaptive': True, 'nb_epochs': 1, 'ratio': 0.0010560777273207309, 'speed': 7, 'div': 96, 'decay': 'linear', 'power_lr': 0.75}}
CONFIG: {'arch': 'CNN', 'nb_train': None, 'lr': 0.01, 'adaptive': True, 'lr_sup': 0.001, 'speed': 7, 'lr_div': 96, 'lebesgue_p': 2, 'padding_mode': 'reflect', 'pre_triangle': False, 'ranking_param': 3, 'delta': 2, 't_invert': 0.25, 'groups': 1, 'stride': 1, 'dilation': 1, 'beta': 1, 'power': 4.5, 'padding': 1, 'weight_init': 'normal', 'weight_init_range': 0.15035163260146503, 'weight_init_offset': 0, 'mask_thsd': 0, 'radius': 25, 'power_lr': 0.75, 'weight_decay': 0, 'soft_activation_fn': 'exp', 'hebbian': True, 'resume': None, 'add_bias': False, 'normalize_inp': False, 'lr_decay': 'linear', 'seed': 0, 'softness': 'softkrotov', 'out_channels': 12288, 'kernel_size': 3, 'in_channels': 3072, 'lr_scheduler': {'lr': 0.01, 'adaptive': True, 'nb_epochs': 1, 'ratio': 0.0010560777273207309, 'speed': 7, 'div': 96, 'decay': 'linear', 'power_lr': 0.75}}
CONFIG: {'arch': 'MLP', 'lr': 0.05, 'adaptive': True, 'lr_sup': 0.001, 'speed': 0.4, 'lr_div': 100, 'lebesgue_p': 2, 't_invert': 10, 'beta': 0.01, 'power': 4.5, 'ranking_param': 3, 'delta': 0.1, 'hebbian': False, 'add_bias': False, 'normalize_inp': False, 'lr_decay': 'linear', 'seed': 0, 'lr_bias': 600, 'softness': 'soft', 'soft_activation_fn': 'exp', 'plasticity': 'SoftHebb', 'metric_mode': 'unsupervised', 'weight_init': 'positive', 'weight_init_range': 0.03125, 'weight_init_offset': 0, 'weight_decay': 0, 'radius': 10, 'power_lr': 0.2, 'out_channels': 10, 'in_channels': 307200, 'old_channels': 12288, 'lr_scheduler': {'decay': 'cste', 'lr': 0.1}}

 Model IMG_C10_CL loaded successfuly with best perf



 ----- Architecture Block BatchNorm2dSK3482(5, 5)1.100000023841858reflect, number 0 -----
- BatchNorm2d(3, eps=1e-05, momentum=0.1, affine=False, track_running_stats=True)
- HebbSoftKrotovConv2d(3, 48, lebesgue_p=2, pruning=0, kernel_size=(5, 5), bias=False, padding_mode=reflect, t_invert=1.100000023841858, bias=False, lr_bias=0.0909, ranking_param=3, delta=2, activation=exp)
- Triangle(power=0.7)
- MaxPool2d(kernel_size=4, stride=2, padding=1, dilation=1, ceil_mode=False)

 ----- Architecture Block BatchNorm2dSK481922(3, 3)0.699999988079071reflect, number 1 -----
- BatchNorm2d(48, eps=1e-05, momentum=0.1, affine=False, track_running_stats=True)
- HebbSoftKrotovConv2d(48, 192, lebesgue_p=2, pruning=0, kernel_size=(3, 3), bias=False, padding_mode=reflect, t_invert=0.699999988079071, bias=False, lr_bias=0.1429, ranking_param=3, delta=2, activation=exp)
- Triangle(power=0.7)
- MaxPool2d(kernel_size=4, stride=2, padding=1, dilation=1, ceil_mode=False)

 ----- Architecture Block BatchNorm2dSK1927682(3, 3)0.5reflect, number 2 -----
- BatchNorm2d(192, eps=1e-05, momentum=0.1, affine=False, track_running_stats=True)
- HebbSoftKrotovConv2d(192, 768, lebesgue_p=2, pruning=0, kernel_size=(3, 3), bias=False, padding_mode=reflect, t_invert=0.5, bias=False, lr_bias=0.2, ranking_param=3, delta=2, activation=exp)
- Triangle(power=0.7)
- MaxPool2d(kernel_size=4, stride=2, padding=1, dilation=1, ceil_mode=False)

 ----- Architecture Block BatchNorm2dSK76830722(3, 3)0.4000000059604645reflect, number 3 -----
- BatchNorm2d(768, eps=1e-05, momentum=0.1, affine=False, track_running_stats=True)
- HebbSoftKrotovConv2d(768, 3072, lebesgue_p=2, pruning=0, kernel_size=(3, 3), bias=False, padding_mode=reflect, t_invert=0.4000000059604645, bias=False, lr_bias=0.25, ranking_param=3, delta=2, activation=exp)
- Triangle(power=1.4)
- MaxPool2d(kernel_size=4, stride=2, padding=1, dilation=1, ceil_mode=False)

 ----- Architecture Block BatchNorm2dSK3072122882(3, 3)0.25reflect, number 4 -----
- BatchNorm2d(3072, eps=1e-05, momentum=0.1, affine=False, track_running_stats=True)
- HebbSoftKrotovConv2d(3072, 12288, lebesgue_p=2, pruning=0, kernel_size=(3, 3), bias=False, padding_mode=reflect, t_invert=0.25, bias=False, lr_bias=0.4, ranking_param=3, delta=2, activation=exp)
- Triangle(power=1.0)
- AvgPool2d(kernel_size=2, stride=2, padding=0)

 ----- Architecture Block FlattenDropout(p=0.5, inplace=False)Linear(in_, number 5 -----
- Flatten(start_dim=1, end_dim=-1)
- Dropout(p=0.5, inplace=False)
- Linear(in_features=307200, out_features=10, bias=True)
SEED:  0
BEFORE RESIZING
AFTER RESIZING
INDICES:  9469
IMAGE SIZE: torch.Size([32, 3, 160, 160])
Accuracy of the network on the 1st dataset: 74.166 %
Test loss on the 1st dataset: 10.019
CL:  True
{'name': 'CIFAR10', 'noise_std': 0, 'channels': 3, 'width': 32, 'height': 32, 'validation_split': 0.2, 'training_sample': 50000, 'testing_sample': 10000, 'out_channels': 10, 'num_workers': 0, 'seed': 0, 'shuffle': True, 'batch_size': 64, 'augmentation': False, 'zca_whitened': False, 'training_class': 'all', 'split': 'train', 'nb_epoch': 50, 'print_freq': 10, 'validation': False, 'continual_learning': True}
CL:  True
{'name': 'CIFAR10', 'noise_std': 0, 'channels': 3, 'width': 32, 'height': 32, 'validation_split': 0.2, 'training_sample': 50000, 'testing_sample': 10000, 'out_channels': 10, 'num_workers': 0, 'seed': 0, 'shuffle': True, 'batch_size': 10, 'augmentation': False, 'zca_whitened': False, 'training_class': 'all', 'split': 'train', 'nb_epoch': 1, 'print_freq': 10, 'validation': False, 'continual_learning': True}
SEED:  0
block 0, size : 48 16 16
range = 2.886751345948129
block 1, size : 192 8 8
range = 1.2028130608117202
block 2, size : 768 4 4
range = 0.6014065304058601
block 3, size : 3072 2 2
range = 0.30070326520293006
block 4, size : 12288 1 1
range = 0.15035163260146503
range = 0.15625
The device used will be: 
True
cuda:0
CONFIG: {'arch': 'CNN', 'nb_train': None, 'lr': 0.08, 'adaptive': True, 'lr_sup': 0.001, 'speed': 7, 'lr_div': 96, 'lebesgue_p': 2, 'padding_mode': 'reflect', 'pre_triangle': False, 'ranking_param': 3, 'delta': 2, 't_invert': 1.1, 'groups': 1, 'stride': 1, 'dilation': 1, 'beta': 1, 'power': 4.5, 'padding': 2, 'weight_init': 'normal', 'weight_init_range': 2.886751345948129, 'weight_init_offset': 0, 'mask_thsd': 0, 'radius': 25, 'power_lr': 0.75, 'weight_decay': 0, 'soft_activation_fn': 'exp', 'hebbian': True, 'resume': None, 'add_bias': False, 'normalize_inp': False, 'lr_decay': 'linear', 'seed': 0, 'softness': 'softkrotov', 'out_channels': 48, 'kernel_size': 5, 'in_channels': 3, 'lr_scheduler': {'lr': 0.08, 'adaptive': True, 'nb_epochs': 1, 'ratio': 0.0010560777273207309, 'speed': 7, 'div': 96, 'decay': 'linear', 'power_lr': 0.75}}
CONFIG: {'arch': 'CNN', 'nb_train': None, 'lr': 0.01, 'adaptive': True, 'lr_sup': 0.001, 'speed': 7, 'lr_div': 96, 'lebesgue_p': 2, 'padding_mode': 'reflect', 'pre_triangle': False, 'ranking_param': 3, 'delta': 2, 't_invert': 0.7, 'groups': 1, 'stride': 1, 'dilation': 1, 'beta': 1, 'power': 4.5, 'padding': 1, 'weight_init': 'normal', 'weight_init_range': 1.2028130608117202, 'weight_init_offset': 0, 'mask_thsd': 0, 'radius': 25, 'power_lr': 0.75, 'weight_decay': 0, 'soft_activation_fn': 'exp', 'hebbian': True, 'resume': None, 'add_bias': False, 'normalize_inp': False, 'lr_decay': 'linear', 'seed': 0, 'softness': 'softkrotov', 'out_channels': 192, 'kernel_size': 3, 'in_channels': 48, 'lr_scheduler': {'lr': 0.01, 'adaptive': True, 'nb_epochs': 1, 'ratio': 0.0010560777273207309, 'speed': 7, 'div': 96, 'decay': 'linear', 'power_lr': 0.75}}
CONFIG: {'arch': 'CNN', 'nb_train': None, 'lr': 0.01, 'adaptive': True, 'lr_sup': 0.001, 'speed': 7, 'lr_div': 96, 'lebesgue_p': 2, 'padding_mode': 'reflect', 'pre_triangle': False, 'ranking_param': 3, 'delta': 2, 't_invert': 0.5, 'groups': 1, 'stride': 1, 'dilation': 1, 'beta': 1, 'power': 4.5, 'padding': 1, 'weight_init': 'normal', 'weight_init_range': 0.6014065304058601, 'weight_init_offset': 0, 'mask_thsd': 0, 'radius': 25, 'power_lr': 0.75, 'weight_decay': 0, 'soft_activation_fn': 'exp', 'hebbian': True, 'resume': None, 'add_bias': False, 'normalize_inp': False, 'lr_decay': 'linear', 'seed': 0, 'softness': 'softkrotov', 'out_channels': 768, 'kernel_size': 3, 'in_channels': 192, 'lr_scheduler': {'lr': 0.01, 'adaptive': True, 'nb_epochs': 1, 'ratio': 0.0010560777273207309, 'speed': 7, 'div': 96, 'decay': 'linear', 'power_lr': 0.75}}
CONFIG: {'arch': 'CNN', 'nb_train': None, 'lr': 0.01, 'adaptive': True, 'lr_sup': 0.001, 'speed': 7, 'lr_div': 96, 'lebesgue_p': 2, 'padding_mode': 'reflect', 'pre_triangle': False, 'ranking_param': 3, 'delta': 2, 't_invert': 0.4, 'groups': 1, 'stride': 1, 'dilation': 1, 'beta': 1, 'power': 4.5, 'padding': 1, 'weight_init': 'normal', 'weight_init_range': 0.30070326520293006, 'weight_init_offset': 0, 'mask_thsd': 0, 'radius': 25, 'power_lr': 0.75, 'weight_decay': 0, 'soft_activation_fn': 'exp', 'hebbian': True, 'resume': None, 'add_bias': False, 'normalize_inp': False, 'lr_decay': 'linear', 'seed': 0, 'softness': 'softkrotov', 'out_channels': 3072, 'kernel_size': 3, 'in_channels': 768, 'lr_scheduler': {'lr': 0.01, 'adaptive': True, 'nb_epochs': 1, 'ratio': 0.0010560777273207309, 'speed': 7, 'div': 96, 'decay': 'linear', 'power_lr': 0.75}}
CONFIG: {'arch': 'CNN', 'nb_train': None, 'lr': 0.01, 'adaptive': True, 'lr_sup': 0.001, 'speed': 7, 'lr_div': 96, 'lebesgue_p': 2, 'padding_mode': 'reflect', 'pre_triangle': False, 'ranking_param': 3, 'delta': 2, 't_invert': 0.25, 'groups': 1, 'stride': 1, 'dilation': 1, 'beta': 1, 'power': 4.5, 'padding': 1, 'weight_init': 'normal', 'weight_init_range': 0.15035163260146503, 'weight_init_offset': 0, 'mask_thsd': 0, 'radius': 25, 'power_lr': 0.75, 'weight_decay': 0, 'soft_activation_fn': 'exp', 'hebbian': True, 'resume': None, 'add_bias': False, 'normalize_inp': False, 'lr_decay': 'linear', 'seed': 0, 'softness': 'softkrotov', 'out_channels': 12288, 'kernel_size': 3, 'in_channels': 3072, 'lr_scheduler': {'lr': 0.01, 'adaptive': True, 'nb_epochs': 1, 'ratio': 0.0010560777273207309, 'speed': 7, 'div': 96, 'decay': 'linear', 'power_lr': 0.75}}
CONFIG: {'arch': 'MLP', 'lr': 0.05, 'adaptive': True, 'lr_sup': 0.001, 'speed': 0.4, 'lr_div': 100, 'lebesgue_p': 2, 't_invert': 10, 'beta': 0.01, 'power': 4.5, 'ranking_param': 3, 'delta': 0.1, 'hebbian': False, 'add_bias': False, 'normalize_inp': False, 'lr_decay': 'linear', 'seed': 0, 'lr_bias': 600, 'softness': 'soft', 'soft_activation_fn': 'exp', 'plasticity': 'SoftHebb', 'metric_mode': 'unsupervised', 'weight_init': 'positive', 'weight_init_range': 0.03125, 'weight_init_offset': 0, 'weight_decay': 0, 'radius': 10, 'power_lr': 0.2, 'out_channels': 10, 'in_channels': 307200, 'old_channels': 12288, 'lr_scheduler': {'decay': 'cste', 'lr': 0.1}}

 Model IMG_C10_CL loaded successfuly with best perf



 ----- Architecture Block BatchNorm2dSK3482(5, 5)1.100000023841858reflect, number 0 -----
- BatchNorm2d(3, eps=1e-05, momentum=0.1, affine=False, track_running_stats=True)
- HebbSoftKrotovConv2d(3, 48, lebesgue_p=2, pruning=0, kernel_size=(5, 5), bias=False, padding_mode=reflect, t_invert=1.100000023841858, bias=False, lr_bias=0.0909, ranking_param=3, delta=2, activation=exp)
- Triangle(power=0.7)
- MaxPool2d(kernel_size=4, stride=2, padding=1, dilation=1, ceil_mode=False)

 ----- Architecture Block BatchNorm2dSK481922(3, 3)0.699999988079071reflect, number 1 -----
- BatchNorm2d(48, eps=1e-05, momentum=0.1, affine=False, track_running_stats=True)
- HebbSoftKrotovConv2d(48, 192, lebesgue_p=2, pruning=0, kernel_size=(3, 3), bias=False, padding_mode=reflect, t_invert=0.699999988079071, bias=False, lr_bias=0.1429, ranking_param=3, delta=2, activation=exp)
- Triangle(power=0.7)
- MaxPool2d(kernel_size=4, stride=2, padding=1, dilation=1, ceil_mode=False)

 ----- Architecture Block BatchNorm2dSK1927682(3, 3)0.5reflect, number 2 -----
- BatchNorm2d(192, eps=1e-05, momentum=0.1, affine=False, track_running_stats=True)
- HebbSoftKrotovConv2d(192, 768, lebesgue_p=2, pruning=0, kernel_size=(3, 3), bias=False, padding_mode=reflect, t_invert=0.5, bias=False, lr_bias=0.2, ranking_param=3, delta=2, activation=exp)
- Triangle(power=0.7)
- MaxPool2d(kernel_size=4, stride=2, padding=1, dilation=1, ceil_mode=False)

 ----- Architecture Block BatchNorm2dSK76830722(3, 3)0.4000000059604645reflect, number 3 -----
- BatchNorm2d(768, eps=1e-05, momentum=0.1, affine=False, track_running_stats=True)
- HebbSoftKrotovConv2d(768, 3072, lebesgue_p=2, pruning=0, kernel_size=(3, 3), bias=False, padding_mode=reflect, t_invert=0.4000000059604645, bias=False, lr_bias=0.25, ranking_param=3, delta=2, activation=exp)
- Triangle(power=1.4)
- MaxPool2d(kernel_size=4, stride=2, padding=1, dilation=1, ceil_mode=False)

 ----- Architecture Block BatchNorm2dSK3072122882(3, 3)0.25reflect, number 4 -----
- BatchNorm2d(3072, eps=1e-05, momentum=0.1, affine=False, track_running_stats=True)
- HebbSoftKrotovConv2d(3072, 12288, lebesgue_p=2, pruning=0, kernel_size=(3, 3), bias=False, padding_mode=reflect, t_invert=0.25, bias=False, lr_bias=0.4, ranking_param=3, delta=2, activation=exp)
- Triangle(power=1.0)
- AvgPool2d(kernel_size=2, stride=2, padding=0)

 ----- Architecture Block FlattenDropout(p=0.5, inplace=False)Linear(in_, number 5 -----
- Flatten(start_dim=1, end_dim=-1)
- Dropout(p=0.5, inplace=False)
- Linear(in_features=307200, out_features=10, bias=True)

 ********** Hebbian Unsupervised learning of blocks [0] **********
SEED:  0
BEFORE RESIZING
Files already downloaded and verified
AFTER RESIZING
Files already downloaded and verified
INDICES:  50000
IMAGE SIZE: torch.Size([10, 3, 160, 160])
SAVING FOLDER FOR UNSUP:  IMG_C10_CL
INSIDE EVALUATE UNSUP
INSIDE EVALUATE UNSUP RETURNED 0,0
Epoch: [1/1]	lr: 5.71e-01	time: 00:05:12	Acc_train 0.00	Acc_test 0.00	convergence: 2.40e+01	R1: 0	Info MB:0.000e+00/SB:0.000e+00/MW:9.538e-03/SW:2.622e+00/MR:1.693e+01/SR:1.529e+01/MeD:1.176e+01/MaD:4.018e+01/MW:0.707/MAW:0.293
|       0 |      1 |        2 |      3 |       4 |          5 |      6 |          7 |       8 |       9 |      10 |     11 |      12 |      13 |      14 |     15 |         16 |      17 |      18 |     19 |      20 |      21 |      22 |        23 |       24 |     25 |      26 |       27 |     28 |      29 |
|---------+--------+----------+--------+---------+------------+--------+------------+---------+---------+---------+--------+---------+---------+---------+--------+------------+---------+---------+--------+---------+---------+---------+-----------+----------+--------+---------+----------+--------+---------|
|   0.708 |   1.05 |   0.0515 |   1.16 |   0.358 |   9.65e-06 |   1.58 |   0.000483 |   0.716 |   0.436 |   0.638 |   0.65 |   0.942 |   0.912 |   0.486 |   1.23 |   2.53e-09 |   0.566 |   0.842 |   1.26 |   0.361 |   0.486 |   0.704 |   0.00582 |   0.0079 |   0.67 |   0.314 |   0.0139 |   1.04 |   0.399 |
|  19.31  |  31.98 |   1.56   |  36.22 |   8.39  |   1        |  54.17 |   1        |  19.59  |  10.58  |  16.92  |  17.35 |  27.8   |  26.65  |  12.09  |  39.06 |   1        |  14.6   |  24.06  |  40.47 |   8.45  |  12.09  |  19.15  |   1.03    |   1.05   |  18.01 |   7.2   |   1.1    |  31.61 |   9.51  |
|   0.58  |   0.58 |   0.39   |   0.47 |   0.39  |   5.07     |   0.52 |   1.54     |   0.58  |   0.56  |   0.67  |   0.52 |   0.56  |   0.55  |   0.45  |   0.55 |  28.06     |   0.45  |   0.59  |   0.49 |   0.48  |   0.58  |   0.58  |   0.6     |   0.56   |   0.52 |   0.39  |   0.41   |   0.62 |   0.61  |
| nan     | nan    | nan      | nan    | nan     | nan        | nan    | nan        | nan     | nan     | nan     | nan    | nan     | nan     | nan     | nan    | nan        | nan     | nan     | nan    | nan     | nan     | nan     | nan       | nan      | nan    | nan     | nan      | nan    | nan     |
| nan     | nan    | nan      | nan    | nan     | nan        | nan    | nan        | nan     | nan     | nan     | nan    | nan     | nan     | nan     | nan    | nan        | nan     | nan     | nan    | nan     | nan     | nan     | nan       | nan      | nan    | nan     | nan      | nan    | nan     |
| nan     | nan    | nan      | nan    | nan     | nan        | nan    | nan        | nan     | nan     | nan     | nan    | nan     | nan     | nan     | nan    | nan        | nan     | nan     | nan    | nan     | nan     | nan     | nan       | nan      | nan    | nan     | nan      | nan    | nan     |

STORING PATH IS NONEEEEEE
SAVING THE MODEL
/leonardo_work/try24_antoniet/rcasciot/neuromodAI/SoftHebb-main/Training/results/hebb/result/network/IMG_C10_CL/models

 ********** Hebbian Unsupervised learning of blocks [1] **********
SEED:  0
BEFORE RESIZING
Files already downloaded and verified
AFTER RESIZING
Files already downloaded and verified
INDICES:  50000
IMAGE SIZE: torch.Size([10, 3, 160, 160])
SAVING FOLDER FOR UNSUP:  IMG_C10_CL
INSIDE EVALUATE UNSUP
INSIDE EVALUATE UNSUP RETURNED 0,0
Epoch: [1/1]	lr: 5.71e-01	time: 00:08:56	Acc_train 0.00	Acc_test 0.00	convergence: 2.40e+01	R1: 0	Info MB:0.000e+00/SB:0.000e+00/MW:2.516e-02/SW:1.649e-01/MR:3.137e+00/SR:1.480e+00/MeD:1.298e+00/MaD:4.221e+00/MW:0.668/MAW:0.332
|        0 |        1 |        2 |       3 |       4 |        5 |        6 |          7 |          8 |        9 |       10 |       11 |       12 |       13 |       14 |         15 |         16 |         17 |       18 |       19 |         20 |       21 |         22 |       23 |         24 |         25 |       26 |      27 |         28 |       29 |
|----------+----------+----------+---------+---------+----------+----------+------------+------------+----------+----------+----------+----------+----------+----------+------------+------------+------------+----------+----------+------------+----------+------------+----------+------------+------------+----------+---------+------------+----------|
|   0.0146 |   0.0207 |   0.0283 |   0.018 |   0.023 |   0.0235 |   0.0238 |   5.84e-07 |   6.19e-05 |   0.0105 |   0.0069 |   0.0221 |   0.0249 |   0.0081 |   0.0149 |   6.08e-05 |   5.28e-05 |   0.000139 |   0.0257 |   0.0204 |   0.000775 |   0.0243 |   0.000426 |   0.0223 |   0.000484 |   0.000435 |   0.0233 |   0.021 |   2.97e-05 |   0.0263 |
|   2.65   |   3.63   |   5      |   3.19  |   4.04  |   4.12   |   4.18   |   1        |   1        |   2.06   |   1.61   |   3.88   |   4.37   |   1.75   |   2.7    |   1        |   1        |   1        |   4.53   |   3.58   |   1.03     |   4.26   |   1.01     |   3.91   |   1.02     |   1.02     |   4.09   |   3.69  |   1        |   4.62   |
|   0.04   |   0.17   |   0.24   |   0.1   |   0.21  |   0.14   |   0.17   |  13.89     |   1.12     |   0.13   |   0.11   |   0.17   |   0.18   |   0.23   |   0.14   |   1.12     |   1.18     |   0.95     |   0.19   |   0.12   |   0.39     |   0.2    |   0.45     |   0.15   |   0.35     |   0.41     |   0.15   |   0.17  |   1.75     |   0.12   |
| nan      | nan      | nan      | nan     | nan     | nan      | nan      | nan        | nan        | nan      | nan      | nan      | nan      | nan      | nan      | nan        | nan        | nan        | nan      | nan      | nan        | nan      | nan        | nan      | nan        | nan        | nan      | nan     | nan        | nan      |
| nan      | nan      | nan      | nan     | nan     | nan      | nan      | nan        | nan        | nan      | nan      | nan      | nan      | nan      | nan      | nan        | nan        | nan        | nan      | nan      | nan        | nan      | nan        | nan      | nan        | nan        | nan      | nan     | nan        | nan      |
| nan      | nan      | nan      | nan     | nan     | nan      | nan      | nan        | nan        | nan      | nan      | nan      | nan      | nan      | nan      | nan        | nan        | nan        | nan      | nan      | nan        | nan      | nan        | nan      | nan        | nan        | nan      | nan     | nan        | nan      |

STORING PATH IS NONEEEEEE
SAVING THE MODEL
/leonardo_work/try24_antoniet/rcasciot/neuromodAI/SoftHebb-main/Training/results/hebb/result/network/IMG_C10_CL/models

 ********** Hebbian Unsupervised learning of blocks [2] **********
SEED:  0
BEFORE RESIZING
Files already downloaded and verified
AFTER RESIZING
Files already downloaded and verified
INDICES:  50000
IMAGE SIZE: torch.Size([10, 3, 160, 160])
SAVING FOLDER FOR UNSUP:  IMG_C10_CL
INSIDE EVALUATE UNSUP
INSIDE EVALUATE UNSUP RETURNED 0,0
Epoch: [1/1]	lr: 1.08e-01	time: 00:12:32	Acc_train 0.00	Acc_test 0.00	convergence: 2.40e+01	R1: 0	Info MB:0.000e+00/SB:0.000e+00/MW:5.247e-03/SW:1.144e-01/MR:4.487e+00/SR:1.587e+00/MeD:1.178e+00/MaD:7.108e+00/MW:0.645/MAW:0.355
|        0 |        1 |        2 |       3 |        4 |        5 |        6 |        7 |        8 |        9 |       10 |       11 |      12 |       13 |        14 |       15 |       16 |       17 |         18 |       19 |       20 |       21 |       22 |       23 |       24 |       25 |       26 |       27 |       28 |       29 |
|----------+----------+----------+---------+----------+----------+----------+----------+----------+----------+----------+----------+---------+----------+-----------+----------+----------+----------+------------+----------+----------+----------+----------+----------+----------+----------+----------+----------+----------+----------|
|   0.0265 |   0.0303 |   0.0251 |   0.018 |   0.0188 |   0.0342 |   0.0201 |   0.0178 |   0.0311 |   0.0273 |   0.0354 |   0.0253 |   0.016 |   0.0304 |   0.00192 |   0.0291 |   0.0311 |   0.0293 |   0.000245 |   0.0323 |   0.0245 |   0.0264 |   0.0181 |   0.0291 |   0.0263 |   0.0238 |   0.0255 |   0.0268 |   0.0319 |   0.0173 |
|   4.67   |   5.39   |   4.41   |   3.2   |   3.33   |   6.15   |   3.54   |   3.15   |   5.55   |   4.82   |   6.4    |   4.44   |   2.87  |   5.41   |   1.11    |   5.15   |   5.55   |   5.19   |   1.01     |   5.77   |   4.3    |   4.65   |   3.2    |   5.15   |   4.62   |   4.18   |   4.49   |   4.73   |   5.7    |   3.07   |
|   0.05   |   0.07   |   0.05   |   0.05  |   0.06   |   0.06   |   0.07   |   0.05   |   0.09   |   0.08   |   0.05   |   0.05   |   0.04  |   0.07   |   0.13    |   0.07   |   0.06   |   0.05   |   0.4      |   0.06   |   0.06   |   0.05   |   0.06   |   0.05   |   0.07   |   0.06   |   0.06   |   0.06   |   0.05   |   0.07   |
| nan      | nan      | nan      | nan     | nan      | nan      | nan      | nan      | nan      | nan      | nan      | nan      | nan     | nan      | nan       | nan      | nan      | nan      | nan        | nan      | nan      | nan      | nan      | nan      | nan      | nan      | nan      | nan      | nan      | nan      |
| nan      | nan      | nan      | nan     | nan      | nan      | nan      | nan      | nan      | nan      | nan      | nan      | nan     | nan      | nan       | nan      | nan      | nan      | nan        | nan      | nan      | nan      | nan      | nan      | nan      | nan      | nan      | nan      | nan      | nan      |
| nan      | nan      | nan      | nan     | nan      | nan      | nan      | nan      | nan      | nan      | nan      | nan      | nan     | nan      | nan       | nan      | nan      | nan      | nan        | nan      | nan      | nan      | nan      | nan      | nan      | nan      | nan      | nan      | nan      | nan      |

STORING PATH IS NONEEEEEE
SAVING THE MODEL
/leonardo_work/try24_antoniet/rcasciot/neuromodAI/SoftHebb-main/Training/results/hebb/result/network/IMG_C10_CL/models

 ********** Hebbian Unsupervised learning of blocks [3] **********
SEED:  0
BEFORE RESIZING
Files already downloaded and verified
AFTER RESIZING
Files already downloaded and verified
INDICES:  50000
IMAGE SIZE: torch.Size([10, 3, 160, 160])
SAVING FOLDER FOR UNSUP:  IMG_C10_CL
INSIDE EVALUATE UNSUP
INSIDE EVALUATE UNSUP RETURNED 0,0
Epoch: [1/1]	lr: 3.65e-02	time: 00:16:51	Acc_train 0.00	Acc_test 0.00	convergence: 2.40e+01	R1: 0	Info MB:0.000e+00/SB:0.000e+00/MW:-2.507e-04/SW:9.448e-02/MR:7.002e+00/SR:3.560e+00/MeD:2.916e+00/MaD:9.623e+00/MW:0.631/MAW:0.369
|         0 |        1 |        2 |       3 |        4 |        5 |          6 |        7 |         8 |        9 |      10 |       11 |       12 |       13 |        14 |       15 |       16 |       17 |         18 |       19 |       20 |      21 |     22 |         23 |       24 |       25 |       26 |      27 |       28 |         29 |
|-----------+----------+----------+---------+----------+----------+------------+----------+-----------+----------+---------+----------+----------+----------+-----------+----------+----------+----------+------------+----------+----------+---------+--------+------------+----------+----------+----------+---------+----------+------------|
|   0.00177 |   0.0321 |   0.0501 |   0.062 |   0.0384 |   0.0539 |   4.72e-06 |   0.0507 |   0.00528 |   0.0336 |   0.038 |   0.0445 |   0.0416 |   0.0311 |   0.00109 |   0.0507 |   0.0529 |   0.0429 |   0.000147 |   0.0474 |   0.0484 |   0.051 |   0.06 |   6.92e-05 |   0.0391 |   0.0378 |   0.0513 |   0.017 |   0.0452 |   9.63e-05 |
|   1.1     |   5.74   |   9.57   |  12.38  |   7.01   |  10.44   |   1        |   9.72   |   1.43    |   6.03   |   6.93  |   8.33   |   7.68   |   5.54   |   1.05    |   9.7    |  10.23   |   7.98   |   1        |   8.96   |   9.18   |   9.79  |  11.89 |   1        |   7.16   |   6.88   |   9.85   |   3.04  |   8.46   |   1        |
|   0       |   0.02   |   0.02   |   0.02  |   0.02   |   0.02   |  13.39     |   0.02   |   0.03    |   0.02   |   0.02  |   0.02   |   0.02   |   0.02   |   0.05    |   0.02   |   0.01   |   0.02   |   0.3      |   0.01   |   0      |   0.01  |   0.02 |   0.59     |   0.02   |   0.02   |   0.01   |   0.02  |   0.01   |   0.27     |
| nan       | nan      | nan      | nan     | nan      | nan      | nan        | nan      | nan       | nan      | nan     | nan      | nan      | nan      | nan       | nan      | nan      | nan      | nan        | nan      | nan      | nan     | nan    | nan        | nan      | nan      | nan      | nan     | nan      | nan        |
| nan       | nan      | nan      | nan     | nan      | nan      | nan        | nan      | nan       | nan      | nan     | nan      | nan      | nan      | nan       | nan      | nan      | nan      | nan        | nan      | nan      | nan     | nan    | nan        | nan      | nan      | nan      | nan     | nan      | nan        |
| nan       | nan      | nan      | nan     | nan      | nan      | nan        | nan      | nan       | nan      | nan     | nan      | nan      | nan      | nan       | nan      | nan      | nan      | nan        | nan      | nan      | nan     | nan    | nan        | nan      | nan      | nan      | nan     | nan      | nan        |

STORING PATH IS NONEEEEEE
SAVING THE MODEL
/leonardo_work/try24_antoniet/rcasciot/neuromodAI/SoftHebb-main/Training/results/hebb/result/network/IMG_C10_CL/models

 ********** Hebbian Unsupervised learning of blocks [4] **********
SEED:  0
BEFORE RESIZING
Files already downloaded and verified
AFTER RESIZING
Files already downloaded and verified
INDICES:  50000
IMAGE SIZE: torch.Size([10, 3, 160, 160])
SAVING FOLDER FOR UNSUP:  IMG_C10_CL
INSIDE EVALUATE UNSUP
INSIDE EVALUATE UNSUP RETURNED 0,0
Epoch: [1/1]	lr: 2.48e-02	time: 00:25:21	Acc_train 0.00	Acc_test 0.00	convergence: 1.60e+01	R1: 61	Info MB:0.000e+00/SB:0.000e+00/MW:1.521e-03/SW:1.089e-01/MR:1.699e+01/SR:6.237e+00/MeD:4.746e+00/MaD:1.644e+01/MW:0.592/MAW:0.408
|        0 |        1 |        2 |        3 |       4 |        5 |        6 |       7 |        8 |       9 |       10 |       11 |       12 |       13 |       14 |       15 |       16 |       17 |       18 |       19 |       20 |       21 |      22 |       23 |      24 |       25 |       26 |       27 |      28 |      29 |
|----------+----------+----------+----------+---------+----------+----------+---------+----------+---------+----------+----------+----------+----------+----------+----------+----------+----------+----------+----------+----------+----------+---------+----------+---------+----------+----------+----------+---------+---------|
|   0.0937 |   0.0921 |   0.0883 |   0.0994 |   0.111 |   0.0988 |   0.0993 |   0.101 |   0.0789 |   0.087 |   0.0172 |   0.0847 |   0.0915 |   0.0796 |   0.0884 |   0.0639 |   0.0938 |   0.0816 |   0.0101 |   0.0966 |   0.0862 |   0.0709 |   0.088 |   0.0916 |   0.108 |   0.0564 |   0.0964 |   0.0687 |   0.081 |   0.089 |
|  20.74   |  20.3    |  19.25   |  22.38   |  25.82  |  22.2    |  22.35   |  22.84  |  16.7    |  18.89  |   3.06   |  18.28   |  20.15   |  16.89   |  19.28   |  12.86   |  20.77   |  17.43   |   2.01   |  21.58   |  18.69   |  14.63   |  19.16  |  20.17   |  24.97  |  11.03   |  21.53   |  14.07   |  17.26  |  19.43  |
|   0      |   0.01   |   0      |   0      |   0.01  |   0      |   0      |   0.01  |   0.01   |   0     |   0.01   |   0      |   0      |   0      |   0.01   |   0      |   0.01   |   0.01   |   0.02   |   0.01   |   0      |   0.01   |   0     |   0      |   0     |   0.01   |   0      |   0.01   |   0     |   0     |
| nan      | nan      | nan      | nan      | nan     | nan      | nan      | nan     | nan      | nan     | nan      | nan      | nan      | nan      | nan      | nan      | nan      | nan      | nan      | nan      | nan      | nan      | nan     | nan      | nan     | nan      | nan      | nan      | nan     | nan     |
| nan      | nan      | nan      | nan      | nan     | nan      | nan      | nan     | nan      | nan     | nan      | nan      | nan      | nan      | nan      | nan      | nan      | nan      | nan      | nan      | nan      | nan      | nan     | nan      | nan     | nan      | nan      | nan      | nan     | nan     |
| nan      | nan      | nan      | nan      | nan     | nan      | nan      | nan     | nan      | nan     | nan      | nan      | nan      | nan      | nan      | nan      | nan      | nan      | nan      | nan      | nan      | nan      | nan     | nan      | nan     | nan      | nan      | nan      | nan     | nan     |

STORING PATH IS NONEEEEEE
SAVING THE MODEL
/leonardo_work/try24_antoniet/rcasciot/neuromodAI/SoftHebb-main/Training/results/hebb/result/network/IMG_C10_CL/models

 ********** Supervised learning of blocks [5] **********
SAVING FOLDER FOR SUP:  IMG_C10_CL
SEED:  0
BEFORE RESIZING
Files already downloaded and verified
AFTER RESIZING
Files already downloaded and verified
INDICES:  50000
IMAGE SIZE: torch.Size([64, 3, 160, 160])
Epoch: [1/50]	lr: 1.00e-03	time: 00:27:17	Loss_train 9.04259	Acc_train 56.48	/	Loss_test 0.39591	Acc_test 66.87
STORING PATH IS NONEEEEEE
SAVING THE MODEL
/leonardo_work/try24_antoniet/rcasciot/neuromodAI/SoftHebb-main/Training/results/hebb/result/network/IMG_C10_CL/models
Epoch: [10/50]	lr: 1.00e-03	time: 00:39:16	Loss_train 3.55355	Acc_train 79.58	/	Loss_test 0.33062	Acc_test 77.06
STORING PATH IS NONEEEEEE
SAVING THE MODEL
/leonardo_work/try24_antoniet/rcasciot/neuromodAI/SoftHebb-main/Training/results/hebb/result/network/IMG_C10_CL/models
Epoch: [20/50]	lr: 2.50e-04	time: 00:52:35	Loss_train 0.85186	Acc_train 92.51	/	Loss_test 0.25961	Acc_test 80.40
STORING PATH IS NONEEEEEE
SAVING THE MODEL
/leonardo_work/try24_antoniet/rcasciot/neuromodAI/SoftHebb-main/Training/results/hebb/result/network/IMG_C10_CL/models
Epoch: [30/50]	lr: 1.25e-04	time: 01:05:52	Loss_train 0.37427	Acc_train 95.78	/	Loss_test 0.25441	Acc_test 80.89
STORING PATH IS NONEEEEEE
SAVING THE MODEL
/leonardo_work/try24_antoniet/rcasciot/neuromodAI/SoftHebb-main/Training/results/hebb/result/network/IMG_C10_CL/models
Epoch: [40/50]	lr: 3.13e-05	time: 01:19:09	Loss_train 0.21077	Acc_train 97.17	/	Loss_test 0.23491	Acc_test 81.51
STORING PATH IS NONEEEEEE
SAVING THE MODEL
/leonardo_work/try24_antoniet/rcasciot/neuromodAI/SoftHebb-main/Training/results/hebb/result/network/IMG_C10_CL/models
Epoch: [50/50]	lr: 7.81e-06	time: 01:32:25	Loss_train 0.17626	Acc_train 97.51	/	Loss_test 0.23248	Acc_test 81.76
STORING PATH IS NONEEEEEE
SAVING THE MODEL
/leonardo_work/try24_antoniet/rcasciot/neuromodAI/SoftHebb-main/Training/results/hebb/result/network/IMG_C10_CL/models
RESULT:  {'train_loss': 0.176261305809021, 'train_acc': 97.51039743423462, 'test_loss': 0.23248298466205597, 'test_acc': 81.76000213623047, 'convergence': 15.993778228759766, 'R1': 61, 'dataset_sup': {'name': 'CIFAR10', 'noise_std': 0, 'channels': 3, 'width': 32, 'height': 32, 'validation_split': 0.2, 'training_sample': 50000, 'testing_sample': 10000, 'out_channels': 10, 'num_workers': 0, 'seed': 0, 'shuffle': True, 'batch_size': 64, 'augmentation': False, 'zca_whitened': False, 'training_class': 'all', 'split': 'train', 'nb_epoch': 50, 'print_freq': 10, 'validation': False, 'continual_learning': True, 'old_dataset_size': 160}, 'dataset_unsup': {'name': 'CIFAR10', 'noise_std': 0, 'channels': 3, 'width': 32, 'height': 32, 'validation_split': 0.2, 'training_sample': 50000, 'testing_sample': 10000, 'out_channels': 10, 'num_workers': 0, 'seed': 0, 'shuffle': True, 'batch_size': 10, 'augmentation': False, 'zca_whitened': False, 'training_class': 'all', 'split': 'train', 'nb_epoch': 1, 'print_freq': 10, 'validation': False, 'continual_learning': True, 'old_dataset_size': 160}, 'train_config': {'t0': {'blocks': [0], 'mode': 'unsupervised', 'lr': 0.08, 'nb_epoch': 1, 'batch_size': 10, 'print_freq': 10}, 't2': {'blocks': [1], 'mode': 'unsupervised', 'lr': 0.01, 'nb_epoch': 1, 'batch_size': 10, 'print_freq': 10}, 't4': {'blocks': [2], 'mode': 'unsupervised', 'lr': 0.01, 'nb_epoch': 1, 'batch_size': 10, 'print_freq': 10}, 't6': {'blocks': [3], 'mode': 'unsupervised', 'lr': 0.01, 'nb_epoch': 1, 'batch_size': 10, 'print_freq': 10}, 't8': {'blocks': [4], 'mode': 'unsupervised', 'lr': 0.01, 'nb_epoch': 1, 'batch_size': 10, 'print_freq': 10}, 't10': {'blocks': [5], 'mode': 'supervised', 'lr': 0.001, 'nb_epoch': 50, 'batch_size': 64, 'print_freq': 10}}}
IN R1:  {'eval_1': {'test_loss': 10.019317626953125, 'test_acc': 74.16560363769531, 'convergence': 23.99959945678711, 'R1': 0, 'dataset_sup': {'name': 'ImageNette', 'noise_std': 0, 'channels': 3, 'width': 160, 'height': 160, 'validation_split': 0.2, 'training_sample': 9469, 'testing_sample': 10000, 'out_channels': 10, 'num_workers': 4, 'seed': 0, 'shuffle': True, 'batch_size': 32, 'augmentation': True, 'zca_whitened': False, 'training_class': 'all', 'split': 'train', 'px': 160, 'nb_epoch': 200, 'print_freq': 50, 'validation': False, 'continual_learning': False}, 'dataset_unsup': {'name': 'ImageNette', 'noise_std': 0, 'channels': 3, 'width': 160, 'height': 160, 'validation_split': 0.2, 'training_sample': 9469, 'testing_sample': 10000, 'out_channels': 10, 'num_workers': 0, 'seed': 0, 'shuffle': True, 'batch_size': 10, 'augmentation': False, 'zca_whitened': False, 'training_class': 'all', 'split': 'train', 'px': 160, 'nb_epoch': 1, 'print_freq': 10, 'validation': False, 'continual_learning': False}}, 'R1': {'train_loss': 0.176261305809021, 'train_acc': 97.51039743423462, 'test_loss': 0.23248298466205597, 'test_acc': 81.76000213623047, 'convergence': 15.993778228759766, 'R1': 61, 'dataset_sup': {'name': 'CIFAR10', 'noise_std': 0, 'channels': 3, 'width': 32, 'height': 32, 'validation_split': 0.2, 'training_sample': 50000, 'testing_sample': 10000, 'out_channels': 10, 'num_workers': 0, 'seed': 0, 'shuffle': True, 'batch_size': 64, 'augmentation': False, 'zca_whitened': False, 'training_class': 'all', 'split': 'train', 'nb_epoch': 50, 'print_freq': 10, 'validation': False, 'continual_learning': True, 'old_dataset_size': 160}, 'dataset_unsup': {'name': 'CIFAR10', 'noise_std': 0, 'channels': 3, 'width': 32, 'height': 32, 'validation_split': 0.2, 'training_sample': 50000, 'testing_sample': 10000, 'out_channels': 10, 'num_workers': 0, 'seed': 0, 'shuffle': True, 'batch_size': 10, 'augmentation': False, 'zca_whitened': False, 'training_class': 'all', 'split': 'train', 'nb_epoch': 1, 'print_freq': 10, 'validation': False, 'continual_learning': True, 'old_dataset_size': 160}, 'train_config': {'t0': {'blocks': [0], 'mode': 'unsupervised', 'lr': 0.08, 'nb_epoch': 1, 'batch_size': 10, 'print_freq': 10}, 't2': {'blocks': [1], 'mode': 'unsupervised', 'lr': 0.01, 'nb_epoch': 1, 'batch_size': 10, 'print_freq': 10}, 't4': {'blocks': [2], 'mode': 'unsupervised', 'lr': 0.01, 'nb_epoch': 1, 'batch_size': 10, 'print_freq': 10}, 't6': {'blocks': [3], 'mode': 'unsupervised', 'lr': 0.01, 'nb_epoch': 1, 'batch_size': 10, 'print_freq': 10}, 't8': {'blocks': [4], 'mode': 'unsupervised', 'lr': 0.01, 'nb_epoch': 1, 'batch_size': 10, 'print_freq': 10}, 't10': {'blocks': [5], 'mode': 'supervised', 'lr': 0.001, 'nb_epoch': 50, 'batch_size': 64, 'print_freq': 10}}}}
SEED:  0
block 0, size : 48 80 80
range = 2.886751345948129
block 1, size : 192 40 40
range = 1.2028130608117202
block 2, size : 768 20 20
range = 0.6014065304058601
block 3, size : 3072 10 10
range = 0.30070326520293006
block 4, size : 12288 5 5
range = 0.15035163260146503
range = 0.03125
The device used will be: 
True
cuda:0
CONFIG: {'arch': 'CNN', 'nb_train': None, 'lr': 0.08, 'adaptive': True, 'lr_sup': 0.001, 'speed': 7, 'lr_div': 96, 'lebesgue_p': 2, 'padding_mode': 'reflect', 'pre_triangle': False, 'ranking_param': 3, 'delta': 2, 't_invert': 1.1, 'groups': 1, 'stride': 1, 'dilation': 1, 'beta': 1, 'power': 4.5, 'padding': 2, 'weight_init': 'normal', 'weight_init_range': 2.886751345948129, 'weight_init_offset': 0, 'mask_thsd': 0, 'radius': 25, 'power_lr': 0.75, 'weight_decay': 0, 'soft_activation_fn': 'exp', 'hebbian': True, 'resume': None, 'add_bias': False, 'normalize_inp': False, 'lr_decay': 'linear', 'seed': 0, 'softness': 'softkrotov', 'out_channels': 48, 'kernel_size': 5, 'in_channels': 3, 'lr_scheduler': {'lr': 0.08, 'adaptive': True, 'nb_epochs': 1, 'ratio': 0.0010560777273207309, 'speed': 7, 'div': 96, 'decay': 'linear', 'power_lr': 0.75}}
CONFIG: {'arch': 'CNN', 'nb_train': None, 'lr': 0.01, 'adaptive': True, 'lr_sup': 0.001, 'speed': 7, 'lr_div': 96, 'lebesgue_p': 2, 'padding_mode': 'reflect', 'pre_triangle': False, 'ranking_param': 3, 'delta': 2, 't_invert': 0.7, 'groups': 1, 'stride': 1, 'dilation': 1, 'beta': 1, 'power': 4.5, 'padding': 1, 'weight_init': 'normal', 'weight_init_range': 1.2028130608117202, 'weight_init_offset': 0, 'mask_thsd': 0, 'radius': 25, 'power_lr': 0.75, 'weight_decay': 0, 'soft_activation_fn': 'exp', 'hebbian': True, 'resume': None, 'add_bias': False, 'normalize_inp': False, 'lr_decay': 'linear', 'seed': 0, 'softness': 'softkrotov', 'out_channels': 192, 'kernel_size': 3, 'in_channels': 48, 'lr_scheduler': {'lr': 0.01, 'adaptive': True, 'nb_epochs': 1, 'ratio': 0.0010560777273207309, 'speed': 7, 'div': 96, 'decay': 'linear', 'power_lr': 0.75}}
CONFIG: {'arch': 'CNN', 'nb_train': None, 'lr': 0.01, 'adaptive': True, 'lr_sup': 0.001, 'speed': 7, 'lr_div': 96, 'lebesgue_p': 2, 'padding_mode': 'reflect', 'pre_triangle': False, 'ranking_param': 3, 'delta': 2, 't_invert': 0.5, 'groups': 1, 'stride': 1, 'dilation': 1, 'beta': 1, 'power': 4.5, 'padding': 1, 'weight_init': 'normal', 'weight_init_range': 0.6014065304058601, 'weight_init_offset': 0, 'mask_thsd': 0, 'radius': 25, 'power_lr': 0.75, 'weight_decay': 0, 'soft_activation_fn': 'exp', 'hebbian': True, 'resume': None, 'add_bias': False, 'normalize_inp': False, 'lr_decay': 'linear', 'seed': 0, 'softness': 'softkrotov', 'out_channels': 768, 'kernel_size': 3, 'in_channels': 192, 'lr_scheduler': {'lr': 0.01, 'adaptive': True, 'nb_epochs': 1, 'ratio': 0.0010560777273207309, 'speed': 7, 'div': 96, 'decay': 'linear', 'power_lr': 0.75}}
CONFIG: {'arch': 'CNN', 'nb_train': None, 'lr': 0.01, 'adaptive': True, 'lr_sup': 0.001, 'speed': 7, 'lr_div': 96, 'lebesgue_p': 2, 'padding_mode': 'reflect', 'pre_triangle': False, 'ranking_param': 3, 'delta': 2, 't_invert': 0.4, 'groups': 1, 'stride': 1, 'dilation': 1, 'beta': 1, 'power': 4.5, 'padding': 1, 'weight_init': 'normal', 'weight_init_range': 0.30070326520293006, 'weight_init_offset': 0, 'mask_thsd': 0, 'radius': 25, 'power_lr': 0.75, 'weight_decay': 0, 'soft_activation_fn': 'exp', 'hebbian': True, 'resume': None, 'add_bias': False, 'normalize_inp': False, 'lr_decay': 'linear', 'seed': 0, 'softness': 'softkrotov', 'out_channels': 3072, 'kernel_size': 3, 'in_channels': 768, 'lr_scheduler': {'lr': 0.01, 'adaptive': True, 'nb_epochs': 1, 'ratio': 0.0010560777273207309, 'speed': 7, 'div': 96, 'decay': 'linear', 'power_lr': 0.75}}
CONFIG: {'arch': 'CNN', 'nb_train': None, 'lr': 0.01, 'adaptive': True, 'lr_sup': 0.001, 'speed': 7, 'lr_div': 96, 'lebesgue_p': 2, 'padding_mode': 'reflect', 'pre_triangle': False, 'ranking_param': 3, 'delta': 2, 't_invert': 0.25, 'groups': 1, 'stride': 1, 'dilation': 1, 'beta': 1, 'power': 4.5, 'padding': 1, 'weight_init': 'normal', 'weight_init_range': 0.15035163260146503, 'weight_init_offset': 0, 'mask_thsd': 0, 'radius': 25, 'power_lr': 0.75, 'weight_decay': 0, 'soft_activation_fn': 'exp', 'hebbian': True, 'resume': None, 'add_bias': False, 'normalize_inp': False, 'lr_decay': 'linear', 'seed': 0, 'softness': 'softkrotov', 'out_channels': 12288, 'kernel_size': 3, 'in_channels': 3072, 'lr_scheduler': {'lr': 0.01, 'adaptive': True, 'nb_epochs': 1, 'ratio': 0.0010560777273207309, 'speed': 7, 'div': 96, 'decay': 'linear', 'power_lr': 0.75}}
CONFIG: {'arch': 'MLP', 'lr': 0.05, 'adaptive': True, 'lr_sup': 0.001, 'speed': 0.4, 'lr_div': 100, 'lebesgue_p': 2, 't_invert': 10, 'beta': 0.01, 'power': 4.5, 'ranking_param': 3, 'delta': 0.1, 'hebbian': False, 'add_bias': False, 'normalize_inp': False, 'lr_decay': 'linear', 'seed': 0, 'lr_bias': 600, 'softness': 'soft', 'soft_activation_fn': 'exp', 'plasticity': 'SoftHebb', 'metric_mode': 'unsupervised', 'weight_init': 'positive', 'weight_init_range': 0.03125, 'weight_init_offset': 0, 'weight_decay': 0, 'radius': 10, 'power_lr': 0.2, 'out_channels': 10, 'in_channels': 307200, 'old_channels': 12288, 'lr_scheduler': {'decay': 'cste', 'lr': 0.1}}

 Model IMG_C10_CL loaded successfuly with best perf



 ----- Architecture Block BatchNorm2dSK3482(5, 5)1.100000023841858reflect, number 0 -----
- BatchNorm2d(3, eps=1e-05, momentum=0.1, affine=False, track_running_stats=True)
- HebbSoftKrotovConv2d(3, 48, lebesgue_p=2, pruning=0, kernel_size=(5, 5), bias=False, padding_mode=reflect, t_invert=1.100000023841858, bias=False, lr_bias=0.0909, ranking_param=3, delta=2, activation=exp)
- Triangle(power=0.7)
- MaxPool2d(kernel_size=4, stride=2, padding=1, dilation=1, ceil_mode=False)

 ----- Architecture Block BatchNorm2dSK481922(3, 3)0.699999988079071reflect, number 1 -----
- BatchNorm2d(48, eps=1e-05, momentum=0.1, affine=False, track_running_stats=True)
- HebbSoftKrotovConv2d(48, 192, lebesgue_p=2, pruning=0, kernel_size=(3, 3), bias=False, padding_mode=reflect, t_invert=0.699999988079071, bias=False, lr_bias=0.1429, ranking_param=3, delta=2, activation=exp)
- Triangle(power=0.7)
- MaxPool2d(kernel_size=4, stride=2, padding=1, dilation=1, ceil_mode=False)

 ----- Architecture Block BatchNorm2dSK1927682(3, 3)0.5reflect, number 2 -----
- BatchNorm2d(192, eps=1e-05, momentum=0.1, affine=False, track_running_stats=True)
- HebbSoftKrotovConv2d(192, 768, lebesgue_p=2, pruning=0, kernel_size=(3, 3), bias=False, padding_mode=reflect, t_invert=0.5, bias=False, lr_bias=0.2, ranking_param=3, delta=2, activation=exp)
- Triangle(power=0.7)
- MaxPool2d(kernel_size=4, stride=2, padding=1, dilation=1, ceil_mode=False)

 ----- Architecture Block BatchNorm2dSK76830722(3, 3)0.4000000059604645reflect, number 3 -----
- BatchNorm2d(768, eps=1e-05, momentum=0.1, affine=False, track_running_stats=True)
- HebbSoftKrotovConv2d(768, 3072, lebesgue_p=2, pruning=0, kernel_size=(3, 3), bias=False, padding_mode=reflect, t_invert=0.4000000059604645, bias=False, lr_bias=0.25, ranking_param=3, delta=2, activation=exp)
- Triangle(power=1.4)
- MaxPool2d(kernel_size=4, stride=2, padding=1, dilation=1, ceil_mode=False)

 ----- Architecture Block BatchNorm2dSK3072122882(3, 3)0.25reflect, number 4 -----
- BatchNorm2d(3072, eps=1e-05, momentum=0.1, affine=False, track_running_stats=True)
- HebbSoftKrotovConv2d(3072, 12288, lebesgue_p=2, pruning=0, kernel_size=(3, 3), bias=False, padding_mode=reflect, t_invert=0.25, bias=False, lr_bias=0.4, ranking_param=3, delta=2, activation=exp)
- Triangle(power=1.0)
- AvgPool2d(kernel_size=2, stride=2, padding=0)

 ----- Architecture Block FlattenDropout(p=0.5, inplace=False)Linear(in_, number 5 -----
- Flatten(start_dim=1, end_dim=-1)
- Dropout(p=0.5, inplace=False)
- Linear(in_features=307200, out_features=10, bias=True)
SEED:  0
BEFORE RESIZING
AFTER RESIZING
INDICES:  9469
IMAGE SIZE: torch.Size([32, 3, 160, 160])
Accuracy of the network on the 1st dataset: 10.344 %
Test loss on the 1st dataset: 1362.045

