--------------- /leonardo/prod/opt/modulefiles/deeplrn/libraries ---------------
cineca-ai/3.0.0  cineca-ai/4.0.0  cineca-ai/4.1.1(default)  
cineca-ai/3.0.1  cineca-ai/4.1.0  cineca-ai/4.3.0           

Key:
(symbolic-version)  
BLOCKS:  {'b0': {'arch': 'CNN', 'preset': 'softkrotov-c96-k5-p2-s1-d1-b0-t1-lr0.08-lp0.5-e0', 'operation': 'batchnorm2d', 'num': 0, 'batch_norm': False, 'pool': {'type': 'max', 'kernel_size': 4, 'stride': 2, 'padding': 1}, 'activation': {'function': 'triangle', 'param': 0.7}, 'resume': None, 'layer': {'arch': 'CNN', 'nb_train': None, 'lr': 0.08, 'adaptive': True, 'lr_sup': 0.001, 'speed': 7, 'lr_div': 96, 'lebesgue_p': 2, 'padding_mode': 'reflect', 'pre_triangle': False, 'ranking_param': 3, 'delta': 2, 't_invert': 1.0, 'groups': 1, 'stride': 1, 'dilation': 1, 'beta': 1, 'power': 4.5, 'padding': 2, 'weight_init': 'positive', 'weight_init_range': 2, 'weight_init_offset': 0, 'mask_thsd': 0, 'radius': 25, 'power_lr': 0.5, 'weight_decay': 0, 'soft_activation_fn': 'exp', 'hebbian': True, 'resume': None, 'add_bias': False, 'normalize_inp': False, 'lr_decay': 'linear', 'seed': 0, 'softness': 'softkrotov', 'out_channels': 96, 'kernel_size': 5}}, 'b1': {'arch': 'CNN', 'preset': 'softkrotov-c384-k3-p1-s1-d1-b0-t0.65-lr0.005-lp0.5-e0', 'operation': 'batchnorm2d', 'num': 1, 'batch_norm': False, 'pool': {'type': 'max', 'kernel_size': 4, 'stride': 2, 'padding': 1}, 'activation': {'function': 'triangle', 'param': 1.4}, 'resume': None, 'layer': {'arch': 'CNN', 'nb_train': None, 'lr': 0.005, 'adaptive': True, 'lr_sup': 0.001, 'speed': 7, 'lr_div': 96, 'lebesgue_p': 2, 'padding_mode': 'reflect', 'pre_triangle': False, 'ranking_param': 3, 'delta': 2, 't_invert': 0.65, 'groups': 1, 'stride': 1, 'dilation': 1, 'beta': 1, 'power': 4.5, 'padding': 1, 'weight_init': 'positive', 'weight_init_range': 2, 'weight_init_offset': 0, 'mask_thsd': 0, 'radius': 25, 'power_lr': 0.5, 'weight_decay': 0, 'soft_activation_fn': 'exp', 'hebbian': True, 'resume': None, 'add_bias': False, 'normalize_inp': False, 'lr_decay': 'linear', 'seed': 0, 'softness': 'softkrotov', 'out_channels': 384, 'kernel_size': 3}}, 'b2': {'arch': 'CNN', 'preset': 'softkrotov-c1536-k3-p1-s1-d1-b0-t0.25-lr0.01-lp0.5-e0', 'operation': 'batchnorm2d', 'num': 2, 'batch_norm': False, 'pool': {'type': 'avg', 'kernel_size': 2, 'stride': 2, 'padding': 0}, 'activation': {'function': 'triangle', 'param': 1.0}, 'resume': None, 'layer': {'arch': 'CNN', 'nb_train': None, 'lr': 0.01, 'adaptive': True, 'lr_sup': 0.001, 'speed': 7, 'lr_div': 96, 'lebesgue_p': 2, 'padding_mode': 'reflect', 'pre_triangle': False, 'ranking_param': 3, 'delta': 2, 't_invert': 0.25, 'groups': 1, 'stride': 1, 'dilation': 1, 'beta': 1, 'power': 4.5, 'padding': 1, 'weight_init': 'positive', 'weight_init_range': 2, 'weight_init_offset': 0, 'mask_thsd': 0, 'radius': 25, 'power_lr': 0.5, 'weight_decay': 0, 'soft_activation_fn': 'exp', 'hebbian': True, 'resume': None, 'add_bias': False, 'normalize_inp': False, 'lr_decay': 'linear', 'seed': 0, 'softness': 'softkrotov', 'out_channels': 1536, 'kernel_size': 3}}, 'b3': {'arch': 'MLP', 'preset': 'BP-c10', 'operation': 'flatten', 'num': 3, 'att_dropout': None, 'dropout': 0.5, 'layer': {'arch': 'MLP', 'lr': 0.05, 'adaptive': True, 'lr_sup': 0.001, 'speed': 0.4, 'lr_div': 100, 'lebesgue_p': 2, 't_invert': 10, 'beta': 0.01, 'power': 4.5, 'ranking_param': 3, 'delta': 0.1, 'hebbian': False, 'add_bias': False, 'normalize_inp': False, 'lr_decay': 'linear', 'seed': 0, 'lr_bias': 600, 'softness': 'soft', 'soft_activation_fn': 'exp', 'plasticity': 'SoftHebb', 'metric_mode': 'unsupervised', 'weight_init': 'positive', 'weight_init_range': 0.25, 'weight_init_offset': 0, 'weight_decay': 0, 'radius': 10, 'power_lr': 0.2, 'out_channels': 10}, 'pool': None, 'activation': None}}
CL:  True
{'name': 'CIFAR10', 'noise_std': 0, 'channels': 3, 'width': 32, 'height': 32, 'validation_split': 0.2, 'training_sample': 50000, 'testing_sample': 10000, 'out_channels': 10, 'num_workers': 0, 'seed': 0, 'shuffle': True, 'batch_size': 64, 'augmentation': False, 'zca_whitened': False, 'training_class': 'all', 'split': 'train', 'nb_epoch': 50, 'print_freq': 10, 'validation': False, 'continual_learning': True}
CL:  False
{'name': 'CIFAR10', 'noise_std': 0, 'channels': 3, 'width': 32, 'height': 32, 'validation_split': 0.2, 'training_sample': 50000, 'testing_sample': 10000, 'out_channels': 10, 'num_workers': 0, 'seed': 0, 'shuffle': True, 'batch_size': 64, 'augmentation': False, 'zca_whitened': False, 'training_class': 'all', 'split': 'train', 'nb_epoch': 50, 'print_freq': 10, 'validation': False, 'continual_learning': False}
CL:  False
{'name': 'CIFAR10', 'noise_std': 0, 'channels': 3, 'width': 32, 'height': 32, 'validation_split': 0.2, 'training_sample': 50000, 'testing_sample': 10000, 'out_channels': 10, 'num_workers': 0, 'seed': 0, 'shuffle': True, 'batch_size': 10, 'augmentation': False, 'zca_whitened': False, 'training_class': 'all', 'split': 'train', 'nb_epoch': 1, 'print_freq': 10, 'validation': False, 'continual_learning': False}
SEED:  0
block 0, size : 96 16 16
range = 2.886751345948129
block 1, size : 384 8 8
range = 0.8505172717997146
block 2, size : 1536 4 4
range = 0.4252586358998573
range = 0.11048543456039805
The device used will be: 
True
cuda:0
CONFIG: {'arch': 'CNN', 'nb_train': None, 'lr': 0.08, 'adaptive': True, 'lr_sup': 0.001, 'speed': 7, 'lr_div': 96, 'lebesgue_p': 2, 'padding_mode': 'reflect', 'pre_triangle': False, 'ranking_param': 3, 'delta': 2, 't_invert': 1.0, 'groups': 1, 'stride': 1, 'dilation': 1, 'beta': 1, 'power': 4.5, 'padding': 2, 'weight_init': 'normal', 'weight_init_range': 2.886751345948129, 'weight_init_offset': 0, 'mask_thsd': 0, 'radius': 25, 'power_lr': 0.5, 'weight_decay': 0, 'soft_activation_fn': 'exp', 'hebbian': True, 'resume': None, 'add_bias': False, 'normalize_inp': False, 'lr_decay': 'linear', 'seed': 0, 'softness': 'softkrotov', 'out_channels': 96, 'kernel_size': 5, 'in_channels': 3, 'lr_scheduler': {'lr': 0.08, 'adaptive': True, 'nb_epochs': 1, 'ratio': 0.0002, 'speed': 7, 'div': 96, 'decay': 'linear', 'power_lr': 0.5}}
CONFIG: {'arch': 'CNN', 'nb_train': None, 'lr': 0.005, 'adaptive': True, 'lr_sup': 0.001, 'speed': 7, 'lr_div': 96, 'lebesgue_p': 2, 'padding_mode': 'reflect', 'pre_triangle': False, 'ranking_param': 3, 'delta': 2, 't_invert': 0.65, 'groups': 1, 'stride': 1, 'dilation': 1, 'beta': 1, 'power': 4.5, 'padding': 1, 'weight_init': 'normal', 'weight_init_range': 0.8505172717997146, 'weight_init_offset': 0, 'mask_thsd': 0, 'radius': 25, 'power_lr': 0.5, 'weight_decay': 0, 'soft_activation_fn': 'exp', 'hebbian': True, 'resume': None, 'add_bias': False, 'normalize_inp': False, 'lr_decay': 'linear', 'seed': 0, 'softness': 'softkrotov', 'out_channels': 384, 'kernel_size': 3, 'in_channels': 96, 'lr_scheduler': {'lr': 0.005, 'adaptive': True, 'nb_epochs': 1, 'ratio': 0.0002, 'speed': 7, 'div': 96, 'decay': 'linear', 'power_lr': 0.5}}
CONFIG: {'arch': 'CNN', 'nb_train': None, 'lr': 0.01, 'adaptive': True, 'lr_sup': 0.001, 'speed': 7, 'lr_div': 96, 'lebesgue_p': 2, 'padding_mode': 'reflect', 'pre_triangle': False, 'ranking_param': 3, 'delta': 2, 't_invert': 0.25, 'groups': 1, 'stride': 1, 'dilation': 1, 'beta': 1, 'power': 4.5, 'padding': 1, 'weight_init': 'normal', 'weight_init_range': 0.4252586358998573, 'weight_init_offset': 0, 'mask_thsd': 0, 'radius': 25, 'power_lr': 0.5, 'weight_decay': 0, 'soft_activation_fn': 'exp', 'hebbian': True, 'resume': None, 'add_bias': False, 'normalize_inp': False, 'lr_decay': 'linear', 'seed': 0, 'softness': 'softkrotov', 'out_channels': 1536, 'kernel_size': 3, 'in_channels': 384, 'lr_scheduler': {'lr': 0.01, 'adaptive': True, 'nb_epochs': 1, 'ratio': 0.0002, 'speed': 7, 'div': 96, 'decay': 'linear', 'power_lr': 0.5}}
CONFIG: {'arch': 'MLP', 'lr': 0.05, 'adaptive': True, 'lr_sup': 0.001, 'speed': 0.4, 'lr_div': 100, 'lebesgue_p': 2, 't_invert': 10, 'beta': 0.01, 'power': 4.5, 'ranking_param': 3, 'delta': 0.1, 'hebbian': False, 'add_bias': False, 'normalize_inp': False, 'lr_decay': 'linear', 'seed': 0, 'lr_bias': 600, 'softness': 'soft', 'soft_activation_fn': 'exp', 'plasticity': 'SoftHebb', 'metric_mode': 'unsupervised', 'weight_init': 'positive', 'weight_init_range': 0.11048543456039805, 'weight_init_offset': 0, 'weight_decay': 0, 'radius': 10, 'power_lr': 0.2, 'out_channels': 10, 'in_channels': 24576, 'old_channels': 1536, 'lr_scheduler': {'decay': 'cste', 'lr': 0.1}}

 Model CIFAR10_STL10_CL loaded successfuly with best perf



 ----- Architecture Block BatchNorm2dSK3962(5, 5)1.0reflect, number 0 -----
- BatchNorm2d(3, eps=1e-05, momentum=0.1, affine=False, track_running_stats=True)
- HebbSoftKrotovConv2d(3, 96, lebesgue_p=2, pruning=0, kernel_size=(5, 5), bias=False, padding_mode=reflect, t_invert=1.0, bias=False, lr_bias=0.1, ranking_param=3, delta=2, activation=exp)
- Triangle(power=0.7)
- MaxPool2d(kernel_size=4, stride=2, padding=1, dilation=1, ceil_mode=False)

 ----- Architecture Block BatchNorm2dSK963842(3, 3)0.6499999761581421reflect, number 1 -----
- BatchNorm2d(96, eps=1e-05, momentum=0.1, affine=False, track_running_stats=True)
- HebbSoftKrotovConv2d(96, 384, lebesgue_p=2, pruning=0, kernel_size=(3, 3), bias=False, padding_mode=reflect, t_invert=0.6499999761581421, bias=False, lr_bias=0.1538, ranking_param=3, delta=2, activation=exp)
- Triangle(power=1.4)
- MaxPool2d(kernel_size=4, stride=2, padding=1, dilation=1, ceil_mode=False)

 ----- Architecture Block BatchNorm2dSK38415362(3, 3)0.25reflect, number 2 -----
- BatchNorm2d(384, eps=1e-05, momentum=0.1, affine=False, track_running_stats=True)
- HebbSoftKrotovConv2d(384, 1536, lebesgue_p=2, pruning=0, kernel_size=(3, 3), bias=False, padding_mode=reflect, t_invert=0.25, bias=False, lr_bias=0.4, ranking_param=3, delta=2, activation=exp)
- Triangle(power=1.0)
- AvgPool2d(kernel_size=2, stride=2, padding=0)

 ----- Architecture Block FlattenDropout(p=0.5, inplace=False)Linear(in_, number 3 -----
- Flatten(start_dim=1, end_dim=-1)
- Dropout(p=0.5, inplace=False)
- Linear(in_features=24576, out_features=10, bias=True)
SEED:  0
BEFORE RESIZING
Files already downloaded and verified
AFTER RESIZING
Files already downloaded and verified
INDICES:  50000
IMAGE SIZE: torch.Size([64, 3, 32, 32])
Accuracy of the network on the 1st dataset: 80.320 %
Test loss on the 1st dataset: 0.015
CL:  True
{'name': 'STL10', 'noise_std': 0, 'channels': 3, 'width': 96, 'height': 96, 'validation_split': 0.2, 'training_sample': 5000, 'testing_sample': 10000, 'out_channels': 10, 'num_workers': 0, 'seed': 0, 'shuffle': True, 'batch_size': 32, 'augmentation': False, 'zca_whitened': False, 'training_class': 'all', 'split': 'train', 'nb_epoch': 50, 'print_freq': 10, 'validation': False, 'continual_learning': True}
CL:  True
{'name': 'STL10', 'noise_std': 0, 'channels': 3, 'width': 96, 'height': 96, 'validation_split': 0.2, 'training_sample': 5000, 'testing_sample': 10000, 'out_channels': 10, 'num_workers': 0, 'seed': 0, 'shuffle': True, 'batch_size': 32, 'augmentation': False, 'zca_whitened': False, 'training_class': 'all', 'split': 'train', 'nb_epoch': 1, 'print_freq': 1, 'validation': False, 'continual_learning': True}
SEED:  0
block 0, size : 96 48 48
range = 2.886751345948129
block 1, size : 384 24 24
range = 0.8505172717997146
block 2, size : 1536 12 12
range = 0.4252586358998573
range = 0.036828478186799345
The device used will be: 
True
cuda:0
CONFIG: {'arch': 'CNN', 'nb_train': None, 'lr': 0.08, 'adaptive': True, 'lr_sup': 0.001, 'speed': 7, 'lr_div': 96, 'lebesgue_p': 2, 'padding_mode': 'reflect', 'pre_triangle': False, 'ranking_param': 3, 'delta': 2, 't_invert': 1.0, 'groups': 1, 'stride': 1, 'dilation': 1, 'beta': 1, 'power': 4.5, 'padding': 2, 'weight_init': 'normal', 'weight_init_range': 2.886751345948129, 'weight_init_offset': 0, 'mask_thsd': 0, 'radius': 25, 'power_lr': 0.5, 'weight_decay': 0, 'soft_activation_fn': 'exp', 'hebbian': True, 'resume': None, 'add_bias': False, 'normalize_inp': False, 'lr_decay': 'linear', 'seed': 0, 'softness': 'softkrotov', 'out_channels': 96, 'kernel_size': 5, 'in_channels': 3, 'lr_scheduler': {'lr': 0.08, 'adaptive': True, 'nb_epochs': 1, 'ratio': 0.0002, 'speed': 7, 'div': 96, 'decay': 'linear', 'power_lr': 0.5}}
CONFIG: {'arch': 'CNN', 'nb_train': None, 'lr': 0.005, 'adaptive': True, 'lr_sup': 0.001, 'speed': 7, 'lr_div': 96, 'lebesgue_p': 2, 'padding_mode': 'reflect', 'pre_triangle': False, 'ranking_param': 3, 'delta': 2, 't_invert': 0.65, 'groups': 1, 'stride': 1, 'dilation': 1, 'beta': 1, 'power': 4.5, 'padding': 1, 'weight_init': 'normal', 'weight_init_range': 0.8505172717997146, 'weight_init_offset': 0, 'mask_thsd': 0, 'radius': 25, 'power_lr': 0.5, 'weight_decay': 0, 'soft_activation_fn': 'exp', 'hebbian': True, 'resume': None, 'add_bias': False, 'normalize_inp': False, 'lr_decay': 'linear', 'seed': 0, 'softness': 'softkrotov', 'out_channels': 384, 'kernel_size': 3, 'in_channels': 96, 'lr_scheduler': {'lr': 0.005, 'adaptive': True, 'nb_epochs': 1, 'ratio': 0.0002, 'speed': 7, 'div': 96, 'decay': 'linear', 'power_lr': 0.5}}
CONFIG: {'arch': 'CNN', 'nb_train': None, 'lr': 0.01, 'adaptive': True, 'lr_sup': 0.001, 'speed': 7, 'lr_div': 96, 'lebesgue_p': 2, 'padding_mode': 'reflect', 'pre_triangle': False, 'ranking_param': 3, 'delta': 2, 't_invert': 0.25, 'groups': 1, 'stride': 1, 'dilation': 1, 'beta': 1, 'power': 4.5, 'padding': 1, 'weight_init': 'normal', 'weight_init_range': 0.4252586358998573, 'weight_init_offset': 0, 'mask_thsd': 0, 'radius': 25, 'power_lr': 0.5, 'weight_decay': 0, 'soft_activation_fn': 'exp', 'hebbian': True, 'resume': None, 'add_bias': False, 'normalize_inp': False, 'lr_decay': 'linear', 'seed': 0, 'softness': 'softkrotov', 'out_channels': 1536, 'kernel_size': 3, 'in_channels': 384, 'lr_scheduler': {'lr': 0.01, 'adaptive': True, 'nb_epochs': 1, 'ratio': 0.0002, 'speed': 7, 'div': 96, 'decay': 'linear', 'power_lr': 0.5}}
CONFIG: {'arch': 'MLP', 'lr': 0.05, 'adaptive': True, 'lr_sup': 0.001, 'speed': 0.4, 'lr_div': 100, 'lebesgue_p': 2, 't_invert': 10, 'beta': 0.01, 'power': 4.5, 'ranking_param': 3, 'delta': 0.1, 'hebbian': False, 'add_bias': False, 'normalize_inp': False, 'lr_decay': 'linear', 'seed': 0, 'lr_bias': 600, 'softness': 'soft', 'soft_activation_fn': 'exp', 'plasticity': 'SoftHebb', 'metric_mode': 'unsupervised', 'weight_init': 'positive', 'weight_init_range': 0.11048543456039805, 'weight_init_offset': 0, 'weight_decay': 0, 'radius': 10, 'power_lr': 0.2, 'out_channels': 10, 'in_channels': 24576, 'old_channels': 1536, 'lr_scheduler': {'decay': 'cste', 'lr': 0.1}}

 Model CIFAR10_STL10_CL loaded successfuly with best perf



 ----- Architecture Block BatchNorm2dSK3962(5, 5)1.0reflect, number 0 -----
- BatchNorm2d(3, eps=1e-05, momentum=0.1, affine=False, track_running_stats=True)
- HebbSoftKrotovConv2d(3, 96, lebesgue_p=2, pruning=0, kernel_size=(5, 5), bias=False, padding_mode=reflect, t_invert=1.0, bias=False, lr_bias=0.1, ranking_param=3, delta=2, activation=exp)
- Triangle(power=0.7)
- MaxPool2d(kernel_size=4, stride=2, padding=1, dilation=1, ceil_mode=False)

 ----- Architecture Block BatchNorm2dSK963842(3, 3)0.6499999761581421reflect, number 1 -----
- BatchNorm2d(96, eps=1e-05, momentum=0.1, affine=False, track_running_stats=True)
- HebbSoftKrotovConv2d(96, 384, lebesgue_p=2, pruning=0, kernel_size=(3, 3), bias=False, padding_mode=reflect, t_invert=0.6499999761581421, bias=False, lr_bias=0.1538, ranking_param=3, delta=2, activation=exp)
- Triangle(power=1.4)
- MaxPool2d(kernel_size=4, stride=2, padding=1, dilation=1, ceil_mode=False)

 ----- Architecture Block BatchNorm2dSK38415362(3, 3)0.25reflect, number 2 -----
- BatchNorm2d(384, eps=1e-05, momentum=0.1, affine=False, track_running_stats=True)
- HebbSoftKrotovConv2d(384, 1536, lebesgue_p=2, pruning=0, kernel_size=(3, 3), bias=False, padding_mode=reflect, t_invert=0.25, bias=False, lr_bias=0.4, ranking_param=3, delta=2, activation=exp)
- Triangle(power=1.0)
- AvgPool2d(kernel_size=2, stride=2, padding=0)

 ----- Architecture Block FlattenDropout(p=0.5, inplace=False)Linear(in_, number 3 -----
- Flatten(start_dim=1, end_dim=-1)
- Dropout(p=0.5, inplace=False)
- Linear(in_features=24576, out_features=10, bias=True)

 ********** Hebbian Unsupervised learning of blocks [0] **********
SEED:  0
BEFORE RESIZING
Files already downloaded and verified
AFTER RESIZING
Files already downloaded and verified
INDICES:  5000
IMAGE SIZE: torch.Size([32, 3, 32, 32])
SAVING FOLDER FOR UNSUP:  CIFAR10_STL10_CL
INSIDE EVALUATE UNSUP
INSIDE EVALUATE UNSUP RETURNED 0,0
Epoch: [1/1]	lr: 1.27e-01	time: 00:00:18	Acc_train 0.00	Acc_test 0.00	convergence: 2.40e+01	R1: 0	Info MB:0.000e+00/SB:0.000e+00/MW:1.037e-02/SW:4.907e-01/MR:3.961e+00/SR:1.550e+00/MeD:1.299e+00/MaD:2.961e+00/MW:0.592/MAW:0.408
|       0 |       1 |       2 |      3 |       4 |       5 |         6 |         7 |       8 |       9 |      10 |      11 |      12 |      13 |     14 |      15 |      16 |      17 |      18 |      19 |      20 |     21 |       22 |       23 |      24 |      25 |      26 |      27 |      28 |      29 |
|---------+---------+---------+--------+---------+---------+-----------+-----------+---------+---------+---------+---------+---------+---------+--------+---------+---------+---------+---------+---------+---------+--------+----------+----------+---------+---------+---------+---------+---------+---------|
|   0.152 |   0.159 |   0.174 |   0.11 |   0.163 |   0.115 |   0.00249 |   0.00241 |   0.173 |   0.167 |   0.156 |   0.102 |   0.158 |   0.149 |   0.1  |   0.167 |   0.117 |   0.166 |   0.155 |   0.173 |   0.146 |   0.16 |   0.0826 |   0.0191 |   0.146 |   0.157 |   0.156 |   0.165 |   0.176 |   0.124 |
|   4.6   |   4.93  |   5.71  |   2.9  |   5.17  |   3.06  |   1       |   1       |   5.65  |   5.36  |   4.79  |   2.64  |   4.9   |   4.45  |   2.57 |   5.38  |   3.15  |   5.28  |   4.77  |   5.69  |   4.34  |   5.02 |   2.07   |   1.06   |   4.34  |   4.84  |   4.79  |   5.23  |   5.86  |   3.41  |
|   0.51  |   0.53  |   0.55  |   0.3  |   0.37  |   0.59  |   1.58    |   1.33    |   0.54  |   0.35  |   0.4   |   0.55  |   0.51  |   0.47  |   0.35 |   0.54  |   0.58  |   0.56  |   0.35  |   0.47  |   0.48  |   0.51 |   0.42   |   0.25   |   0.33  |   0.35  |   0.55  |   0.51  |   0.5   |   0.35  |
| nan     | nan     | nan     | nan    | nan     | nan     | nan       | nan       | nan     | nan     | nan     | nan     | nan     | nan     | nan    | nan     | nan     | nan     | nan     | nan     | nan     | nan    | nan      | nan      | nan     | nan     | nan     | nan     | nan     | nan     |
| nan     | nan     | nan     | nan    | nan     | nan     | nan       | nan       | nan     | nan     | nan     | nan     | nan     | nan     | nan    | nan     | nan     | nan     | nan     | nan     | nan     | nan    | nan      | nan      | nan     | nan     | nan     | nan     | nan     | nan     |
| nan     | nan     | nan     | nan    | nan     | nan     | nan       | nan       | nan     | nan     | nan     | nan     | nan     | nan     | nan    | nan     | nan     | nan     | nan     | nan     | nan     | nan    | nan      | nan      | nan     | nan     | nan     | nan     | nan     | nan     |

STORING PATH IS NONEEEEEE
SAVING THE MODEL
/leonardo_work/try24_antoniet/rcasciot/neuromodAI/SoftHebb-main/Training/results/hebb/result/network/CIFAR10_STL10_CL/models

 ********** Hebbian Unsupervised learning of blocks [1] **********
SEED:  0
BEFORE RESIZING
Files already downloaded and verified
AFTER RESIZING
Files already downloaded and verified
INDICES:  5000
IMAGE SIZE: torch.Size([32, 3, 32, 32])
SAVING FOLDER FOR UNSUP:  CIFAR10_STL10_CL
INSIDE EVALUATE UNSUP
INSIDE EVALUATE UNSUP RETURNED 0,0
Epoch: [1/1]	lr: 1.27e-01	time: 00:00:36	Acc_train 0.00	Acc_test 0.00	convergence: 2.40e+01	R1: 0	Info MB:0.000e+00/SB:0.000e+00/MW:5.202e-03/SW:1.534e-01/MR:4.231e+00/SR:1.568e+00/MeD:1.270e+00/MaD:3.864e+00/MW:0.592/MAW:0.408
|         0 |         1 |        2 |         3 |        4 |         5 |         6 |         7 |        8 |        9 |        10 |        11 |       12 |        13 |       14 |       15 |        16 |       17 |        18 |       19 |        20 |        21 |        22 |       23 |        24 |       25 |       26 |       27 |        28 |        29 |
|-----------+-----------+----------+-----------+----------+-----------+-----------+-----------+----------+----------+-----------+-----------+----------+-----------+----------+----------+-----------+----------+-----------+----------+-----------+-----------+-----------+----------+-----------+----------+----------+----------+-----------+-----------|
|   0.00829 |   0.00992 |   0.0129 |   0.00994 |   0.0107 |   0.00959 |   0.00922 |   0.00925 |   0.0117 |   0.0106 |   0.00713 |   0.00642 |   0.0114 |   0.00011 |   0.0111 |   0.0114 |   0.00743 |   0.0097 |   0.00559 |   0.0113 |   0.00993 |   0.00723 |   0.00939 |   0.0107 |   0.00833 |   0.0113 |   0.0102 |   0.0115 |   0.00399 |   0.00502 |
|   3.75    |   4.94    |   7.71   |   4.95    |   5.6    |   4.68    |   4.4     |   4.42    |   6.51   |   5.53   |   3.03    |   2.65    |   6.24   |   1       |   5.93   |   6.19   |   3.21    |   4.77   |   2.25    |   6.13   |   4.94    |   3.09    |   4.53    |   5.62   |   3.78    |   6.09   |   5.19   |   6.31   |   1.64    |   2.01    |
|   0.09    |   0.16    |   0.18   |   0.14    |   0.21   |   0.13    |   0.12    |   0.12    |   0.19   |   0.2    |   0.14    |   0.07    |   0.18   |  11.96    |   0.15   |   0.18   |   0.05    |   0.11   |   0.19    |   0.12   |   0.12    |   0.11    |   0.16    |   0.13   |   0.22    |   0.17   |   0.09   |   0.21   |   0.07    |   0.13    |
| nan       | nan       | nan      | nan       | nan      | nan       | nan       | nan       | nan      | nan      | nan       | nan       | nan      | nan       | nan      | nan      | nan       | nan      | nan       | nan      | nan       | nan       | nan       | nan      | nan       | nan      | nan      | nan      | nan       | nan       |
| nan       | nan       | nan      | nan       | nan      | nan       | nan       | nan       | nan      | nan      | nan       | nan       | nan      | nan       | nan      | nan      | nan       | nan      | nan       | nan      | nan       | nan       | nan       | nan      | nan       | nan      | nan      | nan      | nan       | nan       |
| nan       | nan       | nan      | nan       | nan      | nan       | nan       | nan       | nan      | nan      | nan       | nan       | nan      | nan       | nan      | nan      | nan       | nan      | nan       | nan      | nan       | nan       | nan       | nan      | nan       | nan      | nan      | nan      | nan       | nan       |

STORING PATH IS NONEEEEEE
SAVING THE MODEL
/leonardo_work/try24_antoniet/rcasciot/neuromodAI/SoftHebb-main/Training/results/hebb/result/network/CIFAR10_STL10_CL/models

 ********** Hebbian Unsupervised learning of blocks [2] **********
SEED:  0
BEFORE RESIZING
Files already downloaded and verified
AFTER RESIZING
Files already downloaded and verified
INDICES:  5000
IMAGE SIZE: torch.Size([32, 3, 32, 32])
SAVING FOLDER FOR UNSUP:  CIFAR10_STL10_CL
INSIDE EVALUATE UNSUP
INSIDE EVALUATE UNSUP RETURNED 0,0
Epoch: [1/1]	lr: 3.96e-02	time: 00:00:54	Acc_train 0.00	Acc_test 0.00	convergence: 1.58e+01	R1: 1	Info MB:0.000e+00/SB:0.000e+00/MW:1.080e-02/SW:2.880e-01/MR:1.680e+01/SR:2.143e+00/MeD:1.674e+00/MaD:1.580e+01/MW:0.438/MAW:0.562
|        0 |        1 |        2 |        3 |        4 |        5 |        6 |        7 |        8 |        9 |       10 |       11 |       12 |       13 |       14 |       15 |       16 |       17 |       18 |       19 |      20 |       21 |       22 |       23 |       24 |       25 |       26 |       27 |       28 |       29 |
|----------+----------+----------+----------+----------+----------+----------+----------+----------+----------+----------+----------+----------+----------+----------+----------+----------+----------+----------+----------+---------+----------+----------+----------+----------+----------+----------+----------+----------+----------|
|   0.0409 |   0.0407 |   0.0375 |   0.0357 |   0.0407 |   0.0435 |   0.0419 |   0.0374 |   0.0422 |   0.0412 |   0.0416 |   0.0365 |   0.0394 |   0.0437 |   0.0415 |   0.0415 |   0.0361 |   0.0406 |   0.0404 |   0.0415 |   0.043 |   0.0365 |   0.0375 |   0.0417 |   0.0351 |   0.0421 |   0.0417 |   0.0355 |   0.0436 |   0.0414 |
|  17.7    |  17.59   |  15.07   |  13.75   |  17.58   |  19.93   |  18.53   |  14.99   |  18.78   |  17.95   |  18.33   |  14.35   |  16.5    |  20.09   |  18.21   |  18.21   |  14.05   |  17.5    |  17.31   |  18.19   |  19.47  |  14.32   |  15.04   |  18.39   |  13.35   |  18.74   |  18.42   |  13.59   |  20.05   |  18.16   |
|   0.07   |   0.04   |   0.05   |   0.05   |   0.06   |   0.06   |   0.06   |   0.07   |   0.07   |   0.08   |   0.06   |   0.03   |   0.04   |   0.06   |   0.09   |   0.04   |   0.06   |   0.03   |   0.07   |   0.05   |   0.08  |   0.04   |   0.09   |   0.05   |   0.03   |   0.07   |   0.06   |   0.1    |   0.06   |   0.07   |
| nan      | nan      | nan      | nan      | nan      | nan      | nan      | nan      | nan      | nan      | nan      | nan      | nan      | nan      | nan      | nan      | nan      | nan      | nan      | nan      | nan     | nan      | nan      | nan      | nan      | nan      | nan      | nan      | nan      | nan      |
| nan      | nan      | nan      | nan      | nan      | nan      | nan      | nan      | nan      | nan      | nan      | nan      | nan      | nan      | nan      | nan      | nan      | nan      | nan      | nan      | nan     | nan      | nan      | nan      | nan      | nan      | nan      | nan      | nan      | nan      |
| nan      | nan      | nan      | nan      | nan      | nan      | nan      | nan      | nan      | nan      | nan      | nan      | nan      | nan      | nan      | nan      | nan      | nan      | nan      | nan      | nan     | nan      | nan      | nan      | nan      | nan      | nan      | nan      | nan      | nan      |

STORING PATH IS NONEEEEEE
SAVING THE MODEL
/leonardo_work/try24_antoniet/rcasciot/neuromodAI/SoftHebb-main/Training/results/hebb/result/network/CIFAR10_STL10_CL/models

 ********** Supervised learning of blocks [3] **********
SAVING FOLDER FOR SUP:  CIFAR10_STL10_CL
SEED:  0
BEFORE RESIZING
Files already downloaded and verified
AFTER RESIZING
Files already downloaded and verified
INDICES:  5000
IMAGE SIZE: torch.Size([32, 3, 32, 32])
Epoch: [1/50]	lr: 1.00e-03	time: 00:01:12	Loss_train 2.97220	Acc_train 45.70	/	Loss_test 1.89396	Acc_test 54.70
STORING PATH IS NONEEEEEE
SAVING THE MODEL
/leonardo_work/try24_antoniet/rcasciot/neuromodAI/SoftHebb-main/Training/results/hebb/result/network/CIFAR10_STL10_CL/models
Epoch: [10/50]	lr: 1.00e-03	time: 00:01:15	Loss_train 0.96680	Acc_train 71.53	/	Loss_test 1.51762	Acc_test 64.89
STORING PATH IS NONEEEEEE
SAVING THE MODEL
/leonardo_work/try24_antoniet/rcasciot/neuromodAI/SoftHebb-main/Training/results/hebb/result/network/CIFAR10_STL10_CL/models
Epoch: [20/50]	lr: 2.50e-04	time: 00:01:18	Loss_train 0.28417	Acc_train 86.89	/	Loss_test 1.37281	Acc_test 67.28
STORING PATH IS NONEEEEEE
SAVING THE MODEL
/leonardo_work/try24_antoniet/rcasciot/neuromodAI/SoftHebb-main/Training/results/hebb/result/network/CIFAR10_STL10_CL/models
Epoch: [30/50]	lr: 1.25e-04	time: 00:01:21	Loss_train 0.16228	Acc_train 90.75	/	Loss_test 1.30839	Acc_test 68.00
STORING PATH IS NONEEEEEE
SAVING THE MODEL
/leonardo_work/try24_antoniet/rcasciot/neuromodAI/SoftHebb-main/Training/results/hebb/result/network/CIFAR10_STL10_CL/models
Epoch: [40/50]	lr: 3.13e-05	time: 00:01:25	Loss_train 0.11970	Acc_train 92.63	/	Loss_test 1.28298	Acc_test 68.25
STORING PATH IS NONEEEEEE
SAVING THE MODEL
/leonardo_work/try24_antoniet/rcasciot/neuromodAI/SoftHebb-main/Training/results/hebb/result/network/CIFAR10_STL10_CL/models
Epoch: [50/50]	lr: 7.81e-06	time: 00:01:28	Loss_train 0.10828	Acc_train 92.94	/	Loss_test 1.27861	Acc_test 68.39
STORING PATH IS NONEEEEEE
SAVING THE MODEL
/leonardo_work/try24_antoniet/rcasciot/neuromodAI/SoftHebb-main/Training/results/hebb/result/network/CIFAR10_STL10_CL/models
RESULT:  {'train_loss': 0.10827953368425369, 'train_acc': 92.94400215148926, 'test_loss': 1.27861487865448, 'test_acc': 68.38749694824219, 'convergence': 15.804487228393555, 'R1': 1, 'dataset_sup': {'name': 'STL10', 'noise_std': 0, 'channels': 3, 'width': 96, 'height': 96, 'validation_split': 0.2, 'training_sample': 5000, 'testing_sample': 10000, 'out_channels': 10, 'num_workers': 0, 'seed': 0, 'shuffle': True, 'batch_size': 32, 'augmentation': False, 'zca_whitened': False, 'training_class': 'all', 'split': 'train', 'nb_epoch': 50, 'print_freq': 10, 'validation': False, 'continual_learning': True, 'old_dataset_size': 32}, 'dataset_unsup': {'name': 'STL10', 'noise_std': 0, 'channels': 3, 'width': 96, 'height': 96, 'validation_split': 0.2, 'training_sample': 5000, 'testing_sample': 10000, 'out_channels': 10, 'num_workers': 0, 'seed': 0, 'shuffle': True, 'batch_size': 32, 'augmentation': False, 'zca_whitened': False, 'training_class': 'all', 'split': 'train', 'nb_epoch': 1, 'print_freq': 1, 'validation': False, 'continual_learning': True, 'old_dataset_size': 32}, 'train_config': {'t0': {'blocks': [0], 'mode': 'unsupervised', 'lr': 0.08, 'nb_epoch': 1, 'batch_size': 32, 'print_freq': 1}, 't2': {'blocks': [1], 'mode': 'unsupervised', 'lr': 0.005, 'nb_epoch': 1, 'batch_size': 32, 'print_freq': 1}, 't4': {'blocks': [2], 'mode': 'unsupervised', 'lr': 0.01, 'nb_epoch': 1, 'batch_size': 32, 'print_freq': 1}, 't6': {'blocks': [3], 'mode': 'supervised', 'lr': 0.001, 'nb_epoch': 50, 'batch_size': 32, 'print_freq': 10}}}
IN R1:  {'eval_1': {'test_loss': 0.015446069650352001, 'test_acc': 80.31999969482422, 'convergence': 23.989980697631836, 'R1': 0, 'dataset_sup': {'name': 'CIFAR10', 'noise_std': 0, 'channels': 3, 'width': 32, 'height': 32, 'validation_split': 0.2, 'training_sample': 50000, 'testing_sample': 10000, 'out_channels': 10, 'num_workers': 0, 'seed': 0, 'shuffle': True, 'batch_size': 64, 'augmentation': False, 'zca_whitened': False, 'training_class': 'all', 'split': 'train', 'nb_epoch': 50, 'print_freq': 10, 'validation': False, 'continual_learning': False}, 'dataset_unsup': {'name': 'CIFAR10', 'noise_std': 0, 'channels': 3, 'width': 32, 'height': 32, 'validation_split': 0.2, 'training_sample': 50000, 'testing_sample': 10000, 'out_channels': 10, 'num_workers': 0, 'seed': 0, 'shuffle': True, 'batch_size': 10, 'augmentation': False, 'zca_whitened': False, 'training_class': 'all', 'split': 'train', 'nb_epoch': 1, 'print_freq': 10, 'validation': False, 'continual_learning': False}}, 'R1': {'train_loss': 0.10827953368425369, 'train_acc': 92.94400215148926, 'test_loss': 1.27861487865448, 'test_acc': 68.38749694824219, 'convergence': 15.804487228393555, 'R1': 1, 'dataset_sup': {'name': 'STL10', 'noise_std': 0, 'channels': 3, 'width': 96, 'height': 96, 'validation_split': 0.2, 'training_sample': 5000, 'testing_sample': 10000, 'out_channels': 10, 'num_workers': 0, 'seed': 0, 'shuffle': True, 'batch_size': 32, 'augmentation': False, 'zca_whitened': False, 'training_class': 'all', 'split': 'train', 'nb_epoch': 50, 'print_freq': 10, 'validation': False, 'continual_learning': True, 'old_dataset_size': 32}, 'dataset_unsup': {'name': 'STL10', 'noise_std': 0, 'channels': 3, 'width': 96, 'height': 96, 'validation_split': 0.2, 'training_sample': 5000, 'testing_sample': 10000, 'out_channels': 10, 'num_workers': 0, 'seed': 0, 'shuffle': True, 'batch_size': 32, 'augmentation': False, 'zca_whitened': False, 'training_class': 'all', 'split': 'train', 'nb_epoch': 1, 'print_freq': 1, 'validation': False, 'continual_learning': True, 'old_dataset_size': 32}, 'train_config': {'t0': {'blocks': [0], 'mode': 'unsupervised', 'lr': 0.08, 'nb_epoch': 1, 'batch_size': 32, 'print_freq': 1}, 't2': {'blocks': [1], 'mode': 'unsupervised', 'lr': 0.005, 'nb_epoch': 1, 'batch_size': 32, 'print_freq': 1}, 't4': {'blocks': [2], 'mode': 'unsupervised', 'lr': 0.01, 'nb_epoch': 1, 'batch_size': 32, 'print_freq': 1}, 't6': {'blocks': [3], 'mode': 'supervised', 'lr': 0.001, 'nb_epoch': 50, 'batch_size': 32, 'print_freq': 10}}}}
SEED:  0
block 0, size : 96 16 16
range = 2.886751345948129
block 1, size : 384 8 8
range = 0.8505172717997146
block 2, size : 1536 4 4
range = 0.4252586358998573
range = 0.11048543456039805
The device used will be: 
True
cuda:0
CONFIG: {'arch': 'CNN', 'nb_train': None, 'lr': 0.08, 'adaptive': True, 'lr_sup': 0.001, 'speed': 7, 'lr_div': 96, 'lebesgue_p': 2, 'padding_mode': 'reflect', 'pre_triangle': False, 'ranking_param': 3, 'delta': 2, 't_invert': 1.0, 'groups': 1, 'stride': 1, 'dilation': 1, 'beta': 1, 'power': 4.5, 'padding': 2, 'weight_init': 'normal', 'weight_init_range': 2.886751345948129, 'weight_init_offset': 0, 'mask_thsd': 0, 'radius': 25, 'power_lr': 0.5, 'weight_decay': 0, 'soft_activation_fn': 'exp', 'hebbian': True, 'resume': None, 'add_bias': False, 'normalize_inp': False, 'lr_decay': 'linear', 'seed': 0, 'softness': 'softkrotov', 'out_channels': 96, 'kernel_size': 5, 'in_channels': 3, 'lr_scheduler': {'lr': 0.08, 'adaptive': True, 'nb_epochs': 1, 'ratio': 0.0002, 'speed': 7, 'div': 96, 'decay': 'linear', 'power_lr': 0.5}}
CONFIG: {'arch': 'CNN', 'nb_train': None, 'lr': 0.005, 'adaptive': True, 'lr_sup': 0.001, 'speed': 7, 'lr_div': 96, 'lebesgue_p': 2, 'padding_mode': 'reflect', 'pre_triangle': False, 'ranking_param': 3, 'delta': 2, 't_invert': 0.65, 'groups': 1, 'stride': 1, 'dilation': 1, 'beta': 1, 'power': 4.5, 'padding': 1, 'weight_init': 'normal', 'weight_init_range': 0.8505172717997146, 'weight_init_offset': 0, 'mask_thsd': 0, 'radius': 25, 'power_lr': 0.5, 'weight_decay': 0, 'soft_activation_fn': 'exp', 'hebbian': True, 'resume': None, 'add_bias': False, 'normalize_inp': False, 'lr_decay': 'linear', 'seed': 0, 'softness': 'softkrotov', 'out_channels': 384, 'kernel_size': 3, 'in_channels': 96, 'lr_scheduler': {'lr': 0.005, 'adaptive': True, 'nb_epochs': 1, 'ratio': 0.0002, 'speed': 7, 'div': 96, 'decay': 'linear', 'power_lr': 0.5}}
CONFIG: {'arch': 'CNN', 'nb_train': None, 'lr': 0.01, 'adaptive': True, 'lr_sup': 0.001, 'speed': 7, 'lr_div': 96, 'lebesgue_p': 2, 'padding_mode': 'reflect', 'pre_triangle': False, 'ranking_param': 3, 'delta': 2, 't_invert': 0.25, 'groups': 1, 'stride': 1, 'dilation': 1, 'beta': 1, 'power': 4.5, 'padding': 1, 'weight_init': 'normal', 'weight_init_range': 0.4252586358998573, 'weight_init_offset': 0, 'mask_thsd': 0, 'radius': 25, 'power_lr': 0.5, 'weight_decay': 0, 'soft_activation_fn': 'exp', 'hebbian': True, 'resume': None, 'add_bias': False, 'normalize_inp': False, 'lr_decay': 'linear', 'seed': 0, 'softness': 'softkrotov', 'out_channels': 1536, 'kernel_size': 3, 'in_channels': 384, 'lr_scheduler': {'lr': 0.01, 'adaptive': True, 'nb_epochs': 1, 'ratio': 0.0002, 'speed': 7, 'div': 96, 'decay': 'linear', 'power_lr': 0.5}}
CONFIG: {'arch': 'MLP', 'lr': 0.05, 'adaptive': True, 'lr_sup': 0.001, 'speed': 0.4, 'lr_div': 100, 'lebesgue_p': 2, 't_invert': 10, 'beta': 0.01, 'power': 4.5, 'ranking_param': 3, 'delta': 0.1, 'hebbian': False, 'add_bias': False, 'normalize_inp': False, 'lr_decay': 'linear', 'seed': 0, 'lr_bias': 600, 'softness': 'soft', 'soft_activation_fn': 'exp', 'plasticity': 'SoftHebb', 'metric_mode': 'unsupervised', 'weight_init': 'positive', 'weight_init_range': 0.11048543456039805, 'weight_init_offset': 0, 'weight_decay': 0, 'radius': 10, 'power_lr': 0.2, 'out_channels': 10, 'in_channels': 24576, 'old_channels': 1536, 'lr_scheduler': {'decay': 'cste', 'lr': 0.1}}

 Model CIFAR10_STL10_CL loaded successfuly with best perf



 ----- Architecture Block BatchNorm2dSK3962(5, 5)1.0reflect, number 0 -----
- BatchNorm2d(3, eps=1e-05, momentum=0.1, affine=False, track_running_stats=True)
- HebbSoftKrotovConv2d(3, 96, lebesgue_p=2, pruning=0, kernel_size=(5, 5), bias=False, padding_mode=reflect, t_invert=1.0, bias=False, lr_bias=0.1, ranking_param=3, delta=2, activation=exp)
- Triangle(power=0.7)
- MaxPool2d(kernel_size=4, stride=2, padding=1, dilation=1, ceil_mode=False)

 ----- Architecture Block BatchNorm2dSK963842(3, 3)0.6499999761581421reflect, number 1 -----
- BatchNorm2d(96, eps=1e-05, momentum=0.1, affine=False, track_running_stats=True)
- HebbSoftKrotovConv2d(96, 384, lebesgue_p=2, pruning=0, kernel_size=(3, 3), bias=False, padding_mode=reflect, t_invert=0.6499999761581421, bias=False, lr_bias=0.1538, ranking_param=3, delta=2, activation=exp)
- Triangle(power=1.4)
- MaxPool2d(kernel_size=4, stride=2, padding=1, dilation=1, ceil_mode=False)

 ----- Architecture Block BatchNorm2dSK38415362(3, 3)0.25reflect, number 2 -----
- BatchNorm2d(384, eps=1e-05, momentum=0.1, affine=False, track_running_stats=True)
- HebbSoftKrotovConv2d(384, 1536, lebesgue_p=2, pruning=0, kernel_size=(3, 3), bias=False, padding_mode=reflect, t_invert=0.25, bias=False, lr_bias=0.4, ranking_param=3, delta=2, activation=exp)
- Triangle(power=1.0)
- AvgPool2d(kernel_size=2, stride=2, padding=0)

 ----- Architecture Block FlattenDropout(p=0.5, inplace=False)Linear(in_, number 3 -----
- Flatten(start_dim=1, end_dim=-1)
- Dropout(p=0.5, inplace=False)
- Linear(in_features=24576, out_features=10, bias=True)
SEED:  0
BEFORE RESIZING
Files already downloaded and verified
AFTER RESIZING
Files already downloaded and verified
INDICES:  50000
IMAGE SIZE: torch.Size([64, 3, 32, 32])
Accuracy of the network on the 1st dataset: 39.640 %
Test loss on the 1st dataset: 0.171

