BLOCKS:  {'b0': {'arch': 'CNN', 'preset': 'softkrotov-c96-k5-p2-s1-d1-b0-t1-lr0.08-lp0.5-e0', 'operation': 'batchnorm2d', 'num': 0, 'batch_norm': False, 'pool': {'type': 'max', 'kernel_size': 4, 'stride': 2, 'padding': 1}, 'activation': {'function': 'triangle', 'param': 0.7}, 'resume': None, 'layer': {'arch': 'CNN', 'nb_train': None, 'lr': 0.08, 'adaptive': True, 'lr_sup': 0.001, 'speed': 7, 'lr_div': 96, 'lebesgue_p': 2, 'padding_mode': 'reflect', 'pre_triangle': False, 'ranking_param': 3, 'delta': 2, 't_invert': 1.0, 'groups': 1, 'stride': 1, 'dilation': 1, 'beta': 1, 'power': 4.5, 'padding': 2, 'weight_init': 'positive', 'weight_init_range': 2, 'weight_init_offset': 0, 'mask_thsd': 0, 'radius': 25, 'power_lr': 0.5, 'weight_decay': 0, 'soft_activation_fn': 'exp', 'hebbian': True, 'resume': None, 'add_bias': False, 'normalize_inp': False, 'lr_decay': 'linear', 'seed': 0, 'softness': 'softkrotov', 'out_channels': 96, 'kernel_size': 5}}, 'b1': {'arch': 'CNN', 'preset': 'softkrotov-c384-k3-p1-s1-d1-b0-t0.65-lr0.005-lp0.5-e0', 'operation': 'batchnorm2d', 'num': 1, 'batch_norm': False, 'pool': {'type': 'max', 'kernel_size': 4, 'stride': 2, 'padding': 1}, 'activation': {'function': 'triangle', 'param': 1.4}, 'resume': None, 'layer': {'arch': 'CNN', 'nb_train': None, 'lr': 0.005, 'adaptive': True, 'lr_sup': 0.001, 'speed': 7, 'lr_div': 96, 'lebesgue_p': 2, 'padding_mode': 'reflect', 'pre_triangle': False, 'ranking_param': 3, 'delta': 2, 't_invert': 0.65, 'groups': 1, 'stride': 1, 'dilation': 1, 'beta': 1, 'power': 4.5, 'padding': 1, 'weight_init': 'positive', 'weight_init_range': 2, 'weight_init_offset': 0, 'mask_thsd': 0, 'radius': 25, 'power_lr': 0.5, 'weight_decay': 0, 'soft_activation_fn': 'exp', 'hebbian': True, 'resume': None, 'add_bias': False, 'normalize_inp': False, 'lr_decay': 'linear', 'seed': 0, 'softness': 'softkrotov', 'out_channels': 384, 'kernel_size': 3}}, 'b2': {'arch': 'CNN', 'preset': 'softkrotov-c1536-k3-p1-s1-d1-b0-t0.25-lr0.01-lp0.5-e0', 'operation': 'batchnorm2d', 'num': 2, 'batch_norm': False, 'pool': {'type': 'avg', 'kernel_size': 2, 'stride': 2, 'padding': 0}, 'activation': {'function': 'triangle', 'param': 1.0}, 'resume': None, 'layer': {'arch': 'CNN', 'nb_train': None, 'lr': 0.01, 'adaptive': True, 'lr_sup': 0.001, 'speed': 7, 'lr_div': 96, 'lebesgue_p': 2, 'padding_mode': 'reflect', 'pre_triangle': False, 'ranking_param': 3, 'delta': 2, 't_invert': 0.25, 'groups': 1, 'stride': 1, 'dilation': 1, 'beta': 1, 'power': 4.5, 'padding': 1, 'weight_init': 'positive', 'weight_init_range': 2, 'weight_init_offset': 0, 'mask_thsd': 0, 'radius': 25, 'power_lr': 0.5, 'weight_decay': 0, 'soft_activation_fn': 'exp', 'hebbian': True, 'resume': None, 'add_bias': False, 'normalize_inp': False, 'lr_decay': 'linear', 'seed': 0, 'softness': 'softkrotov', 'out_channels': 1536, 'kernel_size': 3}}, 'b3': {'arch': 'MLP', 'preset': 'BP-c10', 'operation': 'flatten', 'num': 3, 'att_dropout': None, 'dropout': 0.5, 'layer': {'arch': 'MLP', 'lr': 0.05, 'adaptive': True, 'lr_sup': 0.001, 'speed': 0.4, 'lr_div': 100, 'lebesgue_p': 2, 't_invert': 10, 'beta': 0.01, 'power': 4.5, 'ranking_param': 3, 'delta': 0.1, 'hebbian': False, 'add_bias': False, 'normalize_inp': False, 'lr_decay': 'linear', 'seed': 0, 'lr_bias': 600, 'softness': 'soft', 'soft_activation_fn': 'exp', 'plasticity': 'SoftHebb', 'metric_mode': 'unsupervised', 'weight_init': 'positive', 'weight_init_range': 0.25, 'weight_init_offset': 0, 'weight_decay': 0, 'radius': 10, 'power_lr': 0.2, 'out_channels': 10}, 'pool': None, 'activation': None}}
CL:  True
{'name': 'CIFAR100', 'noise_std': 0, 'channels': 3, 'width': 32, 'height': 32, 'validation_split': 0.2, 'training_sample': 50000, 'testing_sample': 10000, 'out_channels': 100, 'num_workers': 0, 'seed': 0, 'shuffle': True, 'batch_size': 64, 'augmentation': False, 'zca_whitened': False, 'training_class': 'all', 'split': 'train', 'nb_epoch': 50, 'print_freq': 10, 'validation': False, 'continual_learning': True}
CL:  False
{'name': 'CIFAR100', 'noise_std': 0, 'channels': 3, 'width': 32, 'height': 32, 'validation_split': 0.2, 'training_sample': 50000, 'testing_sample': 10000, 'out_channels': 100, 'num_workers': 0, 'seed': 0, 'shuffle': True, 'batch_size': 64, 'augmentation': False, 'zca_whitened': False, 'training_class': 'all', 'split': 'train', 'nb_epoch': 50, 'print_freq': 10, 'validation': False, 'continual_learning': False}
CL:  False
{'name': 'CIFAR100', 'noise_std': 0, 'channels': 3, 'width': 32, 'height': 32, 'validation_split': 0.2, 'training_sample': 50000, 'testing_sample': 10000, 'out_channels': 100, 'num_workers': 0, 'seed': 0, 'shuffle': True, 'batch_size': 10, 'augmentation': False, 'zca_whitened': False, 'training_class': 'all', 'split': 'train', 'nb_epoch': 1, 'print_freq': 50, 'validation': False, 'continual_learning': False}
SEED:  0
block 0, size : 96 16 16
range = 2.886751345948129
block 1, size : 384 8 8
range = 0.8505172717997146
block 2, size : 1536 4 4
range = 0.4252586358998573
range = 0.11048543456039805
The device used will be: 
True
cuda:0
CONFIG: {'arch': 'CNN', 'nb_train': None, 'lr': 0.08, 'adaptive': True, 'lr_sup': 0.001, 'speed': 7, 'lr_div': 96, 'lebesgue_p': 2, 'padding_mode': 'reflect', 'pre_triangle': False, 'ranking_param': 3, 'delta': 2, 't_invert': 1.0, 'groups': 1, 'stride': 1, 'dilation': 1, 'beta': 1, 'power': 4.5, 'padding': 2, 'weight_init': 'normal', 'weight_init_range': 2.886751345948129, 'weight_init_offset': 0, 'mask_thsd': 0, 'radius': 25, 'power_lr': 0.5, 'weight_decay': 0, 'soft_activation_fn': 'exp', 'hebbian': True, 'resume': None, 'add_bias': False, 'normalize_inp': False, 'lr_decay': 'linear', 'seed': 0, 'softness': 'softkrotov', 'out_channels': 96, 'kernel_size': 5, 'in_channels': 3, 'lr_scheduler': {'lr': 0.08, 'adaptive': True, 'nb_epochs': 1, 'ratio': 0.0002, 'speed': 7, 'div': 96, 'decay': 'linear', 'power_lr': 0.5}}
CONFIG: {'arch': 'CNN', 'nb_train': None, 'lr': 0.005, 'adaptive': True, 'lr_sup': 0.001, 'speed': 7, 'lr_div': 96, 'lebesgue_p': 2, 'padding_mode': 'reflect', 'pre_triangle': False, 'ranking_param': 3, 'delta': 2, 't_invert': 0.65, 'groups': 1, 'stride': 1, 'dilation': 1, 'beta': 1, 'power': 4.5, 'padding': 1, 'weight_init': 'normal', 'weight_init_range': 0.8505172717997146, 'weight_init_offset': 0, 'mask_thsd': 0, 'radius': 25, 'power_lr': 0.5, 'weight_decay': 0, 'soft_activation_fn': 'exp', 'hebbian': True, 'resume': None, 'add_bias': False, 'normalize_inp': False, 'lr_decay': 'linear', 'seed': 0, 'softness': 'softkrotov', 'out_channels': 384, 'kernel_size': 3, 'in_channels': 96, 'lr_scheduler': {'lr': 0.005, 'adaptive': True, 'nb_epochs': 1, 'ratio': 0.0002, 'speed': 7, 'div': 96, 'decay': 'linear', 'power_lr': 0.5}}
CONFIG: {'arch': 'CNN', 'nb_train': None, 'lr': 0.01, 'adaptive': True, 'lr_sup': 0.001, 'speed': 7, 'lr_div': 96, 'lebesgue_p': 2, 'padding_mode': 'reflect', 'pre_triangle': False, 'ranking_param': 3, 'delta': 2, 't_invert': 0.25, 'groups': 1, 'stride': 1, 'dilation': 1, 'beta': 1, 'power': 4.5, 'padding': 1, 'weight_init': 'normal', 'weight_init_range': 0.4252586358998573, 'weight_init_offset': 0, 'mask_thsd': 0, 'radius': 25, 'power_lr': 0.5, 'weight_decay': 0, 'soft_activation_fn': 'exp', 'hebbian': True, 'resume': None, 'add_bias': False, 'normalize_inp': False, 'lr_decay': 'linear', 'seed': 0, 'softness': 'softkrotov', 'out_channels': 1536, 'kernel_size': 3, 'in_channels': 384, 'lr_scheduler': {'lr': 0.01, 'adaptive': True, 'nb_epochs': 1, 'ratio': 0.0002, 'speed': 7, 'div': 96, 'decay': 'linear', 'power_lr': 0.5}}
CONFIG: {'arch': 'MLP', 'lr': 0.05, 'adaptive': True, 'lr_sup': 0.001, 'speed': 0.4, 'lr_div': 100, 'lebesgue_p': 2, 't_invert': 10, 'beta': 0.01, 'power': 4.5, 'ranking_param': 3, 'delta': 0.1, 'hebbian': False, 'add_bias': False, 'normalize_inp': False, 'lr_decay': 'linear', 'seed': 0, 'lr_bias': 600, 'softness': 'soft', 'soft_activation_fn': 'exp', 'plasticity': 'SoftHebb', 'metric_mode': 'unsupervised', 'weight_init': 'positive', 'weight_init_range': 0.11048543456039805, 'weight_init_offset': 0, 'weight_decay': 0, 'radius': 10, 'power_lr': 0.2, 'out_channels': 100, 'in_channels': 24576, 'old_channels': 1536, 'lr_scheduler': {'decay': 'cste', 'lr': 0.1}}

 Model CIFAR100_STL10_CL loaded successfuly with best perf



 ----- Architecture Block BatchNorm2dSK3962(5, 5)1.0reflect, number 0 -----
- BatchNorm2d(3, eps=1e-05, momentum=0.1, affine=False, track_running_stats=True)
- HebbSoftKrotovConv2d(3, 96, lebesgue_p=2, pruning=0, kernel_size=(5, 5), bias=False, padding_mode=reflect, t_invert=1.0, bias=False, lr_bias=0.1, ranking_param=3, delta=2, activation=exp)
- Triangle(power=0.7)
- MaxPool2d(kernel_size=4, stride=2, padding=1, dilation=1, ceil_mode=False)

 ----- Architecture Block BatchNorm2dSK963842(3, 3)0.6499999761581421reflect, number 1 -----
- BatchNorm2d(96, eps=1e-05, momentum=0.1, affine=False, track_running_stats=True)
- HebbSoftKrotovConv2d(96, 384, lebesgue_p=2, pruning=0, kernel_size=(3, 3), bias=False, padding_mode=reflect, t_invert=0.6499999761581421, bias=False, lr_bias=0.1538, ranking_param=3, delta=2, activation=exp)
- Triangle(power=1.4)
- MaxPool2d(kernel_size=4, stride=2, padding=1, dilation=1, ceil_mode=False)

 ----- Architecture Block BatchNorm2dSK38415362(3, 3)0.25reflect, number 2 -----
- BatchNorm2d(384, eps=1e-05, momentum=0.1, affine=False, track_running_stats=True)
- HebbSoftKrotovConv2d(384, 1536, lebesgue_p=2, pruning=0, kernel_size=(3, 3), bias=False, padding_mode=reflect, t_invert=0.25, bias=False, lr_bias=0.4, ranking_param=3, delta=2, activation=exp)
- Triangle(power=1.0)
- AvgPool2d(kernel_size=2, stride=2, padding=0)

 ----- Architecture Block FlattenDropout(p=0.5, inplace=False)Linear(in_, number 3 -----
- Flatten(start_dim=1, end_dim=-1)
- Dropout(p=0.5, inplace=False)
- Linear(in_features=24576, out_features=100, bias=True)

 ********** Hebbian Unsupervised learning of blocks [0] **********
SEED:  0
BEFORE RESIZING
Files already downloaded and verified
AFTER RESIZING
Files already downloaded and verified
INDICES:  50000
IMAGE SIZE: torch.Size([10, 3, 32, 32])
SAVING FOLDER FOR UNSUP:  CIFAR100_STL10_CL
INSIDE EVALUATE UNSUP
INSIDE EVALUATE UNSUP RETURNED 0,0
Epoch: [1/1]	lr: 1.40e-01	time: 00:00:20	Acc_train 0.00	Acc_test 0.00	convergence: 2.40e+01	R1: 0	Info MB:0.000e+00/SB:0.000e+00/MW:8.512e-03/SW:5.669e-01/MR:4.551e+00/SR:1.852e+00/MeD:1.458e+00/MaD:3.897e+00/MW:0.621/MAW:0.379
|       0 |       1 |          2 |       3 |       4 |       5 |         6 |          7 |       8 |       9 |      10 |       11 |      12 |     13 |      14 |      15 |      16 |      17 |      18 |      19 |     20 |      21 |      22 |      23 |      24 |     25 |      26 |      27 |      28 |     29 |
|---------+---------+------------+---------+---------+---------+-----------+------------+---------+---------+---------+----------+---------+--------+---------+---------+---------+---------+---------+---------+--------+---------+---------+---------+---------+--------+---------+---------+---------+--------|
|   0.168 |   0.189 |   0.000265 |   0.144 |   0.216 |   0.099 |   0.00143 |   0.000275 |   0.105 |   0.145 |   0.178 |   0.0963 |   0.168 |   0.19 |   0.155 |   0.169 |   0.162 |   0.183 |   0.133 |   0.162 |   0.17 |   0.169 |   0.141 |   0.185 |   0.149 |   0.18 |   0.162 |   0.155 |   0.197 |   0.17 |
|   5.4   |   6.56  |   1        |   4.25  |   8.27  |   2.53  |   1       |   1        |   2.73  |   4.29  |   5.94  |   2.45   |   5.41  |   6.62 |   4.78  |   5.46  |   5.09  |   6.23  |   3.77  |   5.09  |   5.53 |   5.46  |   4.09  |   6.33  |   4.49  |   6.04 |   5.09  |   4.77  |   7.05  |   5.5  |
|   0.46  |   0.48  |   1.43     |   0.32  |   0.42  |   0.43  |   2.09    |   1.41     |   0.43  |   0.36  |   0.36  |   0.47   |   0.47  |   0.32 |   0.35  |   0.46  |   0.35  |   0.47  |   0.35  |   0.31  |   0.46 |   0.46  |   0.43  |   0.32  |   0.34  |   0.35 |   0.48  |   0.46  |   0.46  |   0.31 |
| nan     | nan     | nan        | nan     | nan     | nan     | nan       | nan        | nan     | nan     | nan     | nan      | nan     | nan    | nan     | nan     | nan     | nan     | nan     | nan     | nan    | nan     | nan     | nan     | nan     | nan    | nan     | nan     | nan     | nan    |
| nan     | nan     | nan        | nan     | nan     | nan     | nan       | nan        | nan     | nan     | nan     | nan      | nan     | nan    | nan     | nan     | nan     | nan     | nan     | nan     | nan    | nan     | nan     | nan     | nan     | nan    | nan     | nan     | nan     | nan    |
| nan     | nan     | nan        | nan     | nan     | nan     | nan       | nan        | nan     | nan     | nan     | nan      | nan     | nan    | nan     | nan     | nan     | nan     | nan     | nan     | nan    | nan     | nan     | nan     | nan     | nan    | nan     | nan     | nan     | nan    |

STORING PATH IS NONEEEEEE
SAVING THE MODEL
/g100_work/EIRI_E_POLIMI/rcasciot/neuromodAI/SoftHebb-main/Training/results/hebb/result/network/CIFAR100_STL10_CL/models

 ********** Hebbian Unsupervised learning of blocks [1] **********
SEED:  0
BEFORE RESIZING
Files already downloaded and verified
AFTER RESIZING
Files already downloaded and verified
INDICES:  50000
IMAGE SIZE: torch.Size([10, 3, 32, 32])
SAVING FOLDER FOR UNSUP:  CIFAR100_STL10_CL
INSIDE EVALUATE UNSUP
INSIDE EVALUATE UNSUP RETURNED 0,0
Epoch: [1/1]	lr: 1.40e-01	time: 00:00:38	Acc_train 0.00	Acc_test 0.00	convergence: 2.40e+01	R1: 0	Info MB:0.000e+00/SB:0.000e+00/MW:6.380e-03/SW:1.262e-01/MR:3.492e+00/SR:1.270e+00/MeD:1.007e+00/MaD:3.762e+00/MW:0.629/MAW:0.371
|         0 |         1 |         2 |         3 |        4 |         5 |         6 |         7 |         8 |        9 |        10 |        11 |        12 |        13 |        14 |        15 |        16 |         17 |        18 |        19 |       20 |        21 |       22 |       23 |        24 |        25 |        26 |        27 |        28 |        29 |
|-----------+-----------+-----------+-----------+----------+-----------+-----------+-----------+-----------+----------+-----------+-----------+-----------+-----------+-----------+-----------+-----------+------------+-----------+-----------+----------+-----------+----------+----------+-----------+-----------+-----------+-----------+-----------+-----------|
|   0.00979 |   0.00614 |   0.00685 |   0.00713 |   0.0101 |   0.00841 |   0.00789 |   0.00778 |   0.00789 |   0.0019 |   0.00305 |   0.00887 |   0.00894 |   9.3e-06 |   0.00907 |   0.00898 |   0.00777 |   3.65e-05 |   0.00927 |   0.00865 |   0.0083 |   0.00979 |   0.0102 |   0.0102 |   0.00982 |   0.00711 |   0.00742 |   0.00963 |   0.00948 |   0.00911 |
|   4.83    |   2.51    |   2.88    |   3.04    |   5.1    |   3.83    |   3.49    |   3.42    |   3.49    |   1.14   |   1.37    |   4.15    |   4.2     |   1       |   4.29    |   4.23    |   3.42    |   1        |   4.44    |   3.99    |   3.75   |   4.83    |   5.14   |   5.14   |   4.86    |   3.02    |   3.21    |   4.71    |   4.59    |   4.32    |
|   0.12    |   0.1     |   0.06    |   0.13    |   0.16   |   0.1     |   0.1     |   0.11    |   0.07    |   0.12   |   0.15    |   0.12    |   0.13    |  13.46    |   0.14    |   0.09    |   0.12    |   3.12     |   0.17    |   0.1     |   0.12   |   0.04    |   0.15   |   0.14   |   0.06    |   0.03    |   0.12    |   0.13    |   0.11    |   0.14    |
| nan       | nan       | nan       | nan       | nan      | nan       | nan       | nan       | nan       | nan      | nan       | nan       | nan       | nan       | nan       | nan       | nan       | nan        | nan       | nan       | nan      | nan       | nan      | nan      | nan       | nan       | nan       | nan       | nan       | nan       |
| nan       | nan       | nan       | nan       | nan      | nan       | nan       | nan       | nan       | nan      | nan       | nan       | nan       | nan       | nan       | nan       | nan       | nan        | nan       | nan       | nan      | nan       | nan      | nan      | nan       | nan       | nan       | nan       | nan       | nan       |
| nan       | nan       | nan       | nan       | nan      | nan       | nan       | nan       | nan       | nan      | nan       | nan       | nan       | nan       | nan       | nan       | nan       | nan        | nan       | nan       | nan      | nan       | nan      | nan      | nan       | nan       | nan       | nan       | nan       | nan       |

STORING PATH IS NONEEEEEE
SAVING THE MODEL
/g100_work/EIRI_E_POLIMI/rcasciot/neuromodAI/SoftHebb-main/Training/results/hebb/result/network/CIFAR100_STL10_CL/models

 ********** Hebbian Unsupervised learning of blocks [2] **********
SEED:  0
BEFORE RESIZING
Files already downloaded and verified
AFTER RESIZING
Files already downloaded and verified
INDICES:  50000
IMAGE SIZE: torch.Size([10, 3, 32, 32])
SAVING FOLDER FOR UNSUP:  CIFAR100_STL10_CL
INSIDE EVALUATE UNSUP
INSIDE EVALUATE UNSUP RETURNED 0,0
Epoch: [1/1]	lr: 3.75e-02	time: 00:01:02	Acc_train 0.00	Acc_test 0.00	convergence: 1.41e+01	R1: 1	Info MB:0.000e+00/SB:0.000e+00/MW:1.782e-02/SW:2.590e-01/MR:1.515e+01/SR:1.870e+00/MeD:1.497e+00/MaD:1.415e+01/MW:0.467/MAW:0.533
|        0 |        1 |        2 |        3 |       4 |        5 |        6 |        7 |        8 |       9 |       10 |       11 |       12 |       13 |       14 |       15 |      16 |       17 |       18 |       19 |       20 |      21 |       22 |       23 |      24 |       25 |       26 |       27 |       28 |       29 |
|----------+----------+----------+----------+---------+----------+----------+----------+----------+---------+----------+----------+----------+----------+----------+----------+---------+----------+----------+----------+----------+---------+----------+----------+---------+----------+----------+----------+----------+----------|
|   0.0375 |   0.0377 |   0.0406 |   0.0335 |   0.038 |   0.0384 |   0.0406 |   0.0353 |   0.0392 |   0.035 |   0.0383 |   0.0319 |   0.0348 |   0.0392 |   0.0386 |   0.0347 |   0.033 |   0.0408 |   0.0378 |   0.0357 |   0.0368 |   0.033 |   0.0378 |   0.0341 |   0.038 |   0.0341 |   0.0352 |   0.0396 |   0.0377 |   0.0384 |
|  15.04   |  15.19   |  17.47   |  12.2    |  15.44  |  15.76   |  17.48   |  13.48   |  16.39   |  13.28  |  15.64   |  11.17   |  13.1    |  16.38   |  15.87   |  13.02   |  11.86  |  17.62   |  15.26   |  13.72   |  14.56   |  11.89  |  15.31   |  12.6    |  15.47  |  12.63   |  13.36   |  16.65   |  15.25   |  15.78   |
|   0.07   |   0.06   |   0.07   |   0.07   |   0.07  |   0.06   |   0.05   |   0.08   |   0.07   |   0.06  |   0.04   |   0.07   |   0.03   |   0.08   |   0.06   |   0.04   |   0.04  |   0.05   |   0.04   |   0.06   |   0.06   |   0.06  |   0.09   |   0.04   |   0.05  |   0.06   |   0.03   |   0.07   |   0.05   |   0.06   |
| nan      | nan      | nan      | nan      | nan     | nan      | nan      | nan      | nan      | nan     | nan      | nan      | nan      | nan      | nan      | nan      | nan     | nan      | nan      | nan      | nan      | nan     | nan      | nan      | nan     | nan      | nan      | nan      | nan      | nan      |
| nan      | nan      | nan      | nan      | nan     | nan      | nan      | nan      | nan      | nan     | nan      | nan      | nan      | nan      | nan      | nan      | nan     | nan      | nan      | nan      | nan      | nan     | nan      | nan      | nan     | nan      | nan      | nan      | nan      | nan      |
| nan      | nan      | nan      | nan      | nan     | nan      | nan      | nan      | nan      | nan     | nan      | nan      | nan      | nan      | nan      | nan      | nan     | nan      | nan      | nan      | nan      | nan     | nan      | nan      | nan     | nan      | nan      | nan      | nan      | nan      |

STORING PATH IS NONEEEEEE
SAVING THE MODEL
/g100_work/EIRI_E_POLIMI/rcasciot/neuromodAI/SoftHebb-main/Training/results/hebb/result/network/CIFAR100_STL10_CL/models
SEED:  0
BEFORE RESIZING
Files already downloaded and verified
AFTER RESIZING
Files already downloaded and verified
INDICES:  50000
IMAGE SIZE: torch.Size([64, 3, 32, 32])
Accuracy of the network on the 1st dataset: 42.890 %
Test loss on the 1st dataset: 0.081
CL:  True
{'name': 'STL10', 'noise_std': 0, 'channels': 3, 'width': 96, 'height': 96, 'validation_split': 0.2, 'training_sample': 5000, 'testing_sample': 10000, 'out_channels': 10, 'num_workers': 0, 'seed': 0, 'shuffle': True, 'batch_size': 32, 'augmentation': False, 'zca_whitened': False, 'training_class': 'all', 'split': 'train', 'nb_epoch': 50, 'print_freq': 10, 'validation': False, 'continual_learning': True}
CL:  True
{'name': 'STL10', 'noise_std': 0, 'channels': 3, 'width': 96, 'height': 96, 'validation_split': 0.2, 'training_sample': 5000, 'testing_sample': 10000, 'out_channels': 10, 'num_workers': 0, 'seed': 0, 'shuffle': True, 'batch_size': 32, 'augmentation': False, 'zca_whitened': False, 'training_class': 'all', 'split': 'train', 'nb_epoch': 1, 'print_freq': 1, 'validation': False, 'continual_learning': True}
SEED:  0
block 0, size : 96 48 48
range = 2.886751345948129
block 1, size : 384 24 24
range = 0.8505172717997146
block 2, size : 1536 12 12
range = 0.4252586358998573
range = 0.036828478186799345
The device used will be: 
True
cuda:0
CONFIG: {'arch': 'CNN', 'nb_train': None, 'lr': 0.08, 'adaptive': True, 'lr_sup': 0.001, 'speed': 7, 'lr_div': 96, 'lebesgue_p': 2, 'padding_mode': 'reflect', 'pre_triangle': False, 'ranking_param': 3, 'delta': 2, 't_invert': 1.0, 'groups': 1, 'stride': 1, 'dilation': 1, 'beta': 1, 'power': 4.5, 'padding': 2, 'weight_init': 'normal', 'weight_init_range': 2.886751345948129, 'weight_init_offset': 0, 'mask_thsd': 0, 'radius': 25, 'power_lr': 0.5, 'weight_decay': 0, 'soft_activation_fn': 'exp', 'hebbian': True, 'resume': None, 'add_bias': False, 'normalize_inp': False, 'lr_decay': 'linear', 'seed': 0, 'softness': 'softkrotov', 'out_channels': 96, 'kernel_size': 5, 'in_channels': 3, 'lr_scheduler': {'lr': 0.08, 'adaptive': True, 'nb_epochs': 1, 'ratio': 0.0002, 'speed': 7, 'div': 96, 'decay': 'linear', 'power_lr': 0.5}}
CONFIG: {'arch': 'CNN', 'nb_train': None, 'lr': 0.005, 'adaptive': True, 'lr_sup': 0.001, 'speed': 7, 'lr_div': 96, 'lebesgue_p': 2, 'padding_mode': 'reflect', 'pre_triangle': False, 'ranking_param': 3, 'delta': 2, 't_invert': 0.65, 'groups': 1, 'stride': 1, 'dilation': 1, 'beta': 1, 'power': 4.5, 'padding': 1, 'weight_init': 'normal', 'weight_init_range': 0.8505172717997146, 'weight_init_offset': 0, 'mask_thsd': 0, 'radius': 25, 'power_lr': 0.5, 'weight_decay': 0, 'soft_activation_fn': 'exp', 'hebbian': True, 'resume': None, 'add_bias': False, 'normalize_inp': False, 'lr_decay': 'linear', 'seed': 0, 'softness': 'softkrotov', 'out_channels': 384, 'kernel_size': 3, 'in_channels': 96, 'lr_scheduler': {'lr': 0.005, 'adaptive': True, 'nb_epochs': 1, 'ratio': 0.0002, 'speed': 7, 'div': 96, 'decay': 'linear', 'power_lr': 0.5}}
CONFIG: {'arch': 'CNN', 'nb_train': None, 'lr': 0.01, 'adaptive': True, 'lr_sup': 0.001, 'speed': 7, 'lr_div': 96, 'lebesgue_p': 2, 'padding_mode': 'reflect', 'pre_triangle': False, 'ranking_param': 3, 'delta': 2, 't_invert': 0.25, 'groups': 1, 'stride': 1, 'dilation': 1, 'beta': 1, 'power': 4.5, 'padding': 1, 'weight_init': 'normal', 'weight_init_range': 0.4252586358998573, 'weight_init_offset': 0, 'mask_thsd': 0, 'radius': 25, 'power_lr': 0.5, 'weight_decay': 0, 'soft_activation_fn': 'exp', 'hebbian': True, 'resume': None, 'add_bias': False, 'normalize_inp': False, 'lr_decay': 'linear', 'seed': 0, 'softness': 'softkrotov', 'out_channels': 1536, 'kernel_size': 3, 'in_channels': 384, 'lr_scheduler': {'lr': 0.01, 'adaptive': True, 'nb_epochs': 1, 'ratio': 0.0002, 'speed': 7, 'div': 96, 'decay': 'linear', 'power_lr': 0.5}}
CONFIG: {'arch': 'MLP', 'lr': 0.05, 'adaptive': True, 'lr_sup': 0.001, 'speed': 0.4, 'lr_div': 100, 'lebesgue_p': 2, 't_invert': 10, 'beta': 0.01, 'power': 4.5, 'ranking_param': 3, 'delta': 0.1, 'hebbian': False, 'add_bias': False, 'normalize_inp': False, 'lr_decay': 'linear', 'seed': 0, 'lr_bias': 600, 'softness': 'soft', 'soft_activation_fn': 'exp', 'plasticity': 'SoftHebb', 'metric_mode': 'unsupervised', 'weight_init': 'positive', 'weight_init_range': 0.11048543456039805, 'weight_init_offset': 0, 'weight_decay': 0, 'radius': 10, 'power_lr': 0.2, 'out_channels': 100, 'in_channels': 24576, 'old_channels': 1536, 'lr_scheduler': {'decay': 'cste', 'lr': 0.1}}

 Model CIFAR100_STL10_CL loaded successfuly with best perf



 ----- Architecture Block BatchNorm2dSK3962(5, 5)1.0reflect, number 0 -----
- BatchNorm2d(3, eps=1e-05, momentum=0.1, affine=False, track_running_stats=True)
- HebbSoftKrotovConv2d(3, 96, lebesgue_p=2, pruning=0, kernel_size=(5, 5), bias=False, padding_mode=reflect, t_invert=1.0, bias=False, lr_bias=0.1, ranking_param=3, delta=2, activation=exp)
- Triangle(power=0.7)
- MaxPool2d(kernel_size=4, stride=2, padding=1, dilation=1, ceil_mode=False)

 ----- Architecture Block BatchNorm2dSK963842(3, 3)0.6499999761581421reflect, number 1 -----
- BatchNorm2d(96, eps=1e-05, momentum=0.1, affine=False, track_running_stats=True)
- HebbSoftKrotovConv2d(96, 384, lebesgue_p=2, pruning=0, kernel_size=(3, 3), bias=False, padding_mode=reflect, t_invert=0.6499999761581421, bias=False, lr_bias=0.1538, ranking_param=3, delta=2, activation=exp)
- Triangle(power=1.4)
- MaxPool2d(kernel_size=4, stride=2, padding=1, dilation=1, ceil_mode=False)

 ----- Architecture Block BatchNorm2dSK38415362(3, 3)0.25reflect, number 2 -----
- BatchNorm2d(384, eps=1e-05, momentum=0.1, affine=False, track_running_stats=True)
- HebbSoftKrotovConv2d(384, 1536, lebesgue_p=2, pruning=0, kernel_size=(3, 3), bias=False, padding_mode=reflect, t_invert=0.25, bias=False, lr_bias=0.4, ranking_param=3, delta=2, activation=exp)
- Triangle(power=1.0)
- AvgPool2d(kernel_size=2, stride=2, padding=0)

 ----- Architecture Block FlattenDropout(p=0.5, inplace=False)Linear(in_, number 3 -----
- Flatten(start_dim=1, end_dim=-1)
- Dropout(p=0.5, inplace=False)
- Linear(in_features=24576, out_features=100, bias=True)

 ********** Hebbian Unsupervised learning of blocks [0] **********
SEED:  0
BEFORE RESIZING
Files already downloaded and verified
AFTER RESIZING
Files already downloaded and verified
INDICES:  5000
IMAGE SIZE: torch.Size([32, 3, 32, 32])
SAVING FOLDER FOR UNSUP:  CIFAR100_STL10_CL
INSIDE EVALUATE UNSUP
INSIDE EVALUATE UNSUP RETURNED 0,0
Epoch: [1/1]	lr: 1.01e-01	time: 00:00:21	Acc_train 0.00	Acc_test 0.00	convergence: 2.40e+01	R1: 0	Info MB:0.000e+00/SB:0.000e+00/MW:9.678e-03/SW:3.964e-01/MR:3.049e+00/SR:1.589e+00/MeD:1.298e+00/MaD:3.708e+00/MW:0.570/MAW:0.430
|       0 |       1 |          2 |       3 |       4 |        5 |         6 |          7 |        8 |       9 |      10 |       11 |      12 |      13 |      14 |     15 |      16 |      17 |      18 |      19 |      20 |       21 |       22 |     23 |      24 |      25 |      26 |     27 |     28 |      29 |
|---------+---------+------------+---------+---------+----------+-----------+------------+----------+---------+---------+----------+---------+---------+---------+--------+---------+---------+---------+---------+---------+----------+----------+--------+---------+---------+---------+--------+--------+---------|
|   0.102 |   0.115 |   0.000422 |   0.115 |   0.187 |   0.0189 |   0.00193 |   0.000657 |   0.0615 |   0.149 |   0.163 |   0.0611 |   0.109 |   0.187 |   0.117 |   0.11 |   0.157 |   0.111 |   0.152 |   0.125 |   0.126 |   0.0986 |   0.0729 |   0.16 |   0.147 |   0.176 |   0.104 |   0.11 |   0.11 |   0.165 |
|   2.63  |   3.07  |   1        |   3.05  |   6.48  |   1.06   |   1       |   1        |   1.59   |   4.48  |   5.13  |   1.58   |   2.86  |   6.49  |   3.15  |   2.89 |   4.88  |   2.93  |   4.63  |   3.43  |   3.47  |   2.52   |   1.83   |   4.98 |   4.38  |   5.87  |   2.69  |   2.89 |   2.9  |   5.26  |
|   0.61  |   0.63  |   1.34     |   0.31  |   0.4   |   0.51   |   1.47    |   1.3      |   0.47   |   0.38  |   0.4   |   0.52   |   0.63  |   0.39  |   0.34  |   0.64 |   0.4   |   0.59  |   0.34  |   0.32  |   0.6   |   0.6    |   0.51   |   0.33 |   0.39  |   0.36  |   0.63  |   0.62 |   0.63 |   0.33  |
| nan     | nan     | nan        | nan     | nan     | nan      | nan       | nan        | nan      | nan     | nan     | nan      | nan     | nan     | nan     | nan    | nan     | nan     | nan     | nan     | nan     | nan      | nan      | nan    | nan     | nan     | nan     | nan    | nan    | nan     |
| nan     | nan     | nan        | nan     | nan     | nan      | nan       | nan        | nan      | nan     | nan     | nan      | nan     | nan     | nan     | nan    | nan     | nan     | nan     | nan     | nan     | nan      | nan      | nan    | nan     | nan     | nan     | nan    | nan    | nan     |
| nan     | nan     | nan        | nan     | nan     | nan      | nan       | nan        | nan      | nan     | nan     | nan      | nan     | nan     | nan     | nan    | nan     | nan     | nan     | nan     | nan     | nan      | nan      | nan    | nan     | nan     | nan     | nan    | nan    | nan     |

STORING PATH IS NONEEEEEE
SAVING THE MODEL
/g100_work/EIRI_E_POLIMI/rcasciot/neuromodAI/SoftHebb-main/Training/results/hebb/result/network/CIFAR100_STL10_CL/models

 ********** Hebbian Unsupervised learning of blocks [1] **********
SEED:  0
BEFORE RESIZING
Files already downloaded and verified
AFTER RESIZING
Files already downloaded and verified
INDICES:  5000
IMAGE SIZE: torch.Size([32, 3, 32, 32])
SAVING FOLDER FOR UNSUP:  CIFAR100_STL10_CL
INSIDE EVALUATE UNSUP
INSIDE EVALUATE UNSUP RETURNED 0,0
Epoch: [1/1]	lr: 1.01e-01	time: 00:00:42	Acc_train 0.00	Acc_test 0.00	convergence: 2.40e+01	R1: 0	Info MB:0.000e+00/SB:0.000e+00/MW:6.091e-03/SW:1.286e-01/MR:3.551e+00/SR:1.309e+00/MeD:1.055e+00/MaD:3.452e+00/MW:0.623/MAW:0.377
|        0 |         1 |         2 |         3 |        4 |        5 |         6 |        7 |         8 |         9 |       10 |        11 |        12 |         13 |        14 |        15 |       16 |         17 |        18 |        19 |        20 |       21 |       22 |       23 |       24 |        25 |        26 |        27 |        28 |        29 |
|----------+-----------+-----------+-----------+----------+----------+-----------+----------+-----------+-----------+----------+-----------+-----------+------------+-----------+-----------+----------+------------+-----------+-----------+-----------+----------+----------+----------+----------+-----------+-----------+-----------+-----------+-----------|
|   0.0102 |   0.00623 |   0.00698 |   0.00716 |   0.0101 |   0.0086 |   0.00795 |   0.0079 |   0.00803 |   0.00191 |   0.0031 |   0.00839 |   0.00929 |   0.000121 |   0.00931 |   0.00921 |   0.0078 |   5.02e-05 |   0.00953 |   0.00864 |   0.00837 |   0.0101 |   0.0103 |   0.0102 |   0.0103 |   0.00722 |   0.00764 |   0.00985 |   0.00964 |   0.00941 |
|   5.17   |   2.55    |   2.95    |   3.05    |   5.09   |   3.96   |   3.53    |   3.49   |   3.58    |   1.15    |   1.38   |   3.81    |   4.45    |   1        |   4.47    |   4.39    |   3.43   |   1        |   4.63    |   3.98    |   3.8     |   5.08   |   5.28   |   5.15   |   5.27   |   3.08    |   3.33    |   4.88    |   4.71    |   4.55    |
|   0.07   |   0.07    |   0.04    |   0.06    |   0.15   |   0.11   |   0.11    |   0.09   |   0.05    |   0.08    |   0.07   |   0.19    |   0.07    |  12.67     |   0.06    |   0.07    |   0.12   |   3.57     |   0.1     |   0.06    |   0.1     |   0.05   |   0.14   |   0.14   |   0.1    |   0.03    |   0.05    |   0.12    |   0.1     |   0.1     |
| nan      | nan       | nan       | nan       | nan      | nan      | nan       | nan      | nan       | nan       | nan      | nan       | nan       | nan        | nan       | nan       | nan      | nan        | nan       | nan       | nan       | nan      | nan      | nan      | nan      | nan       | nan       | nan       | nan       | nan       |
| nan      | nan       | nan       | nan       | nan      | nan      | nan       | nan      | nan       | nan       | nan      | nan       | nan       | nan        | nan       | nan       | nan      | nan        | nan       | nan       | nan       | nan      | nan      | nan      | nan      | nan       | nan       | nan       | nan       | nan       |
| nan      | nan       | nan       | nan       | nan      | nan      | nan       | nan      | nan       | nan       | nan      | nan       | nan       | nan        | nan       | nan       | nan      | nan        | nan       | nan       | nan       | nan      | nan      | nan      | nan      | nan       | nan       | nan       | nan       | nan       |

STORING PATH IS NONEEEEEE
SAVING THE MODEL
/g100_work/EIRI_E_POLIMI/rcasciot/neuromodAI/SoftHebb-main/Training/results/hebb/result/network/CIFAR100_STL10_CL/models

 ********** Hebbian Unsupervised learning of blocks [2] **********
SEED:  0
BEFORE RESIZING
Files already downloaded and verified
AFTER RESIZING
Files already downloaded and verified
INDICES:  5000
IMAGE SIZE: torch.Size([32, 3, 32, 32])
SAVING FOLDER FOR UNSUP:  CIFAR100_STL10_CL
INSIDE EVALUATE UNSUP
INSIDE EVALUATE UNSUP RETURNED 0,0
Epoch: [1/1]	lr: 3.76e-02	time: 00:01:04	Acc_train 0.00	Acc_test 0.00	convergence: 1.42e+01	R1: 1	Info MB:0.000e+00/SB:0.000e+00/MW:1.832e-02/SW:2.602e-01/MR:1.522e+01/SR:1.830e+00/MeD:1.435e+00/MaD:1.422e+01/MW:0.457/MAW:0.543
|        0 |        1 |        2 |        3 |        4 |        5 |        6 |        7 |       8 |        9 |       10 |       11 |       12 |      13 |       14 |       15 |       16 |       17 |       18 |       19 |       20 |       21 |       22 |       23 |       24 |      25 |       26 |       27 |       28 |       29 |
|----------+----------+----------+----------+----------+----------+----------+----------+---------+----------+----------+----------+----------+---------+----------+----------+----------+----------+----------+----------+----------+----------+----------+----------+----------+---------+----------+----------+----------+----------|
|   0.0382 |   0.0383 |   0.0396 |   0.0339 |   0.0384 |   0.0384 |   0.0409 |   0.0345 |   0.039 |   0.0339 |   0.0375 |   0.0324 |   0.0355 |   0.039 |   0.0366 |   0.0342 |   0.0334 |   0.0414 |   0.0372 |   0.0363 |   0.0381 |   0.0337 |   0.0374 |   0.0343 |   0.0381 |   0.035 |   0.0354 |   0.0387 |   0.0383 |   0.0378 |
|  15.6    |  15.7    |  16.69   |  12.48   |  15.76   |  15.76   |  17.69   |  12.91   |  16.22  |  12.49   |  15.09   |  11.5    |  13.61   |  16.25  |  14.43   |  12.71   |  12.15   |  18.13   |  14.85   |  14.17   |  15.53   |  12.35   |  15      |  12.75   |  15.53   |  13.25  |  13.52   |  16.01   |  15.66   |  15.33   |
|   0.06   |   0.07   |   0.06   |   0.05   |   0.06   |   0.06   |   0.05   |   0.09   |   0.08  |   0.06   |   0.06   |   0.03   |   0.02   |   0.08  |   0.09   |   0.04   |   0.02   |   0.05   |   0.03   |   0.05   |   0.03   |   0.04   |   0.07   |   0.04   |   0.07   |   0.05  |   0.02   |   0.1    |   0.06   |   0.08   |
| nan      | nan      | nan      | nan      | nan      | nan      | nan      | nan      | nan     | nan      | nan      | nan      | nan      | nan     | nan      | nan      | nan      | nan      | nan      | nan      | nan      | nan      | nan      | nan      | nan      | nan     | nan      | nan      | nan      | nan      |
| nan      | nan      | nan      | nan      | nan      | nan      | nan      | nan      | nan     | nan      | nan      | nan      | nan      | nan     | nan      | nan      | nan      | nan      | nan      | nan      | nan      | nan      | nan      | nan      | nan      | nan     | nan      | nan      | nan      | nan      |
| nan      | nan      | nan      | nan      | nan      | nan      | nan      | nan      | nan     | nan      | nan      | nan      | nan      | nan     | nan      | nan      | nan      | nan      | nan      | nan      | nan      | nan      | nan      | nan      | nan      | nan     | nan      | nan      | nan      | nan      |

STORING PATH IS NONEEEEEE
SAVING THE MODEL
/g100_work/EIRI_E_POLIMI/rcasciot/neuromodAI/SoftHebb-main/Training/results/hebb/result/network/CIFAR100_STL10_CL/models

 ********** Supervised learning of blocks [3] **********
SAVING FOLDER FOR SUP:  CIFAR100_STL10_CL
SEED:  0
BEFORE RESIZING
Files already downloaded and verified
AFTER RESIZING
Files already downloaded and verified
INDICES:  5000
IMAGE SIZE: torch.Size([32, 3, 32, 32])
Epoch: [1/50]	lr: 1.00e-03	time: 00:01:25	Loss_train 4.87212	Acc_train 29.00	/	Loss_test 2.80880	Acc_test 45.29
STORING PATH IS NONEEEEEE
SAVING THE MODEL
/g100_work/EIRI_E_POLIMI/rcasciot/neuromodAI/SoftHebb-main/Training/results/hebb/result/network/CIFAR100_STL10_CL/models
Epoch: [10/50]	lr: 1.00e-03	time: 00:01:30	Loss_train 1.45142	Acc_train 64.54	/	Loss_test 1.79726	Acc_test 60.39
STORING PATH IS NONEEEEEE
SAVING THE MODEL
/g100_work/EIRI_E_POLIMI/rcasciot/neuromodAI/SoftHebb-main/Training/results/hebb/result/network/CIFAR100_STL10_CL/models
Epoch: [20/50]	lr: 2.50e-04	time: 00:01:35	Loss_train 0.43881	Acc_train 82.37	/	Loss_test 1.62016	Acc_test 64.24
STORING PATH IS NONEEEEEE
SAVING THE MODEL
/g100_work/EIRI_E_POLIMI/rcasciot/neuromodAI/SoftHebb-main/Training/results/hebb/result/network/CIFAR100_STL10_CL/models
Epoch: [30/50]	lr: 1.25e-04	time: 00:01:41	Loss_train 0.27135	Acc_train 86.84	/	Loss_test 1.58775	Acc_test 64.11
STORING PATH IS NONEEEEEE
SAVING THE MODEL
/g100_work/EIRI_E_POLIMI/rcasciot/neuromodAI/SoftHebb-main/Training/results/hebb/result/network/CIFAR100_STL10_CL/models
Epoch: [40/50]	lr: 3.13e-05	time: 00:01:46	Loss_train 0.21405	Acc_train 88.89	/	Loss_test 1.55226	Acc_test 64.54
STORING PATH IS NONEEEEEE
SAVING THE MODEL
/g100_work/EIRI_E_POLIMI/rcasciot/neuromodAI/SoftHebb-main/Training/results/hebb/result/network/CIFAR100_STL10_CL/models
Epoch: [50/50]	lr: 7.81e-06	time: 00:01:51	Loss_train 0.19501	Acc_train 89.47	/	Loss_test 1.54560	Acc_test 64.82
STORING PATH IS NONEEEEEE
SAVING THE MODEL
/g100_work/EIRI_E_POLIMI/rcasciot/neuromodAI/SoftHebb-main/Training/results/hebb/result/network/CIFAR100_STL10_CL/models
RESULT:  {'train_loss': 0.19500546157360077, 'train_acc': 89.46800231933594, 'test_loss': 1.5455986261367798, 'test_acc': 64.82499694824219, 'convergence': 14.2223539352417, 'R1': 1, 'dataset_sup': {'name': 'STL10', 'noise_std': 0, 'channels': 3, 'width': 96, 'height': 96, 'validation_split': 0.2, 'training_sample': 5000, 'testing_sample': 10000, 'out_channels': 10, 'num_workers': 0, 'seed': 0, 'shuffle': True, 'batch_size': 32, 'augmentation': False, 'zca_whitened': False, 'training_class': 'all', 'split': 'train', 'nb_epoch': 50, 'print_freq': 10, 'validation': False, 'continual_learning': True, 'old_dataset_size': 32}, 'dataset_unsup': {'name': 'STL10', 'noise_std': 0, 'channels': 3, 'width': 96, 'height': 96, 'validation_split': 0.2, 'training_sample': 5000, 'testing_sample': 10000, 'out_channels': 10, 'num_workers': 0, 'seed': 0, 'shuffle': True, 'batch_size': 32, 'augmentation': False, 'zca_whitened': False, 'training_class': 'all', 'split': 'train', 'nb_epoch': 1, 'print_freq': 1, 'validation': False, 'continual_learning': True, 'old_dataset_size': 32}, 'train_config': {'t0': {'blocks': [0], 'mode': 'unsupervised', 'lr': 0.08, 'nb_epoch': 1, 'batch_size': 32, 'print_freq': 1}, 't2': {'blocks': [1], 'mode': 'unsupervised', 'lr': 0.005, 'nb_epoch': 1, 'batch_size': 32, 'print_freq': 1}, 't4': {'blocks': [2], 'mode': 'unsupervised', 'lr': 0.01, 'nb_epoch': 1, 'batch_size': 32, 'print_freq': 1}, 't6': {'blocks': [3], 'mode': 'supervised', 'lr': 0.001, 'nb_epoch': 50, 'batch_size': 32, 'print_freq': 10}}}
IN R1:  {'eval_1': {'test_loss': 0.08102434128522873, 'test_acc': 42.88999938964844, 'convergence': 14.147342681884766, 'R1': 1, 'dataset_sup': {'name': 'CIFAR100', 'noise_std': 0, 'channels': 3, 'width': 32, 'height': 32, 'validation_split': 0.2, 'training_sample': 50000, 'testing_sample': 10000, 'out_channels': 100, 'num_workers': 0, 'seed': 0, 'shuffle': True, 'batch_size': 64, 'augmentation': False, 'zca_whitened': False, 'training_class': 'all', 'split': 'train', 'nb_epoch': 50, 'print_freq': 10, 'validation': False, 'continual_learning': False}, 'dataset_unsup': {'name': 'CIFAR100', 'noise_std': 0, 'channels': 3, 'width': 32, 'height': 32, 'validation_split': 0.2, 'training_sample': 50000, 'testing_sample': 10000, 'out_channels': 100, 'num_workers': 0, 'seed': 0, 'shuffle': True, 'batch_size': 10, 'augmentation': False, 'zca_whitened': False, 'training_class': 'all', 'split': 'train', 'nb_epoch': 1, 'print_freq': 50, 'validation': False, 'continual_learning': False}}, 'R1': {'train_loss': 0.19500546157360077, 'train_acc': 89.46800231933594, 'test_loss': 1.5455986261367798, 'test_acc': 64.82499694824219, 'convergence': 14.2223539352417, 'R1': 1, 'dataset_sup': {'name': 'STL10', 'noise_std': 0, 'channels': 3, 'width': 96, 'height': 96, 'validation_split': 0.2, 'training_sample': 5000, 'testing_sample': 10000, 'out_channels': 10, 'num_workers': 0, 'seed': 0, 'shuffle': True, 'batch_size': 32, 'augmentation': False, 'zca_whitened': False, 'training_class': 'all', 'split': 'train', 'nb_epoch': 50, 'print_freq': 10, 'validation': False, 'continual_learning': True, 'old_dataset_size': 32}, 'dataset_unsup': {'name': 'STL10', 'noise_std': 0, 'channels': 3, 'width': 96, 'height': 96, 'validation_split': 0.2, 'training_sample': 5000, 'testing_sample': 10000, 'out_channels': 10, 'num_workers': 0, 'seed': 0, 'shuffle': True, 'batch_size': 32, 'augmentation': False, 'zca_whitened': False, 'training_class': 'all', 'split': 'train', 'nb_epoch': 1, 'print_freq': 1, 'validation': False, 'continual_learning': True, 'old_dataset_size': 32}, 'train_config': {'t0': {'blocks': [0], 'mode': 'unsupervised', 'lr': 0.08, 'nb_epoch': 1, 'batch_size': 32, 'print_freq': 1}, 't2': {'blocks': [1], 'mode': 'unsupervised', 'lr': 0.005, 'nb_epoch': 1, 'batch_size': 32, 'print_freq': 1}, 't4': {'blocks': [2], 'mode': 'unsupervised', 'lr': 0.01, 'nb_epoch': 1, 'batch_size': 32, 'print_freq': 1}, 't6': {'blocks': [3], 'mode': 'supervised', 'lr': 0.001, 'nb_epoch': 50, 'batch_size': 32, 'print_freq': 10}}}}
SEED:  0
block 0, size : 96 16 16
range = 2.886751345948129
block 1, size : 384 8 8
range = 0.8505172717997146
block 2, size : 1536 4 4
range = 0.4252586358998573
range = 0.11048543456039805
The device used will be: 
True
cuda:0
CONFIG: {'arch': 'CNN', 'nb_train': None, 'lr': 0.08, 'adaptive': True, 'lr_sup': 0.001, 'speed': 7, 'lr_div': 96, 'lebesgue_p': 2, 'padding_mode': 'reflect', 'pre_triangle': False, 'ranking_param': 3, 'delta': 2, 't_invert': 1.0, 'groups': 1, 'stride': 1, 'dilation': 1, 'beta': 1, 'power': 4.5, 'padding': 2, 'weight_init': 'normal', 'weight_init_range': 2.886751345948129, 'weight_init_offset': 0, 'mask_thsd': 0, 'radius': 25, 'power_lr': 0.5, 'weight_decay': 0, 'soft_activation_fn': 'exp', 'hebbian': True, 'resume': None, 'add_bias': False, 'normalize_inp': False, 'lr_decay': 'linear', 'seed': 0, 'softness': 'softkrotov', 'out_channels': 96, 'kernel_size': 5, 'in_channels': 3, 'lr_scheduler': {'lr': 0.08, 'adaptive': True, 'nb_epochs': 1, 'ratio': 0.0002, 'speed': 7, 'div': 96, 'decay': 'linear', 'power_lr': 0.5}}
CONFIG: {'arch': 'CNN', 'nb_train': None, 'lr': 0.005, 'adaptive': True, 'lr_sup': 0.001, 'speed': 7, 'lr_div': 96, 'lebesgue_p': 2, 'padding_mode': 'reflect', 'pre_triangle': False, 'ranking_param': 3, 'delta': 2, 't_invert': 0.65, 'groups': 1, 'stride': 1, 'dilation': 1, 'beta': 1, 'power': 4.5, 'padding': 1, 'weight_init': 'normal', 'weight_init_range': 0.8505172717997146, 'weight_init_offset': 0, 'mask_thsd': 0, 'radius': 25, 'power_lr': 0.5, 'weight_decay': 0, 'soft_activation_fn': 'exp', 'hebbian': True, 'resume': None, 'add_bias': False, 'normalize_inp': False, 'lr_decay': 'linear', 'seed': 0, 'softness': 'softkrotov', 'out_channels': 384, 'kernel_size': 3, 'in_channels': 96, 'lr_scheduler': {'lr': 0.005, 'adaptive': True, 'nb_epochs': 1, 'ratio': 0.0002, 'speed': 7, 'div': 96, 'decay': 'linear', 'power_lr': 0.5}}
CONFIG: {'arch': 'CNN', 'nb_train': None, 'lr': 0.01, 'adaptive': True, 'lr_sup': 0.001, 'speed': 7, 'lr_div': 96, 'lebesgue_p': 2, 'padding_mode': 'reflect', 'pre_triangle': False, 'ranking_param': 3, 'delta': 2, 't_invert': 0.25, 'groups': 1, 'stride': 1, 'dilation': 1, 'beta': 1, 'power': 4.5, 'padding': 1, 'weight_init': 'normal', 'weight_init_range': 0.4252586358998573, 'weight_init_offset': 0, 'mask_thsd': 0, 'radius': 25, 'power_lr': 0.5, 'weight_decay': 0, 'soft_activation_fn': 'exp', 'hebbian': True, 'resume': None, 'add_bias': False, 'normalize_inp': False, 'lr_decay': 'linear', 'seed': 0, 'softness': 'softkrotov', 'out_channels': 1536, 'kernel_size': 3, 'in_channels': 384, 'lr_scheduler': {'lr': 0.01, 'adaptive': True, 'nb_epochs': 1, 'ratio': 0.0002, 'speed': 7, 'div': 96, 'decay': 'linear', 'power_lr': 0.5}}
CONFIG: {'arch': 'MLP', 'lr': 0.05, 'adaptive': True, 'lr_sup': 0.001, 'speed': 0.4, 'lr_div': 100, 'lebesgue_p': 2, 't_invert': 10, 'beta': 0.01, 'power': 4.5, 'ranking_param': 3, 'delta': 0.1, 'hebbian': False, 'add_bias': False, 'normalize_inp': False, 'lr_decay': 'linear', 'seed': 0, 'lr_bias': 600, 'softness': 'soft', 'soft_activation_fn': 'exp', 'plasticity': 'SoftHebb', 'metric_mode': 'unsupervised', 'weight_init': 'positive', 'weight_init_range': 0.11048543456039805, 'weight_init_offset': 0, 'weight_decay': 0, 'radius': 10, 'power_lr': 0.2, 'out_channels': 100, 'in_channels': 24576, 'old_channels': 1536, 'lr_scheduler': {'decay': 'cste', 'lr': 0.1}}

 Model CIFAR100_STL10_CL loaded successfuly with best perf



 ----- Architecture Block BatchNorm2dSK3962(5, 5)1.0reflect, number 0 -----
- BatchNorm2d(3, eps=1e-05, momentum=0.1, affine=False, track_running_stats=True)
- HebbSoftKrotovConv2d(3, 96, lebesgue_p=2, pruning=0, kernel_size=(5, 5), bias=False, padding_mode=reflect, t_invert=1.0, bias=False, lr_bias=0.1, ranking_param=3, delta=2, activation=exp)
- Triangle(power=0.7)
- MaxPool2d(kernel_size=4, stride=2, padding=1, dilation=1, ceil_mode=False)

 ----- Architecture Block BatchNorm2dSK963842(3, 3)0.6499999761581421reflect, number 1 -----
- BatchNorm2d(96, eps=1e-05, momentum=0.1, affine=False, track_running_stats=True)
- HebbSoftKrotovConv2d(96, 384, lebesgue_p=2, pruning=0, kernel_size=(3, 3), bias=False, padding_mode=reflect, t_invert=0.6499999761581421, bias=False, lr_bias=0.1538, ranking_param=3, delta=2, activation=exp)
- Triangle(power=1.4)
- MaxPool2d(kernel_size=4, stride=2, padding=1, dilation=1, ceil_mode=False)

 ----- Architecture Block BatchNorm2dSK38415362(3, 3)0.25reflect, number 2 -----
- BatchNorm2d(384, eps=1e-05, momentum=0.1, affine=False, track_running_stats=True)
- HebbSoftKrotovConv2d(384, 1536, lebesgue_p=2, pruning=0, kernel_size=(3, 3), bias=False, padding_mode=reflect, t_invert=0.25, bias=False, lr_bias=0.4, ranking_param=3, delta=2, activation=exp)
- Triangle(power=1.0)
- AvgPool2d(kernel_size=2, stride=2, padding=0)

 ----- Architecture Block FlattenDropout(p=0.5, inplace=False)Linear(in_, number 3 -----
- Flatten(start_dim=1, end_dim=-1)
- Dropout(p=0.5, inplace=False)
- Linear(in_features=24576, out_features=100, bias=True)

 ********** Hebbian Unsupervised learning of blocks [0] **********
SEED:  0
BEFORE RESIZING
Files already downloaded and verified
AFTER RESIZING
Files already downloaded and verified
INDICES:  50000
IMAGE SIZE: torch.Size([10, 3, 32, 32])
SAVING FOLDER FOR UNSUP:  CIFAR100_STL10_CL
INSIDE EVALUATE UNSUP
INSIDE EVALUATE UNSUP RETURNED 0,0
Epoch: [1/1]	lr: 1.42e-01	time: 00:00:16	Acc_train 0.00	Acc_test 0.00	convergence: 2.40e+01	R1: 0	Info MB:0.000e+00/SB:0.000e+00/MW:8.333e-03/SW:6.112e-01/MR:4.784e+00/SR:2.278e+00/MeD:1.804e+00/MaD:6.151e+00/MW:0.624/MAW:0.376
|       0 |      1 |          2 |      3 |       4 |       5 |         6 |         7 |      8 |       9 |      10 |       11 |      12 |      13 |      14 |      15 |      16 |      17 |      18 |     19 |      20 |      21 |      22 |      23 |      24 |      25 |      26 |      27 |      28 |      29 |
|---------+--------+------------+--------+---------+---------+-----------+-----------+--------+---------+---------+----------+---------+---------+---------+---------+---------+---------+---------+--------+---------+---------+---------+---------+---------+---------+---------+---------+---------+---------|
|   0.151 |   0.18 |   0.000242 |   0.15 |   0.224 |   0.122 |   0.00141 |   0.00025 |   0.1  |   0.141 |   0.185 |   0.0863 |   0.159 |   0.185 |   0.171 |   0.171 |   0.172 |   0.224 |   0.132 |   0.17 |   0.229 |   0.158 |   0.128 |   0.199 |   0.146 |   0.168 |   0.158 |   0.162 |   0.195 |   0.164 |
|   4.54  |   6.07 |   1        |   4.5  |   8.86  |   3.32  |   1       |   1       |   2.56 |   4.1   |   6.36  |   2.16   |   4.97  |   6.37  |   5.56  |   5.57  |   5.65  |   8.84  |   3.71  |   5.51 |   9.2   |   4.91  |   3.56  |   7.19  |   4.32  |   5.43  |   4.89  |   5.12  |   6.97  |   5.2   |
|   0.47  |   0.5  |   1.57     |   0.33 |   0.35  |   0.34  |   2.13    |   1.53    |   0.43 |   0.38  |   0.37  |   0.47   |   0.48  |   0.33  |   0.33  |   0.47  |   0.37  |   0.47  |   0.33  |   0.32 |   0.4   |   0.45  |   0.39  |   0.33  |   0.35  |   0.34  |   0.49  |   0.47  |   0.47  |   0.31  |
| nan     | nan    | nan        | nan    | nan     | nan     | nan       | nan       | nan    | nan     | nan     | nan      | nan     | nan     | nan     | nan     | nan     | nan     | nan     | nan    | nan     | nan     | nan     | nan     | nan     | nan     | nan     | nan     | nan     | nan     |
| nan     | nan    | nan        | nan    | nan     | nan     | nan       | nan       | nan    | nan     | nan     | nan      | nan     | nan     | nan     | nan     | nan     | nan     | nan     | nan    | nan     | nan     | nan     | nan     | nan     | nan     | nan     | nan     | nan     | nan     |
| nan     | nan    | nan        | nan    | nan     | nan     | nan       | nan       | nan    | nan     | nan     | nan      | nan     | nan     | nan     | nan     | nan     | nan     | nan     | nan    | nan     | nan     | nan     | nan     | nan     | nan     | nan     | nan     | nan     | nan     |

STORING PATH IS NONEEEEEE
SAVING THE MODEL
/g100_work/EIRI_E_POLIMI/rcasciot/neuromodAI/SoftHebb-main/Training/results/hebb/result/network/CIFAR100_STL10_CL/models

 ********** Hebbian Unsupervised learning of blocks [1] **********
SEED:  0
BEFORE RESIZING
Files already downloaded and verified
AFTER RESIZING
Files already downloaded and verified
INDICES:  50000
IMAGE SIZE: torch.Size([10, 3, 32, 32])
SAVING FOLDER FOR UNSUP:  CIFAR100_STL10_CL
INSIDE EVALUATE UNSUP
INSIDE EVALUATE UNSUP RETURNED 0,0
Epoch: [1/1]	lr: 1.42e-01	time: 00:00:34	Acc_train 0.00	Acc_test 0.00	convergence: 2.40e+01	R1: 0	Info MB:0.000e+00/SB:0.000e+00/MW:6.543e-03/SW:1.187e-01/MR:3.275e+00/SR:1.221e+00/MeD:9.915e-01/MaD:4.069e+00/MW:0.648/MAW:0.352
|         0 |         1 |         2 |        3 |         4 |         5 |         6 |         7 |         8 |         9 |        10 |        11 |        12 |         13 |        14 |        15 |        16 |         17 |        18 |        19 |        20 |      21 |       22 |       23 |        24 |        25 |        26 |        27 |        28 |        29 |
|-----------+-----------+-----------+----------+-----------+-----------+-----------+-----------+-----------+-----------+-----------+-----------+-----------+------------+-----------+-----------+-----------+------------+-----------+-----------+-----------+---------+----------+----------+-----------+-----------+-----------+-----------+-----------+-----------|
|   0.00578 |   0.00721 |   0.00637 |   0.0063 |   0.00845 |   0.00826 |   0.00812 |   0.00824 |   0.00855 |   0.00218 |   0.00364 |   0.00911 |   0.00862 |   9.77e-06 |   0.00905 |   0.00896 |   0.00722 |   4.26e-05 |   0.00807 |   0.00809 |   0.00782 |   0.008 |   0.0098 |   0.0101 |   0.00924 |   0.00969 |   0.00751 |   0.00897 |   0.00888 |   0.00941 |
|   2.34    |   3.08    |   2.62    |   2.59   |   3.86    |   3.73    |   3.64    |   3.71    |   3.93    |   1.19    |   1.53    |   4.32    |   3.97    |   1        |   4.28    |   4.21    |   3.09    |   1        |   3.61    |   3.62    |   3.44    |   3.56  |   4.84   |   5.08   |   4.42    |   4.76    |   3.26    |   4.22    |   4.16    |   4.55    |
|   0.07    |   0.06    |   0.04    |   0.06   |   0.13    |   0.12    |   0.09    |   0.11    |   0.04    |   0.05    |   0.04    |   0.08    |   0.11    |  13.79     |   0.09    |   0.08    |   0.09    |   3.12     |   0.1     |   0.06    |   0.1     |   0.09  |   0.14   |   0.12   |   0.13    |   0.03    |   0.11    |   0.13    |   0.1     |   0.12    |
| nan       | nan       | nan       | nan      | nan       | nan       | nan       | nan       | nan       | nan       | nan       | nan       | nan       | nan        | nan       | nan       | nan       | nan        | nan       | nan       | nan       | nan     | nan      | nan      | nan       | nan       | nan       | nan       | nan       | nan       |
| nan       | nan       | nan       | nan      | nan       | nan       | nan       | nan       | nan       | nan       | nan       | nan       | nan       | nan        | nan       | nan       | nan       | nan        | nan       | nan       | nan       | nan     | nan      | nan      | nan       | nan       | nan       | nan       | nan       | nan       |
| nan       | nan       | nan       | nan      | nan       | nan       | nan       | nan       | nan       | nan       | nan       | nan       | nan       | nan        | nan       | nan       | nan       | nan        | nan       | nan       | nan       | nan     | nan      | nan      | nan       | nan       | nan       | nan       | nan       | nan       |

STORING PATH IS NONEEEEEE
SAVING THE MODEL
/g100_work/EIRI_E_POLIMI/rcasciot/neuromodAI/SoftHebb-main/Training/results/hebb/result/network/CIFAR100_STL10_CL/models

 ********** Hebbian Unsupervised learning of blocks [2] **********
SEED:  0
BEFORE RESIZING
Files already downloaded and verified
AFTER RESIZING
Files already downloaded and verified
INDICES:  50000
IMAGE SIZE: torch.Size([10, 3, 32, 32])
SAVING FOLDER FOR UNSUP:  CIFAR100_STL10_CL
INSIDE EVALUATE UNSUP
INSIDE EVALUATE UNSUP RETURNED 0,0
Epoch: [1/1]	lr: 3.63e-02	time: 00:00:58	Acc_train 0.00	Acc_test 0.00	convergence: 1.32e+01	R1: 1	Info MB:0.000e+00/SB:0.000e+00/MW:2.225e-02/SW:2.430e-01/MR:1.424e+01/SR:1.778e+00/MeD:1.422e+00/MaD:1.324e+01/MW:0.495/MAW:0.505
|        0 |        1 |        2 |        3 |        4 |        5 |        6 |        7 |        8 |        9 |       10 |       11 |       12 |       13 |       14 |      15 |      16 |      17 |       18 |       19 |       20 |       21 |       22 |      23 |       24 |       25 |       26 |       27 |       28 |       29 |
|----------+----------+----------+----------+----------+----------+----------+----------+----------+----------+----------+----------+----------+----------+----------+---------+---------+---------+----------+----------+----------+----------+----------+---------+----------+----------+----------+----------+----------+----------|
|   0.0375 |   0.0353 |   0.0391 |   0.0335 |   0.0356 |   0.0373 |   0.0379 |   0.0364 |   0.0369 |   0.0363 |   0.0373 |   0.0308 |   0.0323 |   0.0381 |   0.0369 |   0.033 |   0.033 |   0.039 |   0.0363 |   0.0347 |   0.0335 |   0.0336 |   0.0367 |   0.032 |   0.0375 |   0.0322 |   0.0342 |   0.0371 |   0.0358 |   0.0365 |
|  15.06   |  13.49   |  16.3    |  12.19   |  13.7    |  14.89   |  15.36   |  14.22   |  14.65   |  14.15   |  14.91   |  10.5    |  11.42   |  15.5    |  14.65   |  11.91  |  11.9   |  16.25  |  14.15   |  13.02   |  12.23   |  12.27   |  14.48   |  11.25  |  15.04   |  11.36   |  12.69   |  14.75   |  13.8    |  14.33   |
|   0.08   |   0.06   |   0.06   |   0.05   |   0.05   |   0.06   |   0.05   |   0.05   |   0.07   |   0.04   |   0.04   |   0.04   |   0.02   |   0.05   |   0.06   |   0.03  |   0.02  |   0.05  |   0.05   |   0.05   |   0.04   |   0.06   |   0.06   |   0.03  |   0.05   |   0.04   |   0.04   |   0.07   |   0.05   |   0.06   |
| nan      | nan      | nan      | nan      | nan      | nan      | nan      | nan      | nan      | nan      | nan      | nan      | nan      | nan      | nan      | nan     | nan     | nan     | nan      | nan      | nan      | nan      | nan      | nan     | nan      | nan      | nan      | nan      | nan      | nan      |
| nan      | nan      | nan      | nan      | nan      | nan      | nan      | nan      | nan      | nan      | nan      | nan      | nan      | nan      | nan      | nan     | nan     | nan     | nan      | nan      | nan      | nan      | nan      | nan     | nan      | nan      | nan      | nan      | nan      | nan      |
| nan      | nan      | nan      | nan      | nan      | nan      | nan      | nan      | nan      | nan      | nan      | nan      | nan      | nan      | nan      | nan     | nan     | nan     | nan      | nan      | nan      | nan      | nan      | nan     | nan      | nan      | nan      | nan      | nan      | nan      |

STORING PATH IS NONEEEEEE
SAVING THE MODEL
/g100_work/EIRI_E_POLIMI/rcasciot/neuromodAI/SoftHebb-main/Training/results/hebb/result/network/CIFAR100_STL10_CL/models
SEED:  0
BEFORE RESIZING
Files already downloaded and verified
AFTER RESIZING
Files already downloaded and verified
INDICES:  50000
IMAGE SIZE: torch.Size([64, 3, 32, 32])
Accuracy of the network on the 1st dataset: 2.710 %
Test loss on the 1st dataset: 0.619

