BLOCKS:  {'b0': {'arch': 'CNN', 'preset': 'softkrotov-c48-k5-p2-s1-d1-b0-t1.1-lr0.08', 'operation': 'batchnorm2d', 'num': 0, 'batch_norm': False, 'pool': {'type': 'max', 'kernel_size': 4, 'stride': 2, 'padding': 1}, 'activation': {'function': 'triangle', 'param': 0.7}, 'resume': None, 'layer': {'arch': 'CNN', 'nb_train': None, 'lr': 0.08, 'adaptive': True, 'lr_sup': 0.001, 'speed': 7, 'lr_div': 96, 'lebesgue_p': 2, 'padding_mode': 'reflect', 'pre_triangle': False, 'ranking_param': 3, 'delta': 2, 't_invert': 1.1, 'groups': 1, 'stride': 1, 'dilation': 1, 'beta': 1, 'power': 4.5, 'padding': 2, 'weight_init': 'positive', 'weight_init_range': 2, 'weight_init_offset': 0, 'mask_thsd': 0, 'radius': 25, 'power_lr': 0.75, 'weight_decay': 0, 'soft_activation_fn': 'exp', 'hebbian': True, 'resume': None, 'add_bias': False, 'normalize_inp': False, 'lr_decay': 'linear', 'seed': 0, 'softness': 'softkrotov', 'out_channels': 48, 'kernel_size': 5}}, 'b1': {'arch': 'CNN', 'preset': 'softkrotov-c192-k3-p1-s1-d1-b0-t0.7-lr0.01', 'operation': 'batchnorm2d', 'num': 1, 'batch_norm': False, 'pool': {'type': 'max', 'kernel_size': 4, 'stride': 2, 'padding': 1}, 'activation': {'function': 'triangle', 'param': 0.7}, 'resume': None, 'layer': {'arch': 'CNN', 'nb_train': None, 'lr': 0.01, 'adaptive': True, 'lr_sup': 0.001, 'speed': 7, 'lr_div': 96, 'lebesgue_p': 2, 'padding_mode': 'reflect', 'pre_triangle': False, 'ranking_param': 3, 'delta': 2, 't_invert': 0.7, 'groups': 1, 'stride': 1, 'dilation': 1, 'beta': 1, 'power': 4.5, 'padding': 1, 'weight_init': 'positive', 'weight_init_range': 2, 'weight_init_offset': 0, 'mask_thsd': 0, 'radius': 25, 'power_lr': 0.75, 'weight_decay': 0, 'soft_activation_fn': 'exp', 'hebbian': True, 'resume': None, 'add_bias': False, 'normalize_inp': False, 'lr_decay': 'linear', 'seed': 0, 'softness': 'softkrotov', 'out_channels': 192, 'kernel_size': 3}}, 'b2': {'arch': 'CNN', 'preset': 'softkrotov-c768-k3-p1-s1-d1-b0-t0.5-lr0.01', 'operation': 'batchnorm2d', 'num': 2, 'batch_norm': False, 'pool': {'type': 'max', 'kernel_size': 4, 'stride': 2, 'padding': 1}, 'activation': {'function': 'triangle', 'param': 0.7}, 'resume': None, 'layer': {'arch': 'CNN', 'nb_train': None, 'lr': 0.01, 'adaptive': True, 'lr_sup': 0.001, 'speed': 7, 'lr_div': 96, 'lebesgue_p': 2, 'padding_mode': 'reflect', 'pre_triangle': False, 'ranking_param': 3, 'delta': 2, 't_invert': 0.5, 'groups': 1, 'stride': 1, 'dilation': 1, 'beta': 1, 'power': 4.5, 'padding': 1, 'weight_init': 'positive', 'weight_init_range': 2, 'weight_init_offset': 0, 'mask_thsd': 0, 'radius': 25, 'power_lr': 0.75, 'weight_decay': 0, 'soft_activation_fn': 'exp', 'hebbian': True, 'resume': None, 'add_bias': False, 'normalize_inp': False, 'lr_decay': 'linear', 'seed': 0, 'softness': 'softkrotov', 'out_channels': 768, 'kernel_size': 3}}, 'b3': {'arch': 'CNN', 'preset': 'softkrotov-c3072-k3-p1-s1-d1-b0-t0.4-lr0.01', 'operation': 'batchnorm2d', 'num': 3, 'batch_norm': False, 'pool': {'type': 'max', 'kernel_size': 4, 'stride': 2, 'padding': 1}, 'activation': {'function': 'triangle', 'param': 1.4}, 'resume': None, 'layer': {'arch': 'CNN', 'nb_train': None, 'lr': 0.01, 'adaptive': True, 'lr_sup': 0.001, 'speed': 7, 'lr_div': 96, 'lebesgue_p': 2, 'padding_mode': 'reflect', 'pre_triangle': False, 'ranking_param': 3, 'delta': 2, 't_invert': 0.4, 'groups': 1, 'stride': 1, 'dilation': 1, 'beta': 1, 'power': 4.5, 'padding': 1, 'weight_init': 'positive', 'weight_init_range': 2, 'weight_init_offset': 0, 'mask_thsd': 0, 'radius': 25, 'power_lr': 0.75, 'weight_decay': 0, 'soft_activation_fn': 'exp', 'hebbian': True, 'resume': None, 'add_bias': False, 'normalize_inp': False, 'lr_decay': 'linear', 'seed': 0, 'softness': 'softkrotov', 'out_channels': 3072, 'kernel_size': 3}}, 'b4': {'arch': 'CNN', 'preset': 'softkrotov-c12288-k3-p1-s1-d1-b0-t0.25-lr0.01', 'operation': 'batchnorm2d', 'num': 4, 'batch_norm': False, 'pool': {'type': 'avg', 'kernel_size': 2, 'stride': 2, 'padding': 0}, 'activation': {'function': 'triangle', 'param': 1.0}, 'resume': None, 'layer': {'arch': 'CNN', 'nb_train': None, 'lr': 0.01, 'adaptive': True, 'lr_sup': 0.001, 'speed': 7, 'lr_div': 96, 'lebesgue_p': 2, 'padding_mode': 'reflect', 'pre_triangle': False, 'ranking_param': 3, 'delta': 2, 't_invert': 0.25, 'groups': 1, 'stride': 1, 'dilation': 1, 'beta': 1, 'power': 4.5, 'padding': 1, 'weight_init': 'positive', 'weight_init_range': 2, 'weight_init_offset': 0, 'mask_thsd': 0, 'radius': 25, 'power_lr': 0.75, 'weight_decay': 0, 'soft_activation_fn': 'exp', 'hebbian': True, 'resume': None, 'add_bias': False, 'normalize_inp': False, 'lr_decay': 'linear', 'seed': 0, 'softness': 'softkrotov', 'out_channels': 12288, 'kernel_size': 3}}, 'b5': {'arch': 'MLP', 'preset': 'BP-c1000', 'operation': 'flatten', 'num': 5, 'att_dropout': None, 'dropout': 0.5, 'layer': {'arch': 'MLP', 'lr': 0.05, 'adaptive': True, 'lr_sup': 0.001, 'speed': 0.4, 'lr_div': 100, 'lebesgue_p': 2, 't_invert': 10, 'beta': 0.01, 'power': 4.5, 'ranking_param': 3, 'delta': 0.1, 'hebbian': False, 'add_bias': False, 'normalize_inp': False, 'lr_decay': 'linear', 'seed': 0, 'lr_bias': 600, 'softness': 'soft', 'soft_activation_fn': 'exp', 'plasticity': 'SoftHebb', 'metric_mode': 'unsupervised', 'weight_init': 'positive', 'weight_init_range': 0.25, 'weight_init_offset': 0, 'weight_decay': 0, 'radius': 10, 'power_lr': 0.2, 'out_channels': 1000}, 'pool': None, 'activation': None}}
CL:  True
{'name': 'ImageNette', 'noise_std': 0, 'channels': 3, 'width': 160, 'height': 160, 'validation_split': 0.2, 'training_sample': 9469, 'testing_sample': 10000, 'out_channels': 10, 'num_workers': 0, 'seed': 0, 'shuffle': True, 'batch_size': 32, 'augmentation': True, 'zca_whitened': False, 'training_class': 'all', 'split': 'train', 'px': 160, 'nb_epoch': 200, 'print_freq': 50, 'validation': False, 'continual_learning': True}
CL:  False
{'name': 'ImageNette', 'noise_std': 0, 'channels': 3, 'width': 160, 'height': 160, 'validation_split': 0.2, 'training_sample': 9469, 'testing_sample': 10000, 'out_channels': 10, 'num_workers': 0, 'seed': 0, 'shuffle': True, 'batch_size': 32, 'augmentation': True, 'zca_whitened': False, 'training_class': 'all', 'split': 'train', 'px': 160, 'nb_epoch': 200, 'print_freq': 50, 'validation': False, 'continual_learning': False}
CL:  False
{'name': 'ImageNette', 'noise_std': 0, 'channels': 3, 'width': 160, 'height': 160, 'validation_split': 0.2, 'training_sample': 9469, 'testing_sample': 10000, 'out_channels': 10, 'num_workers': 0, 'seed': 0, 'shuffle': True, 'batch_size': 10, 'augmentation': False, 'zca_whitened': False, 'training_class': 'all', 'split': 'train', 'px': 160, 'nb_epoch': 1, 'print_freq': 10, 'validation': False, 'continual_learning': False}
SEED:  0
block 0, size : 48 80 80
range = 2.886751345948129
block 1, size : 192 40 40
range = 1.2028130608117202
block 2, size : 768 20 20
range = 0.6014065304058601
block 3, size : 3072 10 10
range = 0.30070326520293006
block 4, size : 12288 5 5
range = 0.15035163260146503
range = 0.03125
The device used will be: 
True
cuda:0

 Model ImageNette_CIFAR100_CL not found
CONFIG: {'arch': 'CNN', 'nb_train': None, 'lr': 0.08, 'adaptive': True, 'lr_sup': 0.001, 'speed': 7, 'lr_div': 96, 'lebesgue_p': 2, 'padding_mode': 'reflect', 'pre_triangle': False, 'ranking_param': 3, 'delta': 2, 't_invert': 1.1, 'groups': 1, 'stride': 1, 'dilation': 1, 'beta': 1, 'power': 4.5, 'padding': 2, 'weight_init': 'normal', 'weight_init_range': 2.886751345948129, 'weight_init_offset': 0, 'mask_thsd': 0, 'radius': 25, 'power_lr': 0.75, 'weight_decay': 0, 'soft_activation_fn': 'exp', 'hebbian': True, 'resume': None, 'add_bias': False, 'normalize_inp': False, 'lr_decay': 'linear', 'seed': 0, 'softness': 'softkrotov', 'out_channels': 48, 'kernel_size': 5, 'in_channels': 3, 'lr_scheduler': {'lr': 0.08, 'adaptive': True, 'nb_epochs': 1, 'ratio': 0.0010560777273207309, 'speed': 7, 'div': 96, 'decay': 'linear', 'power_lr': 0.75}}
CONFIG: {'arch': 'CNN', 'nb_train': None, 'lr': 0.01, 'adaptive': True, 'lr_sup': 0.001, 'speed': 7, 'lr_div': 96, 'lebesgue_p': 2, 'padding_mode': 'reflect', 'pre_triangle': False, 'ranking_param': 3, 'delta': 2, 't_invert': 0.7, 'groups': 1, 'stride': 1, 'dilation': 1, 'beta': 1, 'power': 4.5, 'padding': 1, 'weight_init': 'normal', 'weight_init_range': 1.2028130608117202, 'weight_init_offset': 0, 'mask_thsd': 0, 'radius': 25, 'power_lr': 0.75, 'weight_decay': 0, 'soft_activation_fn': 'exp', 'hebbian': True, 'resume': None, 'add_bias': False, 'normalize_inp': False, 'lr_decay': 'linear', 'seed': 0, 'softness': 'softkrotov', 'out_channels': 192, 'kernel_size': 3, 'in_channels': 48, 'lr_scheduler': {'lr': 0.01, 'adaptive': True, 'nb_epochs': 1, 'ratio': 0.0010560777273207309, 'speed': 7, 'div': 96, 'decay': 'linear', 'power_lr': 0.75}}
CONFIG: {'arch': 'CNN', 'nb_train': None, 'lr': 0.01, 'adaptive': True, 'lr_sup': 0.001, 'speed': 7, 'lr_div': 96, 'lebesgue_p': 2, 'padding_mode': 'reflect', 'pre_triangle': False, 'ranking_param': 3, 'delta': 2, 't_invert': 0.5, 'groups': 1, 'stride': 1, 'dilation': 1, 'beta': 1, 'power': 4.5, 'padding': 1, 'weight_init': 'normal', 'weight_init_range': 0.6014065304058601, 'weight_init_offset': 0, 'mask_thsd': 0, 'radius': 25, 'power_lr': 0.75, 'weight_decay': 0, 'soft_activation_fn': 'exp', 'hebbian': True, 'resume': None, 'add_bias': False, 'normalize_inp': False, 'lr_decay': 'linear', 'seed': 0, 'softness': 'softkrotov', 'out_channels': 768, 'kernel_size': 3, 'in_channels': 192, 'lr_scheduler': {'lr': 0.01, 'adaptive': True, 'nb_epochs': 1, 'ratio': 0.0010560777273207309, 'speed': 7, 'div': 96, 'decay': 'linear', 'power_lr': 0.75}}
CONFIG: {'arch': 'CNN', 'nb_train': None, 'lr': 0.01, 'adaptive': True, 'lr_sup': 0.001, 'speed': 7, 'lr_div': 96, 'lebesgue_p': 2, 'padding_mode': 'reflect', 'pre_triangle': False, 'ranking_param': 3, 'delta': 2, 't_invert': 0.4, 'groups': 1, 'stride': 1, 'dilation': 1, 'beta': 1, 'power': 4.5, 'padding': 1, 'weight_init': 'normal', 'weight_init_range': 0.30070326520293006, 'weight_init_offset': 0, 'mask_thsd': 0, 'radius': 25, 'power_lr': 0.75, 'weight_decay': 0, 'soft_activation_fn': 'exp', 'hebbian': True, 'resume': None, 'add_bias': False, 'normalize_inp': False, 'lr_decay': 'linear', 'seed': 0, 'softness': 'softkrotov', 'out_channels': 3072, 'kernel_size': 3, 'in_channels': 768, 'lr_scheduler': {'lr': 0.01, 'adaptive': True, 'nb_epochs': 1, 'ratio': 0.0010560777273207309, 'speed': 7, 'div': 96, 'decay': 'linear', 'power_lr': 0.75}}
CONFIG: {'arch': 'CNN', 'nb_train': None, 'lr': 0.01, 'adaptive': True, 'lr_sup': 0.001, 'speed': 7, 'lr_div': 96, 'lebesgue_p': 2, 'padding_mode': 'reflect', 'pre_triangle': False, 'ranking_param': 3, 'delta': 2, 't_invert': 0.25, 'groups': 1, 'stride': 1, 'dilation': 1, 'beta': 1, 'power': 4.5, 'padding': 1, 'weight_init': 'normal', 'weight_init_range': 0.15035163260146503, 'weight_init_offset': 0, 'mask_thsd': 0, 'radius': 25, 'power_lr': 0.75, 'weight_decay': 0, 'soft_activation_fn': 'exp', 'hebbian': True, 'resume': None, 'add_bias': False, 'normalize_inp': False, 'lr_decay': 'linear', 'seed': 0, 'softness': 'softkrotov', 'out_channels': 12288, 'kernel_size': 3, 'in_channels': 3072, 'lr_scheduler': {'lr': 0.01, 'adaptive': True, 'nb_epochs': 1, 'ratio': 0.0010560777273207309, 'speed': 7, 'div': 96, 'decay': 'linear', 'power_lr': 0.75}}
CONFIG: {'arch': 'MLP', 'lr': 0.05, 'adaptive': True, 'lr_sup': 0.001, 'speed': 0.4, 'lr_div': 100, 'lebesgue_p': 2, 't_invert': 10, 'beta': 0.01, 'power': 4.5, 'ranking_param': 3, 'delta': 0.1, 'hebbian': False, 'add_bias': False, 'normalize_inp': False, 'lr_decay': 'linear', 'seed': 0, 'lr_bias': 600, 'softness': 'soft', 'soft_activation_fn': 'exp', 'plasticity': 'SoftHebb', 'metric_mode': 'unsupervised', 'weight_init': 'positive', 'weight_init_range': 0.03125, 'weight_init_offset': 0, 'weight_decay': 0, 'radius': 10, 'power_lr': 0.2, 'out_channels': 10, 'in_channels': 307200, 'old_channels': 12288, 'lr_scheduler': {'decay': 'cste', 'lr': 0.1}}



 ----- Architecture Block BatchNorm2dSK3482(5, 5)1.100000023841858reflect, number 0 -----
- BatchNorm2d(3, eps=1e-05, momentum=0.1, affine=False, track_running_stats=True)
- HebbSoftKrotovConv2d(3, 48, lebesgue_p=2, pruning=0, kernel_size=(5, 5), bias=False, padding_mode=reflect, t_invert=1.100000023841858, bias=False, lr_bias=0.0909, ranking_param=3, delta=2, activation=exp)
- Triangle(power=0.7)
- MaxPool2d(kernel_size=4, stride=2, padding=1, dilation=1, ceil_mode=False)

 ----- Architecture Block BatchNorm2dSK481922(3, 3)0.699999988079071reflect, number 1 -----
- BatchNorm2d(48, eps=1e-05, momentum=0.1, affine=False, track_running_stats=True)
- HebbSoftKrotovConv2d(48, 192, lebesgue_p=2, pruning=0, kernel_size=(3, 3), bias=False, padding_mode=reflect, t_invert=0.699999988079071, bias=False, lr_bias=0.1429, ranking_param=3, delta=2, activation=exp)
- Triangle(power=0.7)
- MaxPool2d(kernel_size=4, stride=2, padding=1, dilation=1, ceil_mode=False)

 ----- Architecture Block BatchNorm2dSK1927682(3, 3)0.5reflect, number 2 -----
- BatchNorm2d(192, eps=1e-05, momentum=0.1, affine=False, track_running_stats=True)
- HebbSoftKrotovConv2d(192, 768, lebesgue_p=2, pruning=0, kernel_size=(3, 3), bias=False, padding_mode=reflect, t_invert=0.5, bias=False, lr_bias=0.2, ranking_param=3, delta=2, activation=exp)
- Triangle(power=0.7)
- MaxPool2d(kernel_size=4, stride=2, padding=1, dilation=1, ceil_mode=False)

 ----- Architecture Block BatchNorm2dSK76830722(3, 3)0.4000000059604645reflect, number 3 -----
- BatchNorm2d(768, eps=1e-05, momentum=0.1, affine=False, track_running_stats=True)
- HebbSoftKrotovConv2d(768, 3072, lebesgue_p=2, pruning=0, kernel_size=(3, 3), bias=False, padding_mode=reflect, t_invert=0.4000000059604645, bias=False, lr_bias=0.25, ranking_param=3, delta=2, activation=exp)
- Triangle(power=1.4)
- MaxPool2d(kernel_size=4, stride=2, padding=1, dilation=1, ceil_mode=False)

 ----- Architecture Block BatchNorm2dSK3072122882(3, 3)0.25reflect, number 4 -----
- BatchNorm2d(3072, eps=1e-05, momentum=0.1, affine=False, track_running_stats=True)
- HebbSoftKrotovConv2d(3072, 12288, lebesgue_p=2, pruning=0, kernel_size=(3, 3), bias=False, padding_mode=reflect, t_invert=0.25, bias=False, lr_bias=0.4, ranking_param=3, delta=2, activation=exp)
- Triangle(power=1.0)
- AvgPool2d(kernel_size=2, stride=2, padding=0)

 ----- Architecture Block FlattenDropout(p=0.5, inplace=False)Linear(in_, number 5 -----
- Flatten(start_dim=1, end_dim=-1)
- Dropout(p=0.5, inplace=False)
- Linear(in_features=307200, out_features=10, bias=True)

 ********** Hebbian Unsupervised learning of blocks [0] **********
SEED:  0
BEFORE RESIZING
AFTER RESIZING
INDICES:  9469
IMAGE SIZE: torch.Size([10, 3, 160, 160])
SAVING FOLDER FOR UNSUP:  ImageNette_CIFAR100_CL
INSIDE EVALUATE UNSUP
INSIDE EVALUATE UNSUP RETURNED 0,0
Epoch: [1/1]	lr: 1.10e-01	time: 00:01:46	Acc_train 0.00	Acc_test 0.00	convergence: 2.40e+01	R1: 0	Info MB:0.000e+00/SB:0.000e+00/MW:6.398e-03/SW:3.358e-01/MR:2.684e+00/SR:1.132e+00/MeD:9.586e-01/MaD:2.501e+00/MW:0.726/MAW:0.274
|       0 |      1 |       2 |       3 |          4 |        5 |       6 |       7 |         8 |      9 |        10 |      11 |      12 |      13 |      14 |      15 |         16 |      17 |      18 |         19 |      20 |      21 |       22 |      23 |      24 |         25 |      26 |       27 |        28 |      29 |
|---------+--------+---------+---------+------------+----------+---------+---------+-----------+--------+-----------+---------+---------+---------+---------+---------+------------+---------+---------+------------+---------+---------+----------+---------+---------+------------+---------+----------+-----------+---------|
|   0.094 |   0.12 |   0.162 |   0.146 |   0.000375 |   0.0684 |   0.101 |   0.189 |   0.00075 |   0.15 |   0.00036 |   0.157 |   0.137 |   0.161 |   0.134 |   0.189 |   2.53e-09 |   0.156 |   0.169 |   0.000447 |   0.159 |   0.159 |   0.0763 |   0.234 |   0.142 |   2.53e-09 |   0.165 |   0.0189 |   0.00081 |   0.165 |
|   2.24  |   2.72 |   3.55  |   3.23  |   1        |   1.81   |   2.37  |   4.15  |   1       |   3.32 |   1       |   3.45  |   3.04  |   3.54  |   2.99  |   4.14  |   1        |   3.43  |   3.71  |   1        |   3.5   |   3.5   |   1.94   |   5.18  |   3.15  |   1        |   3.63  |   1.15   |   1       |   3.62  |
|   0.66  |   0.58 |   0.52  |   0.58  |   3.12     |   1.53   |   0.83  |   0.68  |   1.5     |   0.55 |   3.21    |   0.67  |   0.7   |   0.54  |   1.2   |   0.6   |  22.53     |   0.64  |   0.73  |   3.05     |   0.73  |   0.97  |   0.66   |   0.62  |   0.61  |  29.07     |   0.67  |   0.98   |   1.05    |   0.56  |
| nan     | nan    | nan     | nan     | nan        | nan      | nan     | nan     | nan       | nan    | nan       | nan     | nan     | nan     | nan     | nan     | nan        | nan     | nan     | nan        | nan     | nan     | nan      | nan     | nan     | nan        | nan     | nan      | nan       | nan     |
| nan     | nan    | nan     | nan     | nan        | nan      | nan     | nan     | nan       | nan    | nan       | nan     | nan     | nan     | nan     | nan     | nan        | nan     | nan     | nan        | nan     | nan     | nan      | nan     | nan     | nan        | nan     | nan      | nan       | nan     |
| nan     | nan    | nan     | nan     | nan        | nan      | nan     | nan     | nan       | nan    | nan       | nan     | nan     | nan     | nan     | nan     | nan        | nan     | nan     | nan        | nan     | nan     | nan      | nan     | nan     | nan        | nan     | nan      | nan       | nan     |

STORING PATH IS NONEEEEEE
SAVING THE MODEL
/g100_work/EIRI_E_POLIMI/rcasciot/neuromodAI/SoftHebb-main/Training/results/hebb/result/network/ImageNette_CIFAR100_CL/models

 ********** Hebbian Unsupervised learning of blocks [1] **********
SEED:  0
BEFORE RESIZING
AFTER RESIZING
INDICES:  9469
IMAGE SIZE: torch.Size([10, 3, 160, 160])
SAVING FOLDER FOR UNSUP:  ImageNette_CIFAR100_CL
INSIDE EVALUATE UNSUP
INSIDE EVALUATE UNSUP RETURNED 0,0
Epoch: [1/1]	lr: 1.10e-01	time: 00:03:30	Acc_train 0.00	Acc_test 0.00	convergence: 2.40e+01	R1: 0	Info MB:0.000e+00/SB:0.000e+00/MW:1.165e-02/SW:2.139e-01/MR:4.201e+00/SR:1.477e+00/MeD:1.165e+00/MaD:3.681e+00/MW:0.624/MAW:0.376
|       0 |        1 |        2 |        3 |        4 |        5 |       6 |        7 |      8 |        9 |       10 |      11 |       12 |       13 |       14 |        15 |       16 |         17 |       18 |     19 |       20 |       21 |       22 |       23 |       24 |       25 |       26 |       27 |       28 |        29 |
|---------+----------+----------+----------+----------+----------+---------+----------+--------+----------+----------+---------+----------+----------+----------+-----------+----------+------------+----------+--------+----------+----------+----------+----------+----------+----------+----------+----------+----------+-----------|
|   0.025 |   0.0191 |   0.0333 |   0.0267 |   0.0163 |   0.0234 |   0.033 |   0.0243 |   0.02 |   0.0281 |   0.0304 |   0.017 |   0.0287 |   0.0311 |   0.0206 |   0.00727 |   0.0207 |   5.06e-05 |   0.0267 |   0.02 |   0.0196 |   0.0262 |   0.0165 |   0.0235 |   0.0313 |   0.0214 |   0.0366 |   0.0187 |   0.0321 |   0.00839 |
|   4.39  |   3.36   |   5.97   |   4.7    |   2.92   |   4.11   |   5.91  |   4.26   |   3.52 |   4.96   |   5.4    |   3.03  |   5.08   |   5.55   |   3.61   |   1.65    |   3.63   |   1        |   4.7    |   3.52 |   3.45   |   4.62   |   2.95   |   4.13   |   5.58   |   3.76   |   6.64   |   3.3    |   5.74   |   1.79    |
|   0.51  |   0.34   |   0.26   |   1.45   |   0.37   |   0.5    |   0.3   |   0.44   |   0.27 |   0.29   |   0.64   |   0.35  |   0.36   |   0.43   |   0.28   |   0.39    |   0.38   |   9.55     |   0.28   |   0.28 |   0.32   |   0.19   |   0.33   |   0.33   |   0.23   |   0.26   |   0.58   |   0.23   |   0.19   |   0.32    |
| nan     | nan      | nan      | nan      | nan      | nan      | nan     | nan      | nan    | nan      | nan      | nan     | nan      | nan      | nan      | nan       | nan      | nan        | nan      | nan    | nan      | nan      | nan      | nan      | nan      | nan      | nan      | nan      | nan      | nan       |
| nan     | nan      | nan      | nan      | nan      | nan      | nan     | nan      | nan    | nan      | nan      | nan     | nan      | nan      | nan      | nan       | nan      | nan        | nan      | nan    | nan      | nan      | nan      | nan      | nan      | nan      | nan      | nan      | nan      | nan       |
| nan     | nan      | nan      | nan      | nan      | nan      | nan     | nan      | nan    | nan      | nan      | nan     | nan      | nan      | nan      | nan       | nan      | nan        | nan      | nan    | nan      | nan      | nan      | nan      | nan      | nan      | nan      | nan      | nan      | nan       |

STORING PATH IS NONEEEEEE
SAVING THE MODEL
/g100_work/EIRI_E_POLIMI/rcasciot/neuromodAI/SoftHebb-main/Training/results/hebb/result/network/ImageNette_CIFAR100_CL/models

 ********** Hebbian Unsupervised learning of blocks [2] **********
SEED:  0
BEFORE RESIZING
AFTER RESIZING
INDICES:  9469
IMAGE SIZE: torch.Size([10, 3, 160, 160])
SAVING FOLDER FOR UNSUP:  ImageNette_CIFAR100_CL
INSIDE EVALUATE UNSUP
INSIDE EVALUATE UNSUP RETURNED 0,0
Epoch: [1/1]	lr: 1.08e-01	time: 00:05:08	Acc_train 0.00	Acc_test 0.00	convergence: 2.40e+01	R1: 0	Info MB:0.000e+00/SB:0.000e+00/MW:4.660e-03/SW:1.874e-01/MR:7.446e+00/SR:2.299e+00/MeD:1.786e+00/MaD:6.445e+00/MW:0.563/MAW:0.437
|        0 |        1 |        2 |       3 |        4 |        5 |       6 |        7 |        8 |        9 |       10 |       11 |       12 |       13 |       14 |       15 |       16 |       17 |      18 |       19 |       20 |     21 |       22 |       23 |       24 |       25 |       26 |       27 |       28 |       29 |
|----------+----------+----------+---------+----------+----------+---------+----------+----------+----------+----------+----------+----------+----------+----------+----------+----------+----------+---------+----------+----------+--------+----------+----------+----------+----------+----------+----------+----------+----------|
|   0.0485 |   0.0286 |   0.0531 |   0.028 |   0.0337 |   0.0464 |   0.012 |   0.0444 |   0.0425 |   0.0541 |   0.0423 |   0.0238 |   0.0401 |   0.0365 |   0.0559 |   0.0387 |   0.0601 |   0.0362 |   0.044 |   0.0393 |   0.0516 |   0.02 |   0.0468 |   0.0331 |   0.0301 |   0.0583 |   0.0406 |   0.0283 |   0.0273 |   0.0422 |
|   9.21   |   5.06   |  10.26   |   4.94  |   6.05   |   8.74   |   2.28  |   8.3    |   7.89   |  10.5    |   7.85   |   4.18   |   7.38   |   6.61   |  10.91   |   7.08   |  11.93   |   6.55   |   8.2   |   7.2    |   9.91   |   3.52 |   8.84   |   5.93   |   5.35   |  11.5    |   7.47   |   5      |   4.82   |   7.82   |
|   0.08   |   0.19   |   0.08   |   0.11  |   0.11   |   0.11   |   0.11  |   0.11   |   0.14   |   0.07   |   0.09   |   0.05   |   0.1    |   0.11   |   0.1    |   0.1    |   0.05   |   0.1    |   0.08  |   0.1    |   0.14   |   0.1  |   0.1    |   0.11   |   0.22   |   0.08   |   0.22   |   0.08   |   0.07   |   0.1    |
| nan      | nan      | nan      | nan     | nan      | nan      | nan     | nan      | nan      | nan      | nan      | nan      | nan      | nan      | nan      | nan      | nan      | nan      | nan     | nan      | nan      | nan    | nan      | nan      | nan      | nan      | nan      | nan      | nan      | nan      |
| nan      | nan      | nan      | nan     | nan      | nan      | nan     | nan      | nan      | nan      | nan      | nan      | nan      | nan      | nan      | nan      | nan      | nan      | nan     | nan      | nan      | nan    | nan      | nan      | nan      | nan      | nan      | nan      | nan      | nan      |
| nan      | nan      | nan      | nan     | nan      | nan      | nan     | nan      | nan      | nan      | nan      | nan      | nan      | nan      | nan      | nan      | nan      | nan      | nan     | nan      | nan      | nan    | nan      | nan      | nan      | nan      | nan      | nan      | nan      | nan      |

STORING PATH IS NONEEEEEE
SAVING THE MODEL
/g100_work/EIRI_E_POLIMI/rcasciot/neuromodAI/SoftHebb-main/Training/results/hebb/result/network/ImageNette_CIFAR100_CL/models

 ********** Hebbian Unsupervised learning of blocks [3] **********
SEED:  0
BEFORE RESIZING
AFTER RESIZING
INDICES:  9469
IMAGE SIZE: torch.Size([10, 3, 160, 160])
SAVING FOLDER FOR UNSUP:  ImageNette_CIFAR100_CL
INSIDE EVALUATE UNSUP
INSIDE EVALUATE UNSUP RETURNED 0,0
Epoch: [1/1]	lr: 5.67e-02	time: 00:07:00	Acc_train 0.00	Acc_test 0.00	convergence: 2.40e+01	R1: 0	Info MB:0.000e+00/SB:0.000e+00/MW:1.034e-03/SW:1.432e-01/MR:1.133e+01/SR:3.652e+00/MeD:2.806e+00/MaD:1.033e+01/MW:0.587/MAW:0.413
|      0 |        1 |        2 |        3 |        4 |        5 |        6 |        7 |        8 |        9 |       10 |       11 |       12 |      13 |       14 |       15 |       16 |       17 |       18 |       19 |       20 |      21 |       22 |       23 |       24 |      25 |       26 |       27 |       28 |       29 |
|--------+----------+----------+----------+----------+----------+----------+----------+----------+----------+----------+----------+----------+---------+----------+----------+----------+----------+----------+----------+----------+---------+----------+----------+----------+---------+----------+----------+----------+----------|
|   0.04 |   0.0863 |   0.0545 |   0.0642 |   0.0167 |   0.0546 |   0.0673 |   0.0504 |   0.0179 |   0.0677 |   0.0672 |   0.0575 |   0.0512 |   0.036 |   0.0678 |   0.0721 |   0.0672 |   0.0665 |   0.0617 |   0.0578 |   0.0511 |   0.061 |   0.0654 |   0.0773 |   0.0705 |   0.054 |   0.0803 |   0.0565 |   0.0485 |   0.0543 |
|   7.36 |  18.71   |  10.58   |  12.94   |   2.98   |  10.62   |  13.72   |   9.64   |   3.17   |  13.81   |  13.68   |  11.3    |   9.83   |   6.53  |  13.83   |  14.92   |  13.68   |  13.51   |  12.31   |  11.38   |   9.8    |  12.14  |  13.23   |  16.28   |  14.53   |  10.46  |  17.07   |  11.05   |   9.2    |  10.54   |
|   0.04 |   0.01   |   0.03   |   0.03   |   0.05   |   0.02   |   0.02   |   0.04   |   0.03   |   0.03   |   0.02   |   0.02   |   0.02   |   0.04  |   0.03   |   0.03   |   0.03   |   0.03   |   0.02   |   0.02   |   0.03   |   0.01  |   0.02   |   0.02   |   0.01   |   0.03  |   0.03   |   0.02   |   0.02   |   0.03   |
| nan    | nan      | nan      | nan      | nan      | nan      | nan      | nan      | nan      | nan      | nan      | nan      | nan      | nan     | nan      | nan      | nan      | nan      | nan      | nan      | nan      | nan     | nan      | nan      | nan      | nan     | nan      | nan      | nan      | nan      |
| nan    | nan      | nan      | nan      | nan      | nan      | nan      | nan      | nan      | nan      | nan      | nan      | nan      | nan     | nan      | nan      | nan      | nan      | nan      | nan      | nan      | nan     | nan      | nan      | nan      | nan     | nan      | nan      | nan      | nan      |
| nan    | nan      | nan      | nan      | nan      | nan      | nan      | nan      | nan      | nan      | nan      | nan      | nan      | nan     | nan      | nan      | nan      | nan      | nan      | nan      | nan      | nan     | nan      | nan      | nan      | nan     | nan      | nan      | nan      | nan      |

STORING PATH IS NONEEEEEE
SAVING THE MODEL
/g100_work/EIRI_E_POLIMI/rcasciot/neuromodAI/SoftHebb-main/Training/results/hebb/result/network/ImageNette_CIFAR100_CL/models

 ********** Hebbian Unsupervised learning of blocks [4] **********
SEED:  0
BEFORE RESIZING
AFTER RESIZING
INDICES:  9469
IMAGE SIZE: torch.Size([10, 3, 160, 160])
SAVING FOLDER FOR UNSUP:  ImageNette_CIFAR100_CL
INSIDE EVALUATE UNSUP
INSIDE EVALUATE UNSUP RETURNED 0,0
Epoch: [1/1]	lr: 3.98e-02	time: 00:10:05	Acc_train 0.00	Acc_test 0.00	convergence: 2.37e+01	R1: 12	Info MB:0.000e+00/SB:0.000e+00/MW:1.748e-04/SW:1.513e-01/MR:2.467e+01/SR:4.938e+00/MeD:3.264e+00/MaD:2.367e+01/MW:0.652/MAW:0.348
|        0 |        1 |       2 |       3 |       4 |       5 |       6 |       7 |       8 |       9 |      10 |      11 |       12 |     13 |      14 |      15 |      16 |      17 |      18 |      19 |      20 |      21 |      22 |      23 |      24 |      25 |     26 |      27 |     28 |      29 |
|----------+----------+---------+---------+---------+---------+---------+---------+---------+---------+---------+---------+----------+--------+---------+---------+---------+---------+---------+---------+---------+---------+---------+---------+---------+---------+--------+---------+--------+---------|
|   0.0916 |   0.0865 |   0.104 |   0.114 |   0.118 |   0.114 |   0.114 |   0.116 |   0.115 |   0.115 |   0.118 |   0.113 |   0.0275 |   0.11 |   0.109 |   0.116 |   0.112 |   0.113 |   0.119 |   0.128 |   0.117 |   0.102 |   0.119 |   0.107 |   0.102 |   0.115 |   0.11 |   0.102 |   0.11 |   0.108 |
|  20.16   |  18.75   |  23.7   |  26.69  |  27.73  |  26.57  |  26.75  |  27.27  |  26.82  |  27.02  |  27.72  |  26.48  |   4.85   |  25.33 |  25.11  |  27.17  |  25.94  |  26.27  |  28.29  |  31.01  |  27.64  |  23.15  |  28.31  |  24.47  |  23.24  |  26.93  |  25.35 |  23.23  |  25.38 |  24.96  |
|   0.01   |   0.01   |   0     |   0     |   0     |   0     |   0     |   0.01  |   0     |   0.01  |   0     |   0     |   0.03   |   0    |   0     |   0     |   0     |   0     |   0     |   0     |   0     |   0.01  |   0     |   0.01  |   0.01  |   0     |   0    |   0     |   0    |   0.01  |
| nan      | nan      | nan     | nan     | nan     | nan     | nan     | nan     | nan     | nan     | nan     | nan     | nan      | nan    | nan     | nan     | nan     | nan     | nan     | nan     | nan     | nan     | nan     | nan     | nan     | nan     | nan    | nan     | nan    | nan     |
| nan      | nan      | nan     | nan     | nan     | nan     | nan     | nan     | nan     | nan     | nan     | nan     | nan      | nan    | nan     | nan     | nan     | nan     | nan     | nan     | nan     | nan     | nan     | nan     | nan     | nan     | nan    | nan     | nan    | nan     |
| nan      | nan      | nan     | nan     | nan     | nan     | nan     | nan     | nan     | nan     | nan     | nan     | nan      | nan    | nan     | nan     | nan     | nan     | nan     | nan     | nan     | nan     | nan     | nan     | nan     | nan     | nan    | nan     | nan    | nan     |

STORING PATH IS NONEEEEEE
SAVING THE MODEL
/g100_work/EIRI_E_POLIMI/rcasciot/neuromodAI/SoftHebb-main/Training/results/hebb/result/network/ImageNette_CIFAR100_CL/models
SEED:  0
BEFORE RESIZING
AFTER RESIZING
INDICES:  9469
IMAGE SIZE: torch.Size([32, 3, 160, 160])
Accuracy of the network on the 1st dataset: 7.439 %
Test loss on the 1st dataset: 0.424
CL:  True
{'name': 'CIFAR100', 'noise_std': 0, 'channels': 3, 'width': 32, 'height': 32, 'validation_split': 0.2, 'training_sample': 50000, 'testing_sample': 10000, 'out_channels': 100, 'num_workers': 0, 'seed': 0, 'shuffle': True, 'batch_size': 64, 'augmentation': False, 'zca_whitened': False, 'training_class': 'all', 'split': 'train', 'nb_epoch': 50, 'print_freq': 10, 'validation': False, 'continual_learning': True}
CL:  True
{'name': 'CIFAR100', 'noise_std': 0, 'channels': 3, 'width': 32, 'height': 32, 'validation_split': 0.2, 'training_sample': 50000, 'testing_sample': 10000, 'out_channels': 100, 'num_workers': 0, 'seed': 0, 'shuffle': True, 'batch_size': 10, 'augmentation': False, 'zca_whitened': False, 'training_class': 'all', 'split': 'train', 'nb_epoch': 1, 'print_freq': 50, 'validation': False, 'continual_learning': True}
SEED:  0
block 0, size : 48 16 16
range = 2.886751345948129
block 1, size : 192 8 8
range = 1.2028130608117202
block 2, size : 768 4 4
range = 0.6014065304058601
block 3, size : 3072 2 2
range = 0.30070326520293006
block 4, size : 12288 1 1
range = 0.15035163260146503
range = 0.15625
The device used will be: 
True
cuda:0
CONFIG: {'arch': 'CNN', 'nb_train': None, 'lr': 0.08, 'adaptive': True, 'lr_sup': 0.001, 'speed': 7, 'lr_div': 96, 'lebesgue_p': 2, 'padding_mode': 'reflect', 'pre_triangle': False, 'ranking_param': 3, 'delta': 2, 't_invert': 1.1, 'groups': 1, 'stride': 1, 'dilation': 1, 'beta': 1, 'power': 4.5, 'padding': 2, 'weight_init': 'normal', 'weight_init_range': 2.886751345948129, 'weight_init_offset': 0, 'mask_thsd': 0, 'radius': 25, 'power_lr': 0.75, 'weight_decay': 0, 'soft_activation_fn': 'exp', 'hebbian': True, 'resume': None, 'add_bias': False, 'normalize_inp': False, 'lr_decay': 'linear', 'seed': 0, 'softness': 'softkrotov', 'out_channels': 48, 'kernel_size': 5, 'in_channels': 3, 'lr_scheduler': {'lr': 0.08, 'adaptive': True, 'nb_epochs': 1, 'ratio': 0.0010560777273207309, 'speed': 7, 'div': 96, 'decay': 'linear', 'power_lr': 0.75}}
CONFIG: {'arch': 'CNN', 'nb_train': None, 'lr': 0.01, 'adaptive': True, 'lr_sup': 0.001, 'speed': 7, 'lr_div': 96, 'lebesgue_p': 2, 'padding_mode': 'reflect', 'pre_triangle': False, 'ranking_param': 3, 'delta': 2, 't_invert': 0.7, 'groups': 1, 'stride': 1, 'dilation': 1, 'beta': 1, 'power': 4.5, 'padding': 1, 'weight_init': 'normal', 'weight_init_range': 1.2028130608117202, 'weight_init_offset': 0, 'mask_thsd': 0, 'radius': 25, 'power_lr': 0.75, 'weight_decay': 0, 'soft_activation_fn': 'exp', 'hebbian': True, 'resume': None, 'add_bias': False, 'normalize_inp': False, 'lr_decay': 'linear', 'seed': 0, 'softness': 'softkrotov', 'out_channels': 192, 'kernel_size': 3, 'in_channels': 48, 'lr_scheduler': {'lr': 0.01, 'adaptive': True, 'nb_epochs': 1, 'ratio': 0.0010560777273207309, 'speed': 7, 'div': 96, 'decay': 'linear', 'power_lr': 0.75}}
CONFIG: {'arch': 'CNN', 'nb_train': None, 'lr': 0.01, 'adaptive': True, 'lr_sup': 0.001, 'speed': 7, 'lr_div': 96, 'lebesgue_p': 2, 'padding_mode': 'reflect', 'pre_triangle': False, 'ranking_param': 3, 'delta': 2, 't_invert': 0.5, 'groups': 1, 'stride': 1, 'dilation': 1, 'beta': 1, 'power': 4.5, 'padding': 1, 'weight_init': 'normal', 'weight_init_range': 0.6014065304058601, 'weight_init_offset': 0, 'mask_thsd': 0, 'radius': 25, 'power_lr': 0.75, 'weight_decay': 0, 'soft_activation_fn': 'exp', 'hebbian': True, 'resume': None, 'add_bias': False, 'normalize_inp': False, 'lr_decay': 'linear', 'seed': 0, 'softness': 'softkrotov', 'out_channels': 768, 'kernel_size': 3, 'in_channels': 192, 'lr_scheduler': {'lr': 0.01, 'adaptive': True, 'nb_epochs': 1, 'ratio': 0.0010560777273207309, 'speed': 7, 'div': 96, 'decay': 'linear', 'power_lr': 0.75}}
CONFIG: {'arch': 'CNN', 'nb_train': None, 'lr': 0.01, 'adaptive': True, 'lr_sup': 0.001, 'speed': 7, 'lr_div': 96, 'lebesgue_p': 2, 'padding_mode': 'reflect', 'pre_triangle': False, 'ranking_param': 3, 'delta': 2, 't_invert': 0.4, 'groups': 1, 'stride': 1, 'dilation': 1, 'beta': 1, 'power': 4.5, 'padding': 1, 'weight_init': 'normal', 'weight_init_range': 0.30070326520293006, 'weight_init_offset': 0, 'mask_thsd': 0, 'radius': 25, 'power_lr': 0.75, 'weight_decay': 0, 'soft_activation_fn': 'exp', 'hebbian': True, 'resume': None, 'add_bias': False, 'normalize_inp': False, 'lr_decay': 'linear', 'seed': 0, 'softness': 'softkrotov', 'out_channels': 3072, 'kernel_size': 3, 'in_channels': 768, 'lr_scheduler': {'lr': 0.01, 'adaptive': True, 'nb_epochs': 1, 'ratio': 0.0010560777273207309, 'speed': 7, 'div': 96, 'decay': 'linear', 'power_lr': 0.75}}
CONFIG: {'arch': 'CNN', 'nb_train': None, 'lr': 0.01, 'adaptive': True, 'lr_sup': 0.001, 'speed': 7, 'lr_div': 96, 'lebesgue_p': 2, 'padding_mode': 'reflect', 'pre_triangle': False, 'ranking_param': 3, 'delta': 2, 't_invert': 0.25, 'groups': 1, 'stride': 1, 'dilation': 1, 'beta': 1, 'power': 4.5, 'padding': 1, 'weight_init': 'normal', 'weight_init_range': 0.15035163260146503, 'weight_init_offset': 0, 'mask_thsd': 0, 'radius': 25, 'power_lr': 0.75, 'weight_decay': 0, 'soft_activation_fn': 'exp', 'hebbian': True, 'resume': None, 'add_bias': False, 'normalize_inp': False, 'lr_decay': 'linear', 'seed': 0, 'softness': 'softkrotov', 'out_channels': 12288, 'kernel_size': 3, 'in_channels': 3072, 'lr_scheduler': {'lr': 0.01, 'adaptive': True, 'nb_epochs': 1, 'ratio': 0.0010560777273207309, 'speed': 7, 'div': 96, 'decay': 'linear', 'power_lr': 0.75}}
CONFIG: {'arch': 'MLP', 'lr': 0.05, 'adaptive': True, 'lr_sup': 0.001, 'speed': 0.4, 'lr_div': 100, 'lebesgue_p': 2, 't_invert': 10, 'beta': 0.01, 'power': 4.5, 'ranking_param': 3, 'delta': 0.1, 'hebbian': False, 'add_bias': False, 'normalize_inp': False, 'lr_decay': 'linear', 'seed': 0, 'lr_bias': 600, 'softness': 'soft', 'soft_activation_fn': 'exp', 'plasticity': 'SoftHebb', 'metric_mode': 'unsupervised', 'weight_init': 'positive', 'weight_init_range': 0.03125, 'weight_init_offset': 0, 'weight_decay': 0, 'radius': 10, 'power_lr': 0.2, 'out_channels': 10, 'in_channels': 307200, 'old_channels': 12288, 'lr_scheduler': {'decay': 'cste', 'lr': 0.1}}

 Model ImageNette_CIFAR100_CL loaded successfuly with best perf



 ----- Architecture Block BatchNorm2dSK3482(5, 5)1.100000023841858reflect, number 0 -----
- BatchNorm2d(3, eps=1e-05, momentum=0.1, affine=False, track_running_stats=True)
- HebbSoftKrotovConv2d(3, 48, lebesgue_p=2, pruning=0, kernel_size=(5, 5), bias=False, padding_mode=reflect, t_invert=1.100000023841858, bias=False, lr_bias=0.0909, ranking_param=3, delta=2, activation=exp)
- Triangle(power=0.7)
- MaxPool2d(kernel_size=4, stride=2, padding=1, dilation=1, ceil_mode=False)

 ----- Architecture Block BatchNorm2dSK481922(3, 3)0.699999988079071reflect, number 1 -----
- BatchNorm2d(48, eps=1e-05, momentum=0.1, affine=False, track_running_stats=True)
- HebbSoftKrotovConv2d(48, 192, lebesgue_p=2, pruning=0, kernel_size=(3, 3), bias=False, padding_mode=reflect, t_invert=0.699999988079071, bias=False, lr_bias=0.1429, ranking_param=3, delta=2, activation=exp)
- Triangle(power=0.7)
- MaxPool2d(kernel_size=4, stride=2, padding=1, dilation=1, ceil_mode=False)

 ----- Architecture Block BatchNorm2dSK1927682(3, 3)0.5reflect, number 2 -----
- BatchNorm2d(192, eps=1e-05, momentum=0.1, affine=False, track_running_stats=True)
- HebbSoftKrotovConv2d(192, 768, lebesgue_p=2, pruning=0, kernel_size=(3, 3), bias=False, padding_mode=reflect, t_invert=0.5, bias=False, lr_bias=0.2, ranking_param=3, delta=2, activation=exp)
- Triangle(power=0.7)
- MaxPool2d(kernel_size=4, stride=2, padding=1, dilation=1, ceil_mode=False)

 ----- Architecture Block BatchNorm2dSK76830722(3, 3)0.4000000059604645reflect, number 3 -----
- BatchNorm2d(768, eps=1e-05, momentum=0.1, affine=False, track_running_stats=True)
- HebbSoftKrotovConv2d(768, 3072, lebesgue_p=2, pruning=0, kernel_size=(3, 3), bias=False, padding_mode=reflect, t_invert=0.4000000059604645, bias=False, lr_bias=0.25, ranking_param=3, delta=2, activation=exp)
- Triangle(power=1.4)
- MaxPool2d(kernel_size=4, stride=2, padding=1, dilation=1, ceil_mode=False)

 ----- Architecture Block BatchNorm2dSK3072122882(3, 3)0.25reflect, number 4 -----
- BatchNorm2d(3072, eps=1e-05, momentum=0.1, affine=False, track_running_stats=True)
- HebbSoftKrotovConv2d(3072, 12288, lebesgue_p=2, pruning=0, kernel_size=(3, 3), bias=False, padding_mode=reflect, t_invert=0.25, bias=False, lr_bias=0.4, ranking_param=3, delta=2, activation=exp)
- Triangle(power=1.0)
- AvgPool2d(kernel_size=2, stride=2, padding=0)

 ----- Architecture Block FlattenDropout(p=0.5, inplace=False)Linear(in_, number 5 -----
- Flatten(start_dim=1, end_dim=-1)
- Dropout(p=0.5, inplace=False)
- Linear(in_features=307200, out_features=10, bias=True)

 ********** Hebbian Unsupervised learning of blocks [0] **********
SEED:  0
BEFORE RESIZING
Files already downloaded and verified
AFTER RESIZING
Files already downloaded and verified
INDICES:  50000
IMAGE SIZE: torch.Size([10, 3, 160, 160])
SAVING FOLDER FOR UNSUP:  ImageNette_CIFAR100_CL
INSIDE EVALUATE UNSUP
INSIDE EVALUATE UNSUP RETURNED 0,0
Epoch: [1/1]	lr: 4.90e-01	time: 00:08:30	Acc_train 0.00	Acc_test 0.00	convergence: 2.40e+01	R1: 0	Info MB:0.000e+00/SB:0.000e+00/MW:1.705e-03/SW:2.291e+00/MR:1.408e+01/SR:1.412e+01/MeD:9.812e+00/MaD:4.695e+01/MW:0.734/MAW:0.266
|       0 |       1 |       2 |       3 |          4 |      5 |       6 |       7 |         8 |       9 |         10 |     11 |      12 |      13 |      14 |      15 |       16 |      17 |     18 |         19 |     20 |      21 |      22 |     23 |      24 |         25 |      26 |        27 |        28 |      29 |
|---------+---------+---------+---------+------------+--------+---------+---------+-----------+---------+------------+--------+---------+---------+---------+---------+----------+---------+--------+------------+--------+---------+---------+--------+---------+------------+---------+-----------+-----------+---------|
|   0.641 |   0.476 |   0.616 |   0.466 |   2.53e-09 |   0.83 |   0.634 |   0.653 |   0.00361 |   0.471 |   3.67e-05 |   1.57 |   0.345 |   0.501 |   0.631 |   0.735 |   0.0159 |   0.246 |   1.73 |   2.53e-05 |   1.15 |   0.615 |   0.629 |   1.54 |   0.198 |   2.53e-09 |   0.444 |   0.00503 |   0.00329 |   0.369 |
|  17.03  |  11.79  |  16.2   |  11.49  |   1        |  23.62 |  16.79  |  17.44  |   1.02    |  11.62  |   1        |  54.14 |   8.01  |  12.53  |  16.69  |  20.23  |   1.12   |   5.47  |  61.03 |   1        |  36.06 |  16.17  |  16.63  |  52.42 |   4.34  |   1        |  10.84  |   1.03    |   1.01    |   8.68  |
|   0.52  |   0.48  |   0.47  |   0.46  |  27.88     |   0.61 |   0.55  |   0.53  |   0.61    |   0.54  |   5.12     |   0.44 |   0.39  |   0.46  |   0.53  |   0.58  |   1.59   |   0.39  |   0.42 |   5.33     |   0.97 |   0.53  |   0.57  |   0.54 |   0.39  |  33.28     |   0.5   |   0.74    |   0.61    |   0.58  |
| nan     | nan     | nan     | nan     | nan        | nan    | nan     | nan     | nan       | nan     | nan        | nan    | nan     | nan     | nan     | nan     | nan      | nan     | nan    | nan        | nan    | nan     | nan     | nan    | nan     | nan        | nan     | nan       | nan       | nan     |
| nan     | nan     | nan     | nan     | nan        | nan    | nan     | nan     | nan       | nan     | nan        | nan    | nan     | nan     | nan     | nan     | nan      | nan     | nan    | nan        | nan    | nan     | nan     | nan    | nan     | nan        | nan     | nan       | nan       | nan     |
| nan     | nan     | nan     | nan     | nan        | nan    | nan     | nan     | nan       | nan     | nan        | nan    | nan     | nan     | nan     | nan     | nan      | nan     | nan    | nan        | nan    | nan     | nan     | nan    | nan     | nan        | nan     | nan       | nan       | nan     |

STORING PATH IS NONEEEEEE
SAVING THE MODEL
/g100_work/EIRI_E_POLIMI/rcasciot/neuromodAI/SoftHebb-main/Training/results/hebb/result/network/ImageNette_CIFAR100_CL/models

 ********** Hebbian Unsupervised learning of blocks [1] **********
SEED:  0
BEFORE RESIZING
Files already downloaded and verified
AFTER RESIZING
Files already downloaded and verified
INDICES:  50000
IMAGE SIZE: torch.Size([10, 3, 160, 160])
SAVING FOLDER FOR UNSUP:  ImageNette_CIFAR100_CL
INSIDE EVALUATE UNSUP
INSIDE EVALUATE UNSUP RETURNED 0,0
Epoch: [1/1]	lr: 4.90e-01	time: 00:16:52	Acc_train 0.00	Acc_test 0.00	convergence: 2.40e+01	R1: 0	Info MB:0.000e+00/SB:0.000e+00/MW:2.470e-02/SW:1.529e-01/MR:2.872e+00/SR:1.460e+00/MeD:1.266e+00/MaD:5.261e+00/MW:0.657/MAW:0.343
|        0 |        1 |        2 |        3 |        4 |          5 |        6 |        7 |       8 |        9 |         10 |       11 |       12 |      13 |        14 |       15 |         16 |        17 |       18 |       19 |       20 |         21 |       22 |       23 |         24 |       25 |       26 |        27 |       28 |       29 |
|----------+----------+----------+----------+----------+------------+----------+----------+---------+----------+------------+----------+----------+---------+-----------+----------+------------+-----------+----------+----------+----------+------------+----------+----------+------------+----------+----------+-----------+----------+----------|
|   0.0233 |   0.0179 |   0.0267 |   0.0223 |   0.0206 |   0.000211 |   0.0217 |   0.0189 |   0.023 |   0.0127 |   6.17e-05 |   0.0276 |   0.0203 |   0.011 |   0.00216 |   0.0179 |   8.84e-05 |   4.6e-06 |   0.0167 |   0.0179 |   0.0205 |   0.000443 |   0.0253 |   0.0206 |   0.000159 |   0.0201 |   0.0194 |   0.00197 |   0.0262 |   0.0153 |
|   4.1    |   3.17   |   4.7    |   3.92   |   3.62   |   1.01     |   3.81   |   3.33   |   4.04  |   2.38   |   1        |   4.86   |   3.57   |   2.14  |   1.13    |   3.17   |   1        |   1       |   2.98   |   3.17   |   3.61   |   1.02     |   4.45   |   3.62   |   1        |   3.54   |   3.42   |   1.11    |   4.62   |   2.76   |
|   0.19   |   0.14   |   0.17   |   0.19   |   0.09   |   0.68     |   0.12   |   0.15   |   0.14  |   0.12   |   1.38     |   0.12   |   0.18   |   0.19  |   0.19    |   0.05   |   1.08     |  14.08    |   0.14   |   0.09   |   0.11   |   0.47     |   0.14   |   0.16   |   0.71     |   0.11   |   0.1    |   0.26    |   0.17   |   0.04   |
| nan      | nan      | nan      | nan      | nan      | nan        | nan      | nan      | nan     | nan      | nan        | nan      | nan      | nan     | nan       | nan      | nan        | nan       | nan      | nan      | nan      | nan        | nan      | nan      | nan        | nan      | nan      | nan       | nan      | nan      |
| nan      | nan      | nan      | nan      | nan      | nan        | nan      | nan      | nan     | nan      | nan        | nan      | nan      | nan     | nan       | nan      | nan        | nan       | nan      | nan      | nan      | nan        | nan      | nan      | nan        | nan      | nan      | nan       | nan      | nan      |
| nan      | nan      | nan      | nan      | nan      | nan        | nan      | nan      | nan     | nan      | nan        | nan      | nan      | nan     | nan       | nan      | nan        | nan       | nan      | nan      | nan      | nan        | nan      | nan      | nan        | nan      | nan      | nan       | nan      | nan      |

STORING PATH IS NONEEEEEE
SAVING THE MODEL
/g100_work/EIRI_E_POLIMI/rcasciot/neuromodAI/SoftHebb-main/Training/results/hebb/result/network/ImageNette_CIFAR100_CL/models

 ********** Hebbian Unsupervised learning of blocks [2] **********
SEED:  0
BEFORE RESIZING
Files already downloaded and verified
AFTER RESIZING
Files already downloaded and verified
INDICES:  50000
IMAGE SIZE: torch.Size([10, 3, 160, 160])
SAVING FOLDER FOR UNSUP:  ImageNette_CIFAR100_CL
INSIDE EVALUATE UNSUP
INSIDE EVALUATE UNSUP RETURNED 0,0
Epoch: [1/1]	lr: 1.08e-01	time: 00:24:36	Acc_train 0.00	Acc_test 0.00	convergence: 2.40e+01	R1: 0	Info MB:0.000e+00/SB:0.000e+00/MW:4.013e-03/SW:1.135e-01/MR:4.377e+00/SR:1.765e+00/MeD:1.376e+00/MaD:7.794e+00/MW:0.638/MAW:0.362
|        0 |        1 |        2 |        3 |        4 |        5 |        6 |        7 |         8 |        9 |         10 |       11 |        12 |       13 |       14 |       15 |      16 |       17 |       18 |       19 |       20 |       21 |        22 |      23 |       24 |        25 |       26 |       27 |       28 |       29 |
|----------+----------+----------+----------+----------+----------+----------+----------+-----------+----------+------------+----------+-----------+----------+----------+----------+---------+----------+----------+----------+----------+----------+-----------+---------+----------+-----------+----------+----------+----------+----------|
|   0.0364 |   0.0262 |   0.0355 |   0.0433 |   0.0341 |   0.0316 |   0.0162 |   0.0289 |   0.00254 |   0.0295 |   0.000988 |   0.0174 |   0.00119 |   0.0377 |   0.0341 |   0.0282 |   0.033 |   0.0335 |   0.0344 |   0.0131 |   0.0314 |   0.0252 |   0.00443 |   0.025 |   0.0349 |   0.00322 |   0.0259 |   0.0324 |   0.0121 |   0.0266 |
|   6.6    |   4.61   |   6.42   |   8.06   |   6.13   |   5.64   |   2.91   |   5.13   |   1.16    |   5.24   |   1.05     |   3.09   |   1.06    |   6.87   |   6.13   |   4.98   |   5.91  |   6.01   |   6.19   |   2.44   |   5.59   |   4.43   |   1.34    |   4.4   |   6.3    |   1.22    |   4.56   |   5.8    |   2.3    |   4.69   |
|   0.06   |   0.05   |   0.08   |   0.07   |   0.04   |   0.06   |   0.01   |   0.07   |   0.05    |   0.06   |   0.13     |   0.04   |   0.16    |   0.08   |   0.06   |   0.06   |   0.07  |   0.07   |   0.06   |   0.06   |   0.07   |   0.04   |   0.05    |   0.04  |   0.07   |   0.09    |   0.05   |   0.07   |   0.03   |   0.07   |
| nan      | nan      | nan      | nan      | nan      | nan      | nan      | nan      | nan       | nan      | nan        | nan      | nan       | nan      | nan      | nan      | nan     | nan      | nan      | nan      | nan      | nan      | nan       | nan     | nan      | nan       | nan      | nan      | nan      | nan      |
| nan      | nan      | nan      | nan      | nan      | nan      | nan      | nan      | nan       | nan      | nan        | nan      | nan       | nan      | nan      | nan      | nan     | nan      | nan      | nan      | nan      | nan      | nan       | nan     | nan      | nan       | nan      | nan      | nan      | nan      |
| nan      | nan      | nan      | nan      | nan      | nan      | nan      | nan      | nan       | nan      | nan        | nan      | nan       | nan      | nan      | nan      | nan     | nan      | nan      | nan      | nan      | nan      | nan       | nan     | nan      | nan       | nan      | nan      | nan      | nan      |

STORING PATH IS NONEEEEEE
SAVING THE MODEL
/g100_work/EIRI_E_POLIMI/rcasciot/neuromodAI/SoftHebb-main/Training/results/hebb/result/network/ImageNette_CIFAR100_CL/models

 ********** Hebbian Unsupervised learning of blocks [3] **********
SEED:  0
BEFORE RESIZING
Files already downloaded and verified
AFTER RESIZING
Files already downloaded and verified
INDICES:  50000
IMAGE SIZE: torch.Size([10, 3, 160, 160])
SAVING FOLDER FOR UNSUP:  ImageNette_CIFAR100_CL
INSIDE EVALUATE UNSUP
INSIDE EVALUATE UNSUP RETURNED 0,0
Epoch: [1/1]	lr: 3.75e-02	time: 00:33:29	Acc_train 0.00	Acc_test 0.00	convergence: 2.40e+01	R1: 0	Info MB:0.000e+00/SB:0.000e+00/MW:6.337e-06/SW:9.869e-02/MR:7.251e+00/SR:3.841e+00/MeD:3.164e+00/MaD:9.429e+00/MW:0.637/MAW:0.363
|        0 |         1 |        2 |         3 |        4 |        5 |        6 |        7 |        8 |       9 |       10 |       11 |       12 |       13 |       14 |       15 |       16 |       17 |      18 |       19 |       20 |       21 |      22 |        23 |       24 |      25 |       26 |       27 |       28 |       29 |
|----------+-----------+----------+-----------+----------+----------+----------+----------+----------+---------+----------+----------+----------+----------+----------+----------+----------+----------+---------+----------+----------+----------+---------+-----------+----------+---------+----------+----------+----------+----------|
|   0.0701 |   0.00873 |   0.0435 |   0.00536 |   0.0189 |   0.0201 |   0.0316 |   0.0496 |   0.0202 |   0.072 |   0.0213 |   0.0449 |   0.0518 |   0.0754 |   0.0559 |   0.0242 |   0.0362 |   0.0468 |   0.042 |   0.0316 |   0.0501 |   0.0423 |   0.039 |   0.00236 |   0.0184 |   0.061 |   0.0605 |   0.0499 |   0.0273 |   0.0418 |
|  14.41   |   1.83    |   8.1    |   1.44    |   3.34   |   3.54   |   5.65   |   9.46   |   3.55   |  14.89  |   3.73   |   8.4    |   9.97   |  15.79   |  10.92   |   4.25   |   6.55   |   8.83   |   7.78  |   5.64   |   9.57   |   7.84   |   7.13  |   1.15    |   3.26   |  12.13  |  12.03   |   9.52   |   4.81   |   7.73   |
|   0      |   0.02    |   0.02   |   0.01    |   0      |   0.01   |   0.01   |   0.01   |   0      |   0.02  |   0.02   |   0.01   |   0.02   |   0      |   0.02   |   0.02   |   0.01   |   0.02   |   0.02  |   0.02   |   0.02   |   0.02   |   0.02  |   0.03    |   0.01   |   0.02  |   0.02   |   0.01   |   0.01   |   0.01   |
| nan      | nan       | nan      | nan       | nan      | nan      | nan      | nan      | nan      | nan     | nan      | nan      | nan      | nan      | nan      | nan      | nan      | nan      | nan     | nan      | nan      | nan      | nan     | nan       | nan      | nan     | nan      | nan      | nan      | nan      |
| nan      | nan       | nan      | nan       | nan      | nan      | nan      | nan      | nan      | nan     | nan      | nan      | nan      | nan      | nan      | nan      | nan      | nan      | nan     | nan      | nan      | nan      | nan     | nan       | nan      | nan     | nan      | nan      | nan      | nan      |
| nan      | nan       | nan      | nan       | nan      | nan      | nan      | nan      | nan      | nan     | nan      | nan      | nan      | nan      | nan      | nan      | nan      | nan      | nan     | nan      | nan      | nan      | nan     | nan       | nan      | nan     | nan      | nan      | nan      | nan      |

STORING PATH IS NONEEEEEE
SAVING THE MODEL
/g100_work/EIRI_E_POLIMI/rcasciot/neuromodAI/SoftHebb-main/Training/results/hebb/result/network/ImageNette_CIFAR100_CL/models

 ********** Hebbian Unsupervised learning of blocks [4] **********
SEED:  0
BEFORE RESIZING
Files already downloaded and verified
AFTER RESIZING
Files already downloaded and verified
INDICES:  50000
IMAGE SIZE: torch.Size([10, 3, 160, 160])
SAVING FOLDER FOR UNSUP:  ImageNette_CIFAR100_CL
INSIDE EVALUATE UNSUP
INSIDE EVALUATE UNSUP RETURNED 0,0
Epoch: [1/1]	lr: 2.39e-02	time: 00:48:46	Acc_train 0.00	Acc_test 0.00	convergence: 1.64e+01	R1: 60	Info MB:0.000e+00/SB:0.000e+00/MW:1.526e-03/SW:1.114e-01/MR:1.740e+01/SR:6.386e+00/MeD:4.825e+00/MaD:1.640e+01/MW:0.614/MAW:0.386
|        0 |       1 |      2 |       3 |        4 |        5 |       6 |        7 |        8 |        9 |       10 |       11 |       12 |       13 |      14 |       15 |       16 |       17 |      18 |        19 |       20 |      21 |      22 |      23 |       24 |       25 |       26 |       27 |      28 |       29 |
|----------+---------+--------+---------+----------+----------+---------+----------+----------+----------+----------+----------+----------+----------+---------+----------+----------+----------+---------+-----------+----------+---------+---------+---------+----------+----------+----------+----------+---------+----------|
|   0.0898 |   0.109 |   0.11 |   0.079 |   0.0825 |   0.0853 |   0.087 |   0.0859 |   0.0512 |   0.0951 |   0.0832 |   0.0629 |   0.0275 |   0.0872 |   0.094 |   0.0954 |   0.0576 |   0.0775 |   0.079 |   0.00179 |   0.0828 |   0.108 |   0.104 |   0.104 |   0.0959 |   0.0036 |   0.0956 |   0.0985 |   0.109 |   0.0771 |
|  19.67   |  25.25  |  25.55 |  16.72  |  17.66   |  18.44   |  18.9   |  18.58   |   9.82   |  21.16   |  17.87   |  12.6    |   4.85   |  18.96   |  20.83  |  21.24   |  11.32   |  16.35   |  16.75  |   1.1     |  17.76   |  24.76  |  23.74  |  23.68  |  21.38   |   1.26   |  21.29   |  22.11   |  25.27  |  16.23   |
|   0      |   0     |   0    |   0.01  |   0.01   |   0      |   0     |   0.01   |   0      |   0.01   |   0.01   |   0      |   0      |   0      |   0.01  |   0      |   0      |   0      |   0     |   0.02    |   0      |   0     |   0     |   0.01  |   0      |   0.02   |   0      |   0      |   0     |   0      |
| nan      | nan     | nan    | nan     | nan      | nan      | nan     | nan      | nan      | nan      | nan      | nan      | nan      | nan      | nan     | nan      | nan      | nan      | nan     | nan       | nan      | nan     | nan     | nan     | nan      | nan      | nan      | nan      | nan     | nan      |
| nan      | nan     | nan    | nan     | nan      | nan      | nan     | nan      | nan      | nan      | nan      | nan      | nan      | nan      | nan     | nan      | nan      | nan      | nan     | nan       | nan      | nan     | nan     | nan     | nan      | nan      | nan      | nan      | nan     | nan      |
| nan      | nan     | nan    | nan     | nan      | nan      | nan     | nan      | nan      | nan      | nan      | nan      | nan      | nan      | nan     | nan      | nan      | nan      | nan     | nan       | nan      | nan     | nan     | nan     | nan      | nan      | nan      | nan      | nan     | nan      |

STORING PATH IS NONEEEEEE
SAVING THE MODEL
/g100_work/EIRI_E_POLIMI/rcasciot/neuromodAI/SoftHebb-main/Training/results/hebb/result/network/ImageNette_CIFAR100_CL/models

 ********** Supervised learning of blocks [5] **********
SAVING FOLDER FOR SUP:  ImageNette_CIFAR100_CL
SEED:  0
BEFORE RESIZING
Files already downloaded and verified
AFTER RESIZING
Files already downloaded and verified
INDICES:  50000
IMAGE SIZE: torch.Size([64, 3, 160, 160])

