--------------- /leonardo/prod/opt/modulefiles/deeplrn/libraries ---------------
cineca-ai/3.0.0  cineca-ai/4.0.0  cineca-ai/4.1.1(default)  
cineca-ai/3.0.1  cineca-ai/4.1.0  cineca-ai/4.3.0           

Key:
(symbolic-version)  
BLOCKS:  {'b0': {'arch': 'CNN', 'preset': 'softkrotov-c48-k5-p2-s1-d1-b0-t1.1-lr0.08', 'operation': 'batchnorm2d', 'num': 0, 'batch_norm': False, 'pool': {'type': 'max', 'kernel_size': 4, 'stride': 2, 'padding': 1}, 'activation': {'function': 'triangle', 'param': 0.7}, 'resume': None, 'layer': {'arch': 'CNN', 'nb_train': None, 'lr': 0.08, 'adaptive': True, 'lr_sup': 0.001, 'speed': 7, 'lr_div': 96, 'lebesgue_p': 2, 'padding_mode': 'reflect', 'pre_triangle': False, 'ranking_param': 3, 'delta': 2, 't_invert': 1.1, 'groups': 1, 'stride': 1, 'dilation': 1, 'beta': 1, 'power': 4.5, 'padding': 2, 'weight_init': 'positive', 'weight_init_range': 2, 'weight_init_offset': 0, 'mask_thsd': 0, 'radius': 25, 'power_lr': 0.75, 'weight_decay': 0, 'soft_activation_fn': 'exp', 'hebbian': True, 'resume': None, 'add_bias': False, 'normalize_inp': False, 'lr_decay': 'linear', 'seed': 0, 'softness': 'softkrotov', 'out_channels': 48, 'kernel_size': 5}}, 'b1': {'arch': 'CNN', 'preset': 'softkrotov-c192-k3-p1-s1-d1-b0-t0.7-lr0.01', 'operation': 'batchnorm2d', 'num': 1, 'batch_norm': False, 'pool': {'type': 'max', 'kernel_size': 4, 'stride': 2, 'padding': 1}, 'activation': {'function': 'triangle', 'param': 0.7}, 'resume': None, 'layer': {'arch': 'CNN', 'nb_train': None, 'lr': 0.01, 'adaptive': True, 'lr_sup': 0.001, 'speed': 7, 'lr_div': 96, 'lebesgue_p': 2, 'padding_mode': 'reflect', 'pre_triangle': False, 'ranking_param': 3, 'delta': 2, 't_invert': 0.7, 'groups': 1, 'stride': 1, 'dilation': 1, 'beta': 1, 'power': 4.5, 'padding': 1, 'weight_init': 'positive', 'weight_init_range': 2, 'weight_init_offset': 0, 'mask_thsd': 0, 'radius': 25, 'power_lr': 0.75, 'weight_decay': 0, 'soft_activation_fn': 'exp', 'hebbian': True, 'resume': None, 'add_bias': False, 'normalize_inp': False, 'lr_decay': 'linear', 'seed': 0, 'softness': 'softkrotov', 'out_channels': 192, 'kernel_size': 3}}, 'b2': {'arch': 'CNN', 'preset': 'softkrotov-c768-k3-p1-s1-d1-b0-t0.5-lr0.01', 'operation': 'batchnorm2d', 'num': 2, 'batch_norm': False, 'pool': {'type': 'max', 'kernel_size': 4, 'stride': 2, 'padding': 1}, 'activation': {'function': 'triangle', 'param': 0.7}, 'resume': None, 'layer': {'arch': 'CNN', 'nb_train': None, 'lr': 0.01, 'adaptive': True, 'lr_sup': 0.001, 'speed': 7, 'lr_div': 96, 'lebesgue_p': 2, 'padding_mode': 'reflect', 'pre_triangle': False, 'ranking_param': 3, 'delta': 2, 't_invert': 0.5, 'groups': 1, 'stride': 1, 'dilation': 1, 'beta': 1, 'power': 4.5, 'padding': 1, 'weight_init': 'positive', 'weight_init_range': 2, 'weight_init_offset': 0, 'mask_thsd': 0, 'radius': 25, 'power_lr': 0.75, 'weight_decay': 0, 'soft_activation_fn': 'exp', 'hebbian': True, 'resume': None, 'add_bias': False, 'normalize_inp': False, 'lr_decay': 'linear', 'seed': 0, 'softness': 'softkrotov', 'out_channels': 768, 'kernel_size': 3}}, 'b3': {'arch': 'CNN', 'preset': 'softkrotov-c3072-k3-p1-s1-d1-b0-t0.4-lr0.01', 'operation': 'batchnorm2d', 'num': 3, 'batch_norm': False, 'pool': {'type': 'max', 'kernel_size': 4, 'stride': 2, 'padding': 1}, 'activation': {'function': 'triangle', 'param': 1.4}, 'resume': None, 'layer': {'arch': 'CNN', 'nb_train': None, 'lr': 0.01, 'adaptive': True, 'lr_sup': 0.001, 'speed': 7, 'lr_div': 96, 'lebesgue_p': 2, 'padding_mode': 'reflect', 'pre_triangle': False, 'ranking_param': 3, 'delta': 2, 't_invert': 0.4, 'groups': 1, 'stride': 1, 'dilation': 1, 'beta': 1, 'power': 4.5, 'padding': 1, 'weight_init': 'positive', 'weight_init_range': 2, 'weight_init_offset': 0, 'mask_thsd': 0, 'radius': 25, 'power_lr': 0.75, 'weight_decay': 0, 'soft_activation_fn': 'exp', 'hebbian': True, 'resume': None, 'add_bias': False, 'normalize_inp': False, 'lr_decay': 'linear', 'seed': 0, 'softness': 'softkrotov', 'out_channels': 3072, 'kernel_size': 3}}, 'b4': {'arch': 'CNN', 'preset': 'softkrotov-c12288-k3-p1-s1-d1-b0-t0.25-lr0.01', 'operation': 'batchnorm2d', 'num': 4, 'batch_norm': False, 'pool': {'type': 'avg', 'kernel_size': 2, 'stride': 2, 'padding': 0}, 'activation': {'function': 'triangle', 'param': 1.0}, 'resume': None, 'layer': {'arch': 'CNN', 'nb_train': None, 'lr': 0.01, 'adaptive': True, 'lr_sup': 0.001, 'speed': 7, 'lr_div': 96, 'lebesgue_p': 2, 'padding_mode': 'reflect', 'pre_triangle': False, 'ranking_param': 3, 'delta': 2, 't_invert': 0.25, 'groups': 1, 'stride': 1, 'dilation': 1, 'beta': 1, 'power': 4.5, 'padding': 1, 'weight_init': 'positive', 'weight_init_range': 2, 'weight_init_offset': 0, 'mask_thsd': 0, 'radius': 25, 'power_lr': 0.75, 'weight_decay': 0, 'soft_activation_fn': 'exp', 'hebbian': True, 'resume': None, 'add_bias': False, 'normalize_inp': False, 'lr_decay': 'linear', 'seed': 0, 'softness': 'softkrotov', 'out_channels': 12288, 'kernel_size': 3}}, 'b5': {'arch': 'MLP', 'preset': 'BP-c1000', 'operation': 'flatten', 'num': 5, 'att_dropout': None, 'dropout': 0.5, 'layer': {'arch': 'MLP', 'lr': 0.05, 'adaptive': True, 'lr_sup': 0.001, 'speed': 0.4, 'lr_div': 100, 'lebesgue_p': 2, 't_invert': 10, 'beta': 0.01, 'power': 4.5, 'ranking_param': 3, 'delta': 0.1, 'hebbian': False, 'add_bias': False, 'normalize_inp': False, 'lr_decay': 'linear', 'seed': 0, 'lr_bias': 600, 'softness': 'soft', 'soft_activation_fn': 'exp', 'plasticity': 'SoftHebb', 'metric_mode': 'unsupervised', 'weight_init': 'positive', 'weight_init_range': 0.25, 'weight_init_offset': 0, 'weight_decay': 0, 'radius': 10, 'power_lr': 0.2, 'out_channels': 1000}, 'pool': None, 'activation': None}}
CL:  True
{'name': 'ImageNette', 'noise_std': 0, 'channels': 3, 'width': 160, 'height': 160, 'validation_split': 0.2, 'training_sample': 9469, 'testing_sample': 10000, 'out_channels': 10, 'num_workers': 0, 'seed': 0, 'shuffle': True, 'batch_size': 32, 'augmentation': True, 'zca_whitened': False, 'training_class': 'all', 'split': 'train', 'px': 160, 'nb_epoch': 200, 'print_freq': 50, 'validation': False, 'continual_learning': True}
CL:  False
{'name': 'ImageNette', 'noise_std': 0, 'channels': 3, 'width': 160, 'height': 160, 'validation_split': 0.2, 'training_sample': 9469, 'testing_sample': 10000, 'out_channels': 10, 'num_workers': 0, 'seed': 0, 'shuffle': True, 'batch_size': 32, 'augmentation': True, 'zca_whitened': False, 'training_class': 'all', 'split': 'train', 'px': 160, 'nb_epoch': 200, 'print_freq': 50, 'validation': False, 'continual_learning': False}
CL:  False
{'name': 'ImageNette', 'noise_std': 0, 'channels': 3, 'width': 160, 'height': 160, 'validation_split': 0.2, 'training_sample': 9469, 'testing_sample': 10000, 'out_channels': 10, 'num_workers': 0, 'seed': 0, 'shuffle': True, 'batch_size': 10, 'augmentation': False, 'zca_whitened': False, 'training_class': 'all', 'split': 'train', 'px': 160, 'nb_epoch': 1, 'print_freq': 10, 'validation': False, 'continual_learning': False}
SEED:  0
block 0, size : 48 80 80
range = 2.886751345948129
block 1, size : 192 40 40
range = 1.2028130608117202
block 2, size : 768 20 20
range = 0.6014065304058601
block 3, size : 3072 10 10
range = 0.30070326520293006
block 4, size : 12288 5 5
range = 0.15035163260146503
range = 0.03125
The device used will be: 
True
cuda:0
CONFIG: {'arch': 'CNN', 'nb_train': None, 'lr': 0.08, 'adaptive': True, 'lr_sup': 0.001, 'speed': 7, 'lr_div': 96, 'lebesgue_p': 2, 'padding_mode': 'reflect', 'pre_triangle': False, 'ranking_param': 3, 'delta': 2, 't_invert': 1.1, 'groups': 1, 'stride': 1, 'dilation': 1, 'beta': 1, 'power': 4.5, 'padding': 2, 'weight_init': 'normal', 'weight_init_range': 2.886751345948129, 'weight_init_offset': 0, 'mask_thsd': 0, 'radius': 25, 'power_lr': 0.75, 'weight_decay': 0, 'soft_activation_fn': 'exp', 'hebbian': True, 'resume': None, 'add_bias': False, 'normalize_inp': False, 'lr_decay': 'linear', 'seed': 0, 'softness': 'softkrotov', 'out_channels': 48, 'kernel_size': 5, 'in_channels': 3, 'lr_scheduler': {'lr': 0.08, 'adaptive': True, 'nb_epochs': 1, 'ratio': 0.0010560777273207309, 'speed': 7, 'div': 96, 'decay': 'linear', 'power_lr': 0.75}}
CONFIG: {'arch': 'CNN', 'nb_train': None, 'lr': 0.01, 'adaptive': True, 'lr_sup': 0.001, 'speed': 7, 'lr_div': 96, 'lebesgue_p': 2, 'padding_mode': 'reflect', 'pre_triangle': False, 'ranking_param': 3, 'delta': 2, 't_invert': 0.7, 'groups': 1, 'stride': 1, 'dilation': 1, 'beta': 1, 'power': 4.5, 'padding': 1, 'weight_init': 'normal', 'weight_init_range': 1.2028130608117202, 'weight_init_offset': 0, 'mask_thsd': 0, 'radius': 25, 'power_lr': 0.75, 'weight_decay': 0, 'soft_activation_fn': 'exp', 'hebbian': True, 'resume': None, 'add_bias': False, 'normalize_inp': False, 'lr_decay': 'linear', 'seed': 0, 'softness': 'softkrotov', 'out_channels': 192, 'kernel_size': 3, 'in_channels': 48, 'lr_scheduler': {'lr': 0.01, 'adaptive': True, 'nb_epochs': 1, 'ratio': 0.0010560777273207309, 'speed': 7, 'div': 96, 'decay': 'linear', 'power_lr': 0.75}}
CONFIG: {'arch': 'CNN', 'nb_train': None, 'lr': 0.01, 'adaptive': True, 'lr_sup': 0.001, 'speed': 7, 'lr_div': 96, 'lebesgue_p': 2, 'padding_mode': 'reflect', 'pre_triangle': False, 'ranking_param': 3, 'delta': 2, 't_invert': 0.5, 'groups': 1, 'stride': 1, 'dilation': 1, 'beta': 1, 'power': 4.5, 'padding': 1, 'weight_init': 'normal', 'weight_init_range': 0.6014065304058601, 'weight_init_offset': 0, 'mask_thsd': 0, 'radius': 25, 'power_lr': 0.75, 'weight_decay': 0, 'soft_activation_fn': 'exp', 'hebbian': True, 'resume': None, 'add_bias': False, 'normalize_inp': False, 'lr_decay': 'linear', 'seed': 0, 'softness': 'softkrotov', 'out_channels': 768, 'kernel_size': 3, 'in_channels': 192, 'lr_scheduler': {'lr': 0.01, 'adaptive': True, 'nb_epochs': 1, 'ratio': 0.0010560777273207309, 'speed': 7, 'div': 96, 'decay': 'linear', 'power_lr': 0.75}}
CONFIG: {'arch': 'CNN', 'nb_train': None, 'lr': 0.01, 'adaptive': True, 'lr_sup': 0.001, 'speed': 7, 'lr_div': 96, 'lebesgue_p': 2, 'padding_mode': 'reflect', 'pre_triangle': False, 'ranking_param': 3, 'delta': 2, 't_invert': 0.4, 'groups': 1, 'stride': 1, 'dilation': 1, 'beta': 1, 'power': 4.5, 'padding': 1, 'weight_init': 'normal', 'weight_init_range': 0.30070326520293006, 'weight_init_offset': 0, 'mask_thsd': 0, 'radius': 25, 'power_lr': 0.75, 'weight_decay': 0, 'soft_activation_fn': 'exp', 'hebbian': True, 'resume': None, 'add_bias': False, 'normalize_inp': False, 'lr_decay': 'linear', 'seed': 0, 'softness': 'softkrotov', 'out_channels': 3072, 'kernel_size': 3, 'in_channels': 768, 'lr_scheduler': {'lr': 0.01, 'adaptive': True, 'nb_epochs': 1, 'ratio': 0.0010560777273207309, 'speed': 7, 'div': 96, 'decay': 'linear', 'power_lr': 0.75}}
CONFIG: {'arch': 'CNN', 'nb_train': None, 'lr': 0.01, 'adaptive': True, 'lr_sup': 0.001, 'speed': 7, 'lr_div': 96, 'lebesgue_p': 2, 'padding_mode': 'reflect', 'pre_triangle': False, 'ranking_param': 3, 'delta': 2, 't_invert': 0.25, 'groups': 1, 'stride': 1, 'dilation': 1, 'beta': 1, 'power': 4.5, 'padding': 1, 'weight_init': 'normal', 'weight_init_range': 0.15035163260146503, 'weight_init_offset': 0, 'mask_thsd': 0, 'radius': 25, 'power_lr': 0.75, 'weight_decay': 0, 'soft_activation_fn': 'exp', 'hebbian': True, 'resume': None, 'add_bias': False, 'normalize_inp': False, 'lr_decay': 'linear', 'seed': 0, 'softness': 'softkrotov', 'out_channels': 12288, 'kernel_size': 3, 'in_channels': 3072, 'lr_scheduler': {'lr': 0.01, 'adaptive': True, 'nb_epochs': 1, 'ratio': 0.0010560777273207309, 'speed': 7, 'div': 96, 'decay': 'linear', 'power_lr': 0.75}}
CONFIG: {'arch': 'MLP', 'lr': 0.05, 'adaptive': True, 'lr_sup': 0.001, 'speed': 0.4, 'lr_div': 100, 'lebesgue_p': 2, 't_invert': 10, 'beta': 0.01, 'power': 4.5, 'ranking_param': 3, 'delta': 0.1, 'hebbian': False, 'add_bias': False, 'normalize_inp': False, 'lr_decay': 'linear', 'seed': 0, 'lr_bias': 600, 'softness': 'soft', 'soft_activation_fn': 'exp', 'plasticity': 'SoftHebb', 'metric_mode': 'unsupervised', 'weight_init': 'positive', 'weight_init_range': 0.03125, 'weight_init_offset': 0, 'weight_decay': 0, 'radius': 10, 'power_lr': 0.2, 'out_channels': 10, 'in_channels': 307200, 'old_channels': 12288, 'lr_scheduler': {'decay': 'cste', 'lr': 0.1}}

 Model IMG_STL10_CL loaded successfuly with best perf



 ----- Architecture Block BatchNorm2dSK3482(5, 5)1.100000023841858reflect, number 0 -----
- BatchNorm2d(3, eps=1e-05, momentum=0.1, affine=False, track_running_stats=True)
- HebbSoftKrotovConv2d(3, 48, lebesgue_p=2, pruning=0, kernel_size=(5, 5), bias=False, padding_mode=reflect, t_invert=1.100000023841858, bias=False, lr_bias=0.0909, ranking_param=3, delta=2, activation=exp)
- Triangle(power=0.7)
- MaxPool2d(kernel_size=4, stride=2, padding=1, dilation=1, ceil_mode=False)

 ----- Architecture Block BatchNorm2dSK481922(3, 3)0.699999988079071reflect, number 1 -----
- BatchNorm2d(48, eps=1e-05, momentum=0.1, affine=False, track_running_stats=True)
- HebbSoftKrotovConv2d(48, 192, lebesgue_p=2, pruning=0, kernel_size=(3, 3), bias=False, padding_mode=reflect, t_invert=0.699999988079071, bias=False, lr_bias=0.1429, ranking_param=3, delta=2, activation=exp)
- Triangle(power=0.7)
- MaxPool2d(kernel_size=4, stride=2, padding=1, dilation=1, ceil_mode=False)

 ----- Architecture Block BatchNorm2dSK1927682(3, 3)0.5reflect, number 2 -----
- BatchNorm2d(192, eps=1e-05, momentum=0.1, affine=False, track_running_stats=True)
- HebbSoftKrotovConv2d(192, 768, lebesgue_p=2, pruning=0, kernel_size=(3, 3), bias=False, padding_mode=reflect, t_invert=0.5, bias=False, lr_bias=0.2, ranking_param=3, delta=2, activation=exp)
- Triangle(power=0.7)
- MaxPool2d(kernel_size=4, stride=2, padding=1, dilation=1, ceil_mode=False)

 ----- Architecture Block BatchNorm2dSK76830722(3, 3)0.4000000059604645reflect, number 3 -----
- BatchNorm2d(768, eps=1e-05, momentum=0.1, affine=False, track_running_stats=True)
- HebbSoftKrotovConv2d(768, 3072, lebesgue_p=2, pruning=0, kernel_size=(3, 3), bias=False, padding_mode=reflect, t_invert=0.4000000059604645, bias=False, lr_bias=0.25, ranking_param=3, delta=2, activation=exp)
- Triangle(power=1.4)
- MaxPool2d(kernel_size=4, stride=2, padding=1, dilation=1, ceil_mode=False)

 ----- Architecture Block BatchNorm2dSK3072122882(3, 3)0.25reflect, number 4 -----
- BatchNorm2d(3072, eps=1e-05, momentum=0.1, affine=False, track_running_stats=True)
- HebbSoftKrotovConv2d(3072, 12288, lebesgue_p=2, pruning=0, kernel_size=(3, 3), bias=False, padding_mode=reflect, t_invert=0.25, bias=False, lr_bias=0.4, ranking_param=3, delta=2, activation=exp)
- Triangle(power=1.0)
- AvgPool2d(kernel_size=2, stride=2, padding=0)

 ----- Architecture Block FlattenDropout(p=0.5, inplace=False)Linear(in_, number 5 -----
- Flatten(start_dim=1, end_dim=-1)
- Dropout(p=0.5, inplace=False)
- Linear(in_features=307200, out_features=10, bias=True)
SEED:  0
BEFORE RESIZING
AFTER RESIZING
INDICES:  9469
IMAGE SIZE: torch.Size([32, 3, 160, 160])
Accuracy of the network on the 1st dataset: 74.166 %
Test loss on the 1st dataset: 10.019
CL:  True
{'name': 'STL10', 'noise_std': 0, 'channels': 3, 'width': 96, 'height': 96, 'validation_split': 0.2, 'training_sample': 5000, 'testing_sample': 10000, 'out_channels': 10, 'num_workers': 0, 'seed': 0, 'shuffle': True, 'batch_size': 32, 'augmentation': False, 'zca_whitened': False, 'training_class': 'all', 'split': 'train', 'nb_epoch': 50, 'print_freq': 10, 'validation': False, 'continual_learning': True}
CL:  True
{'name': 'STL10', 'noise_std': 0, 'channels': 3, 'width': 96, 'height': 96, 'validation_split': 0.2, 'training_sample': 5000, 'testing_sample': 10000, 'out_channels': 10, 'num_workers': 0, 'seed': 0, 'shuffle': True, 'batch_size': 32, 'augmentation': False, 'zca_whitened': False, 'training_class': 'all', 'split': 'train', 'nb_epoch': 1, 'print_freq': 1, 'validation': False, 'continual_learning': True}
SEED:  0
block 0, size : 48 48 48
range = 2.886751345948129
block 1, size : 192 24 24
range = 1.2028130608117202
block 2, size : 768 12 12
range = 0.6014065304058601
block 3, size : 3072 6 6
range = 0.30070326520293006
block 4, size : 12288 3 3
range = 0.15035163260146503
range = 0.05208333333333333
The device used will be: 
True
cuda:0
CONFIG: {'arch': 'CNN', 'nb_train': None, 'lr': 0.08, 'adaptive': True, 'lr_sup': 0.001, 'speed': 7, 'lr_div': 96, 'lebesgue_p': 2, 'padding_mode': 'reflect', 'pre_triangle': False, 'ranking_param': 3, 'delta': 2, 't_invert': 1.1, 'groups': 1, 'stride': 1, 'dilation': 1, 'beta': 1, 'power': 4.5, 'padding': 2, 'weight_init': 'normal', 'weight_init_range': 2.886751345948129, 'weight_init_offset': 0, 'mask_thsd': 0, 'radius': 25, 'power_lr': 0.75, 'weight_decay': 0, 'soft_activation_fn': 'exp', 'hebbian': True, 'resume': None, 'add_bias': False, 'normalize_inp': False, 'lr_decay': 'linear', 'seed': 0, 'softness': 'softkrotov', 'out_channels': 48, 'kernel_size': 5, 'in_channels': 3, 'lr_scheduler': {'lr': 0.08, 'adaptive': True, 'nb_epochs': 1, 'ratio': 0.0010560777273207309, 'speed': 7, 'div': 96, 'decay': 'linear', 'power_lr': 0.75}}
CONFIG: {'arch': 'CNN', 'nb_train': None, 'lr': 0.01, 'adaptive': True, 'lr_sup': 0.001, 'speed': 7, 'lr_div': 96, 'lebesgue_p': 2, 'padding_mode': 'reflect', 'pre_triangle': False, 'ranking_param': 3, 'delta': 2, 't_invert': 0.7, 'groups': 1, 'stride': 1, 'dilation': 1, 'beta': 1, 'power': 4.5, 'padding': 1, 'weight_init': 'normal', 'weight_init_range': 1.2028130608117202, 'weight_init_offset': 0, 'mask_thsd': 0, 'radius': 25, 'power_lr': 0.75, 'weight_decay': 0, 'soft_activation_fn': 'exp', 'hebbian': True, 'resume': None, 'add_bias': False, 'normalize_inp': False, 'lr_decay': 'linear', 'seed': 0, 'softness': 'softkrotov', 'out_channels': 192, 'kernel_size': 3, 'in_channels': 48, 'lr_scheduler': {'lr': 0.01, 'adaptive': True, 'nb_epochs': 1, 'ratio': 0.0010560777273207309, 'speed': 7, 'div': 96, 'decay': 'linear', 'power_lr': 0.75}}
CONFIG: {'arch': 'CNN', 'nb_train': None, 'lr': 0.01, 'adaptive': True, 'lr_sup': 0.001, 'speed': 7, 'lr_div': 96, 'lebesgue_p': 2, 'padding_mode': 'reflect', 'pre_triangle': False, 'ranking_param': 3, 'delta': 2, 't_invert': 0.5, 'groups': 1, 'stride': 1, 'dilation': 1, 'beta': 1, 'power': 4.5, 'padding': 1, 'weight_init': 'normal', 'weight_init_range': 0.6014065304058601, 'weight_init_offset': 0, 'mask_thsd': 0, 'radius': 25, 'power_lr': 0.75, 'weight_decay': 0, 'soft_activation_fn': 'exp', 'hebbian': True, 'resume': None, 'add_bias': False, 'normalize_inp': False, 'lr_decay': 'linear', 'seed': 0, 'softness': 'softkrotov', 'out_channels': 768, 'kernel_size': 3, 'in_channels': 192, 'lr_scheduler': {'lr': 0.01, 'adaptive': True, 'nb_epochs': 1, 'ratio': 0.0010560777273207309, 'speed': 7, 'div': 96, 'decay': 'linear', 'power_lr': 0.75}}
CONFIG: {'arch': 'CNN', 'nb_train': None, 'lr': 0.01, 'adaptive': True, 'lr_sup': 0.001, 'speed': 7, 'lr_div': 96, 'lebesgue_p': 2, 'padding_mode': 'reflect', 'pre_triangle': False, 'ranking_param': 3, 'delta': 2, 't_invert': 0.4, 'groups': 1, 'stride': 1, 'dilation': 1, 'beta': 1, 'power': 4.5, 'padding': 1, 'weight_init': 'normal', 'weight_init_range': 0.30070326520293006, 'weight_init_offset': 0, 'mask_thsd': 0, 'radius': 25, 'power_lr': 0.75, 'weight_decay': 0, 'soft_activation_fn': 'exp', 'hebbian': True, 'resume': None, 'add_bias': False, 'normalize_inp': False, 'lr_decay': 'linear', 'seed': 0, 'softness': 'softkrotov', 'out_channels': 3072, 'kernel_size': 3, 'in_channels': 768, 'lr_scheduler': {'lr': 0.01, 'adaptive': True, 'nb_epochs': 1, 'ratio': 0.0010560777273207309, 'speed': 7, 'div': 96, 'decay': 'linear', 'power_lr': 0.75}}
CONFIG: {'arch': 'CNN', 'nb_train': None, 'lr': 0.01, 'adaptive': True, 'lr_sup': 0.001, 'speed': 7, 'lr_div': 96, 'lebesgue_p': 2, 'padding_mode': 'reflect', 'pre_triangle': False, 'ranking_param': 3, 'delta': 2, 't_invert': 0.25, 'groups': 1, 'stride': 1, 'dilation': 1, 'beta': 1, 'power': 4.5, 'padding': 1, 'weight_init': 'normal', 'weight_init_range': 0.15035163260146503, 'weight_init_offset': 0, 'mask_thsd': 0, 'radius': 25, 'power_lr': 0.75, 'weight_decay': 0, 'soft_activation_fn': 'exp', 'hebbian': True, 'resume': None, 'add_bias': False, 'normalize_inp': False, 'lr_decay': 'linear', 'seed': 0, 'softness': 'softkrotov', 'out_channels': 12288, 'kernel_size': 3, 'in_channels': 3072, 'lr_scheduler': {'lr': 0.01, 'adaptive': True, 'nb_epochs': 1, 'ratio': 0.0010560777273207309, 'speed': 7, 'div': 96, 'decay': 'linear', 'power_lr': 0.75}}
CONFIG: {'arch': 'MLP', 'lr': 0.05, 'adaptive': True, 'lr_sup': 0.001, 'speed': 0.4, 'lr_div': 100, 'lebesgue_p': 2, 't_invert': 10, 'beta': 0.01, 'power': 4.5, 'ranking_param': 3, 'delta': 0.1, 'hebbian': False, 'add_bias': False, 'normalize_inp': False, 'lr_decay': 'linear', 'seed': 0, 'lr_bias': 600, 'softness': 'soft', 'soft_activation_fn': 'exp', 'plasticity': 'SoftHebb', 'metric_mode': 'unsupervised', 'weight_init': 'positive', 'weight_init_range': 0.03125, 'weight_init_offset': 0, 'weight_decay': 0, 'radius': 10, 'power_lr': 0.2, 'out_channels': 10, 'in_channels': 307200, 'old_channels': 12288, 'lr_scheduler': {'decay': 'cste', 'lr': 0.1}}

 Model IMG_STL10_CL loaded successfuly with best perf



 ----- Architecture Block BatchNorm2dSK3482(5, 5)1.100000023841858reflect, number 0 -----
- BatchNorm2d(3, eps=1e-05, momentum=0.1, affine=False, track_running_stats=True)
- HebbSoftKrotovConv2d(3, 48, lebesgue_p=2, pruning=0, kernel_size=(5, 5), bias=False, padding_mode=reflect, t_invert=1.100000023841858, bias=False, lr_bias=0.0909, ranking_param=3, delta=2, activation=exp)
- Triangle(power=0.7)
- MaxPool2d(kernel_size=4, stride=2, padding=1, dilation=1, ceil_mode=False)

 ----- Architecture Block BatchNorm2dSK481922(3, 3)0.699999988079071reflect, number 1 -----
- BatchNorm2d(48, eps=1e-05, momentum=0.1, affine=False, track_running_stats=True)
- HebbSoftKrotovConv2d(48, 192, lebesgue_p=2, pruning=0, kernel_size=(3, 3), bias=False, padding_mode=reflect, t_invert=0.699999988079071, bias=False, lr_bias=0.1429, ranking_param=3, delta=2, activation=exp)
- Triangle(power=0.7)
- MaxPool2d(kernel_size=4, stride=2, padding=1, dilation=1, ceil_mode=False)

 ----- Architecture Block BatchNorm2dSK1927682(3, 3)0.5reflect, number 2 -----
- BatchNorm2d(192, eps=1e-05, momentum=0.1, affine=False, track_running_stats=True)
- HebbSoftKrotovConv2d(192, 768, lebesgue_p=2, pruning=0, kernel_size=(3, 3), bias=False, padding_mode=reflect, t_invert=0.5, bias=False, lr_bias=0.2, ranking_param=3, delta=2, activation=exp)
- Triangle(power=0.7)
- MaxPool2d(kernel_size=4, stride=2, padding=1, dilation=1, ceil_mode=False)

 ----- Architecture Block BatchNorm2dSK76830722(3, 3)0.4000000059604645reflect, number 3 -----
- BatchNorm2d(768, eps=1e-05, momentum=0.1, affine=False, track_running_stats=True)
- HebbSoftKrotovConv2d(768, 3072, lebesgue_p=2, pruning=0, kernel_size=(3, 3), bias=False, padding_mode=reflect, t_invert=0.4000000059604645, bias=False, lr_bias=0.25, ranking_param=3, delta=2, activation=exp)
- Triangle(power=1.4)
- MaxPool2d(kernel_size=4, stride=2, padding=1, dilation=1, ceil_mode=False)

 ----- Architecture Block BatchNorm2dSK3072122882(3, 3)0.25reflect, number 4 -----
- BatchNorm2d(3072, eps=1e-05, momentum=0.1, affine=False, track_running_stats=True)
- HebbSoftKrotovConv2d(3072, 12288, lebesgue_p=2, pruning=0, kernel_size=(3, 3), bias=False, padding_mode=reflect, t_invert=0.25, bias=False, lr_bias=0.4, ranking_param=3, delta=2, activation=exp)
- Triangle(power=1.0)
- AvgPool2d(kernel_size=2, stride=2, padding=0)

 ----- Architecture Block FlattenDropout(p=0.5, inplace=False)Linear(in_, number 5 -----
- Flatten(start_dim=1, end_dim=-1)
- Dropout(p=0.5, inplace=False)
- Linear(in_features=307200, out_features=10, bias=True)

 ********** Hebbian Unsupervised learning of blocks [0] **********
SEED:  0
BEFORE RESIZING
Files already downloaded and verified
AFTER RESIZING
Files already downloaded and verified
INDICES:  5000
IMAGE SIZE: torch.Size([32, 3, 160, 160])
SAVING FOLDER FOR UNSUP:  IMG_STL10_CL
INSIDE EVALUATE UNSUP
INSIDE EVALUATE UNSUP RETURNED 0,0
Epoch: [1/1]	lr: 1.82e-01	time: 00:00:34	Acc_train 0.00	Acc_test 0.00	convergence: 2.40e+01	R1: 0	Info MB:0.000e+00/SB:0.000e+00/MW:8.763e-03/SW:5.999e-01/MR:4.381e+00/SR:2.821e+00/MeD:2.184e+00/MaD:7.568e+00/MW:0.705/MAW:0.295
|       0 |       1 |        2 |       3 |       4 |         5 |       6 |         7 |       8 |       9 |      10 |      11 |      12 |      13 |     14 |      15 |        16 |      17 |      18 |      19 |      20 |      21 |      22 |        23 |        24 |      25 |      26 |        27 |      28 |      29 |
|---------+---------+----------+---------+---------+-----------+---------+-----------+---------+---------+---------+---------+---------+---------+--------+---------+-----------+---------+---------+---------+---------+---------+---------+-----------+-----------+---------+---------+-----------+---------+---------|
|   0.266 |   0.259 |   0.0472 |   0.316 |   0.271 |   0.00178 |   0.262 |   0.00669 |   0.279 |   0.164 |   0.253 |   0.207 |   0.465 |   0.327 |   0.22 |   0.356 |   0.00274 |   0.164 |   0.234 |   0.286 |   0.126 |   0.199 |   0.213 |   0.00183 |   0.00194 |   0.196 |   0.299 |   0.00734 |   0.358 |   0.192 |
|   5.96  |   5.8   |   1.5    |   7.24  |   6.09  |   1.01    |   5.85  |   1.04    |   6.29  |   3.61  |   5.63  |   4.55  |  11.46  |   7.53  |   4.86 |   8.33  |   1.01    |   3.61  |   5.18  |   6.46  |   2.84  |   4.38  |   4.7   |   1.01    |   1.01    |   4.3   |   6.81  |   1.04    |   8.39  |   4.22  |
|   0.5   |   0.6   |   0.48   |   0.47  |   0.48  |   4.09    |   0.5   |   1.56    |   0.54  |   0.57  |   0.61  |   0.51  |   0.52  |   0.44  |   0.47 |   0.47  |   2.04    |   0.46  |   0.59  |   0.57  |   0.51  |   0.49  |   0.51  |   1.57    |   1.07    |   0.44  |   0.49  |   0.69    |   0.54  |   0.52  |
| nan     | nan     | nan      | nan     | nan     | nan       | nan     | nan       | nan     | nan     | nan     | nan     | nan     | nan     | nan    | nan     | nan       | nan     | nan     | nan     | nan     | nan     | nan     | nan       | nan       | nan     | nan     | nan       | nan     | nan     |
| nan     | nan     | nan      | nan     | nan     | nan       | nan     | nan       | nan     | nan     | nan     | nan     | nan     | nan     | nan    | nan     | nan       | nan     | nan     | nan     | nan     | nan     | nan     | nan       | nan       | nan     | nan     | nan       | nan     | nan     |
| nan     | nan     | nan      | nan     | nan     | nan       | nan     | nan       | nan     | nan     | nan     | nan     | nan     | nan     | nan    | nan     | nan       | nan     | nan     | nan     | nan     | nan     | nan     | nan       | nan       | nan     | nan     | nan       | nan     | nan     |

STORING PATH IS NONEEEEEE
SAVING THE MODEL
/leonardo_work/try24_antoniet/rcasciot/neuromodAI/SoftHebb-main/Training/results/hebb/result/network/IMG_STL10_CL/models

 ********** Hebbian Unsupervised learning of blocks [1] **********
SEED:  0
BEFORE RESIZING
Files already downloaded and verified
AFTER RESIZING
Files already downloaded and verified
INDICES:  5000
IMAGE SIZE: torch.Size([32, 3, 160, 160])
SAVING FOLDER FOR UNSUP:  IMG_STL10_CL
INSIDE EVALUATE UNSUP
INSIDE EVALUATE UNSUP RETURNED 0,0
Epoch: [1/1]	lr: 1.82e-01	time: 00:01:04	Acc_train 0.00	Acc_test 0.00	convergence: 2.40e+01	R1: 0	Info MB:0.000e+00/SB:0.000e+00/MW:1.448e-02/SW:1.826e-01/MR:3.570e+00/SR:1.327e+00/MeD:1.100e+00/MaD:2.919e+00/MW:0.603/MAW:0.397
|         0 |        1 |        2 |        3 |        4 |        5 |        6 |        7 |        8 |        9 |       10 |       11 |       12 |       13 |       14 |       15 |       16 |       17 |       18 |       19 |       20 |       21 |       22 |       23 |       24 |      25 |       26 |       27 |       28 |       29 |
|-----------+----------+----------+----------+----------+----------+----------+----------+----------+----------+----------+----------+----------+----------+----------+----------+----------+----------+----------+----------+----------+----------+----------+----------+----------+---------+----------+----------+----------+----------|
|   0.00404 |   0.0308 |   0.0244 |   0.0207 |   0.0197 |   0.0226 |   0.0289 |   0.0359 |   0.0317 |   0.0158 |   0.0244 |   0.0163 |   0.0308 |   0.0239 |   0.0228 |   0.0143 |   0.0245 |   0.0264 |   0.0298 |   0.0287 |   0.0254 |   0.0136 |   0.0315 |   0.0222 |   0.0209 |   0.014 |   0.0197 |   0.0285 |   0.0358 |   0.0269 |
|   1.3     |   5.47   |   4.29   |   3.64   |   3.47   |   3.96   |   5.13   |   6.49   |   5.65   |   2.83   |   4.29   |   2.93   |   5.48   |   4.2    |   3.99   |   2.61   |   4.3    |   4.65   |   5.28   |   5.08   |   4.47   |   2.51   |   5.62   |   3.89   |   3.67   |   2.57  |   3.46   |   5.04   |   6.49   |   4.75   |
|   0.34    |   0.3    |   0.34   |   0.23   |   0.28   |   0.29   |   0.32   |   0.3    |   0.34   |   0.26   |   0.13   |   0.26   |   0.29   |   0.41   |   0.23   |   0.28   |   0.26   |   0.4    |   0.31   |   0.27   |   0.31   |   0.31   |   0.28   |   0.29   |   0.42   |   0.28  |   0.18   |   0.35   |   0.34   |   0.31   |
| nan       | nan      | nan      | nan      | nan      | nan      | nan      | nan      | nan      | nan      | nan      | nan      | nan      | nan      | nan      | nan      | nan      | nan      | nan      | nan      | nan      | nan      | nan      | nan      | nan      | nan     | nan      | nan      | nan      | nan      |
| nan       | nan      | nan      | nan      | nan      | nan      | nan      | nan      | nan      | nan      | nan      | nan      | nan      | nan      | nan      | nan      | nan      | nan      | nan      | nan      | nan      | nan      | nan      | nan      | nan      | nan     | nan      | nan      | nan      | nan      |
| nan       | nan      | nan      | nan      | nan      | nan      | nan      | nan      | nan      | nan      | nan      | nan      | nan      | nan      | nan      | nan      | nan      | nan      | nan      | nan      | nan      | nan      | nan      | nan      | nan      | nan     | nan      | nan      | nan      | nan      |

STORING PATH IS NONEEEEEE
SAVING THE MODEL
/leonardo_work/try24_antoniet/rcasciot/neuromodAI/SoftHebb-main/Training/results/hebb/result/network/IMG_STL10_CL/models

 ********** Hebbian Unsupervised learning of blocks [2] **********
SEED:  0
BEFORE RESIZING
Files already downloaded and verified
AFTER RESIZING
Files already downloaded and verified
INDICES:  5000
IMAGE SIZE: torch.Size([32, 3, 160, 160])
SAVING FOLDER FOR UNSUP:  IMG_STL10_CL
INSIDE EVALUATE UNSUP
INSIDE EVALUATE UNSUP RETURNED 0,0
Epoch: [1/1]	lr: 1.08e-01	time: 00:01:35	Acc_train 0.00	Acc_test 0.00	convergence: 2.40e+01	R1: 0	Info MB:0.000e+00/SB:0.000e+00/MW:5.724e-03/SW:1.850e-01/MR:7.258e+00/SR:2.558e+00/MeD:2.036e+00/MaD:6.257e+00/MW:0.574/MAW:0.426
|       0 |        1 |        2 |        3 |        4 |        5 |        6 |         7 |        8 |        9 |       10 |      11 |       12 |       13 |       14 |      15 |       16 |       17 |       18 |       19 |       20 |       21 |       22 |       23 |       24 |       25 |       26 |       27 |       28 |       29 |
|---------+----------+----------+----------+----------+----------+----------+-----------+----------+----------+----------+---------+----------+----------+----------+---------+----------+----------+----------+----------+----------+----------+----------+----------+----------+----------+----------+----------+----------+----------|
|   0.058 |   0.0195 |   0.0405 |   0.0516 |   0.0392 |   0.0475 |   0.0346 |   0.00899 |   0.0495 |   0.0457 |   0.0259 |   0.045 |   0.0447 |   0.0404 |   0.0457 |   0.051 |   0.0447 |   0.0417 |   0.0419 |   0.0282 |   0.0408 |   0.0555 |   0.0463 |   0.0547 |   0.0357 |   0.0504 |   0.0342 |   0.0369 |   0.0443 |   0.0325 |
|  11.43  |   3.43   |   7.45   |   9.92   |   7.19   |   8.97   |   6.24   |   1.87    |   9.45   |   8.58   |   4.55   |   8.43  |   8.35   |   7.42   |   8.59   |   9.77  |   8.36   |   7.71   |   7.75   |   4.98   |   7.53   |  10.82   |   8.72   |  10.65   |   6.45   |   9.63   |   6.15   |   6.71   |   8.29   |   5.82   |
|   0.09  |   0.06   |   0.09   |   0.1    |   0.07   |   0.09   |   0.11   |   0.13    |   0.05   |   0.1    |   0.03   |   0.09  |   0.06   |   0.08   |   0.09   |   0.1   |   0.08   |   0.03   |   0.07   |   0.06   |   0.08   |   0.1    |   0.08   |   0.06   |   0.06   |   0.08   |   0.11   |   0.06   |   0.07   |   0.09   |
| nan     | nan      | nan      | nan      | nan      | nan      | nan      | nan       | nan      | nan      | nan      | nan     | nan      | nan      | nan      | nan     | nan      | nan      | nan      | nan      | nan      | nan      | nan      | nan      | nan      | nan      | nan      | nan      | nan      | nan      |
| nan     | nan      | nan      | nan      | nan      | nan      | nan      | nan       | nan      | nan      | nan      | nan     | nan      | nan      | nan      | nan     | nan      | nan      | nan      | nan      | nan      | nan      | nan      | nan      | nan      | nan      | nan      | nan      | nan      | nan      |
| nan     | nan      | nan      | nan      | nan      | nan      | nan      | nan       | nan      | nan      | nan      | nan     | nan      | nan      | nan      | nan     | nan      | nan      | nan      | nan      | nan      | nan      | nan      | nan      | nan      | nan      | nan      | nan      | nan      | nan      |

STORING PATH IS NONEEEEEE
SAVING THE MODEL
/leonardo_work/try24_antoniet/rcasciot/neuromodAI/SoftHebb-main/Training/results/hebb/result/network/IMG_STL10_CL/models

 ********** Hebbian Unsupervised learning of blocks [3] **********
SEED:  0
BEFORE RESIZING
Files already downloaded and verified
AFTER RESIZING
Files already downloaded and verified
INDICES:  5000
IMAGE SIZE: torch.Size([32, 3, 160, 160])
SAVING FOLDER FOR UNSUP:  IMG_STL10_CL
INSIDE EVALUATE UNSUP
INSIDE EVALUATE UNSUP RETURNED 0,0
Epoch: [1/1]	lr: 5.48e-02	time: 00:02:07	Acc_train 0.00	Acc_test 0.00	convergence: 2.40e+01	R1: 0	Info MB:0.000e+00/SB:0.000e+00/MW:1.169e-03/SW:1.395e-01/MR:1.095e+01/SR:3.825e+00/MeD:2.958e+00/MaD:9.946e+00/MW:0.587/MAW:0.413
|         0 |        1 |        2 |        3 |        4 |        5 |          6 |        7 |        8 |       9 |      10 |      11 |       12 |       13 |       14 |       15 |       16 |       17 |       18 |       19 |      20 |       21 |       22 |       23 |       24 |       25 |        26 |       27 |       28 |       29 |
|-----------+----------+----------+----------+----------+----------+------------+----------+----------+---------+---------+---------+----------+----------+----------+----------+----------+----------+----------+----------+---------+----------+----------+----------+----------+----------+-----------+----------+----------+----------|
|   0.00073 |   0.0305 |   0.0577 |   0.0678 |   0.0573 |   0.0554 |   7.66e-05 |   0.0749 |   0.0721 |   0.079 |   0.059 |   0.061 |   0.0607 |   0.0516 |   0.0601 |   0.0637 |   0.0579 |   0.0705 |   0.0598 |   0.0648 |   0.032 |   0.0476 |   0.0794 |   0.0766 |   0.0779 |   0.0467 |   0.00626 |   0.0614 |   0.0513 |   0.0772 |
|   1.03    |   5.43   |  11.34   |  13.83   |  11.25   |  10.79   |   1        |  15.66   |  14.92   |  16.72  |  11.66  |  12.13  |  12.07   |   9.91   |  11.92   |  12.8    |  11.39   |  14.52   |  11.86   |  13.09   |   5.72  |   9      |  16.85   |  16.1    |  16.45   |   8.8    |   1.54    |  12.24   |   9.85   |  16.26   |
|   0.49    |   0.04   |   0.02   |   0.03   |   0.02   |   0.01   |   3.63     |   0.02   |   0.01   |   0.01  |   0.01  |   0.02  |   0.01   |   0.01   |   0.01   |   0.02   |   0.01   |   0.02   |   0.03   |   0.02   |   0.02  |   0.01   |   0.02   |   0.02   |   0.01   |   0.03   |   0.09    |   0.03   |   0.02   |   0.02   |
| nan       | nan      | nan      | nan      | nan      | nan      | nan        | nan      | nan      | nan     | nan     | nan     | nan      | nan      | nan      | nan      | nan      | nan      | nan      | nan      | nan     | nan      | nan      | nan      | nan      | nan      | nan       | nan      | nan      | nan      |
| nan       | nan      | nan      | nan      | nan      | nan      | nan        | nan      | nan      | nan     | nan     | nan     | nan      | nan      | nan      | nan      | nan      | nan      | nan      | nan      | nan     | nan      | nan      | nan      | nan      | nan      | nan       | nan      | nan      | nan      |
| nan       | nan      | nan      | nan      | nan      | nan      | nan        | nan      | nan      | nan     | nan     | nan     | nan      | nan      | nan      | nan      | nan      | nan      | nan      | nan      | nan     | nan      | nan      | nan      | nan      | nan      | nan       | nan      | nan      | nan      |

STORING PATH IS NONEEEEEE
SAVING THE MODEL
/leonardo_work/try24_antoniet/rcasciot/neuromodAI/SoftHebb-main/Training/results/hebb/result/network/IMG_STL10_CL/models

 ********** Hebbian Unsupervised learning of blocks [4] **********
SEED:  0
BEFORE RESIZING
Files already downloaded and verified
AFTER RESIZING
Files already downloaded and verified
INDICES:  5000
IMAGE SIZE: torch.Size([32, 3, 160, 160])
SAVING FOLDER FOR UNSUP:  IMG_STL10_CL
INSIDE EVALUATE UNSUP
INSIDE EVALUATE UNSUP RETURNED 0,0
Epoch: [1/1]	lr: 3.87e-02	time: 00:02:47	Acc_train 0.00	Acc_test 0.00	convergence: 2.33e+01	R1: 3	Info MB:0.000e+00/SB:0.000e+00/MW:3.591e-04/SW:1.494e-01/MR:2.430e+01/SR:5.188e+00/MeD:3.459e+00/MaD:2.330e+01/MW:0.600/MAW:0.400
|       0 |       1 |       2 |       3 |       4 |        5 |        6 |       7 |       8 |       9 |      10 |      11 |      12 |       13 |      14 |      15 |      16 |     17 |      18 |      19 |      20 |      21 |      22 |      23 |      24 |      25 |      26 |      27 |      28 |      29 |
|---------+---------+---------+---------+---------+----------+----------+---------+---------+---------+---------+---------+---------+----------+---------+---------+---------+--------+---------+---------+---------+---------+---------+---------+---------+---------+---------+---------+---------+---------|
|   0.096 |   0.111 |   0.081 |   0.108 |   0.105 |   0.0931 |   0.0776 |   0.118 |   0.121 |   0.117 |   0.121 |   0.103 |   0.115 |   0.0985 |   0.112 |   0.112 |   0.105 |   0.11 |   0.132 |   0.128 |   0.106 |   0.101 |   0.101 |   0.118 |   0.112 |   0.113 |   0.101 |   0.119 |   0.111 |   0.117 |
|  21.4   |  25.86  |  17.26  |  24.83  |  23.96  |  20.58   |  16.37   |  27.9   |  28.86  |  27.48  |  28.93  |  23.42  |  27.05  |  22.11   |  26.13  |  25.99  |  23.9   |  25.38 |  32.21  |  31.08  |  24.28  |  22.91  |  22.79  |  27.75  |  25.98  |  26.36  |  22.78  |  28.3   |  25.74  |  27.56  |
|   0.01  |   0.01  |   0     |   0.01  |   0     |   0.01   |   0      |   0     |   0.01  |   0.01  |   0     |   0     |   0.01  |   0      |   0     |   0     |   0.01  |   0    |   0     |   0     |   0.01  |   0.01  |   0     |   0     |   0     |   0     |   0     |   0.01  |   0     |   0     |
| nan     | nan     | nan     | nan     | nan     | nan      | nan      | nan     | nan     | nan     | nan     | nan     | nan     | nan      | nan     | nan     | nan     | nan    | nan     | nan     | nan     | nan     | nan     | nan     | nan     | nan     | nan     | nan     | nan     | nan     |
| nan     | nan     | nan     | nan     | nan     | nan      | nan      | nan     | nan     | nan     | nan     | nan     | nan     | nan      | nan     | nan     | nan     | nan    | nan     | nan     | nan     | nan     | nan     | nan     | nan     | nan     | nan     | nan     | nan     | nan     |
| nan     | nan     | nan     | nan     | nan     | nan      | nan      | nan     | nan     | nan     | nan     | nan     | nan     | nan      | nan     | nan     | nan     | nan    | nan     | nan     | nan     | nan     | nan     | nan     | nan     | nan     | nan     | nan     | nan     | nan     |

STORING PATH IS NONEEEEEE
SAVING THE MODEL
/leonardo_work/try24_antoniet/rcasciot/neuromodAI/SoftHebb-main/Training/results/hebb/result/network/IMG_STL10_CL/models

 ********** Supervised learning of blocks [5] **********
SAVING FOLDER FOR SUP:  IMG_STL10_CL
SEED:  0
BEFORE RESIZING
Files already downloaded and verified
AFTER RESIZING
Files already downloaded and verified
INDICES:  5000
IMAGE SIZE: torch.Size([32, 3, 160, 160])
Epoch: [1/50]	lr: 1.00e-03	time: 00:03:30	Loss_train 36.65299	Acc_train 43.24	/	Loss_test 24.62083	Acc_test 55.70
STORING PATH IS NONEEEEEE
SAVING THE MODEL
/leonardo_work/try24_antoniet/rcasciot/neuromodAI/SoftHebb-main/Training/results/hebb/result/network/IMG_STL10_CL/models
Epoch: [10/50]	lr: 1.00e-03	time: 00:04:57	Loss_train 6.79265	Acc_train 81.74	/	Loss_test 20.84274	Acc_test 66.16
STORING PATH IS NONEEEEEE
SAVING THE MODEL
/leonardo_work/try24_antoniet/rcasciot/neuromodAI/SoftHebb-main/Training/results/hebb/result/network/IMG_STL10_CL/models
Epoch: [20/50]	lr: 2.50e-04	time: 00:06:31	Loss_train 0.59298	Acc_train 96.91	/	Loss_test 16.79130	Acc_test 70.85
STORING PATH IS NONEEEEEE
SAVING THE MODEL
/leonardo_work/try24_antoniet/rcasciot/neuromodAI/SoftHebb-main/Training/results/hebb/result/network/IMG_STL10_CL/models
Epoch: [30/50]	lr: 1.25e-04	time: 00:08:06	Loss_train 0.17695	Acc_train 98.82	/	Loss_test 15.45439	Acc_test 72.03
STORING PATH IS NONEEEEEE
SAVING THE MODEL
/leonardo_work/try24_antoniet/rcasciot/neuromodAI/SoftHebb-main/Training/results/hebb/result/network/IMG_STL10_CL/models
Epoch: [40/50]	lr: 3.13e-05	time: 00:09:41	Loss_train 0.07862	Acc_train 99.37	/	Loss_test 15.09398	Acc_test 72.81
STORING PATH IS NONEEEEEE
SAVING THE MODEL
/leonardo_work/try24_antoniet/rcasciot/neuromodAI/SoftHebb-main/Training/results/hebb/result/network/IMG_STL10_CL/models
Epoch: [50/50]	lr: 7.81e-06	time: 00:11:15	Loss_train 0.05472	Acc_train 99.56	/	Loss_test 14.76808	Acc_test 73.04
STORING PATH IS NONEEEEEE
SAVING THE MODEL
/leonardo_work/try24_antoniet/rcasciot/neuromodAI/SoftHebb-main/Training/results/hebb/result/network/IMG_STL10_CL/models
RESULT:  {'train_loss': 0.05471853166818619, 'train_acc': 99.55999851226807, 'test_loss': 14.768081665039062, 'test_acc': 73.0374984741211, 'convergence': 23.300140380859375, 'R1': 3, 'dataset_sup': {'name': 'STL10', 'noise_std': 0, 'channels': 3, 'width': 96, 'height': 96, 'validation_split': 0.2, 'training_sample': 5000, 'testing_sample': 10000, 'out_channels': 10, 'num_workers': 0, 'seed': 0, 'shuffle': True, 'batch_size': 32, 'augmentation': False, 'zca_whitened': False, 'training_class': 'all', 'split': 'train', 'nb_epoch': 50, 'print_freq': 10, 'validation': False, 'continual_learning': True, 'old_dataset_size': 160}, 'dataset_unsup': {'name': 'STL10', 'noise_std': 0, 'channels': 3, 'width': 96, 'height': 96, 'validation_split': 0.2, 'training_sample': 5000, 'testing_sample': 10000, 'out_channels': 10, 'num_workers': 0, 'seed': 0, 'shuffle': True, 'batch_size': 32, 'augmentation': False, 'zca_whitened': False, 'training_class': 'all', 'split': 'train', 'nb_epoch': 1, 'print_freq': 1, 'validation': False, 'continual_learning': True, 'old_dataset_size': 160}, 'train_config': {'t0': {'blocks': [0], 'mode': 'unsupervised', 'lr': 0.08, 'nb_epoch': 1, 'batch_size': 32, 'print_freq': 1}, 't2': {'blocks': [1], 'mode': 'unsupervised', 'lr': 0.01, 'nb_epoch': 1, 'batch_size': 32, 'print_freq': 1}, 't4': {'blocks': [2], 'mode': 'unsupervised', 'lr': 0.01, 'nb_epoch': 1, 'batch_size': 32, 'print_freq': 1}, 't6': {'blocks': [3], 'mode': 'unsupervised', 'lr': 0.01, 'nb_epoch': 1, 'batch_size': 32, 'print_freq': 1}, 't8': {'blocks': [4], 'mode': 'unsupervised', 'lr': 0.01, 'nb_epoch': 1, 'batch_size': 32, 'print_freq': 1}, 't10': {'blocks': [5], 'mode': 'supervised', 'lr': 0.001, 'nb_epoch': 50, 'batch_size': 32, 'print_freq': 10}}}
IN R1:  {'eval_1': {'test_loss': 10.019317626953125, 'test_acc': 74.16560363769531, 'convergence': 23.99959945678711, 'R1': 0, 'dataset_sup': {'name': 'ImageNette', 'noise_std': 0, 'channels': 3, 'width': 160, 'height': 160, 'validation_split': 0.2, 'training_sample': 9469, 'testing_sample': 10000, 'out_channels': 10, 'num_workers': 4, 'seed': 0, 'shuffle': True, 'batch_size': 32, 'augmentation': True, 'zca_whitened': False, 'training_class': 'all', 'split': 'train', 'px': 160, 'nb_epoch': 200, 'print_freq': 50, 'validation': False, 'continual_learning': False}, 'dataset_unsup': {'name': 'ImageNette', 'noise_std': 0, 'channels': 3, 'width': 160, 'height': 160, 'validation_split': 0.2, 'training_sample': 9469, 'testing_sample': 10000, 'out_channels': 10, 'num_workers': 0, 'seed': 0, 'shuffle': True, 'batch_size': 10, 'augmentation': False, 'zca_whitened': False, 'training_class': 'all', 'split': 'train', 'px': 160, 'nb_epoch': 1, 'print_freq': 10, 'validation': False, 'continual_learning': False}}, 'R1': {'train_loss': 0.05471853166818619, 'train_acc': 99.55999851226807, 'test_loss': 14.768081665039062, 'test_acc': 73.0374984741211, 'convergence': 23.300140380859375, 'R1': 3, 'dataset_sup': {'name': 'STL10', 'noise_std': 0, 'channels': 3, 'width': 96, 'height': 96, 'validation_split': 0.2, 'training_sample': 5000, 'testing_sample': 10000, 'out_channels': 10, 'num_workers': 0, 'seed': 0, 'shuffle': True, 'batch_size': 32, 'augmentation': False, 'zca_whitened': False, 'training_class': 'all', 'split': 'train', 'nb_epoch': 50, 'print_freq': 10, 'validation': False, 'continual_learning': True, 'old_dataset_size': 160}, 'dataset_unsup': {'name': 'STL10', 'noise_std': 0, 'channels': 3, 'width': 96, 'height': 96, 'validation_split': 0.2, 'training_sample': 5000, 'testing_sample': 10000, 'out_channels': 10, 'num_workers': 0, 'seed': 0, 'shuffle': True, 'batch_size': 32, 'augmentation': False, 'zca_whitened': False, 'training_class': 'all', 'split': 'train', 'nb_epoch': 1, 'print_freq': 1, 'validation': False, 'continual_learning': True, 'old_dataset_size': 160}, 'train_config': {'t0': {'blocks': [0], 'mode': 'unsupervised', 'lr': 0.08, 'nb_epoch': 1, 'batch_size': 32, 'print_freq': 1}, 't2': {'blocks': [1], 'mode': 'unsupervised', 'lr': 0.01, 'nb_epoch': 1, 'batch_size': 32, 'print_freq': 1}, 't4': {'blocks': [2], 'mode': 'unsupervised', 'lr': 0.01, 'nb_epoch': 1, 'batch_size': 32, 'print_freq': 1}, 't6': {'blocks': [3], 'mode': 'unsupervised', 'lr': 0.01, 'nb_epoch': 1, 'batch_size': 32, 'print_freq': 1}, 't8': {'blocks': [4], 'mode': 'unsupervised', 'lr': 0.01, 'nb_epoch': 1, 'batch_size': 32, 'print_freq': 1}, 't10': {'blocks': [5], 'mode': 'supervised', 'lr': 0.001, 'nb_epoch': 50, 'batch_size': 32, 'print_freq': 10}}}}
SEED:  0
block 0, size : 48 80 80
range = 2.886751345948129
block 1, size : 192 40 40
range = 1.2028130608117202
block 2, size : 768 20 20
range = 0.6014065304058601
block 3, size : 3072 10 10
range = 0.30070326520293006
block 4, size : 12288 5 5
range = 0.15035163260146503
range = 0.03125
The device used will be: 
True
cuda:0
CONFIG: {'arch': 'CNN', 'nb_train': None, 'lr': 0.08, 'adaptive': True, 'lr_sup': 0.001, 'speed': 7, 'lr_div': 96, 'lebesgue_p': 2, 'padding_mode': 'reflect', 'pre_triangle': False, 'ranking_param': 3, 'delta': 2, 't_invert': 1.1, 'groups': 1, 'stride': 1, 'dilation': 1, 'beta': 1, 'power': 4.5, 'padding': 2, 'weight_init': 'normal', 'weight_init_range': 2.886751345948129, 'weight_init_offset': 0, 'mask_thsd': 0, 'radius': 25, 'power_lr': 0.75, 'weight_decay': 0, 'soft_activation_fn': 'exp', 'hebbian': True, 'resume': None, 'add_bias': False, 'normalize_inp': False, 'lr_decay': 'linear', 'seed': 0, 'softness': 'softkrotov', 'out_channels': 48, 'kernel_size': 5, 'in_channels': 3, 'lr_scheduler': {'lr': 0.08, 'adaptive': True, 'nb_epochs': 1, 'ratio': 0.0010560777273207309, 'speed': 7, 'div': 96, 'decay': 'linear', 'power_lr': 0.75}}
CONFIG: {'arch': 'CNN', 'nb_train': None, 'lr': 0.01, 'adaptive': True, 'lr_sup': 0.001, 'speed': 7, 'lr_div': 96, 'lebesgue_p': 2, 'padding_mode': 'reflect', 'pre_triangle': False, 'ranking_param': 3, 'delta': 2, 't_invert': 0.7, 'groups': 1, 'stride': 1, 'dilation': 1, 'beta': 1, 'power': 4.5, 'padding': 1, 'weight_init': 'normal', 'weight_init_range': 1.2028130608117202, 'weight_init_offset': 0, 'mask_thsd': 0, 'radius': 25, 'power_lr': 0.75, 'weight_decay': 0, 'soft_activation_fn': 'exp', 'hebbian': True, 'resume': None, 'add_bias': False, 'normalize_inp': False, 'lr_decay': 'linear', 'seed': 0, 'softness': 'softkrotov', 'out_channels': 192, 'kernel_size': 3, 'in_channels': 48, 'lr_scheduler': {'lr': 0.01, 'adaptive': True, 'nb_epochs': 1, 'ratio': 0.0010560777273207309, 'speed': 7, 'div': 96, 'decay': 'linear', 'power_lr': 0.75}}
CONFIG: {'arch': 'CNN', 'nb_train': None, 'lr': 0.01, 'adaptive': True, 'lr_sup': 0.001, 'speed': 7, 'lr_div': 96, 'lebesgue_p': 2, 'padding_mode': 'reflect', 'pre_triangle': False, 'ranking_param': 3, 'delta': 2, 't_invert': 0.5, 'groups': 1, 'stride': 1, 'dilation': 1, 'beta': 1, 'power': 4.5, 'padding': 1, 'weight_init': 'normal', 'weight_init_range': 0.6014065304058601, 'weight_init_offset': 0, 'mask_thsd': 0, 'radius': 25, 'power_lr': 0.75, 'weight_decay': 0, 'soft_activation_fn': 'exp', 'hebbian': True, 'resume': None, 'add_bias': False, 'normalize_inp': False, 'lr_decay': 'linear', 'seed': 0, 'softness': 'softkrotov', 'out_channels': 768, 'kernel_size': 3, 'in_channels': 192, 'lr_scheduler': {'lr': 0.01, 'adaptive': True, 'nb_epochs': 1, 'ratio': 0.0010560777273207309, 'speed': 7, 'div': 96, 'decay': 'linear', 'power_lr': 0.75}}
CONFIG: {'arch': 'CNN', 'nb_train': None, 'lr': 0.01, 'adaptive': True, 'lr_sup': 0.001, 'speed': 7, 'lr_div': 96, 'lebesgue_p': 2, 'padding_mode': 'reflect', 'pre_triangle': False, 'ranking_param': 3, 'delta': 2, 't_invert': 0.4, 'groups': 1, 'stride': 1, 'dilation': 1, 'beta': 1, 'power': 4.5, 'padding': 1, 'weight_init': 'normal', 'weight_init_range': 0.30070326520293006, 'weight_init_offset': 0, 'mask_thsd': 0, 'radius': 25, 'power_lr': 0.75, 'weight_decay': 0, 'soft_activation_fn': 'exp', 'hebbian': True, 'resume': None, 'add_bias': False, 'normalize_inp': False, 'lr_decay': 'linear', 'seed': 0, 'softness': 'softkrotov', 'out_channels': 3072, 'kernel_size': 3, 'in_channels': 768, 'lr_scheduler': {'lr': 0.01, 'adaptive': True, 'nb_epochs': 1, 'ratio': 0.0010560777273207309, 'speed': 7, 'div': 96, 'decay': 'linear', 'power_lr': 0.75}}
CONFIG: {'arch': 'CNN', 'nb_train': None, 'lr': 0.01, 'adaptive': True, 'lr_sup': 0.001, 'speed': 7, 'lr_div': 96, 'lebesgue_p': 2, 'padding_mode': 'reflect', 'pre_triangle': False, 'ranking_param': 3, 'delta': 2, 't_invert': 0.25, 'groups': 1, 'stride': 1, 'dilation': 1, 'beta': 1, 'power': 4.5, 'padding': 1, 'weight_init': 'normal', 'weight_init_range': 0.15035163260146503, 'weight_init_offset': 0, 'mask_thsd': 0, 'radius': 25, 'power_lr': 0.75, 'weight_decay': 0, 'soft_activation_fn': 'exp', 'hebbian': True, 'resume': None, 'add_bias': False, 'normalize_inp': False, 'lr_decay': 'linear', 'seed': 0, 'softness': 'softkrotov', 'out_channels': 12288, 'kernel_size': 3, 'in_channels': 3072, 'lr_scheduler': {'lr': 0.01, 'adaptive': True, 'nb_epochs': 1, 'ratio': 0.0010560777273207309, 'speed': 7, 'div': 96, 'decay': 'linear', 'power_lr': 0.75}}
CONFIG: {'arch': 'MLP', 'lr': 0.05, 'adaptive': True, 'lr_sup': 0.001, 'speed': 0.4, 'lr_div': 100, 'lebesgue_p': 2, 't_invert': 10, 'beta': 0.01, 'power': 4.5, 'ranking_param': 3, 'delta': 0.1, 'hebbian': False, 'add_bias': False, 'normalize_inp': False, 'lr_decay': 'linear', 'seed': 0, 'lr_bias': 600, 'softness': 'soft', 'soft_activation_fn': 'exp', 'plasticity': 'SoftHebb', 'metric_mode': 'unsupervised', 'weight_init': 'positive', 'weight_init_range': 0.03125, 'weight_init_offset': 0, 'weight_decay': 0, 'radius': 10, 'power_lr': 0.2, 'out_channels': 10, 'in_channels': 307200, 'old_channels': 12288, 'lr_scheduler': {'decay': 'cste', 'lr': 0.1}}

 Model IMG_STL10_CL loaded successfuly with best perf



 ----- Architecture Block BatchNorm2dSK3482(5, 5)1.100000023841858reflect, number 0 -----
- BatchNorm2d(3, eps=1e-05, momentum=0.1, affine=False, track_running_stats=True)
- HebbSoftKrotovConv2d(3, 48, lebesgue_p=2, pruning=0, kernel_size=(5, 5), bias=False, padding_mode=reflect, t_invert=1.100000023841858, bias=False, lr_bias=0.0909, ranking_param=3, delta=2, activation=exp)
- Triangle(power=0.7)
- MaxPool2d(kernel_size=4, stride=2, padding=1, dilation=1, ceil_mode=False)

 ----- Architecture Block BatchNorm2dSK481922(3, 3)0.699999988079071reflect, number 1 -----
- BatchNorm2d(48, eps=1e-05, momentum=0.1, affine=False, track_running_stats=True)
- HebbSoftKrotovConv2d(48, 192, lebesgue_p=2, pruning=0, kernel_size=(3, 3), bias=False, padding_mode=reflect, t_invert=0.699999988079071, bias=False, lr_bias=0.1429, ranking_param=3, delta=2, activation=exp)
- Triangle(power=0.7)
- MaxPool2d(kernel_size=4, stride=2, padding=1, dilation=1, ceil_mode=False)

 ----- Architecture Block BatchNorm2dSK1927682(3, 3)0.5reflect, number 2 -----
- BatchNorm2d(192, eps=1e-05, momentum=0.1, affine=False, track_running_stats=True)
- HebbSoftKrotovConv2d(192, 768, lebesgue_p=2, pruning=0, kernel_size=(3, 3), bias=False, padding_mode=reflect, t_invert=0.5, bias=False, lr_bias=0.2, ranking_param=3, delta=2, activation=exp)
- Triangle(power=0.7)
- MaxPool2d(kernel_size=4, stride=2, padding=1, dilation=1, ceil_mode=False)

 ----- Architecture Block BatchNorm2dSK76830722(3, 3)0.4000000059604645reflect, number 3 -----
- BatchNorm2d(768, eps=1e-05, momentum=0.1, affine=False, track_running_stats=True)
- HebbSoftKrotovConv2d(768, 3072, lebesgue_p=2, pruning=0, kernel_size=(3, 3), bias=False, padding_mode=reflect, t_invert=0.4000000059604645, bias=False, lr_bias=0.25, ranking_param=3, delta=2, activation=exp)
- Triangle(power=1.4)
- MaxPool2d(kernel_size=4, stride=2, padding=1, dilation=1, ceil_mode=False)

 ----- Architecture Block BatchNorm2dSK3072122882(3, 3)0.25reflect, number 4 -----
- BatchNorm2d(3072, eps=1e-05, momentum=0.1, affine=False, track_running_stats=True)
- HebbSoftKrotovConv2d(3072, 12288, lebesgue_p=2, pruning=0, kernel_size=(3, 3), bias=False, padding_mode=reflect, t_invert=0.25, bias=False, lr_bias=0.4, ranking_param=3, delta=2, activation=exp)
- Triangle(power=1.0)
- AvgPool2d(kernel_size=2, stride=2, padding=0)

 ----- Architecture Block FlattenDropout(p=0.5, inplace=False)Linear(in_, number 5 -----
- Flatten(start_dim=1, end_dim=-1)
- Dropout(p=0.5, inplace=False)
- Linear(in_features=307200, out_features=10, bias=True)
SEED:  0
BEFORE RESIZING
AFTER RESIZING
INDICES:  9469
IMAGE SIZE: torch.Size([32, 3, 160, 160])
Accuracy of the network on the 1st dataset: 13.427 %
Test loss on the 1st dataset: 483.084

