BLOCKS:  {'b0': {'arch': 'CNN', 'preset': 'softkrotov-c96-k5-p2-s1-d1-b0-t1-lr0.08-lp0.5-e0', 'operation': 'batchnorm2d', 'num': 0, 'batch_norm': False, 'pool': {'type': 'max', 'kernel_size': 4, 'stride': 2, 'padding': 1}, 'activation': {'function': 'triangle', 'param': 0.7}, 'resume': None, 'layer': {'arch': 'CNN', 'nb_train': None, 'lr': 0.08, 'adaptive': True, 'lr_sup': 0.001, 'speed': 7, 'lr_div': 96, 'lebesgue_p': 2, 'padding_mode': 'reflect', 'pre_triangle': False, 'ranking_param': 3, 'delta': 2, 't_invert': 1.0, 'groups': 1, 'stride': 1, 'dilation': 1, 'beta': 1, 'power': 4.5, 'padding': 2, 'weight_init': 'positive', 'weight_init_range': 2, 'weight_init_offset': 0, 'mask_thsd': 0, 'radius': 25, 'power_lr': 0.5, 'weight_decay': 0, 'soft_activation_fn': 'exp', 'hebbian': True, 'resume': None, 'add_bias': False, 'normalize_inp': False, 'lr_decay': 'linear', 'seed': 0, 'softness': 'softkrotov', 'out_channels': 96, 'kernel_size': 5}}, 'b1': {'arch': 'CNN', 'preset': 'softkrotov-c384-k3-p1-s1-d1-b0-t0.65-lr0.005-lp0.5-e0', 'operation': 'batchnorm2d', 'num': 1, 'batch_norm': False, 'pool': {'type': 'max', 'kernel_size': 4, 'stride': 2, 'padding': 1}, 'activation': {'function': 'triangle', 'param': 1.4}, 'resume': None, 'layer': {'arch': 'CNN', 'nb_train': None, 'lr': 0.005, 'adaptive': True, 'lr_sup': 0.001, 'speed': 7, 'lr_div': 96, 'lebesgue_p': 2, 'padding_mode': 'reflect', 'pre_triangle': False, 'ranking_param': 3, 'delta': 2, 't_invert': 0.65, 'groups': 1, 'stride': 1, 'dilation': 1, 'beta': 1, 'power': 4.5, 'padding': 1, 'weight_init': 'positive', 'weight_init_range': 2, 'weight_init_offset': 0, 'mask_thsd': 0, 'radius': 25, 'power_lr': 0.5, 'weight_decay': 0, 'soft_activation_fn': 'exp', 'hebbian': True, 'resume': None, 'add_bias': False, 'normalize_inp': False, 'lr_decay': 'linear', 'seed': 0, 'softness': 'softkrotov', 'out_channels': 384, 'kernel_size': 3}}, 'b2': {'arch': 'CNN', 'preset': 'softkrotov-c1536-k3-p1-s1-d1-b0-t0.25-lr0.01-lp0.5-e0', 'operation': 'batchnorm2d', 'num': 2, 'batch_norm': False, 'pool': {'type': 'avg', 'kernel_size': 2, 'stride': 2, 'padding': 0}, 'activation': {'function': 'triangle', 'param': 1.0}, 'resume': None, 'layer': {'arch': 'CNN', 'nb_train': None, 'lr': 0.01, 'adaptive': True, 'lr_sup': 0.001, 'speed': 7, 'lr_div': 96, 'lebesgue_p': 2, 'padding_mode': 'reflect', 'pre_triangle': False, 'ranking_param': 3, 'delta': 2, 't_invert': 0.25, 'groups': 1, 'stride': 1, 'dilation': 1, 'beta': 1, 'power': 4.5, 'padding': 1, 'weight_init': 'positive', 'weight_init_range': 2, 'weight_init_offset': 0, 'mask_thsd': 0, 'radius': 25, 'power_lr': 0.5, 'weight_decay': 0, 'soft_activation_fn': 'exp', 'hebbian': True, 'resume': None, 'add_bias': False, 'normalize_inp': False, 'lr_decay': 'linear', 'seed': 0, 'softness': 'softkrotov', 'out_channels': 1536, 'kernel_size': 3}}, 'b3': {'arch': 'MLP', 'preset': 'BP-c10', 'operation': 'flatten', 'num': 3, 'att_dropout': None, 'dropout': 0.5, 'layer': {'arch': 'MLP', 'lr': 0.05, 'adaptive': True, 'lr_sup': 0.001, 'speed': 0.4, 'lr_div': 100, 'lebesgue_p': 2, 't_invert': 10, 'beta': 0.01, 'power': 4.5, 'ranking_param': 3, 'delta': 0.1, 'hebbian': False, 'add_bias': False, 'normalize_inp': False, 'lr_decay': 'linear', 'seed': 0, 'lr_bias': 600, 'softness': 'soft', 'soft_activation_fn': 'exp', 'plasticity': 'SoftHebb', 'metric_mode': 'unsupervised', 'weight_init': 'positive', 'weight_init_range': 0.25, 'weight_init_offset': 0, 'weight_decay': 0, 'radius': 10, 'power_lr': 0.2, 'out_channels': 10}, 'pool': None, 'activation': None}}
CL:  True
{'name': 'CIFAR10', 'noise_std': 0, 'channels': 3, 'width': 32, 'height': 32, 'validation_split': 0.2, 'training_sample': 50000, 'testing_sample': 10000, 'out_channels': 10, 'num_workers': 0, 'seed': 0, 'shuffle': True, 'batch_size': 64, 'augmentation': False, 'zca_whitened': False, 'training_class': 'all', 'split': 'train', 'nb_epoch': 50, 'print_freq': 10, 'validation': False, 'continual_learning': True}
CL:  False
{'name': 'CIFAR10', 'noise_std': 0, 'channels': 3, 'width': 32, 'height': 32, 'validation_split': 0.2, 'training_sample': 50000, 'testing_sample': 10000, 'out_channels': 10, 'num_workers': 0, 'seed': 0, 'shuffle': True, 'batch_size': 64, 'augmentation': False, 'zca_whitened': False, 'training_class': 'all', 'split': 'train', 'nb_epoch': 50, 'print_freq': 10, 'validation': False, 'continual_learning': False}
CL:  False
{'name': 'CIFAR10', 'noise_std': 0, 'channels': 3, 'width': 32, 'height': 32, 'validation_split': 0.2, 'training_sample': 50000, 'testing_sample': 10000, 'out_channels': 10, 'num_workers': 0, 'seed': 0, 'shuffle': True, 'batch_size': 10, 'augmentation': False, 'zca_whitened': False, 'training_class': 'all', 'split': 'train', 'nb_epoch': 1, 'print_freq': 10, 'validation': False, 'continual_learning': False}
SEED:  0
block 0, size : 96 16 16
range = 2.886751345948129
block 1, size : 384 8 8
range = 0.8505172717997146
block 2, size : 1536 4 4
range = 0.4252586358998573
range = 0.11048543456039805
The device used will be: 
True
cuda:0
CONFIG: {'arch': 'CNN', 'nb_train': None, 'lr': 0.08, 'adaptive': True, 'lr_sup': 0.001, 'speed': 7, 'lr_div': 96, 'lebesgue_p': 2, 'padding_mode': 'reflect', 'pre_triangle': False, 'ranking_param': 3, 'delta': 2, 't_invert': 1.0, 'groups': 1, 'stride': 1, 'dilation': 1, 'beta': 1, 'power': 4.5, 'padding': 2, 'weight_init': 'normal', 'weight_init_range': 2.886751345948129, 'weight_init_offset': 0, 'mask_thsd': 0, 'radius': 25, 'power_lr': 0.5, 'weight_decay': 0, 'soft_activation_fn': 'exp', 'hebbian': True, 'resume': None, 'add_bias': False, 'normalize_inp': False, 'lr_decay': 'linear', 'seed': 0, 'softness': 'softkrotov', 'out_channels': 96, 'kernel_size': 5, 'in_channels': 3, 'lr_scheduler': {'lr': 0.08, 'adaptive': True, 'nb_epochs': 1, 'ratio': 0.0002, 'speed': 7, 'div': 96, 'decay': 'linear', 'power_lr': 0.5}}
CONFIG: {'arch': 'CNN', 'nb_train': None, 'lr': 0.005, 'adaptive': True, 'lr_sup': 0.001, 'speed': 7, 'lr_div': 96, 'lebesgue_p': 2, 'padding_mode': 'reflect', 'pre_triangle': False, 'ranking_param': 3, 'delta': 2, 't_invert': 0.65, 'groups': 1, 'stride': 1, 'dilation': 1, 'beta': 1, 'power': 4.5, 'padding': 1, 'weight_init': 'normal', 'weight_init_range': 0.8505172717997146, 'weight_init_offset': 0, 'mask_thsd': 0, 'radius': 25, 'power_lr': 0.5, 'weight_decay': 0, 'soft_activation_fn': 'exp', 'hebbian': True, 'resume': None, 'add_bias': False, 'normalize_inp': False, 'lr_decay': 'linear', 'seed': 0, 'softness': 'softkrotov', 'out_channels': 384, 'kernel_size': 3, 'in_channels': 96, 'lr_scheduler': {'lr': 0.005, 'adaptive': True, 'nb_epochs': 1, 'ratio': 0.0002, 'speed': 7, 'div': 96, 'decay': 'linear', 'power_lr': 0.5}}
CONFIG: {'arch': 'CNN', 'nb_train': None, 'lr': 0.01, 'adaptive': True, 'lr_sup': 0.001, 'speed': 7, 'lr_div': 96, 'lebesgue_p': 2, 'padding_mode': 'reflect', 'pre_triangle': False, 'ranking_param': 3, 'delta': 2, 't_invert': 0.25, 'groups': 1, 'stride': 1, 'dilation': 1, 'beta': 1, 'power': 4.5, 'padding': 1, 'weight_init': 'normal', 'weight_init_range': 0.4252586358998573, 'weight_init_offset': 0, 'mask_thsd': 0, 'radius': 25, 'power_lr': 0.5, 'weight_decay': 0, 'soft_activation_fn': 'exp', 'hebbian': True, 'resume': None, 'add_bias': False, 'normalize_inp': False, 'lr_decay': 'linear', 'seed': 0, 'softness': 'softkrotov', 'out_channels': 1536, 'kernel_size': 3, 'in_channels': 384, 'lr_scheduler': {'lr': 0.01, 'adaptive': True, 'nb_epochs': 1, 'ratio': 0.0002, 'speed': 7, 'div': 96, 'decay': 'linear', 'power_lr': 0.5}}
CONFIG: {'arch': 'MLP', 'lr': 0.05, 'adaptive': True, 'lr_sup': 0.001, 'speed': 0.4, 'lr_div': 100, 'lebesgue_p': 2, 't_invert': 10, 'beta': 0.01, 'power': 4.5, 'ranking_param': 3, 'delta': 0.1, 'hebbian': False, 'add_bias': False, 'normalize_inp': False, 'lr_decay': 'linear', 'seed': 0, 'lr_bias': 600, 'softness': 'soft', 'soft_activation_fn': 'exp', 'plasticity': 'SoftHebb', 'metric_mode': 'unsupervised', 'weight_init': 'positive', 'weight_init_range': 0.11048543456039805, 'weight_init_offset': 0, 'weight_decay': 0, 'radius': 10, 'power_lr': 0.2, 'out_channels': 10, 'in_channels': 24576, 'old_channels': 1536, 'lr_scheduler': {'decay': 'cste', 'lr': 0.1}}

 Model CIFAR10_CIFAR100_CL loaded successfuly with best perf



 ----- Architecture Block BatchNorm2dSK3962(5, 5)1.0reflect, number 0 -----
- BatchNorm2d(3, eps=1e-05, momentum=0.1, affine=False, track_running_stats=True)
- HebbSoftKrotovConv2d(3, 96, lebesgue_p=2, pruning=0, kernel_size=(5, 5), bias=False, padding_mode=reflect, t_invert=1.0, bias=False, lr_bias=0.1, ranking_param=3, delta=2, activation=exp)
- Triangle(power=0.7)
- MaxPool2d(kernel_size=4, stride=2, padding=1, dilation=1, ceil_mode=False)

 ----- Architecture Block BatchNorm2dSK963842(3, 3)0.6499999761581421reflect, number 1 -----
- BatchNorm2d(96, eps=1e-05, momentum=0.1, affine=False, track_running_stats=True)
- HebbSoftKrotovConv2d(96, 384, lebesgue_p=2, pruning=0, kernel_size=(3, 3), bias=False, padding_mode=reflect, t_invert=0.6499999761581421, bias=False, lr_bias=0.1538, ranking_param=3, delta=2, activation=exp)
- Triangle(power=1.4)
- MaxPool2d(kernel_size=4, stride=2, padding=1, dilation=1, ceil_mode=False)

 ----- Architecture Block BatchNorm2dSK38415362(3, 3)0.25reflect, number 2 -----
- BatchNorm2d(384, eps=1e-05, momentum=0.1, affine=False, track_running_stats=True)
- HebbSoftKrotovConv2d(384, 1536, lebesgue_p=2, pruning=0, kernel_size=(3, 3), bias=False, padding_mode=reflect, t_invert=0.25, bias=False, lr_bias=0.4, ranking_param=3, delta=2, activation=exp)
- Triangle(power=1.0)
- AvgPool2d(kernel_size=2, stride=2, padding=0)

 ----- Architecture Block FlattenDropout(p=0.5, inplace=False)Linear(in_, number 3 -----
- Flatten(start_dim=1, end_dim=-1)
- Dropout(p=0.5, inplace=False)
- Linear(in_features=24576, out_features=10, bias=True)

 ********** Hebbian Unsupervised learning of blocks [0] **********
SEED:  0
BEFORE RESIZING
Files already downloaded and verified
AFTER RESIZING
Files already downloaded and verified
INDICES:  50000
IMAGE SIZE: torch.Size([10, 3, 32, 32])
SAVING FOLDER FOR UNSUP:  CIFAR10_CIFAR100_CL
INSIDE EVALUATE UNSUP
INSIDE EVALUATE UNSUP RETURNED 0,0
Epoch: [1/1]	lr: 1.53e-01	time: 00:00:18	Acc_train 0.00	Acc_test 0.00	convergence: 2.40e+01	R1: 0	Info MB:0.000e+00/SB:0.000e+00/MW:1.493e-02/SW:6.274e-01/MR:5.106e+00/SR:1.871e+00/MeD:1.413e+00/MaD:4.106e+00/MW:0.608/MAW:0.392
|       0 |       1 |          2 |       3 |       4 |        5 |       6 |       7 |         8 |       9 |         10 |     11 |      12 |      13 |      14 |      15 |      16 |     17 |      18 |      19 |      20 |      21 |      22 |      23 |         24 |      25 |      26 |     27 |      28 |      29 |
|---------+---------+------------+---------+---------+----------+---------+---------+-----------+---------+------------+--------+---------+---------+---------+---------+---------+--------+---------+---------+---------+---------+---------+---------+------------+---------+---------+--------+---------+---------|
|   0.216 |   0.179 |   4.78e-05 |   0.186 |   0.202 |   0.0884 |   0.138 |   0.191 |   0.00131 |   0.206 |   0.000185 |   0.17 |   0.164 |   0.156 |   0.155 |   0.163 |   0.189 |   0.2  |   0.184 |   0.162 |   0.151 |   0.204 |   0.145 |   0.174 |   0.000219 |   0.152 |   0.119 |   0.12 |   0.177 |   0.189 |
|   8.26  |   6.01  |   1        |   6.43  |   7.37  |   2.22   |   3.99  |   6.72  |   1       |   7.64  |   1        |   5.5  |   5.18  |   4.81  |   4.74  |   5.15  |   6.57  |   7.23 |   6.28  |   5.1   |   4.56  |   7.51  |   4.29  |   5.74  |   1        |   4.63  |   3.23  |   3.23 |   5.88  |   6.6   |
|   0.39  |   0.52  |  21.02     |   0.48  |   0.49  |   0.53   |   0.45  |   0.34  |   1.65    |   0.35  |   2.54     |   0.32 |   0.34  |   0.31  |   0.31  |   0.5   |   0.52  |   0.5  |   0.5   |   0.49  |   0.35  |   0.52  |   0.49  |   0.48  |   1.86     |   0.49  |   0.28  |   0.45 |   0.51  |   0.49  |
| nan     | nan     | nan        | nan     | nan     | nan      | nan     | nan     | nan       | nan     | nan        | nan    | nan     | nan     | nan     | nan     | nan     | nan    | nan     | nan     | nan     | nan     | nan     | nan     | nan        | nan     | nan     | nan    | nan     | nan     |
| nan     | nan     | nan        | nan     | nan     | nan      | nan     | nan     | nan       | nan     | nan        | nan    | nan     | nan     | nan     | nan     | nan     | nan    | nan     | nan     | nan     | nan     | nan     | nan     | nan        | nan     | nan     | nan    | nan     | nan     |
| nan     | nan     | nan        | nan     | nan     | nan      | nan     | nan     | nan       | nan     | nan        | nan    | nan     | nan     | nan     | nan     | nan     | nan    | nan     | nan     | nan     | nan     | nan     | nan     | nan        | nan     | nan     | nan    | nan     | nan     |

STORING PATH IS NONEEEEEE
SAVING THE MODEL
/g100_work/EIRI_E_POLIMI/rcasciot/neuromodAI/SoftHebb-main/Training/results/hebb/result/network/CIFAR10_CIFAR100_CL/models

 ********** Hebbian Unsupervised learning of blocks [1] **********
SEED:  0
BEFORE RESIZING
Files already downloaded and verified
AFTER RESIZING
Files already downloaded and verified
INDICES:  50000
IMAGE SIZE: torch.Size([10, 3, 32, 32])
SAVING FOLDER FOR UNSUP:  CIFAR10_CIFAR100_CL
INSIDE EVALUATE UNSUP
INSIDE EVALUATE UNSUP RETURNED 0,0
Epoch: [1/1]	lr: 1.53e-01	time: 00:00:35	Acc_train 0.00	Acc_test 0.00	convergence: 2.40e+01	R1: 0	Info MB:0.000e+00/SB:0.000e+00/MW:5.125e-03/SW:1.291e-01/MR:3.571e+00/SR:1.295e+00/MeD:1.015e+00/MaD:4.426e+00/MW:0.614/MAW:0.386
|         0 |         1 |        2 |         3 |         4 |         5 |         6 |          7 |        8 |         9 |        10 |        11 |       12 |        13 |        14 |        15 |       16 |        17 |        18 |        19 |        20 |        21 |        22 |        23 |        24 |        25 |        26 |        27 |        28 |       29 |
|-----------+-----------+----------+-----------+-----------+-----------+-----------+------------+----------+-----------+-----------+-----------+----------+-----------+-----------+-----------+----------+-----------+-----------+-----------+-----------+-----------+-----------+-----------+-----------+-----------+-----------+-----------+-----------+----------|
|   0.00842 |   0.00544 |   0.0094 |   0.00857 |   0.00919 |   0.00756 |   0.00823 |   0.000265 |   0.0043 |   0.00846 |   0.00766 |   0.00942 |   0.0104 |   0.00993 |   0.00873 |   0.00331 |   0.0055 |   0.00853 |   0.00863 |   0.00831 |   0.00949 |   0.00843 |   0.00103 |   0.00804 |   0.00803 |   0.00939 |   0.00812 |   0.00873 |   0.00998 |   0.0115 |
|   3.84    |   2.18    |   4.53   |   3.94    |   4.38    |   3.28    |   3.71    |   1        |   1.74   |   3.86    |   3.35    |   4.55    |   5.32   |   4.94    |   4.05    |   1.44    |   2.21   |   3.91    |   3.98    |   3.76    |   4.6     |   3.84    |   1.04    |   3.58    |   3.58    |   4.53    |   3.64    |   4.05    |   4.99    |   6.26   |
|   0.16    |   0.06    |   0.11   |   0.11    |   0.16    |   0.11    |   0.17    |   0.72     |   0.06   |   0.1     |   0.12    |   0.15    |   0.16   |   0.15    |   0.1     |   0.07    |   0.04   |   0.12    |   0.12    |   0.12    |   0.16    |   0.17    |   0.19    |   0.11    |   0.11    |   0.16    |   0.13    |   0.19    |   0.13    |   0.18   |
| nan       | nan       | nan      | nan       | nan       | nan       | nan       | nan        | nan      | nan       | nan       | nan       | nan      | nan       | nan       | nan       | nan      | nan       | nan       | nan       | nan       | nan       | nan       | nan       | nan       | nan       | nan       | nan       | nan       | nan      |
| nan       | nan       | nan      | nan       | nan       | nan       | nan       | nan        | nan      | nan       | nan       | nan       | nan      | nan       | nan       | nan       | nan      | nan       | nan       | nan       | nan       | nan       | nan       | nan       | nan       | nan       | nan       | nan       | nan       | nan      |
| nan       | nan       | nan      | nan       | nan       | nan       | nan       | nan        | nan      | nan       | nan       | nan       | nan      | nan       | nan       | nan       | nan      | nan       | nan       | nan       | nan       | nan       | nan       | nan       | nan       | nan       | nan       | nan       | nan       | nan      |

STORING PATH IS NONEEEEEE
SAVING THE MODEL
/g100_work/EIRI_E_POLIMI/rcasciot/neuromodAI/SoftHebb-main/Training/results/hebb/result/network/CIFAR10_CIFAR100_CL/models

 ********** Hebbian Unsupervised learning of blocks [2] **********
SEED:  0
BEFORE RESIZING
Files already downloaded and verified
AFTER RESIZING
Files already downloaded and verified
INDICES:  50000
IMAGE SIZE: torch.Size([10, 3, 32, 32])
SAVING FOLDER FOR UNSUP:  CIFAR10_CIFAR100_CL
INSIDE EVALUATE UNSUP
INSIDE EVALUATE UNSUP RETURNED 0,0
Epoch: [1/1]	lr: 3.80e-02	time: 00:00:58	Acc_train 0.00	Acc_test 0.00	convergence: 1.45e+01	R1: 1	Info MB:0.000e+00/SB:0.000e+00/MW:1.729e-02/SW:2.655e-01/MR:1.553e+01/SR:1.885e+00/MeD:1.496e+00/MaD:1.453e+01/MW:0.455/MAW:0.545
|        0 |        1 |        2 |        3 |        4 |        5 |        6 |        7 |        8 |      9 |       10 |       11 |       12 |       13 |       14 |       15 |       16 |       17 |      18 |       19 |       20 |       21 |       22 |       23 |       24 |      25 |       26 |       27 |       28 |       29 |
|----------+----------+----------+----------+----------+----------+----------+----------+----------+--------+----------+----------+----------+----------+----------+----------+----------+----------+---------+----------+----------+----------+----------+----------+----------+---------+----------+----------+----------+----------|
|   0.0419 |   0.0381 |   0.0395 |   0.0424 |   0.0417 |   0.0392 |   0.0314 |   0.0378 |   0.0324 |   0.04 |   0.0335 |   0.0338 |   0.0364 |   0.0353 |   0.0379 |   0.0347 |   0.0394 |   0.0411 |   0.039 |   0.0351 |   0.0401 |   0.0409 |   0.0346 |   0.0374 |   0.0405 |   0.036 |   0.0399 |   0.0397 |   0.0406 |   0.0387 |
|  18.54   |  15.5    |  16.59   |  19      |  18.39   |  16.34   |  10.85   |  15.33   |  11.48   |  17.03 |  12.24   |  12.42   |  14.25   |  13.49   |  15.35   |  13.07   |  16.54   |  17.86   |  16.17  |  13.29   |  17.08   |  17.73   |  12.97   |  15.02   |  17.42   |  13.95  |  16.95   |  16.73   |  17.49   |  15.96   |
|   0.08   |   0.06   |   0.08   |   0.06   |   0.06   |   0.07   |   0.03   |   0.05   |   0.05   |   0.06 |   0.04   |   0.03   |   0.05   |   0.05   |   0.04   |   0.04   |   0.08   |   0.06   |   0.07  |   0.03   |   0.1    |   0.06   |   0.08   |   0.09   |   0.07   |   0.06  |   0.06   |   0.06   |   0.06   |   0.04   |
| nan      | nan      | nan      | nan      | nan      | nan      | nan      | nan      | nan      | nan    | nan      | nan      | nan      | nan      | nan      | nan      | nan      | nan      | nan     | nan      | nan      | nan      | nan      | nan      | nan      | nan     | nan      | nan      | nan      | nan      |
| nan      | nan      | nan      | nan      | nan      | nan      | nan      | nan      | nan      | nan    | nan      | nan      | nan      | nan      | nan      | nan      | nan      | nan      | nan     | nan      | nan      | nan      | nan      | nan      | nan      | nan     | nan      | nan      | nan      | nan      |
| nan      | nan      | nan      | nan      | nan      | nan      | nan      | nan      | nan      | nan    | nan      | nan      | nan      | nan      | nan      | nan      | nan      | nan      | nan     | nan      | nan      | nan      | nan      | nan      | nan      | nan     | nan      | nan      | nan      | nan      |

STORING PATH IS NONEEEEEE
SAVING THE MODEL
/g100_work/EIRI_E_POLIMI/rcasciot/neuromodAI/SoftHebb-main/Training/results/hebb/result/network/CIFAR10_CIFAR100_CL/models
SEED:  0
BEFORE RESIZING
Files already downloaded and verified
AFTER RESIZING
Files already downloaded and verified
INDICES:  50000
IMAGE SIZE: torch.Size([64, 3, 32, 32])
Accuracy of the network on the 1st dataset: 68.680 %
Test loss on the 1st dataset: 0.023
CL:  True
{'name': 'CIFAR100', 'noise_std': 0, 'channels': 3, 'width': 32, 'height': 32, 'validation_split': 0.2, 'training_sample': 50000, 'testing_sample': 10000, 'out_channels': 100, 'num_workers': 0, 'seed': 0, 'shuffle': True, 'batch_size': 64, 'augmentation': False, 'zca_whitened': False, 'training_class': 'all', 'split': 'train', 'nb_epoch': 50, 'print_freq': 10, 'validation': False, 'continual_learning': True}
CL:  True
{'name': 'CIFAR100', 'noise_std': 0, 'channels': 3, 'width': 32, 'height': 32, 'validation_split': 0.2, 'training_sample': 50000, 'testing_sample': 10000, 'out_channels': 100, 'num_workers': 0, 'seed': 0, 'shuffle': True, 'batch_size': 10, 'augmentation': False, 'zca_whitened': False, 'training_class': 'all', 'split': 'train', 'nb_epoch': 1, 'print_freq': 50, 'validation': False, 'continual_learning': True}
SEED:  0
block 0, size : 96 16 16
range = 2.886751345948129
block 1, size : 384 8 8
range = 0.8505172717997146
block 2, size : 1536 4 4
range = 0.4252586358998573
range = 0.11048543456039805
The device used will be: 
True
cuda:0
CONFIG: {'arch': 'CNN', 'nb_train': None, 'lr': 0.08, 'adaptive': True, 'lr_sup': 0.001, 'speed': 7, 'lr_div': 96, 'lebesgue_p': 2, 'padding_mode': 'reflect', 'pre_triangle': False, 'ranking_param': 3, 'delta': 2, 't_invert': 1.0, 'groups': 1, 'stride': 1, 'dilation': 1, 'beta': 1, 'power': 4.5, 'padding': 2, 'weight_init': 'normal', 'weight_init_range': 2.886751345948129, 'weight_init_offset': 0, 'mask_thsd': 0, 'radius': 25, 'power_lr': 0.5, 'weight_decay': 0, 'soft_activation_fn': 'exp', 'hebbian': True, 'resume': None, 'add_bias': False, 'normalize_inp': False, 'lr_decay': 'linear', 'seed': 0, 'softness': 'softkrotov', 'out_channels': 96, 'kernel_size': 5, 'in_channels': 3, 'lr_scheduler': {'lr': 0.08, 'adaptive': True, 'nb_epochs': 1, 'ratio': 0.0002, 'speed': 7, 'div': 96, 'decay': 'linear', 'power_lr': 0.5}}
CONFIG: {'arch': 'CNN', 'nb_train': None, 'lr': 0.005, 'adaptive': True, 'lr_sup': 0.001, 'speed': 7, 'lr_div': 96, 'lebesgue_p': 2, 'padding_mode': 'reflect', 'pre_triangle': False, 'ranking_param': 3, 'delta': 2, 't_invert': 0.65, 'groups': 1, 'stride': 1, 'dilation': 1, 'beta': 1, 'power': 4.5, 'padding': 1, 'weight_init': 'normal', 'weight_init_range': 0.8505172717997146, 'weight_init_offset': 0, 'mask_thsd': 0, 'radius': 25, 'power_lr': 0.5, 'weight_decay': 0, 'soft_activation_fn': 'exp', 'hebbian': True, 'resume': None, 'add_bias': False, 'normalize_inp': False, 'lr_decay': 'linear', 'seed': 0, 'softness': 'softkrotov', 'out_channels': 384, 'kernel_size': 3, 'in_channels': 96, 'lr_scheduler': {'lr': 0.005, 'adaptive': True, 'nb_epochs': 1, 'ratio': 0.0002, 'speed': 7, 'div': 96, 'decay': 'linear', 'power_lr': 0.5}}
CONFIG: {'arch': 'CNN', 'nb_train': None, 'lr': 0.01, 'adaptive': True, 'lr_sup': 0.001, 'speed': 7, 'lr_div': 96, 'lebesgue_p': 2, 'padding_mode': 'reflect', 'pre_triangle': False, 'ranking_param': 3, 'delta': 2, 't_invert': 0.25, 'groups': 1, 'stride': 1, 'dilation': 1, 'beta': 1, 'power': 4.5, 'padding': 1, 'weight_init': 'normal', 'weight_init_range': 0.4252586358998573, 'weight_init_offset': 0, 'mask_thsd': 0, 'radius': 25, 'power_lr': 0.5, 'weight_decay': 0, 'soft_activation_fn': 'exp', 'hebbian': True, 'resume': None, 'add_bias': False, 'normalize_inp': False, 'lr_decay': 'linear', 'seed': 0, 'softness': 'softkrotov', 'out_channels': 1536, 'kernel_size': 3, 'in_channels': 384, 'lr_scheduler': {'lr': 0.01, 'adaptive': True, 'nb_epochs': 1, 'ratio': 0.0002, 'speed': 7, 'div': 96, 'decay': 'linear', 'power_lr': 0.5}}
CONFIG: {'arch': 'MLP', 'lr': 0.05, 'adaptive': True, 'lr_sup': 0.001, 'speed': 0.4, 'lr_div': 100, 'lebesgue_p': 2, 't_invert': 10, 'beta': 0.01, 'power': 4.5, 'ranking_param': 3, 'delta': 0.1, 'hebbian': False, 'add_bias': False, 'normalize_inp': False, 'lr_decay': 'linear', 'seed': 0, 'lr_bias': 600, 'softness': 'soft', 'soft_activation_fn': 'exp', 'plasticity': 'SoftHebb', 'metric_mode': 'unsupervised', 'weight_init': 'positive', 'weight_init_range': 0.11048543456039805, 'weight_init_offset': 0, 'weight_decay': 0, 'radius': 10, 'power_lr': 0.2, 'out_channels': 10, 'in_channels': 24576, 'old_channels': 1536, 'lr_scheduler': {'decay': 'cste', 'lr': 0.1}}

 Model CIFAR10_CIFAR100_CL loaded successfuly with best perf



 ----- Architecture Block BatchNorm2dSK3962(5, 5)1.0reflect, number 0 -----
- BatchNorm2d(3, eps=1e-05, momentum=0.1, affine=False, track_running_stats=True)
- HebbSoftKrotovConv2d(3, 96, lebesgue_p=2, pruning=0, kernel_size=(5, 5), bias=False, padding_mode=reflect, t_invert=1.0, bias=False, lr_bias=0.1, ranking_param=3, delta=2, activation=exp)
- Triangle(power=0.7)
- MaxPool2d(kernel_size=4, stride=2, padding=1, dilation=1, ceil_mode=False)

 ----- Architecture Block BatchNorm2dSK963842(3, 3)0.6499999761581421reflect, number 1 -----
- BatchNorm2d(96, eps=1e-05, momentum=0.1, affine=False, track_running_stats=True)
- HebbSoftKrotovConv2d(96, 384, lebesgue_p=2, pruning=0, kernel_size=(3, 3), bias=False, padding_mode=reflect, t_invert=0.6499999761581421, bias=False, lr_bias=0.1538, ranking_param=3, delta=2, activation=exp)
- Triangle(power=1.4)
- MaxPool2d(kernel_size=4, stride=2, padding=1, dilation=1, ceil_mode=False)

 ----- Architecture Block BatchNorm2dSK38415362(3, 3)0.25reflect, number 2 -----
- BatchNorm2d(384, eps=1e-05, momentum=0.1, affine=False, track_running_stats=True)
- HebbSoftKrotovConv2d(384, 1536, lebesgue_p=2, pruning=0, kernel_size=(3, 3), bias=False, padding_mode=reflect, t_invert=0.25, bias=False, lr_bias=0.4, ranking_param=3, delta=2, activation=exp)
- Triangle(power=1.0)
- AvgPool2d(kernel_size=2, stride=2, padding=0)

 ----- Architecture Block FlattenDropout(p=0.5, inplace=False)Linear(in_, number 3 -----
- Flatten(start_dim=1, end_dim=-1)
- Dropout(p=0.5, inplace=False)
- Linear(in_features=24576, out_features=10, bias=True)

 ********** Hebbian Unsupervised learning of blocks [0] **********
SEED:  0
BEFORE RESIZING
Files already downloaded and verified
AFTER RESIZING
Files already downloaded and verified
INDICES:  50000
IMAGE SIZE: torch.Size([10, 3, 32, 32])
SAVING FOLDER FOR UNSUP:  CIFAR10_CIFAR100_CL
INSIDE EVALUATE UNSUP
INSIDE EVALUATE UNSUP RETURNED 0,0
Epoch: [1/1]	lr: 1.53e-01	time: 00:00:22	Acc_train 0.00	Acc_test 0.00	convergence: 2.40e+01	R1: 0	Info MB:0.000e+00/SB:0.000e+00/MW:8.913e-03/SW:6.399e-01/MR:5.138e+00/SR:2.088e+00/MeD:1.583e+00/MaD:6.435e+00/MW:0.630/MAW:0.370
|      0 |       1 |          2 |       3 |      4 |        5 |       6 |       7 |         8 |       9 |         10 |      11 |      12 |      13 |      14 |      15 |      16 |      17 |      18 |      19 |      20 |      21 |      22 |      23 |         24 |      25 |      26 |      27 |      28 |      29 |
|--------+---------+------------+---------+--------+----------+---------+---------+-----------+---------+------------+---------+---------+---------+---------+---------+---------+---------+---------+---------+---------+---------+---------+---------+------------+---------+---------+---------+---------+---------|
|   0.23 |   0.154 |   4.37e-05 |   0.162 |   0.2  |   0.0899 |   0.116 |   0.205 |   0.00146 |   0.221 |   0.000216 |   0.191 |   0.159 |   0.149 |   0.133 |   0.154 |   0.185 |   0.201 |   0.163 |   0.182 |   0.153 |   0.201 |   0.203 |   0.172 |   0.000276 |   0.146 |   0.127 |   0.113 |   0.172 |   0.181 |
|   9.28 |   4.7   |   1        |   5.08  |   7.23 |   2.26   |   3.1   |   7.55  |   1       |   8.6   |   1        |   6.68  |   4.96  |   4.49  |   3.77  |   4.72  |   6.36  |   7.29  |   5.15  |   6.18  |   4.64  |   7.34  |   7.42  |   5.61  |   1        |   4.35  |   3.5   |   3.01  |   5.64  |   6.11  |
|   0.37 |   0.5   |  20.9      |   0.48  |   0.49 |   0.47   |   0.41  |   0.33  |   2.59    |   0.33  |   2.17     |   0.31  |   0.35  |   0.3   |   0.3   |   0.46  |   0.51  |   0.49  |   0.48  |   0.4   |   0.35  |   0.48  |   0.43  |   0.46  |   1.46     |   0.48  |   0.37  |   0.38  |   0.41  |   0.48  |
| nan    | nan     | nan        | nan     | nan    | nan      | nan     | nan     | nan       | nan     | nan        | nan     | nan     | nan     | nan     | nan     | nan     | nan     | nan     | nan     | nan     | nan     | nan     | nan     | nan        | nan     | nan     | nan     | nan     | nan     |
| nan    | nan     | nan        | nan     | nan    | nan      | nan     | nan     | nan       | nan     | nan        | nan     | nan     | nan     | nan     | nan     | nan     | nan     | nan     | nan     | nan     | nan     | nan     | nan     | nan        | nan     | nan     | nan     | nan     | nan     |
| nan    | nan     | nan        | nan     | nan    | nan      | nan     | nan     | nan       | nan     | nan        | nan     | nan     | nan     | nan     | nan     | nan     | nan     | nan     | nan     | nan     | nan     | nan     | nan     | nan        | nan     | nan     | nan     | nan     | nan     |

STORING PATH IS NONEEEEEE
SAVING THE MODEL
/g100_work/EIRI_E_POLIMI/rcasciot/neuromodAI/SoftHebb-main/Training/results/hebb/result/network/CIFAR10_CIFAR100_CL/models

 ********** Hebbian Unsupervised learning of blocks [1] **********
SEED:  0
BEFORE RESIZING
Files already downloaded and verified
AFTER RESIZING
Files already downloaded and verified
INDICES:  50000
IMAGE SIZE: torch.Size([10, 3, 32, 32])
SAVING FOLDER FOR UNSUP:  CIFAR10_CIFAR100_CL
INSIDE EVALUATE UNSUP
INSIDE EVALUATE UNSUP RETURNED 0,0
Epoch: [1/1]	lr: 1.53e-01	time: 00:00:45	Acc_train 0.00	Acc_test 0.00	convergence: 2.40e+01	R1: 0	Info MB:0.000e+00/SB:0.000e+00/MW:5.846e-03/SW:1.147e-01/MR:3.155e+00/SR:1.200e+00/MeD:9.881e-01/MaD:3.426e+00/MW:0.628/MAW:0.372
|         0 |         1 |         2 |         3 |         4 |         5 |         6 |         7 |         8 |         9 |        10 |        11 |       12 |        13 |        14 |        15 |        16 |        17 |        18 |        19 |        20 |        21 |         22 |        23 |        24 |        25 |        26 |        27 |        28 |        29 |
|-----------+-----------+-----------+-----------+-----------+-----------+-----------+-----------+-----------+-----------+-----------+-----------+----------+-----------+-----------+-----------+-----------+-----------+-----------+-----------+-----------+-----------+------------+-----------+-----------+-----------+-----------+-----------+-----------+-----------|
|   0.00864 |   0.00517 |   0.00866 |   0.00789 |   0.00857 |   0.00916 |   0.00927 |   0.00015 |   0.00453 |   0.00788 |   0.00762 |   0.00875 |   0.0103 |   0.00792 |   0.00844 |   0.00208 |   0.00599 |   0.00688 |   0.00843 |   0.00871 |   0.00842 |   0.00871 |   0.000555 |   0.00844 |   0.00711 |   0.00858 |   0.00294 |   0.00878 |   0.00956 |   0.00993 |
|   3.99    |   2.07    |   4       |   3.49    |   3.94    |   4.35    |   4.44    |   1       |   1.82    |   3.48    |   3.32    |   4.06    |   5.22   |   3.51    |   3.85    |   1.17    |   2.44    |   2.89    |   3.84    |   4.03    |   3.83    |   4.04    |   1.01     |   3.85    |   3.02    |   3.94    |   1.35    |   4.08    |   4.66    |   4.94    |
|   0.13    |   0.04    |   0.1     |   0.11    |   0.13    |   0.08    |   0.08    |   0.89    |   0.02    |   0.1     |   0.09    |   0.14    |   0.15   |   0.08    |   0.08    |   0.08    |   0.04    |   0.13    |   0.08    |   0.09    |   0.12    |   0.1     |   0.27     |   0.11    |   0.07    |   0.12    |   0.16    |   0.13    |   0.09    |   0.16    |
| nan       | nan       | nan       | nan       | nan       | nan       | nan       | nan       | nan       | nan       | nan       | nan       | nan      | nan       | nan       | nan       | nan       | nan       | nan       | nan       | nan       | nan       | nan        | nan       | nan       | nan       | nan       | nan       | nan       | nan       |
| nan       | nan       | nan       | nan       | nan       | nan       | nan       | nan       | nan       | nan       | nan       | nan       | nan      | nan       | nan       | nan       | nan       | nan       | nan       | nan       | nan       | nan       | nan        | nan       | nan       | nan       | nan       | nan       | nan       | nan       |
| nan       | nan       | nan       | nan       | nan       | nan       | nan       | nan       | nan       | nan       | nan       | nan       | nan      | nan       | nan       | nan       | nan       | nan       | nan       | nan       | nan       | nan       | nan        | nan       | nan       | nan       | nan       | nan       | nan       | nan       |

STORING PATH IS NONEEEEEE
SAVING THE MODEL
/g100_work/EIRI_E_POLIMI/rcasciot/neuromodAI/SoftHebb-main/Training/results/hebb/result/network/CIFAR10_CIFAR100_CL/models

 ********** Hebbian Unsupervised learning of blocks [2] **********
SEED:  0
BEFORE RESIZING
Files already downloaded and verified
AFTER RESIZING
Files already downloaded and verified
INDICES:  50000
IMAGE SIZE: torch.Size([10, 3, 32, 32])
SAVING FOLDER FOR UNSUP:  CIFAR10_CIFAR100_CL
INSIDE EVALUATE UNSUP
INSIDE EVALUATE UNSUP RETURNED 0,0
Epoch: [1/1]	lr: 3.68e-02	time: 00:01:15	Acc_train 0.00	Acc_test 0.00	convergence: 1.36e+01	R1: 1	Info MB:0.000e+00/SB:0.000e+00/MW:2.177e-02/SW:2.495e-01/MR:1.462e+01/SR:1.790e+00/MeD:1.423e+00/MaD:1.362e+01/MW:0.486/MAW:0.514
|        0 |       1 |        2 |        3 |        4 |        5 |       6 |        7 |        8 |        9 |       10 |       11 |       12 |       13 |       14 |       15 |       16 |       17 |       18 |       19 |       20 |       21 |       22 |       23 |       24 |       25 |       26 |       27 |       28 |       29 |
|----------+---------+----------+----------+----------+----------+---------+----------+----------+----------+----------+----------+----------+----------+----------+----------+----------+----------+----------+----------+----------+----------+----------+----------+----------+----------+----------+----------+----------+----------|
|   0.0393 |   0.038 |   0.0375 |   0.0424 |   0.0397 |   0.0401 |   0.028 |   0.0358 |   0.0354 |   0.0394 |   0.0326 |   0.0323 |   0.0384 |   0.0365 |   0.0373 |   0.0349 |   0.0393 |   0.0374 |   0.0354 |   0.0355 |   0.0347 |   0.0399 |   0.0328 |   0.0377 |   0.0404 |   0.0283 |   0.0398 |   0.0376 |   0.0407 |   0.0379 |
|  16.45   |  15.47  |  15.04   |  19.02   |  16.78   |  17.08   |   8.86  |  13.83   |  13.56   |  16.5    |  11.62   |  11.42   |  15.75   |  14.35   |  14.9    |  13.18   |  16.45   |  15.02   |  13.55   |  13.6    |  13.07   |  16.93   |  11.77   |  15.25   |  17.32   |   9.01   |  16.85   |  15.17   |  17.58   |  15.38   |
|   0.07   |   0.07  |   0.06   |   0.06   |   0.06   |   0.06   |   0.02  |   0.03   |   0.02   |   0.07   |   0.02   |   0.03   |   0.05   |   0.04   |   0.05   |   0.03   |   0.07   |   0.06   |   0.04   |   0.03   |   0.05   |   0.07   |   0.05   |   0.06   |   0.08   |   0.03   |   0.05   |   0.05   |   0.05   |   0.05   |
| nan      | nan     | nan      | nan      | nan      | nan      | nan     | nan      | nan      | nan      | nan      | nan      | nan      | nan      | nan      | nan      | nan      | nan      | nan      | nan      | nan      | nan      | nan      | nan      | nan      | nan      | nan      | nan      | nan      | nan      |
| nan      | nan     | nan      | nan      | nan      | nan      | nan     | nan      | nan      | nan      | nan      | nan      | nan      | nan      | nan      | nan      | nan      | nan      | nan      | nan      | nan      | nan      | nan      | nan      | nan      | nan      | nan      | nan      | nan      | nan      |
| nan      | nan     | nan      | nan      | nan      | nan      | nan     | nan      | nan      | nan      | nan      | nan      | nan      | nan      | nan      | nan      | nan      | nan      | nan      | nan      | nan      | nan      | nan      | nan      | nan      | nan      | nan      | nan      | nan      | nan      |

STORING PATH IS NONEEEEEE
SAVING THE MODEL
/g100_work/EIRI_E_POLIMI/rcasciot/neuromodAI/SoftHebb-main/Training/results/hebb/result/network/CIFAR10_CIFAR100_CL/models

 ********** Supervised learning of blocks [3] **********
SAVING FOLDER FOR SUP:  CIFAR10_CIFAR100_CL
SEED:  0
BEFORE RESIZING
Files already downloaded and verified
AFTER RESIZING
Files already downloaded and verified
INDICES:  50000
IMAGE SIZE: torch.Size([64, 3, 32, 32])

